[0.071s] Invoking command in '/home/ros2/ws01_plubing/build/cpp03_action': CMAKE_PREFIX_PATH=/home/ros2/ws01_plubing/install/base_interfaces_demo:/home/ros2/ws01_plubing/install/cpp03_action:/home/ros2/ws01_plubing/install/cpp02_service:/home/ros2/ws01_plubing/install/cpp01_topic:/opt/ros/humble /usr/bin/cmake --build /home/ros2/ws01_plubing/build/cpp03_action -- -j12 -l12
[0.131s] [35m[1mConsolidate compiler generated dependencies of target demo01_action_client[0m
[0.147s] [ 50%] Built target demo01_action_server
[0.158s] [ 75%] [32mBuilding CXX object CMakeFiles/demo01_action_client.dir/src/demo01_action_client.cpp.o[0m
[4.229s] [100%] [32m[1mLinking CXX executable demo01_action_client[0m
[4.440s] [100%] Built target demo01_action_client
[4.456s] Invoked command in '/home/ros2/ws01_plubing/build/cpp03_action' returned '0': CMAKE_PREFIX_PATH=/home/ros2/ws01_plubing/install/base_interfaces_demo:/home/ros2/ws01_plubing/install/cpp03_action:/home/ros2/ws01_plubing/install/cpp02_service:/home/ros2/ws01_plubing/install/cpp01_topic:/opt/ros/humble /usr/bin/cmake --build /home/ros2/ws01_plubing/build/cpp03_action -- -j12 -l12
[4.470s] Invoking command in '/home/ros2/ws01_plubing/build/cpp03_action': CMAKE_PREFIX_PATH=/home/ros2/ws01_plubing/install/base_interfaces_demo:/home/ros2/ws01_plubing/install/cpp03_action:/home/ros2/ws01_plubing/install/cpp02_service:/home/ros2/ws01_plubing/install/cpp01_topic:/opt/ros/humble /usr/bin/cmake --install /home/ros2/ws01_plubing/build/cpp03_action
[4.517s] -- Install configuration: ""
[4.517s] -- Up-to-date: /home/ros2/ws01_plubing/install/cpp03_action/lib/cpp03_action/demo01_action_server
[4.518s] -- Installing: /home/ros2/ws01_plubing/install/cpp03_action/lib/cpp03_action/demo01_action_client
[4.520s] -- Set runtime path of "/home/ros2/ws01_plubing/install/cpp03_action/lib/cpp03_action/demo01_action_client" to ""
[4.520s] -- Up-to-date: /home/ros2/ws01_plubing/install/cpp03_action/share/ament_index/resource_index/package_run_dependencies/cpp03_action
[4.520s] -- Up-to-date: /home/ros2/ws01_plubing/install/cpp03_action/share/ament_index/resource_index/parent_prefix_path/cpp03_action
[4.520s] -- Up-to-date: /home/ros2/ws01_plubing/install/cpp03_action/share/cpp03_action/environment/ament_prefix_path.sh
[4.520s] -- Up-to-date: /home/ros2/ws01_plubing/install/cpp03_action/share/cpp03_action/environment/ament_prefix_path.dsv
[4.521s] -- Up-to-date: /home/ros2/ws01_plubing/install/cpp03_action/share/cpp03_action/environment/path.sh
[4.521s] -- Up-to-date: /home/ros2/ws01_plubing/install/cpp03_action/share/cpp03_action/environment/path.dsv
[4.521s] -- Up-to-date: /home/ros2/ws01_plubing/install/cpp03_action/share/cpp03_action/local_setup.bash
[4.521s] -- Up-to-date: /home/ros2/ws01_plubing/install/cpp03_action/share/cpp03_action/local_setup.sh
[4.521s] -- Up-to-date: /home/ros2/ws01_plubing/install/cpp03_action/share/cpp03_action/local_setup.zsh
[4.521s] -- Up-to-date: /home/ros2/ws01_plubing/install/cpp03_action/share/cpp03_action/local_setup.dsv
[4.521s] -- Installing: /home/ros2/ws01_plubing/install/cpp03_action/share/cpp03_action/package.dsv
[4.521s] -- Up-to-date: /home/ros2/ws01_plubing/install/cpp03_action/share/ament_index/resource_index/packages/cpp03_action
[4.521s] -- Up-to-date: /home/ros2/ws01_plubing/install/cpp03_action/share/cpp03_action/cmake/cpp03_actionConfig.cmake
[4.521s] -- Up-to-date: /home/ros2/ws01_plubing/install/cpp03_action/share/cpp03_action/cmake/cpp03_actionConfig-version.cmake
[4.521s] -- Up-to-date: /home/ros2/ws01_plubing/install/cpp03_action/share/cpp03_action/package.xml
[4.524s] Invoked command in '/home/ros2/ws01_plubing/build/cpp03_action' returned '0': CMAKE_PREFIX_PATH=/home/ros2/ws01_plubing/install/base_interfaces_demo:/home/ros2/ws01_plubing/install/cpp03_action:/home/ros2/ws01_plubing/install/cpp02_service:/home/ros2/ws01_plubing/install/cpp01_topic:/opt/ros/humble /usr/bin/cmake --install /home/ros2/ws01_plubing/build/cpp03_action
