[0.058s] Invoking command in '/home/ros2/ws01_plubing/build/cpp02_service': CMAKE_PREFIX_PATH=/home/ros2/ws01_plubing/install/base_interfaces_demo:/home/ros2/ws01_plubing/install/cpp02_service:/home/ros2/ws01_plubing/install/cpp01_topic:/opt/ros/humble /usr/bin/cmake --build /home/ros2/ws01_plubing/build/cpp02_service -- -j12 -l12
[0.116s] [35m[1mConsolidate compiler generated dependencies of target demo01_service[0m
[0.143s] [100%] Built target demo01_service
[0.158s] Invoked command in '/home/ros2/ws01_plubing/build/cpp02_service' returned '0': CMAKE_PREFIX_PATH=/home/ros2/ws01_plubing/install/base_interfaces_demo:/home/ros2/ws01_plubing/install/cpp02_service:/home/ros2/ws01_plubing/install/cpp01_topic:/opt/ros/humble /usr/bin/cmake --build /home/ros2/ws01_plubing/build/cpp02_service -- -j12 -l12
[0.161s] Invoking command in '/home/ros2/ws01_plubing/build/cpp02_service': CMAKE_PREFIX_PATH=/home/ros2/ws01_plubing/install/base_interfaces_demo:/home/ros2/ws01_plubing/install/cpp02_service:/home/ros2/ws01_plubing/install/cpp01_topic:/opt/ros/humble /usr/bin/cmake --install /home/ros2/ws01_plubing/build/cpp02_service
[0.172s] -- Install configuration: ""
[0.172s] -- Up-to-date: /home/ros2/ws01_plubing/install/cpp02_service/lib/cpp02_service/demo01_service
[0.172s] -- Up-to-date: /home/ros2/ws01_plubing/install/cpp02_service/share/ament_index/resource_index/package_run_dependencies/cpp02_service
[0.173s] -- Up-to-date: /home/ros2/ws01_plubing/install/cpp02_service/share/ament_index/resource_index/parent_prefix_path/cpp02_service
[0.173s] -- Up-to-date: /home/ros2/ws01_plubing/install/cpp02_service/share/cpp02_service/environment/ament_prefix_path.sh
[0.173s] -- Up-to-date: /home/ros2/ws01_plubing/install/cpp02_service/share/cpp02_service/environment/ament_prefix_path.dsv
[0.173s] -- Up-to-date: /home/ros2/ws01_plubing/install/cpp02_service/share/cpp02_service/environment/path.sh
[0.174s] -- Up-to-date: /home/ros2/ws01_plubing/install/cpp02_service/share/cpp02_service/environment/path.dsv
[0.174s] -- Up-to-date: /home/ros2/ws01_plubing/install/cpp02_service/share/cpp02_service/local_setup.bash
[0.174s] -- Up-to-date: /home/ros2/ws01_plubing/install/cpp02_service/share/cpp02_service/local_setup.sh
[0.174s] -- Up-to-date: /home/ros2/ws01_plubing/install/cpp02_service/share/cpp02_service/local_setup.zsh
[0.174s] -- Up-to-date: /home/ros2/ws01_plubing/install/cpp02_service/share/cpp02_service/local_setup.dsv
[0.174s] -- Installing: /home/ros2/ws01_plubing/install/cpp02_service/share/cpp02_service/package.dsv
[0.174s] -- Up-to-date: /home/ros2/ws01_plubing/install/cpp02_service/share/ament_index/resource_index/packages/cpp02_service
[0.174s] -- Up-to-date: /home/ros2/ws01_plubing/install/cpp02_service/share/cpp02_service/cmake/cpp02_serviceConfig.cmake
[0.175s] -- Up-to-date: /home/ros2/ws01_plubing/install/cpp02_service/share/cpp02_service/cmake/cpp02_serviceConfig-version.cmake
[0.175s] -- Up-to-date: /home/ros2/ws01_plubing/install/cpp02_service/share/cpp02_service/package.xml
[0.179s] Invoked command in '/home/ros2/ws01_plubing/build/cpp02_service' returned '0': CMAKE_PREFIX_PATH=/home/ros2/ws01_plubing/install/base_interfaces_demo:/home/ros2/ws01_plubing/install/cpp02_service:/home/ros2/ws01_plubing/install/cpp01_topic:/opt/ros/humble /usr/bin/cmake --install /home/ros2/ws01_plubing/build/cpp02_service
