[0.061s] Invoking command in '/home/ros2/ws01_plubing/build/base_interfaces_demo': CMAKE_PREFIX_PATH=${CMAKE_PREFIX_PATH}:/opt/ros/humble /usr/bin/cmake --build /home/ros2/ws01_plubing/build/base_interfaces_demo --clean-first -- -j12 -l12
[0.543s] [  2%] [34m[1mGenerating C code for ROS interfaces[0m
[0.563s] [  5%] [34m[1mGenerating C++ code for ROS interfaces[0m
[0.578s] [  5%] Built target ament_cmake_python_copy_base_interfaces_demo
[0.830s] running egg_info
[0.830s] writing base_interfaces_demo.egg-info/PKG-INFO
[0.831s] writing dependency_links to base_interfaces_demo.egg-info/dependency_links.txt
[0.831s] writing top-level names to base_interfaces_demo.egg-info/top_level.txt
[0.833s] reading manifest file 'base_interfaces_demo.egg-info/SOURCES.txt'
[0.834s] writing manifest file 'base_interfaces_demo.egg-info/SOURCES.txt'
[0.868s] [  5%] Built target ament_cmake_python_build_base_interfaces_demo_egg
[1.052s] [ 10%] [32mBuilding C object CMakeFiles/base_interfaces_demo__rosidl_generator_c.dir/rosidl_generator_c/base_interfaces_demo/msg/detail/student__functions.c.o[0m
[1.052s] [ 10%] [32mBuilding C object CMakeFiles/base_interfaces_demo__rosidl_generator_c.dir/rosidl_generator_c/base_interfaces_demo/srv/detail/add_ints__functions.c.o[0m
[1.064s] [ 10%] Built target base_interfaces_demo__cpp
[1.083s] [ 17%] [34m[1mGenerating C++ type support dispatch for ROS interfaces[0m
[1.083s] [ 17%] [34m[1mGenerating C++ introspection for ROS interfaces[0m
[1.083s] [ 17%] [34m[1mGenerating C++ type support for eProsima Fast-RTPS[0m
[1.275s] [ 20%] [32m[1mLinking C shared library libbase_interfaces_demo__rosidl_generator_c.so[0m
[1.335s] [ 20%] Built target base_interfaces_demo__rosidl_generator_c
[1.352s] [ 23%] [34m[1mGenerating C type support dispatch for ROS interfaces[0m
[1.353s] [ 28%] [34m[1mGenerating C type support for eProsima Fast-RTPS[0m
[1.353s] [ 28%] [34m[1mGenerating C introspection for ROS interfaces[0m
[1.442s] [ 30%] [32mBuilding CXX object CMakeFiles/base_interfaces_demo__rosidl_typesupport_cpp.dir/rosidl_typesupport_cpp/base_interfaces_demo/msg/student__type_support.cpp.o[0m
[1.444s] [ 33%] [32mBuilding CXX object CMakeFiles/base_interfaces_demo__rosidl_typesupport_cpp.dir/rosidl_typesupport_cpp/base_interfaces_demo/srv/add_ints__type_support.cpp.o[0m
[1.469s] [ 35%] [32mBuilding CXX object CMakeFiles/base_interfaces_demo__rosidl_typesupport_introspection_cpp.dir/rosidl_typesupport_introspection_cpp/base_interfaces_demo/msg/detail/student__type_support.cpp.o[0m
[1.469s] [ 38%] [32mBuilding CXX object CMakeFiles/base_interfaces_demo__rosidl_typesupport_introspection_cpp.dir/rosidl_typesupport_introspection_cpp/base_interfaces_demo/srv/detail/add_ints__type_support.cpp.o[0m
[1.473s] [ 41%] [32mBuilding CXX object CMakeFiles/base_interfaces_demo__rosidl_typesupport_fastrtps_cpp.dir/rosidl_typesupport_fastrtps_cpp/base_interfaces_demo/msg/detail/dds_fastrtps/student__type_support.cpp.o[0m
[1.475s] [ 43%] [32mBuilding CXX object CMakeFiles/base_interfaces_demo__rosidl_typesupport_fastrtps_cpp.dir/rosidl_typesupport_fastrtps_cpp/base_interfaces_demo/srv/detail/dds_fastrtps/add_ints__type_support.cpp.o[0m
[1.795s] [ 46%] [32mBuilding CXX object CMakeFiles/base_interfaces_demo__rosidl_typesupport_c.dir/rosidl_typesupport_c/base_interfaces_demo/msg/student__type_support.cpp.o[0m
[1.795s] [ 48%] [32mBuilding CXX object CMakeFiles/base_interfaces_demo__rosidl_typesupport_c.dir/rosidl_typesupport_c/base_interfaces_demo/srv/add_ints__type_support.cpp.o[0m
[1.879s] [ 51%] [32m[1mLinking CXX shared library libbase_interfaces_demo__rosidl_typesupport_c.so[0m
[1.889s] [ 53%] [32mBuilding CXX object CMakeFiles/base_interfaces_demo__rosidl_typesupport_fastrtps_c.dir/rosidl_typesupport_fastrtps_c/base_interfaces_demo/srv/detail/add_ints__type_support_c.cpp.o[0m
[1.889s] [ 56%] [32mBuilding CXX object CMakeFiles/base_interfaces_demo__rosidl_typesupport_fastrtps_c.dir/rosidl_typesupport_fastrtps_c/base_interfaces_demo/msg/detail/student__type_support_c.cpp.o[0m
[1.900s] [ 58%] [32mBuilding C object CMakeFiles/base_interfaces_demo__rosidl_typesupport_introspection_c.dir/rosidl_typesupport_introspection_c/base_interfaces_demo/msg/detail/student__type_support.c.o[0m
[1.901s] [ 64%] [32m[1mLinking CXX shared library libbase_interfaces_demo__rosidl_typesupport_cpp.so[0m
[1.901s] [ 64%] [32mBuilding C object CMakeFiles/base_interfaces_demo__rosidl_typesupport_introspection_c.dir/rosidl_typesupport_introspection_c/base_interfaces_demo/srv/detail/add_ints__type_support.c.o[0m
[1.964s] [ 64%] Built target base_interfaces_demo__rosidl_typesupport_c
[1.983s] [ 66%] [32m[1mLinking C shared library libbase_interfaces_demo__rosidl_typesupport_introspection_c.so[0m
[1.983s] [ 66%] Built target base_interfaces_demo__rosidl_typesupport_cpp
[2.039s] [ 66%] Built target base_interfaces_demo__rosidl_typesupport_introspection_c
[2.084s] [ 69%] [32m[1mLinking CXX shared library libbase_interfaces_demo__rosidl_typesupport_introspection_cpp.so[0m
[2.129s] [ 71%] [32m[1mLinking CXX shared library libbase_interfaces_demo__rosidl_typesupport_fastrtps_cpp.so[0m
[2.166s] [ 71%] Built target base_interfaces_demo__rosidl_typesupport_introspection_cpp
[2.236s] [ 71%] Built target base_interfaces_demo__rosidl_typesupport_fastrtps_cpp
[2.329s] [ 74%] [32m[1mLinking CXX shared library libbase_interfaces_demo__rosidl_typesupport_fastrtps_c.so[0m
[2.464s] [ 74%] Built target base_interfaces_demo__rosidl_typesupport_fastrtps_c
[2.501s] [ 74%] Built target base_interfaces_demo
[2.538s] [ 76%] [34m[1mGenerating Python code for ROS interfaces[0m
[3.136s] [ 76%] Built target base_interfaces_demo__py
[3.175s] [ 82%] [32mBuilding C object CMakeFiles/base_interfaces_demo__rosidl_generator_py.dir/rosidl_generator_py/base_interfaces_demo/srv/_add_ints_s.c.o[0m
[3.175s] [ 82%] [32mBuilding C object CMakeFiles/base_interfaces_demo__rosidl_generator_py.dir/rosidl_generator_py/base_interfaces_demo/msg/_student_s.c.o[0m
[3.777s] [ 84%] [32m[1mLinking C shared library rosidl_generator_py/base_interfaces_demo/libbase_interfaces_demo__rosidl_generator_py.so[0m
[3.845s] [ 84%] Built target base_interfaces_demo__rosidl_generator_py
[3.882s] [ 87%] [32mBuilding C object CMakeFiles/base_interfaces_demo__rosidl_typesupport_introspection_c__pyext.dir/rosidl_generator_py/base_interfaces_demo/_base_interfaces_demo_s.ep.rosidl_typesupport_introspection_c.c.o[0m
[3.886s] [ 89%] [32mBuilding C object CMakeFiles/base_interfaces_demo__rosidl_typesupport_c__pyext.dir/rosidl_generator_py/base_interfaces_demo/_base_interfaces_demo_s.ep.rosidl_typesupport_c.c.o[0m
[3.895s] [ 92%] [32mBuilding C object CMakeFiles/base_interfaces_demo__rosidl_typesupport_fastrtps_c__pyext.dir/rosidl_generator_py/base_interfaces_demo/_base_interfaces_demo_s.ep.rosidl_typesupport_fastrtps_c.c.o[0m
[4.049s] [ 97%] [32m[1mLinking C shared library rosidl_generator_py/base_interfaces_demo/base_interfaces_demo_s__rosidl_typesupport_c.cpython-310-x86_64-linux-gnu.so[0m
[4.049s] [ 97%] [32m[1mLinking C shared library rosidl_generator_py/base_interfaces_demo/base_interfaces_demo_s__rosidl_typesupport_fastrtps_c.cpython-310-x86_64-linux-gnu.so[0m
[4.056s] [100%] [32m[1mLinking C shared library rosidl_generator_py/base_interfaces_demo/base_interfaces_demo_s__rosidl_typesupport_introspection_c.cpython-310-x86_64-linux-gnu.so[0m
[4.105s] [100%] Built target base_interfaces_demo__rosidl_typesupport_c__pyext
[4.105s] [100%] Built target base_interfaces_demo__rosidl_typesupport_fastrtps_c__pyext
[4.118s] [100%] Built target base_interfaces_demo__rosidl_typesupport_introspection_c__pyext
[4.137s] Invoked command in '/home/ros2/ws01_plubing/build/base_interfaces_demo' returned '0': CMAKE_PREFIX_PATH=${CMAKE_PREFIX_PATH}:/opt/ros/humble /usr/bin/cmake --build /home/ros2/ws01_plubing/build/base_interfaces_demo --clean-first -- -j12 -l12
[4.156s] Invoking command in '/home/ros2/ws01_plubing/build/base_interfaces_demo': CMAKE_PREFIX_PATH=${CMAKE_PREFIX_PATH}:/opt/ros/humble /usr/bin/cmake --install /home/ros2/ws01_plubing/build/base_interfaces_demo
[4.168s] -- Install configuration: ""
[4.168s] -- Up-to-date: /home/ros2/ws01_plubing/install/base_interfaces_demo/share/ament_index/resource_index/rosidl_interfaces/base_interfaces_demo
[4.168s] -- Up-to-date: /home/ros2/ws01_plubing/install/base_interfaces_demo/include/base_interfaces_demo/base_interfaces_demo
[4.168s] -- Up-to-date: /home/ros2/ws01_plubing/install/base_interfaces_demo/include/base_interfaces_demo/base_interfaces_demo/msg
[4.168s] -- Up-to-date: /home/ros2/ws01_plubing/install/base_interfaces_demo/include/base_interfaces_demo/base_interfaces_demo/msg/rosidl_generator_c__visibility_control.h
[4.169s] -- Installing: /home/ros2/ws01_plubing/install/base_interfaces_demo/include/base_interfaces_demo/base_interfaces_demo/msg/student.h
[4.169s] -- Up-to-date: /home/ros2/ws01_plubing/install/base_interfaces_demo/include/base_interfaces_demo/base_interfaces_demo/msg/detail
[4.169s] -- Installing: /home/ros2/ws01_plubing/install/base_interfaces_demo/include/base_interfaces_demo/base_interfaces_demo/msg/detail/student__struct.h
[4.169s] -- Installing: /home/ros2/ws01_plubing/install/base_interfaces_demo/include/base_interfaces_demo/base_interfaces_demo/msg/detail/student__functions.h
[4.169s] -- Installing: /home/ros2/ws01_plubing/install/base_interfaces_demo/include/base_interfaces_demo/base_interfaces_demo/msg/detail/student__functions.c
[4.170s] -- Installing: /home/ros2/ws01_plubing/install/base_interfaces_demo/include/base_interfaces_demo/base_interfaces_demo/msg/detail/student__type_support.h
[4.170s] -- Up-to-date: /home/ros2/ws01_plubing/install/base_interfaces_demo/include/base_interfaces_demo/base_interfaces_demo/srv
[4.170s] -- Installing: /home/ros2/ws01_plubing/install/base_interfaces_demo/include/base_interfaces_demo/base_interfaces_demo/srv/add_ints.h
[4.170s] -- Up-to-date: /home/ros2/ws01_plubing/install/base_interfaces_demo/include/base_interfaces_demo/base_interfaces_demo/srv/detail
[4.170s] -- Installing: /home/ros2/ws01_plubing/install/base_interfaces_demo/include/base_interfaces_demo/base_interfaces_demo/srv/detail/add_ints__functions.h
[4.171s] -- Installing: /home/ros2/ws01_plubing/install/base_interfaces_demo/include/base_interfaces_demo/base_interfaces_demo/srv/detail/add_ints__struct.h
[4.171s] -- Installing: /home/ros2/ws01_plubing/install/base_interfaces_demo/include/base_interfaces_demo/base_interfaces_demo/srv/detail/add_ints__type_support.h
[4.171s] -- Installing: /home/ros2/ws01_plubing/install/base_interfaces_demo/include/base_interfaces_demo/base_interfaces_demo/srv/detail/add_ints__functions.c
[4.171s] -- Up-to-date: /home/ros2/ws01_plubing/install/base_interfaces_demo/share/base_interfaces_demo/environment/library_path.sh
[4.171s] -- Up-to-date: /home/ros2/ws01_plubing/install/base_interfaces_demo/share/base_interfaces_demo/environment/library_path.dsv
[4.171s] -- Installing: /home/ros2/ws01_plubing/install/base_interfaces_demo/lib/libbase_interfaces_demo__rosidl_generator_c.so
[4.172s] -- Set runtime path of "/home/ros2/ws01_plubing/install/base_interfaces_demo/lib/libbase_interfaces_demo__rosidl_generator_c.so" to ""
[4.172s] -- Up-to-date: /home/ros2/ws01_plubing/install/base_interfaces_demo/include/base_interfaces_demo/base_interfaces_demo
[4.172s] -- Up-to-date: /home/ros2/ws01_plubing/install/base_interfaces_demo/include/base_interfaces_demo/base_interfaces_demo/msg
[4.172s] -- Up-to-date: /home/ros2/ws01_plubing/install/base_interfaces_demo/include/base_interfaces_demo/base_interfaces_demo/msg/detail
[4.172s] -- Installing: /home/ros2/ws01_plubing/install/base_interfaces_demo/include/base_interfaces_demo/base_interfaces_demo/msg/detail/student__rosidl_typesupport_fastrtps_c.h
[4.173s] -- Up-to-date: /home/ros2/ws01_plubing/install/base_interfaces_demo/include/base_interfaces_demo/base_interfaces_demo/msg/rosidl_typesupport_fastrtps_c__visibility_control.h
[4.173s] -- Up-to-date: /home/ros2/ws01_plubing/install/base_interfaces_demo/include/base_interfaces_demo/base_interfaces_demo/srv
[4.173s] -- Up-to-date: /home/ros2/ws01_plubing/install/base_interfaces_demo/include/base_interfaces_demo/base_interfaces_demo/srv/detail
[4.173s] -- Installing: /home/ros2/ws01_plubing/install/base_interfaces_demo/include/base_interfaces_demo/base_interfaces_demo/srv/detail/add_ints__rosidl_typesupport_fastrtps_c.h
[4.173s] -- Installing: /home/ros2/ws01_plubing/install/base_interfaces_demo/lib/libbase_interfaces_demo__rosidl_typesupport_fastrtps_c.so
[4.174s] -- Set runtime path of "/home/ros2/ws01_plubing/install/base_interfaces_demo/lib/libbase_interfaces_demo__rosidl_typesupport_fastrtps_c.so" to ""
[4.174s] -- Up-to-date: /home/ros2/ws01_plubing/install/base_interfaces_demo/include/base_interfaces_demo/base_interfaces_demo
[4.174s] -- Up-to-date: /home/ros2/ws01_plubing/install/base_interfaces_demo/include/base_interfaces_demo/base_interfaces_demo/msg
[4.174s] -- Up-to-date: /home/ros2/ws01_plubing/install/base_interfaces_demo/include/base_interfaces_demo/base_interfaces_demo/msg/detail
[4.175s] -- Installing: /home/ros2/ws01_plubing/install/base_interfaces_demo/include/base_interfaces_demo/base_interfaces_demo/msg/detail/student__rosidl_typesupport_introspection_c.h
[4.175s] -- Installing: /home/ros2/ws01_plubing/install/base_interfaces_demo/include/base_interfaces_demo/base_interfaces_demo/msg/detail/student__type_support.c
[4.175s] -- Up-to-date: /home/ros2/ws01_plubing/install/base_interfaces_demo/include/base_interfaces_demo/base_interfaces_demo/msg/rosidl_typesupport_introspection_c__visibility_control.h
[4.175s] -- Up-to-date: /home/ros2/ws01_plubing/install/base_interfaces_demo/include/base_interfaces_demo/base_interfaces_demo/srv
[4.175s] -- Up-to-date: /home/ros2/ws01_plubing/install/base_interfaces_demo/include/base_interfaces_demo/base_interfaces_demo/srv/detail
[4.175s] -- Installing: /home/ros2/ws01_plubing/install/base_interfaces_demo/include/base_interfaces_demo/base_interfaces_demo/srv/detail/add_ints__rosidl_typesupport_introspection_c.h
[4.175s] -- Installing: /home/ros2/ws01_plubing/install/base_interfaces_demo/include/base_interfaces_demo/base_interfaces_demo/srv/detail/add_ints__type_support.c
[4.175s] -- Installing: /home/ros2/ws01_plubing/install/base_interfaces_demo/lib/libbase_interfaces_demo__rosidl_typesupport_introspection_c.so
[4.176s] -- Set runtime path of "/home/ros2/ws01_plubing/install/base_interfaces_demo/lib/libbase_interfaces_demo__rosidl_typesupport_introspection_c.so" to ""
[4.176s] -- Installing: /home/ros2/ws01_plubing/install/base_interfaces_demo/lib/libbase_interfaces_demo__rosidl_typesupport_c.so
[4.177s] -- Set runtime path of "/home/ros2/ws01_plubing/install/base_interfaces_demo/lib/libbase_interfaces_demo__rosidl_typesupport_c.so" to ""
[4.177s] -- Up-to-date: /home/ros2/ws01_plubing/install/base_interfaces_demo/include/base_interfaces_demo/base_interfaces_demo
[4.177s] -- Up-to-date: /home/ros2/ws01_plubing/install/base_interfaces_demo/include/base_interfaces_demo/base_interfaces_demo/msg
[4.178s] -- Up-to-date: /home/ros2/ws01_plubing/install/base_interfaces_demo/include/base_interfaces_demo/base_interfaces_demo/msg/rosidl_generator_cpp__visibility_control.hpp
[4.178s] -- Up-to-date: /home/ros2/ws01_plubing/install/base_interfaces_demo/include/base_interfaces_demo/base_interfaces_demo/msg/detail
[4.178s] -- Installing: /home/ros2/ws01_plubing/install/base_interfaces_demo/include/base_interfaces_demo/base_interfaces_demo/msg/detail/student__struct.hpp
[4.178s] -- Installing: /home/ros2/ws01_plubing/install/base_interfaces_demo/include/base_interfaces_demo/base_interfaces_demo/msg/detail/student__traits.hpp
[4.178s] -- Installing: /home/ros2/ws01_plubing/install/base_interfaces_demo/include/base_interfaces_demo/base_interfaces_demo/msg/detail/student__type_support.hpp
[4.179s] -- Installing: /home/ros2/ws01_plubing/install/base_interfaces_demo/include/base_interfaces_demo/base_interfaces_demo/msg/detail/student__builder.hpp
[4.179s] -- Installing: /home/ros2/ws01_plubing/install/base_interfaces_demo/include/base_interfaces_demo/base_interfaces_demo/msg/student.hpp
[4.179s] -- Up-to-date: /home/ros2/ws01_plubing/install/base_interfaces_demo/include/base_interfaces_demo/base_interfaces_demo/srv
[4.179s] -- Up-to-date: /home/ros2/ws01_plubing/install/base_interfaces_demo/include/base_interfaces_demo/base_interfaces_demo/srv/detail
[4.179s] -- Installing: /home/ros2/ws01_plubing/install/base_interfaces_demo/include/base_interfaces_demo/base_interfaces_demo/srv/detail/add_ints__builder.hpp
[4.179s] -- Installing: /home/ros2/ws01_plubing/install/base_interfaces_demo/include/base_interfaces_demo/base_interfaces_demo/srv/detail/add_ints__struct.hpp
[4.180s] -- Installing: /home/ros2/ws01_plubing/install/base_interfaces_demo/include/base_interfaces_demo/base_interfaces_demo/srv/detail/add_ints__type_support.hpp
[4.180s] -- Installing: /home/ros2/ws01_plubing/install/base_interfaces_demo/include/base_interfaces_demo/base_interfaces_demo/srv/detail/add_ints__traits.hpp
[4.180s] -- Installing: /home/ros2/ws01_plubing/install/base_interfaces_demo/include/base_interfaces_demo/base_interfaces_demo/srv/add_ints.hpp
[4.180s] -- Up-to-date: /home/ros2/ws01_plubing/install/base_interfaces_demo/include/base_interfaces_demo/base_interfaces_demo
[4.180s] -- Up-to-date: /home/ros2/ws01_plubing/install/base_interfaces_demo/include/base_interfaces_demo/base_interfaces_demo/msg
[4.180s] -- Up-to-date: /home/ros2/ws01_plubing/install/base_interfaces_demo/include/base_interfaces_demo/base_interfaces_demo/msg/rosidl_typesupport_fastrtps_cpp__visibility_control.h
[4.180s] -- Up-to-date: /home/ros2/ws01_plubing/install/base_interfaces_demo/include/base_interfaces_demo/base_interfaces_demo/msg/detail
[4.180s] -- Installing: /home/ros2/ws01_plubing/install/base_interfaces_demo/include/base_interfaces_demo/base_interfaces_demo/msg/detail/student__rosidl_typesupport_fastrtps_cpp.hpp
[4.180s] -- Up-to-date: /home/ros2/ws01_plubing/install/base_interfaces_demo/include/base_interfaces_demo/base_interfaces_demo/msg/detail/dds_fastrtps
[4.181s] -- Up-to-date: /home/ros2/ws01_plubing/install/base_interfaces_demo/include/base_interfaces_demo/base_interfaces_demo/srv
[4.181s] -- Up-to-date: /home/ros2/ws01_plubing/install/base_interfaces_demo/include/base_interfaces_demo/base_interfaces_demo/srv/detail
[4.181s] -- Installing: /home/ros2/ws01_plubing/install/base_interfaces_demo/include/base_interfaces_demo/base_interfaces_demo/srv/detail/add_ints__rosidl_typesupport_fastrtps_cpp.hpp
[4.181s] -- Up-to-date: /home/ros2/ws01_plubing/install/base_interfaces_demo/include/base_interfaces_demo/base_interfaces_demo/srv/detail/dds_fastrtps
[4.181s] -- Installing: /home/ros2/ws01_plubing/install/base_interfaces_demo/lib/libbase_interfaces_demo__rosidl_typesupport_fastrtps_cpp.so
[4.181s] -- Set runtime path of "/home/ros2/ws01_plubing/install/base_interfaces_demo/lib/libbase_interfaces_demo__rosidl_typesupport_fastrtps_cpp.so" to ""
[4.181s] -- Up-to-date: /home/ros2/ws01_plubing/install/base_interfaces_demo/include/base_interfaces_demo/base_interfaces_demo
[4.182s] -- Up-to-date: /home/ros2/ws01_plubing/install/base_interfaces_demo/include/base_interfaces_demo/base_interfaces_demo/msg
[4.182s] -- Up-to-date: /home/ros2/ws01_plubing/install/base_interfaces_demo/include/base_interfaces_demo/base_interfaces_demo/msg/detail
[4.182s] -- Installing: /home/ros2/ws01_plubing/install/base_interfaces_demo/include/base_interfaces_demo/base_interfaces_demo/msg/detail/student__type_support.cpp
[4.182s] -- Installing: /home/ros2/ws01_plubing/install/base_interfaces_demo/include/base_interfaces_demo/base_interfaces_demo/msg/detail/student__rosidl_typesupport_introspection_cpp.hpp
[4.182s] -- Up-to-date: /home/ros2/ws01_plubing/install/base_interfaces_demo/include/base_interfaces_demo/base_interfaces_demo/srv
[4.182s] -- Up-to-date: /home/ros2/ws01_plubing/install/base_interfaces_demo/include/base_interfaces_demo/base_interfaces_demo/srv/detail
[4.182s] -- Installing: /home/ros2/ws01_plubing/install/base_interfaces_demo/include/base_interfaces_demo/base_interfaces_demo/srv/detail/add_ints__rosidl_typesupport_introspection_cpp.hpp
[4.182s] -- Installing: /home/ros2/ws01_plubing/install/base_interfaces_demo/include/base_interfaces_demo/base_interfaces_demo/srv/detail/add_ints__type_support.cpp
[4.182s] -- Installing: /home/ros2/ws01_plubing/install/base_interfaces_demo/lib/libbase_interfaces_demo__rosidl_typesupport_introspection_cpp.so
[4.183s] -- Set runtime path of "/home/ros2/ws01_plubing/install/base_interfaces_demo/lib/libbase_interfaces_demo__rosidl_typesupport_introspection_cpp.so" to ""
[4.183s] -- Installing: /home/ros2/ws01_plubing/install/base_interfaces_demo/lib/libbase_interfaces_demo__rosidl_typesupport_cpp.so
[4.183s] -- Set runtime path of "/home/ros2/ws01_plubing/install/base_interfaces_demo/lib/libbase_interfaces_demo__rosidl_typesupport_cpp.so" to ""
[4.184s] -- Up-to-date: /home/ros2/ws01_plubing/install/base_interfaces_demo/share/base_interfaces_demo/environment/pythonpath.sh
[4.184s] -- Up-to-date: /home/ros2/ws01_plubing/install/base_interfaces_demo/share/base_interfaces_demo/environment/pythonpath.dsv
[4.184s] -- Up-to-date: /home/ros2/ws01_plubing/install/base_interfaces_demo/local/lib/python3.10/dist-packages/base_interfaces_demo-0.0.0-py3.10.egg-info
[4.185s] -- Installing: /home/ros2/ws01_plubing/install/base_interfaces_demo/local/lib/python3.10/dist-packages/base_interfaces_demo-0.0.0-py3.10.egg-info/PKG-INFO
[4.185s] -- Installing: /home/ros2/ws01_plubing/install/base_interfaces_demo/local/lib/python3.10/dist-packages/base_interfaces_demo-0.0.0-py3.10.egg-info/top_level.txt
[4.185s] -- Installing: /home/ros2/ws01_plubing/install/base_interfaces_demo/local/lib/python3.10/dist-packages/base_interfaces_demo-0.0.0-py3.10.egg-info/dependency_links.txt
[4.185s] -- Installing: /home/ros2/ws01_plubing/install/base_interfaces_demo/local/lib/python3.10/dist-packages/base_interfaces_demo-0.0.0-py3.10.egg-info/SOURCES.txt
[4.185s] -- Up-to-date: /home/ros2/ws01_plubing/install/base_interfaces_demo/local/lib/python3.10/dist-packages/base_interfaces_demo
[4.185s] -- Installing: /home/ros2/ws01_plubing/install/base_interfaces_demo/local/lib/python3.10/dist-packages/base_interfaces_demo/base_interfaces_demo_s__rosidl_typesupport_fastrtps_c.cpython-310-x86_64-linux-gnu.so
[4.185s] -- Up-to-date: /home/ros2/ws01_plubing/install/base_interfaces_demo/local/lib/python3.10/dist-packages/base_interfaces_demo/msg
[4.186s] -- Installing: /home/ros2/ws01_plubing/install/base_interfaces_demo/local/lib/python3.10/dist-packages/base_interfaces_demo/msg/_student_s.c
[4.186s] -- Installing: /home/ros2/ws01_plubing/install/base_interfaces_demo/local/lib/python3.10/dist-packages/base_interfaces_demo/msg/_student.py
[4.186s] -- Installing: /home/ros2/ws01_plubing/install/base_interfaces_demo/local/lib/python3.10/dist-packages/base_interfaces_demo/msg/__init__.py
[4.186s] -- Installing: /home/ros2/ws01_plubing/install/base_interfaces_demo/local/lib/python3.10/dist-packages/base_interfaces_demo/_base_interfaces_demo_s.ep.rosidl_typesupport_c.c
[4.186s] -- Up-to-date: /home/ros2/ws01_plubing/install/base_interfaces_demo/local/lib/python3.10/dist-packages/base_interfaces_demo/srv
[4.186s] -- Installing: /home/ros2/ws01_plubing/install/base_interfaces_demo/local/lib/python3.10/dist-packages/base_interfaces_demo/srv/_add_ints.py
[4.187s] -- Installing: /home/ros2/ws01_plubing/install/base_interfaces_demo/local/lib/python3.10/dist-packages/base_interfaces_demo/srv/_add_ints_s.c
[4.187s] -- Installing: /home/ros2/ws01_plubing/install/base_interfaces_demo/local/lib/python3.10/dist-packages/base_interfaces_demo/srv/__init__.py
[4.187s] -- Installing: /home/ros2/ws01_plubing/install/base_interfaces_demo/local/lib/python3.10/dist-packages/base_interfaces_demo/libbase_interfaces_demo__rosidl_generator_py.so
[4.187s] -- Installing: /home/ros2/ws01_plubing/install/base_interfaces_demo/local/lib/python3.10/dist-packages/base_interfaces_demo/_base_interfaces_demo_s.ep.rosidl_typesupport_fastrtps_c.c
[4.187s] -- Up-to-date: /home/ros2/ws01_plubing/install/base_interfaces_demo/local/lib/python3.10/dist-packages/base_interfaces_demo/__init__.py
[4.187s] -- Installing: /home/ros2/ws01_plubing/install/base_interfaces_demo/local/lib/python3.10/dist-packages/base_interfaces_demo/base_interfaces_demo_s__rosidl_typesupport_introspection_c.cpython-310-x86_64-linux-gnu.so
[4.187s] -- Installing: /home/ros2/ws01_plubing/install/base_interfaces_demo/local/lib/python3.10/dist-packages/base_interfaces_demo/_base_interfaces_demo_s.ep.rosidl_typesupport_introspection_c.c
[4.188s] -- Installing: /home/ros2/ws01_plubing/install/base_interfaces_demo/local/lib/python3.10/dist-packages/base_interfaces_demo/base_interfaces_demo_s__rosidl_typesupport_c.cpython-310-x86_64-linux-gnu.so
[4.233s] Listing '/home/ros2/ws01_plubing/install/base_interfaces_demo/local/lib/python3.10/dist-packages/base_interfaces_demo'...
[4.234s] Listing '/home/ros2/ws01_plubing/install/base_interfaces_demo/local/lib/python3.10/dist-packages/base_interfaces_demo/msg'...
[4.234s] Compiling '/home/ros2/ws01_plubing/install/base_interfaces_demo/local/lib/python3.10/dist-packages/base_interfaces_demo/msg/__init__.py'...
[4.234s] Compiling '/home/ros2/ws01_plubing/install/base_interfaces_demo/local/lib/python3.10/dist-packages/base_interfaces_demo/msg/_student.py'...
[4.234s] Listing '/home/ros2/ws01_plubing/install/base_interfaces_demo/local/lib/python3.10/dist-packages/base_interfaces_demo/srv'...
[4.234s] Compiling '/home/ros2/ws01_plubing/install/base_interfaces_demo/local/lib/python3.10/dist-packages/base_interfaces_demo/srv/__init__.py'...
[4.234s] Compiling '/home/ros2/ws01_plubing/install/base_interfaces_demo/local/lib/python3.10/dist-packages/base_interfaces_demo/srv/_add_ints.py'...
[4.240s] -- Installing: /home/ros2/ws01_plubing/install/base_interfaces_demo/local/lib/python3.10/dist-packages/base_interfaces_demo/base_interfaces_demo_s__rosidl_typesupport_fastrtps_c.cpython-310-x86_64-linux-gnu.so
[4.240s] -- Set runtime path of "/home/ros2/ws01_plubing/install/base_interfaces_demo/local/lib/python3.10/dist-packages/base_interfaces_demo/base_interfaces_demo_s__rosidl_typesupport_fastrtps_c.cpython-310-x86_64-linux-gnu.so" to ""
[4.241s] -- Installing: /home/ros2/ws01_plubing/install/base_interfaces_demo/local/lib/python3.10/dist-packages/base_interfaces_demo/base_interfaces_demo_s__rosidl_typesupport_introspection_c.cpython-310-x86_64-linux-gnu.so
[4.242s] -- Set runtime path of "/home/ros2/ws01_plubing/install/base_interfaces_demo/local/lib/python3.10/dist-packages/base_interfaces_demo/base_interfaces_demo_s__rosidl_typesupport_introspection_c.cpython-310-x86_64-linux-gnu.so" to ""
[4.242s] -- Installing: /home/ros2/ws01_plubing/install/base_interfaces_demo/local/lib/python3.10/dist-packages/base_interfaces_demo/base_interfaces_demo_s__rosidl_typesupport_c.cpython-310-x86_64-linux-gnu.so
[4.242s] -- Set runtime path of "/home/ros2/ws01_plubing/install/base_interfaces_demo/local/lib/python3.10/dist-packages/base_interfaces_demo/base_interfaces_demo_s__rosidl_typesupport_c.cpython-310-x86_64-linux-gnu.so" to ""
[4.242s] -- Installing: /home/ros2/ws01_plubing/install/base_interfaces_demo/lib/libbase_interfaces_demo__rosidl_generator_py.so
[4.243s] -- Set runtime path of "/home/ros2/ws01_plubing/install/base_interfaces_demo/lib/libbase_interfaces_demo__rosidl_generator_py.so" to ""
[4.244s] -- Up-to-date: /home/ros2/ws01_plubing/install/base_interfaces_demo/share/base_interfaces_demo/msg/Student.idl
[4.244s] -- Up-to-date: /home/ros2/ws01_plubing/install/base_interfaces_demo/share/base_interfaces_demo/srv/AddInts.idl
[4.244s] -- Up-to-date: /home/ros2/ws01_plubing/install/base_interfaces_demo/share/base_interfaces_demo/msg/Student.msg
[4.244s] -- Up-to-date: /home/ros2/ws01_plubing/install/base_interfaces_demo/share/base_interfaces_demo/srv/AddInts.srv
[4.244s] -- Up-to-date: /home/ros2/ws01_plubing/install/base_interfaces_demo/share/base_interfaces_demo/srv/AddInts_Request.msg
[4.245s] -- Up-to-date: /home/ros2/ws01_plubing/install/base_interfaces_demo/share/base_interfaces_demo/srv/AddInts_Response.msg
[4.245s] -- Up-to-date: /home/ros2/ws01_plubing/install/base_interfaces_demo/share/ament_index/resource_index/package_run_dependencies/base_interfaces_demo
[4.245s] -- Up-to-date: /home/ros2/ws01_plubing/install/base_interfaces_demo/share/ament_index/resource_index/parent_prefix_path/base_interfaces_demo
[4.245s] -- Up-to-date: /home/ros2/ws01_plubing/install/base_interfaces_demo/share/base_interfaces_demo/environment/ament_prefix_path.sh
[4.245s] -- Up-to-date: /home/ros2/ws01_plubing/install/base_interfaces_demo/share/base_interfaces_demo/environment/ament_prefix_path.dsv
[4.246s] -- Up-to-date: /home/ros2/ws01_plubing/install/base_interfaces_demo/share/base_interfaces_demo/environment/path.sh
[4.246s] -- Up-to-date: /home/ros2/ws01_plubing/install/base_interfaces_demo/share/base_interfaces_demo/environment/path.dsv
[4.246s] -- Up-to-date: /home/ros2/ws01_plubing/install/base_interfaces_demo/share/base_interfaces_demo/local_setup.bash
[4.246s] -- Up-to-date: /home/ros2/ws01_plubing/install/base_interfaces_demo/share/base_interfaces_demo/local_setup.sh
[4.246s] -- Up-to-date: /home/ros2/ws01_plubing/install/base_interfaces_demo/share/base_interfaces_demo/local_setup.zsh
[4.246s] -- Up-to-date: /home/ros2/ws01_plubing/install/base_interfaces_demo/share/base_interfaces_demo/local_setup.dsv
[4.246s] -- Installing: /home/ros2/ws01_plubing/install/base_interfaces_demo/share/base_interfaces_demo/package.dsv
[4.247s] -- Up-to-date: /home/ros2/ws01_plubing/install/base_interfaces_demo/share/ament_index/resource_index/packages/base_interfaces_demo
[4.247s] -- Up-to-date: /home/ros2/ws01_plubing/install/base_interfaces_demo/share/base_interfaces_demo/cmake/export_base_interfaces_demo__rosidl_generator_cExport.cmake
[4.248s] -- Up-to-date: /home/ros2/ws01_plubing/install/base_interfaces_demo/share/base_interfaces_demo/cmake/export_base_interfaces_demo__rosidl_generator_cExport-noconfig.cmake
[4.248s] -- Up-to-date: /home/ros2/ws01_plubing/install/base_interfaces_demo/share/base_interfaces_demo/cmake/export_base_interfaces_demo__rosidl_typesupport_fastrtps_cExport.cmake
[4.248s] -- Up-to-date: /home/ros2/ws01_plubing/install/base_interfaces_demo/share/base_interfaces_demo/cmake/export_base_interfaces_demo__rosidl_typesupport_fastrtps_cExport-noconfig.cmake
[4.248s] -- Up-to-date: /home/ros2/ws01_plubing/install/base_interfaces_demo/share/base_interfaces_demo/cmake/base_interfaces_demo__rosidl_typesupport_introspection_cExport.cmake
[4.248s] -- Up-to-date: /home/ros2/ws01_plubing/install/base_interfaces_demo/share/base_interfaces_demo/cmake/base_interfaces_demo__rosidl_typesupport_introspection_cExport-noconfig.cmake
[4.248s] -- Up-to-date: /home/ros2/ws01_plubing/install/base_interfaces_demo/share/base_interfaces_demo/cmake/base_interfaces_demo__rosidl_typesupport_cExport.cmake
[4.248s] -- Up-to-date: /home/ros2/ws01_plubing/install/base_interfaces_demo/share/base_interfaces_demo/cmake/base_interfaces_demo__rosidl_typesupport_cExport-noconfig.cmake
[4.249s] -- Up-to-date: /home/ros2/ws01_plubing/install/base_interfaces_demo/share/base_interfaces_demo/cmake/export_base_interfaces_demo__rosidl_generator_cppExport.cmake
[4.249s] -- Up-to-date: /home/ros2/ws01_plubing/install/base_interfaces_demo/share/base_interfaces_demo/cmake/export_base_interfaces_demo__rosidl_typesupport_fastrtps_cppExport.cmake
[4.249s] -- Up-to-date: /home/ros2/ws01_plubing/install/base_interfaces_demo/share/base_interfaces_demo/cmake/export_base_interfaces_demo__rosidl_typesupport_fastrtps_cppExport-noconfig.cmake
[4.249s] -- Up-to-date: /home/ros2/ws01_plubing/install/base_interfaces_demo/share/base_interfaces_demo/cmake/base_interfaces_demo__rosidl_typesupport_introspection_cppExport.cmake
[4.249s] -- Up-to-date: /home/ros2/ws01_plubing/install/base_interfaces_demo/share/base_interfaces_demo/cmake/base_interfaces_demo__rosidl_typesupport_introspection_cppExport-noconfig.cmake
[4.249s] -- Up-to-date: /home/ros2/ws01_plubing/install/base_interfaces_demo/share/base_interfaces_demo/cmake/base_interfaces_demo__rosidl_typesupport_cppExport.cmake
[4.249s] -- Up-to-date: /home/ros2/ws01_plubing/install/base_interfaces_demo/share/base_interfaces_demo/cmake/base_interfaces_demo__rosidl_typesupport_cppExport-noconfig.cmake
[4.249s] -- Up-to-date: /home/ros2/ws01_plubing/install/base_interfaces_demo/share/base_interfaces_demo/cmake/export_base_interfaces_demo__rosidl_generator_pyExport.cmake
[4.249s] -- Up-to-date: /home/ros2/ws01_plubing/install/base_interfaces_demo/share/base_interfaces_demo/cmake/export_base_interfaces_demo__rosidl_generator_pyExport-noconfig.cmake
[4.250s] -- Up-to-date: /home/ros2/ws01_plubing/install/base_interfaces_demo/share/base_interfaces_demo/cmake/rosidl_cmake-extras.cmake
[4.250s] -- Up-to-date: /home/ros2/ws01_plubing/install/base_interfaces_demo/share/base_interfaces_demo/cmake/ament_cmake_export_include_directories-extras.cmake
[4.250s] -- Up-to-date: /home/ros2/ws01_plubing/install/base_interfaces_demo/share/base_interfaces_demo/cmake/ament_cmake_export_libraries-extras.cmake
[4.250s] -- Up-to-date: /home/ros2/ws01_plubing/install/base_interfaces_demo/share/base_interfaces_demo/cmake/ament_cmake_export_targets-extras.cmake
[4.250s] -- Up-to-date: /home/ros2/ws01_plubing/install/base_interfaces_demo/share/base_interfaces_demo/cmake/rosidl_cmake_export_typesupport_targets-extras.cmake
[4.250s] -- Up-to-date: /home/ros2/ws01_plubing/install/base_interfaces_demo/share/base_interfaces_demo/cmake/ament_cmake_export_dependencies-extras.cmake
[4.250s] -- Up-to-date: /home/ros2/ws01_plubing/install/base_interfaces_demo/share/base_interfaces_demo/cmake/rosidl_cmake_export_typesupport_libraries-extras.cmake
[4.251s] -- Up-to-date: /home/ros2/ws01_plubing/install/base_interfaces_demo/share/base_interfaces_demo/cmake/base_interfaces_demoConfig.cmake
[4.251s] -- Up-to-date: /home/ros2/ws01_plubing/install/base_interfaces_demo/share/base_interfaces_demo/cmake/base_interfaces_demoConfig-version.cmake
[4.251s] -- Up-to-date: /home/ros2/ws01_plubing/install/base_interfaces_demo/share/base_interfaces_demo/package.xml
[4.253s] Invoked command in '/home/ros2/ws01_plubing/build/base_interfaces_demo' returned '0': CMAKE_PREFIX_PATH=${CMAKE_PREFIX_PATH}:/opt/ros/humble /usr/bin/cmake --install /home/ros2/ws01_plubing/build/base_interfaces_demo
