[0.023s] Invoking command in '/home/ros2/ws01_plubing/src/build/base_interfaces_demo': CMAKE_PREFIX_PATH=${CMAKE_PREFIX_PATH}:/opt/ros/humble /usr/bin/cmake --build /home/ros2/ws01_plubing/src/build/base_interfaces_demo -- -j12 -l12
[0.053s] [33mCMake Warning (dev) at CMakeLists.txt:16:
[0.053s]   Syntax Warning in cmake code at column 20
[0.053s] 
[0.053s]   Argument not separated from preceding token by whitespace.
[0.053s] This warning is for project developers.  Use -Wno-dev to suppress it.
[0.053s] [0m
[0.058s] -- Found ament_cmake: 1.3.12 (/opt/ros/humble/share/ament_cmake/cmake)
[0.200s] -- Found rosidl_default_generators: 1.2.0 (/opt/ros/humble/share/rosidl_default_generators/cmake)
[0.202s] -- Using all available rosidl_typesupport_c: rosidl_typesupport_fastrtps_c;rosidl_typesupport_introspection_c
[0.206s] -- Found rosidl_adapter: 3.1.7 (/opt/ros/humble/share/rosidl_adapter/cmake)
[0.235s] -- Using all available rosidl_typesupport_cpp: rosidl_typesupport_fastrtps_cpp;rosidl_typesupport_introspection_cpp
[0.259s] [31mCMake Error at /opt/ros/humble/share/rosidl_cmake/cmake/rosidl_generate_interfaces.cmake:93 (message):
[0.259s]   rosidl_generate_interfaces() the passed file ',' doesn't exist relative to
[0.259s]   the CMAKE_CURRENT_SOURCE_DIR
[0.259s]   '/home/ros2/ws01_plubing/src/base_interfaces_demo'
[0.259s] Call Stack (most recent call first):
[0.259s]   CMakeLists.txt:15 (rosidl_generate_interfaces)
[0.259s] 
[0.259s] [0m
[0.259s] -- Configuring incomplete, errors occurred!
[0.260s] See also "/home/ros2/ws01_plubing/src/build/base_interfaces_demo/CMakeFiles/CMakeOutput.log".
[0.263s] gmake: *** [Makefile:747: cmake_check_build_system] Error 1
[0.267s] Invoked command in '/home/ros2/ws01_plubing/src/build/base_interfaces_demo' returned '2': CMAKE_PREFIX_PATH=${CMAKE_PREFIX_PATH}:/opt/ros/humble /usr/bin/cmake --build /home/ros2/ws01_plubing/src/build/base_interfaces_demo -- -j12 -l12
