In file included from [01m[K/opt/ros/humble/include/rclcpp/rclcpp/logging.hpp:24[m[K,
                 from [01m[K/opt/ros/humble/include/rclcpp/rclcpp/client.hpp:40[m[K,
                 from [01m[K/opt/ros/humble/include/rclcpp/rclcpp/callback_group.hpp:24[m[K,
                 from [01m[K/opt/ros/humble/include/rclcpp/rclcpp/any_executable.hpp:20[m[K,
                 from [01m[K/opt/ros/humble/include/rclcpp/rclcpp/memory_strategy.hpp:25[m[K,
                 from [01m[K/opt/ros/humble/include/rclcpp/rclcpp/memory_strategies.hpp:18[m[K,
                 from [01m[K/opt/ros/humble/include/rclcpp/rclcpp/executor_options.hpp:20[m[K,
                 from [01m[K/opt/ros/humble/include/rclcpp/rclcpp/executor.hpp:37[m[K,
                 from [01m[K/opt/ros/humble/include/rclcpp/rclcpp/executors/multi_threaded_executor.hpp:25[m[K,
                 from [01m[K/opt/ros/humble/include/rclcpp/rclcpp/executors.hpp:21[m[K,
                 from [01m[K/opt/ros/humble/include/rclcpp/rclcpp/rclcpp.hpp:155[m[K,
                 from [01m[K/home/ros2/ws01_plubing/src/cpp01_topic/src/demo01_listener_stu.cpp:1[m[K:
[01m[K/home/ros2/ws01_plubing/src/cpp01_topic/src/demo01_listener_stu.cpp:[m[K In member function ‘[01m[Kvoid MinimalSubscriber::topic_callback(base_interfaces_demo::msg::Student_<std::allocator<void> >::SharedPtr) const[m[K’:
[01m[K/home/ros2/ws01_plubing/src/cpp01_topic/src/demo01_listener_stu.cpp:13:41:[m[K [01;35m[Kwarning: [m[Kformat ‘[01m[K%ld[m[K’ expects argument of type ‘[01m[Klong int[m[K’, but argument 6 has type ‘[01m[Kbase_interfaces_demo::msg::Student_<std::allocator<void> >::_age_type[m[K’ {aka ‘[01m[Kint[m[K’} [[01;35m[K]8;;https://gcc.gnu.org/onlinedocs/gcc/Warning-Options.html#index-Wformat=-Wformat=]8;;[m[K]
   13 |         RCLCPP_INFO(this->get_logger(), [01;35m[K"Received: name='%s', age=%ld, height=%.2f"[m[K,
      |                                         [01;35m[K^~~~~~~~~~~~~~~~~~~~~~~~~~~~~~~~~~~~~~~~~~~[m[K
   14 |                     msg->name.c_str(), [32m[Kmsg->age[m[K, msg->height);
      |                                        [32m[K~~~~~~~~[m[K
      |                                             [32m[K|[m[K
      |                                             [32m[Kbase_interfaces_demo::msg::Student_<std::allocator<void> >::_age_type {aka int}[m[K
[01m[K/home/ros2/ws01_plubing/src/cpp01_topic/src/demo01_listener_stu.cpp:13:69:[m[K [01;36m[Knote: [m[Kformat string is defined here
   13 |         RCLCPP_INFO(this->get_logger(), "Received: name='%s', age=[01;36m[K%ld[m[K, height=%.2f",
      |                                                                   [01;36m[K~~^[m[K
      |                                                                     [01;36m[K|[m[K
      |                                                                     [01;36m[Klong int[m[K
      |                                                                   [32m[K%d[m[K
In file included from [01m[K/opt/ros/humble/include/rclcpp/rclcpp/logging.hpp:24[m[K,
                 from [01m[K/opt/ros/humble/include/rclcpp/rclcpp/client.hpp:40[m[K,
                 from [01m[K/opt/ros/humble/include/rclcpp/rclcpp/callback_group.hpp:24[m[K,
                 from [01m[K/opt/ros/humble/include/rclcpp/rclcpp/any_executable.hpp:20[m[K,
                 from [01m[K/opt/ros/humble/include/rclcpp/rclcpp/memory_strategy.hpp:25[m[K,
                 from [01m[K/opt/ros/humble/include/rclcpp/rclcpp/memory_strategies.hpp:18[m[K,
                 from [01m[K/opt/ros/humble/include/rclcpp/rclcpp/executor_options.hpp:20[m[K,
                 from [01m[K/opt/ros/humble/include/rclcpp/rclcpp/executor.hpp:37[m[K,
                 from [01m[K/opt/ros/humble/include/rclcpp/rclcpp/executors/multi_threaded_executor.hpp:25[m[K,
                 from [01m[K/opt/ros/humble/include/rclcpp/rclcpp/executors.hpp:21[m[K,
                 from [01m[K/opt/ros/humble/include/rclcpp/rclcpp/rclcpp.hpp:155[m[K,
                 from [01m[K/home/ros2/ws01_plubing/src/cpp01_topic/src/demo01_talker_stu.cpp:1[m[K:
[01m[K/home/ros2/ws01_plubing/src/cpp01_topic/src/demo01_talker_stu.cpp:[m[K In member function ‘[01m[Kvoid TalkerStuNode::timer_callback()[m[K’:
[01m[K/home/ros2/ws01_plubing/src/cpp01_topic/src/demo01_talker_stu.cpp:23:41:[m[K [01;35m[Kwarning: [m[Kformat ‘[01m[K%ld[m[K’ expects argument of type ‘[01m[Klong int[m[K’, but argument 6 has type ‘[01m[Kbase_interfaces_demo::msg::Student_<std::allocator<void> >::_age_type[m[K’ {aka ‘[01m[Kint[m[K’} [[01;35m[K]8;;https://gcc.gnu.org/onlinedocs/gcc/Warning-Options.html#index-Wformat=-Wformat=]8;;[m[K]
   23 |         RCLCPP_INFO(this->get_logger(), [01;35m[K"Publishing: name='%s', age=%ld, height=%.2f"[m[K,
      |                                         [01;35m[K^~~~~~~~~~~~~~~~~~~~~~~~~~~~~~~~~~~~~~~~~~~~~[m[K
   24 |                     message.name.c_str(), [32m[Kmessage.age[m[K, message.height);
      |                                           [32m[K~~~~~~~~~~~[m[K
      |                                                   [32m[K|[m[K
      |                                                   [32m[Kbase_interfaces_demo::msg::Student_<std::allocator<void> >::_age_type {aka int}[m[K
[01m[K/home/ros2/ws01_plubing/src/cpp01_topic/src/demo01_talker_stu.cpp:23:71:[m[K [01;36m[Knote: [m[Kformat string is defined here
   23 |         RCLCPP_INFO(this->get_logger(), "Publishing: name='%s', age=[01;36m[K%ld[m[K, height=%.2f",
      |                                                                     [01;36m[K~~^[m[K
      |                                                                       [01;36m[K|[m[K
      |                                                                       [01;36m[Klong int[m[K
      |                                                                     [32m[K%d[m[K
