[0.015s] Invoking command in '/home/ros2/ws01_plubing/src/build/cpp01_topic': AMENT_PREFIX_PATH=/home/ros2/ws01_plubing/src/install/base_interfaces_demo:${AMENT_PREFIX_PATH} CMAKE_PREFIX_PATH=/home/ros2/ws01_plubing/src/install/base_interfaces_demo:/opt/ros/humble /usr/bin/cmake /home/ros2/ws01_plubing/src/cpp01_topic -DCMAKE_INSTALL_PREFIX=/home/ros2/ws01_plubing/src/install/cpp01_topic
[0.126s] -- The C compiler identification is GNU 11.4.0
[0.215s] -- The CXX compiler identification is GNU 11.4.0
[0.226s] -- Detecting C compiler ABI info
[0.349s] -- Detecting C compiler ABI info - done
[0.358s] -- Check for working C compiler: /usr/bin/cc - skipped
[0.358s] -- Detecting C compile features
[0.359s] -- Detecting C compile features - done
[0.363s] -- Detecting CXX compiler ABI info
[0.499s] -- Detecting CXX compiler ABI info - done
[0.508s] -- Check for working CXX compiler: /usr/bin/c++ - skipped
[0.509s] -- Detecting CXX compile features
[0.509s] -- Detecting CXX compile features - done
[0.512s] -- Found ament_cmake: 1.3.12 (/opt/ros/humble/share/ament_cmake/cmake)
[0.724s] -- Found Python3: /usr/bin/python3 (found version "3.10.12") found components: Interpreter 
[0.881s] -- Found rclcpp: 16.0.14 (/opt/ros/humble/share/rclcpp/cmake)
[1.041s] -- Found rosidl_generator_c: 3.1.7 (/opt/ros/humble/share/rosidl_generator_c/cmake)
[1.057s] -- Found rosidl_adapter: 3.1.7 (/opt/ros/humble/share/rosidl_adapter/cmake)
[1.090s] -- Found rosidl_generator_cpp: 3.1.7 (/opt/ros/humble/share/rosidl_generator_cpp/cmake)
[1.137s] -- Using all available rosidl_typesupport_c: rosidl_typesupport_fastrtps_c;rosidl_typesupport_introspection_c
[1.186s] -- Using all available rosidl_typesupport_cpp: rosidl_typesupport_fastrtps_cpp;rosidl_typesupport_introspection_cpp
[1.326s] -- Found rmw_implementation_cmake: 6.1.2 (/opt/ros/humble/share/rmw_implementation_cmake/cmake)
[1.335s] -- Found rmw_fastrtps_cpp: 6.2.8 (/opt/ros/humble/share/rmw_fastrtps_cpp/cmake)
[1.564s] -- Found OpenSSL: /usr/lib/x86_64-linux-gnu/libcrypto.so (found version "3.0.2")  
[1.606s] -- Found FastRTPS: /opt/ros/humble/include  
[1.662s] -- Using RMW implementation 'rmw_fastrtps_cpp' as default
[1.693s] -- Looking for pthread.h
[1.819s] -- Looking for pthread.h - found
[1.819s] -- Performing Test CMAKE_HAVE_LIBC_PTHREAD
[1.955s] -- Performing Test CMAKE_HAVE_LIBC_PTHREAD - Success
[1.956s] -- Found Threads: TRUE  
[2.108s] -- Found base_interfaces_demo: 0.0.0 (/home/ros2/ws01_plubing/src/install/base_interfaces_demo/share/base_interfaces_demo/cmake)
[2.111s] -- Found ament_lint_auto: 0.12.14 (/opt/ros/humble/share/ament_lint_auto/cmake)
[2.196s] -- Added test 'cppcheck' to perform static code analysis on C / C++ code
[2.196s] -- Configured cppcheck include dirs: $<BUILD_INTERFACE:/home/ros2/ws01_plubing/src/cpp01_topic/include>
[2.196s] -- Configured cppcheck exclude dirs and/or files: 
[2.197s] -- Added test 'lint_cmake' to check CMake code style
[2.198s] -- Added test 'uncrustify' to check C / C++ code style
[2.198s] -- Configured uncrustify additional arguments: 
[2.199s] -- Added test 'xmllint' to check XML markup files
[2.200s] -- Configuring done
[2.213s] -- Generating done
[2.217s] -- Build files have been written to: /home/ros2/ws01_plubing/src/build/cpp01_topic
[2.228s] Invoked command in '/home/ros2/ws01_plubing/src/build/cpp01_topic' returned '0': AMENT_PREFIX_PATH=/home/ros2/ws01_plubing/src/install/base_interfaces_demo:${AMENT_PREFIX_PATH} CMAKE_PREFIX_PATH=/home/ros2/ws01_plubing/src/install/base_interfaces_demo:/opt/ros/humble /usr/bin/cmake /home/ros2/ws01_plubing/src/cpp01_topic -DCMAKE_INSTALL_PREFIX=/home/ros2/ws01_plubing/src/install/cpp01_topic
[2.231s] Invoking command in '/home/ros2/ws01_plubing/src/build/cpp01_topic': AMENT_PREFIX_PATH=/home/ros2/ws01_plubing/src/install/base_interfaces_demo:${AMENT_PREFIX_PATH} CMAKE_PREFIX_PATH=/home/ros2/ws01_plubing/src/install/base_interfaces_demo:/opt/ros/humble /usr/bin/cmake --build /home/ros2/ws01_plubing/src/build/cpp01_topic -- -j12 -l12
[2.322s] [ 50%] [32mBuilding CXX object CMakeFiles/demo01_talker_str.dir/src/demo01_talker_str.cpp.o[0m
[7.824s] [100%] [32m[1mLinking CXX executable demo01_talker_str[0m
[8.196s] [100%] Built target demo01_talker_str
[8.213s] Invoked command in '/home/ros2/ws01_plubing/src/build/cpp01_topic' returned '0': AMENT_PREFIX_PATH=/home/ros2/ws01_plubing/src/install/base_interfaces_demo:${AMENT_PREFIX_PATH} CMAKE_PREFIX_PATH=/home/ros2/ws01_plubing/src/install/base_interfaces_demo:/opt/ros/humble /usr/bin/cmake --build /home/ros2/ws01_plubing/src/build/cpp01_topic -- -j12 -l12
[8.217s] Invoking command in '/home/ros2/ws01_plubing/src/build/cpp01_topic': AMENT_PREFIX_PATH=/home/ros2/ws01_plubing/src/install/base_interfaces_demo:${AMENT_PREFIX_PATH} CMAKE_PREFIX_PATH=/home/ros2/ws01_plubing/src/install/base_interfaces_demo:/opt/ros/humble /usr/bin/cmake --install /home/ros2/ws01_plubing/src/build/cpp01_topic
[8.226s] -- Install configuration: ""
[8.226s] -- Installing: /home/ros2/ws01_plubing/src/install/cpp01_topic/lib/cpp01_topic/demo01_talker_str
[8.227s] -- Set runtime path of "/home/ros2/ws01_plubing/src/install/cpp01_topic/lib/cpp01_topic/demo01_talker_str" to ""
[8.228s] -- Installing: /home/ros2/ws01_plubing/src/install/cpp01_topic/share/ament_index/resource_index/package_run_dependencies/cpp01_topic
[8.228s] -- Installing: /home/ros2/ws01_plubing/src/install/cpp01_topic/share/ament_index/resource_index/parent_prefix_path/cpp01_topic
[8.228s] -- Installing: /home/ros2/ws01_plubing/src/install/cpp01_topic/share/cpp01_topic/environment/ament_prefix_path.sh
[8.228s] -- Installing: /home/ros2/ws01_plubing/src/install/cpp01_topic/share/cpp01_topic/environment/ament_prefix_path.dsv
[8.229s] -- Installing: /home/ros2/ws01_plubing/src/install/cpp01_topic/share/cpp01_topic/environment/path.sh
[8.229s] -- Installing: /home/ros2/ws01_plubing/src/install/cpp01_topic/share/cpp01_topic/environment/path.dsv
[8.229s] -- Installing: /home/ros2/ws01_plubing/src/install/cpp01_topic/share/cpp01_topic/local_setup.bash
[8.229s] -- Installing: /home/ros2/ws01_plubing/src/install/cpp01_topic/share/cpp01_topic/local_setup.sh
[8.229s] -- Installing: /home/ros2/ws01_plubing/src/install/cpp01_topic/share/cpp01_topic/local_setup.zsh
[8.230s] -- Installing: /home/ros2/ws01_plubing/src/install/cpp01_topic/share/cpp01_topic/local_setup.dsv
[8.230s] -- Installing: /home/ros2/ws01_plubing/src/install/cpp01_topic/share/cpp01_topic/package.dsv
[8.230s] -- Installing: /home/ros2/ws01_plubing/src/install/cpp01_topic/share/ament_index/resource_index/packages/cpp01_topic
[8.230s] -- Installing: /home/ros2/ws01_plubing/src/install/cpp01_topic/share/cpp01_topic/cmake/cpp01_topicConfig.cmake
[8.231s] -- Installing: /home/ros2/ws01_plubing/src/install/cpp01_topic/share/cpp01_topic/cmake/cpp01_topicConfig-version.cmake
[8.231s] -- Installing: /home/ros2/ws01_plubing/src/install/cpp01_topic/share/cpp01_topic/package.xml
[8.234s] Invoked command in '/home/ros2/ws01_plubing/src/build/cpp01_topic' returned '0': AMENT_PREFIX_PATH=/home/ros2/ws01_plubing/src/install/base_interfaces_demo:${AMENT_PREFIX_PATH} CMAKE_PREFIX_PATH=/home/ros2/ws01_plubing/src/install/base_interfaces_demo:/opt/ros/humble /usr/bin/cmake --install /home/ros2/ws01_plubing/src/build/cpp01_topic
