[0.115s] Invoking command in '/home/ros2/exam/build/cpp03_action': AMENT_PREFIX_PATH=/home/ros2/exam/install/demo_interfaces_base:${AMENT_PREFIX_PATH} CMAKE_PREFIX_PATH=/home/ros2/exam/install/demo_interfaces_base:/opt/ros/humble LD_LIBRARY_PATH=/home/ros2/exam/install/demo_interfaces_base/lib:${LD_LIBRARY_PATH} PYTHONPATH=/home/ros2/exam/install/demo_interfaces_base/local/lib/python3.10/dist-packages:${PYTHONPATH} /usr/bin/cmake --build /home/ros2/exam/build/cpp03_action -- -j12 -l12
[0.409s] [35m[1mConsolidate compiler generated dependencies of target demo01_action_server[0m
[0.444s] [ 50%] [32mBuilding CXX object CMakeFiles/demo01_action_server.dir/src/demo01_action_server.cpp.o[0m
[5.418s] [100%] [32m[1mLinking CXX executable demo01_action_server[0m
[5.859s] [100%] Built target demo01_action_server
[5.876s] Invoked command in '/home/ros2/exam/build/cpp03_action' returned '0': AMENT_PREFIX_PATH=/home/ros2/exam/install/demo_interfaces_base:${AMENT_PREFIX_PATH} CMAKE_PREFIX_PATH=/home/ros2/exam/install/demo_interfaces_base:/opt/ros/humble LD_LIBRARY_PATH=/home/ros2/exam/install/demo_interfaces_base/lib:${LD_LIBRARY_PATH} PYTHONPATH=/home/ros2/exam/install/demo_interfaces_base/local/lib/python3.10/dist-packages:${PYTHONPATH} /usr/bin/cmake --build /home/ros2/exam/build/cpp03_action -- -j12 -l12
[5.895s] Invoking command in '/home/ros2/exam/build/cpp03_action': AMENT_PREFIX_PATH=/home/ros2/exam/install/demo_interfaces_base:${AMENT_PREFIX_PATH} CMAKE_PREFIX_PATH=/home/ros2/exam/install/demo_interfaces_base:/opt/ros/humble LD_LIBRARY_PATH=/home/ros2/exam/install/demo_interfaces_base/lib:${LD_LIBRARY_PATH} PYTHONPATH=/home/ros2/exam/install/demo_interfaces_base/local/lib/python3.10/dist-packages:${PYTHONPATH} /usr/bin/cmake --install /home/ros2/exam/build/cpp03_action
[5.907s] -- Install configuration: ""
[5.913s] -- Installing: /home/ros2/exam/install/cpp03_action/lib/cpp03_action/demo01_action_server
[5.915s] -- Set runtime path of "/home/ros2/exam/install/cpp03_action/lib/cpp03_action/demo01_action_server" to ""
[5.915s] -- Up-to-date: /home/ros2/exam/install/cpp03_action/share/ament_index/resource_index/package_run_dependencies/cpp03_action
[5.916s] -- Up-to-date: /home/ros2/exam/install/cpp03_action/share/ament_index/resource_index/parent_prefix_path/cpp03_action
[5.916s] -- Up-to-date: /home/ros2/exam/install/cpp03_action/share/cpp03_action/environment/ament_prefix_path.sh
[5.916s] -- Up-to-date: /home/ros2/exam/install/cpp03_action/share/cpp03_action/environment/ament_prefix_path.dsv
[5.916s] -- Up-to-date: /home/ros2/exam/install/cpp03_action/share/cpp03_action/environment/path.sh
[5.916s] -- Up-to-date: /home/ros2/exam/install/cpp03_action/share/cpp03_action/environment/path.dsv
[5.916s] -- Up-to-date: /home/ros2/exam/install/cpp03_action/share/cpp03_action/local_setup.bash
[5.916s] -- Up-to-date: /home/ros2/exam/install/cpp03_action/share/cpp03_action/local_setup.sh
[5.917s] -- Up-to-date: /home/ros2/exam/install/cpp03_action/share/cpp03_action/local_setup.zsh
[5.917s] -- Up-to-date: /home/ros2/exam/install/cpp03_action/share/cpp03_action/local_setup.dsv
[5.917s] -- Installing: /home/ros2/exam/install/cpp03_action/share/cpp03_action/package.dsv
[5.918s] -- Up-to-date: /home/ros2/exam/install/cpp03_action/share/ament_index/resource_index/packages/cpp03_action
[5.918s] -- Up-to-date: /home/ros2/exam/install/cpp03_action/share/cpp03_action/cmake/cpp03_actionConfig.cmake
[5.918s] -- Up-to-date: /home/ros2/exam/install/cpp03_action/share/cpp03_action/cmake/cpp03_actionConfig-version.cmake
[5.918s] -- Up-to-date: /home/ros2/exam/install/cpp03_action/share/cpp03_action/package.xml
[5.922s] Invoked command in '/home/ros2/exam/build/cpp03_action' returned '0': AMENT_PREFIX_PATH=/home/ros2/exam/install/demo_interfaces_base:${AMENT_PREFIX_PATH} CMAKE_PREFIX_PATH=/home/ros2/exam/install/demo_interfaces_base:/opt/ros/humble LD_LIBRARY_PATH=/home/ros2/exam/install/demo_interfaces_base/lib:${LD_LIBRARY_PATH} PYTHONPATH=/home/ros2/exam/install/demo_interfaces_base/local/lib/python3.10/dist-packages:${PYTHONPATH} /usr/bin/cmake --install /home/ros2/exam/build/cpp03_action
