[0.020s] Invoking command in '/home/ros2/ws01_plubing/build/cpp01_topic': CMAKE_PREFIX_PATH=${CMAKE_PREFIX_PATH}:/opt/ros/humble /usr/bin/cmake /home/ros2/ws01_plubing/src/cpp01_topic -DCMAKE_INSTALL_PREFIX=/home/ros2/ws01_plubing/install/cpp01_topic
[0.109s] -- The C compiler identification is GNU 11.4.0
[0.187s] -- The CXX compiler identification is GNU 11.4.0
[0.198s] -- Detecting C compiler ABI info
[0.318s] -- Detecting C compiler ABI info - done
[0.324s] -- Check for working C compiler: /usr/bin/cc - skipped
[0.324s] -- Detecting C compile features
[0.325s] -- Detecting C compile features - done
[0.327s] -- Detecting CXX compiler ABI info
[0.464s] -- Detecting CXX compiler ABI info - done
[0.471s] -- Check for working CXX compiler: /usr/bin/c++ - skipped
[0.472s] -- Detecting CXX compile features
[0.472s] -- Detecting CXX compile features - done
[0.474s] -- Found ament_cmake: 1.3.12 (/opt/ros/humble/share/ament_cmake/cmake)
[0.666s] -- Found Python3: /usr/bin/python3 (found version "3.10.12") found components: Interpreter 
[0.778s] -- Found rclcpp: 16.0.14 (/opt/ros/humble/share/rclcpp/cmake)
[0.812s] -- Found rosidl_generator_c: 3.1.7 (/opt/ros/humble/share/rosidl_generator_c/cmake)
[0.820s] -- Found rosidl_adapter: 3.1.7 (/opt/ros/humble/share/rosidl_adapter/cmake)
[0.834s] -- Found rosidl_generator_cpp: 3.1.7 (/opt/ros/humble/share/rosidl_generator_cpp/cmake)
[0.926s] -- Using all available rosidl_typesupport_c: rosidl_typesupport_fastrtps_c;rosidl_typesupport_introspection_c
[0.945s] -- Using all available rosidl_typesupport_cpp: rosidl_typesupport_fastrtps_cpp;rosidl_typesupport_introspection_cpp
[0.984s] -- Found rmw_implementation_cmake: 6.1.2 (/opt/ros/humble/share/rmw_implementation_cmake/cmake)
[0.986s] -- Found rmw_fastrtps_cpp: 6.2.8 (/opt/ros/humble/share/rmw_fastrtps_cpp/cmake)
[1.118s] -- Found OpenSSL: /usr/lib/x86_64-linux-gnu/libcrypto.so (found version "3.0.2")  
[1.152s] -- Found FastRTPS: /opt/ros/humble/include  
[1.204s] -- Using RMW implementation 'rmw_fastrtps_cpp' as default
[1.213s] -- Looking for pthread.h
[1.404s] -- Looking for pthread.h - found
[1.405s] -- Performing Test CMAKE_HAVE_LIBC_PTHREAD
[1.508s] -- Performing Test CMAKE_HAVE_LIBC_PTHREAD - Success
[1.510s] -- Found Threads: TRUE  
[1.567s] -- Found base_interfaces_demo: 0.0.0 (/home/ros2/ws01_plubing/src/install/base_interfaces_demo/share/base_interfaces_demo/cmake)
[1.570s] -- Found ament_lint_auto: 0.12.14 (/opt/ros/humble/share/ament_lint_auto/cmake)
[1.667s] -- Added test 'cppcheck' to perform static code analysis on C / C++ code
[1.667s] -- Configured cppcheck include dirs: $<BUILD_INTERFACE:/home/ros2/ws01_plubing/src/cpp01_topic/include>
[1.667s] -- Configured cppcheck exclude dirs and/or files: 
[1.668s] -- Added test 'lint_cmake' to check CMake code style
[1.670s] -- Added test 'uncrustify' to check C / C++ code style
[1.670s] -- Configured uncrustify additional arguments: 
[1.671s] -- Added test 'xmllint' to check XML markup files
[1.672s] -- Configuring done
[1.690s] -- Generating done
[1.697s] -- Build files have been written to: /home/ros2/ws01_plubing/build/cpp01_topic
[1.712s] Invoked command in '/home/ros2/ws01_plubing/build/cpp01_topic' returned '0': CMAKE_PREFIX_PATH=${CMAKE_PREFIX_PATH}:/opt/ros/humble /usr/bin/cmake /home/ros2/ws01_plubing/src/cpp01_topic -DCMAKE_INSTALL_PREFIX=/home/ros2/ws01_plubing/install/cpp01_topic
[1.713s] Invoking command in '/home/ros2/ws01_plubing/build/cpp01_topic': CMAKE_PREFIX_PATH=${CMAKE_PREFIX_PATH}:/opt/ros/humble /usr/bin/cmake --build /home/ros2/ws01_plubing/build/cpp01_topic -- -j12 -l12
[1.794s] [ 50%] [32mBuilding CXX object CMakeFiles/demo01_talker_str.dir/src/demo01_talker_str.cpp.o[0m
[1.794s] [ 50%] [32mBuilding CXX object CMakeFiles/demo01_listener_str.dir/src/demo01_listener_str.cpp.o[0m
[8.360s] [ 75%] [32m[1mLinking CXX executable demo01_talker_str[0m
[8.599s] [ 75%] Built target demo01_talker_str
[12.587s] [100%] [32m[1mLinking CXX executable demo01_listener_str[0m
[13.024s] [100%] Built target demo01_listener_str
[13.042s] Invoked command in '/home/ros2/ws01_plubing/build/cpp01_topic' returned '0': CMAKE_PREFIX_PATH=${CMAKE_PREFIX_PATH}:/opt/ros/humble /usr/bin/cmake --build /home/ros2/ws01_plubing/build/cpp01_topic -- -j12 -l12
[13.058s] Invoking command in '/home/ros2/ws01_plubing/build/cpp01_topic': CMAKE_PREFIX_PATH=${CMAKE_PREFIX_PATH}:/opt/ros/humble /usr/bin/cmake --install /home/ros2/ws01_plubing/build/cpp01_topic
[13.068s] -- Install configuration: ""
[13.068s] -- Installing: /home/ros2/ws01_plubing/install/cpp01_topic/lib/cpp01_topic/demo01_talker_str
[13.071s] -- Set runtime path of "/home/ros2/ws01_plubing/install/cpp01_topic/lib/cpp01_topic/demo01_talker_str" to ""
[13.071s] -- Installing: /home/ros2/ws01_plubing/install/cpp01_topic/lib/cpp01_topic/demo01_listener_str
[13.076s] -- Set runtime path of "/home/ros2/ws01_plubing/install/cpp01_topic/lib/cpp01_topic/demo01_listener_str" to ""
[13.076s] -- Installing: /home/ros2/ws01_plubing/install/cpp01_topic/share/ament_index/resource_index/package_run_dependencies/cpp01_topic
[13.077s] -- Installing: /home/ros2/ws01_plubing/install/cpp01_topic/share/ament_index/resource_index/parent_prefix_path/cpp01_topic
[13.077s] -- Installing: /home/ros2/ws01_plubing/install/cpp01_topic/share/cpp01_topic/environment/ament_prefix_path.sh
[13.078s] -- Installing: /home/ros2/ws01_plubing/install/cpp01_topic/share/cpp01_topic/environment/ament_prefix_path.dsv
[13.078s] -- Installing: /home/ros2/ws01_plubing/install/cpp01_topic/share/cpp01_topic/environment/path.sh
[13.078s] -- Installing: /home/ros2/ws01_plubing/install/cpp01_topic/share/cpp01_topic/environment/path.dsv
[13.078s] -- Installing: /home/ros2/ws01_plubing/install/cpp01_topic/share/cpp01_topic/local_setup.bash
[13.079s] -- Installing: /home/ros2/ws01_plubing/install/cpp01_topic/share/cpp01_topic/local_setup.sh
[13.079s] -- Installing: /home/ros2/ws01_plubing/install/cpp01_topic/share/cpp01_topic/local_setup.zsh
[13.079s] -- Installing: /home/ros2/ws01_plubing/install/cpp01_topic/share/cpp01_topic/local_setup.dsv
[13.080s] -- Installing: /home/ros2/ws01_plubing/install/cpp01_topic/share/cpp01_topic/package.dsv
[13.080s] -- Installing: /home/ros2/ws01_plubing/install/cpp01_topic/share/ament_index/resource_index/packages/cpp01_topic
[13.080s] -- Installing: /home/ros2/ws01_plubing/install/cpp01_topic/share/cpp01_topic/cmake/cpp01_topicConfig.cmake
[13.081s] -- Installing: /home/ros2/ws01_plubing/install/cpp01_topic/share/cpp01_topic/cmake/cpp01_topicConfig-version.cmake
[13.081s] -- Installing: /home/ros2/ws01_plubing/install/cpp01_topic/share/cpp01_topic/package.xml
[13.084s] Invoked command in '/home/ros2/ws01_plubing/build/cpp01_topic' returned '0': CMAKE_PREFIX_PATH=${CMAKE_PREFIX_PATH}:/opt/ros/humble /usr/bin/cmake --install /home/ros2/ws01_plubing/build/cpp01_topic
