[0.016s] Invoking command in '/home/ros2/ws01_plubing/build/base_interfaces_demo': CMAKE_PREFIX_PATH=${CMAKE_PREFIX_PATH}:/opt/ros/humble /usr/bin/cmake /home/ros2/ws01_plubing/src/base_interfaces_demo -DCMAKE_INSTALL_PREFIX=/home/ros2/ws01_plubing/install/base_interfaces_demo
[0.041s] -- Found ament_cmake: 1.3.12 (/opt/ros/humble/share/ament_cmake/cmake)
[0.178s] -- Found rosidl_default_generators: 1.2.0 (/opt/ros/humble/share/rosidl_default_generators/cmake)
[0.180s] -- Using all available rosidl_typesupport_c: rosidl_typesupport_fastrtps_c;rosidl_typesupport_introspection_c
[0.184s] -- Found rosidl_adapter: 3.1.7 (/opt/ros/humble/share/rosidl_adapter/cmake)
[0.223s] -- Using all available rosidl_typesupport_cpp: rosidl_typesupport_fastrtps_cpp;rosidl_typesupport_introspection_cpp
[0.633s] -- Found ament_cmake_ros: 0.10.0 (/opt/ros/humble/share/ament_cmake_ros/cmake)
[0.851s] -- Using all available rosidl_typesupport_c: rosidl_typesupport_fastrtps_c;rosidl_typesupport_introspection_c
[1.161s] -- Using all available rosidl_typesupport_cpp: rosidl_typesupport_fastrtps_cpp;rosidl_typesupport_introspection_cpp
[1.236s] -- Found PythonInterp: /usr/bin/python3 (found suitable version "3.10.12", minimum required is "3.6") 
[1.238s] -- Found python_cmake_module: 0.10.0 (/opt/ros/humble/share/python_cmake_module/cmake)
[1.270s] -- Found PythonLibs: /usr/lib/x86_64-linux-gnu/libpython3.10.so (found suitable version "3.10.12", minimum required is "3.5") 
[1.270s] -- Using PYTHON_EXECUTABLE: /usr/bin/python3
[1.270s] -- Using PYTHON_INCLUDE_DIRS: /usr/include/python3.10
[1.270s] -- Using PYTHON_LIBRARIES: /usr/lib/x86_64-linux-gnu/libpython3.10.so
[1.294s] -- Found PythonExtra: .so  
[1.336s] -- Found ament_lint_auto: 0.12.14 (/opt/ros/humble/share/ament_lint_auto/cmake)
[1.398s] -- Added test 'lint_cmake' to check CMake code style
[1.399s] -- Added test 'xmllint' to check XML markup files
[1.403s] -- Configuring done
[1.480s] -- Generating done
[1.497s] -- Build files have been written to: /home/ros2/ws01_plubing/build/base_interfaces_demo
[1.508s] Invoked command in '/home/ros2/ws01_plubing/build/base_interfaces_demo' returned '0': CMAKE_PREFIX_PATH=${CMAKE_PREFIX_PATH}:/opt/ros/humble /usr/bin/cmake /home/ros2/ws01_plubing/src/base_interfaces_demo -DCMAKE_INSTALL_PREFIX=/home/ros2/ws01_plubing/install/base_interfaces_demo
[1.509s] Invoking command in '/home/ros2/ws01_plubing/build/base_interfaces_demo': CMAKE_PREFIX_PATH=${CMAKE_PREFIX_PATH}:/opt/ros/humble /usr/bin/cmake --build /home/ros2/ws01_plubing/build/base_interfaces_demo -- -j12 -l12
[1.567s] [  3%] [34m[1mGenerating C code for ROS interfaces[0m
[1.582s] [  6%] [34m[1mGenerating C++ code for ROS interfaces[0m
[1.607s] [  6%] Built target ament_cmake_python_copy_base_interfaces_demo
[1.817s] [  9%] [32mBuilding C object CMakeFiles/base_interfaces_demo__rosidl_generator_c.dir/rosidl_generator_c/base_interfaces_demo/msg/detail/student__functions.c.o[0m
[1.844s] running egg_info
[1.845s] creating base_interfaces_demo.egg-info
[1.845s] writing base_interfaces_demo.egg-info/PKG-INFO
[1.849s] writing dependency_links to base_interfaces_demo.egg-info/dependency_links.txt
[1.849s] writing top-level names to base_interfaces_demo.egg-info/top_level.txt
[1.849s] writing manifest file 'base_interfaces_demo.egg-info/SOURCES.txt'
[1.851s] reading manifest file 'base_interfaces_demo.egg-info/SOURCES.txt'
[1.852s] writing manifest file 'base_interfaces_demo.egg-info/SOURCES.txt'
[1.859s] [  9%] Built target base_interfaces_demo__cpp
[1.876s] [ 12%] [34m[1mGenerating C++ type support for eProsima Fast-RTPS[0m
[1.877s] [ 16%] [34m[1mGenerating C++ introspection for ROS interfaces[0m
[1.878s] [ 19%] [34m[1mGenerating C++ type support dispatch for ROS interfaces[0m
[1.889s] [ 19%] Built target ament_cmake_python_build_base_interfaces_demo_egg
[1.892s] [ 22%] [32m[1mLinking C shared library libbase_interfaces_demo__rosidl_generator_c.so[0m
[1.948s] [ 22%] Built target base_interfaces_demo__rosidl_generator_c
[1.964s] [ 25%] [34m[1mGenerating C introspection for ROS interfaces[0m
[1.965s] [ 29%] [34m[1mGenerating C type support for eProsima Fast-RTPS[0m
[1.966s] [ 32%] [34m[1mGenerating C type support dispatch for ROS interfaces[0m
[2.159s] [ 35%] [32mBuilding CXX object CMakeFiles/base_interfaces_demo__rosidl_typesupport_fastrtps_cpp.dir/rosidl_typesupport_fastrtps_cpp/base_interfaces_demo/msg/detail/dds_fastrtps/student__type_support.cpp.o[0m
[2.164s] [ 38%] [32mBuilding CXX object CMakeFiles/base_interfaces_demo__rosidl_typesupport_cpp.dir/rosidl_typesupport_cpp/base_interfaces_demo/msg/student__type_support.cpp.o[0m
[2.219s] [ 41%] [32mBuilding CXX object CMakeFiles/base_interfaces_demo__rosidl_typesupport_introspection_cpp.dir/rosidl_typesupport_introspection_cpp/base_interfaces_demo/msg/detail/student__type_support.cpp.o[0m
[2.258s] [ 45%] [32mBuilding C object CMakeFiles/base_interfaces_demo__rosidl_typesupport_introspection_c.dir/rosidl_typesupport_introspection_c/base_interfaces_demo/msg/detail/student__type_support.c.o[0m
[2.280s] [ 48%] [32mBuilding CXX object CMakeFiles/base_interfaces_demo__rosidl_typesupport_fastrtps_c.dir/rosidl_typesupport_fastrtps_c/base_interfaces_demo/msg/detail/student__type_support_c.cpp.o[0m
[2.280s] [ 51%] [32mBuilding CXX object CMakeFiles/base_interfaces_demo__rosidl_typesupport_c.dir/rosidl_typesupport_c/base_interfaces_demo/msg/student__type_support.cpp.o[0m
[2.303s] [ 54%] [32m[1mLinking C shared library libbase_interfaces_demo__rosidl_typesupport_introspection_c.so[0m
[2.324s] [ 58%] [32m[1mLinking CXX shared library libbase_interfaces_demo__rosidl_typesupport_c.so[0m
[2.358s] [ 58%] Built target base_interfaces_demo__rosidl_typesupport_introspection_c
[2.383s] [ 58%] Built target base_interfaces_demo__rosidl_typesupport_c
[2.568s] [ 61%] [32m[1mLinking CXX shared library libbase_interfaces_demo__rosidl_typesupport_cpp.so[0m
[2.594s] [ 64%] [32m[1mLinking CXX shared library libbase_interfaces_demo__rosidl_typesupport_fastrtps_cpp.so[0m
[2.623s] [ 64%] Built target base_interfaces_demo__rosidl_typesupport_cpp
[2.638s] [ 67%] [32m[1mLinking CXX shared library libbase_interfaces_demo__rosidl_typesupport_introspection_cpp.so[0m
[2.657s] [ 70%] [32m[1mLinking CXX shared library libbase_interfaces_demo__rosidl_typesupport_fastrtps_c.so[0m
[2.711s] [ 70%] Built target base_interfaces_demo__rosidl_typesupport_fastrtps_cpp
[2.735s] [ 70%] Built target base_interfaces_demo__rosidl_typesupport_introspection_cpp
[2.782s] [ 70%] Built target base_interfaces_demo__rosidl_typesupport_fastrtps_c
[2.819s] [ 70%] Built target base_interfaces_demo
[2.858s] [ 74%] [34m[1mGenerating Python code for ROS interfaces[0m
[3.165s] [ 74%] Built target base_interfaces_demo__py
[3.201s] [ 77%] [32mBuilding C object CMakeFiles/base_interfaces_demo__rosidl_generator_py.dir/rosidl_generator_py/base_interfaces_demo/msg/_student_s.c.o[0m
[3.329s] [ 80%] [32m[1mLinking C shared library rosidl_generator_py/base_interfaces_demo/libbase_interfaces_demo__rosidl_generator_py.so[0m
[3.396s] [ 80%] Built target base_interfaces_demo__rosidl_generator_py
[3.430s] [ 83%] [32mBuilding C object CMakeFiles/base_interfaces_demo__rosidl_typesupport_fastrtps_c__pyext.dir/rosidl_generator_py/base_interfaces_demo/_base_interfaces_demo_s.ep.rosidl_typesupport_fastrtps_c.c.o[0m
[3.431s] [ 87%] [32mBuilding C object CMakeFiles/base_interfaces_demo__rosidl_typesupport_c__pyext.dir/rosidl_generator_py/base_interfaces_demo/_base_interfaces_demo_s.ep.rosidl_typesupport_c.c.o[0m
[3.439s] [ 90%] [32mBuilding C object CMakeFiles/base_interfaces_demo__rosidl_typesupport_introspection_c__pyext.dir/rosidl_generator_py/base_interfaces_demo/_base_interfaces_demo_s.ep.rosidl_typesupport_introspection_c.c.o[0m
[3.545s] [ 93%] [32m[1mLinking C shared library rosidl_generator_py/base_interfaces_demo/base_interfaces_demo_s__rosidl_typesupport_c.cpython-310-x86_64-linux-gnu.so[0m
[3.563s] [ 96%] [32m[1mLinking C shared library rosidl_generator_py/base_interfaces_demo/base_interfaces_demo_s__rosidl_typesupport_introspection_c.cpython-310-x86_64-linux-gnu.so[0m
[3.565s] [100%] [32m[1mLinking C shared library rosidl_generator_py/base_interfaces_demo/base_interfaces_demo_s__rosidl_typesupport_fastrtps_c.cpython-310-x86_64-linux-gnu.so[0m
[3.602s] [100%] Built target base_interfaces_demo__rosidl_typesupport_c__pyext
[3.619s] [100%] Built target base_interfaces_demo__rosidl_typesupport_introspection_c__pyext
[3.622s] [100%] Built target base_interfaces_demo__rosidl_typesupport_fastrtps_c__pyext
[3.646s] Invoked command in '/home/ros2/ws01_plubing/build/base_interfaces_demo' returned '0': CMAKE_PREFIX_PATH=${CMAKE_PREFIX_PATH}:/opt/ros/humble /usr/bin/cmake --build /home/ros2/ws01_plubing/build/base_interfaces_demo -- -j12 -l12
[3.664s] Invoking command in '/home/ros2/ws01_plubing/build/base_interfaces_demo': CMAKE_PREFIX_PATH=${CMAKE_PREFIX_PATH}:/opt/ros/humble /usr/bin/cmake --install /home/ros2/ws01_plubing/build/base_interfaces_demo
[3.674s] -- Install configuration: ""
[3.675s] -- Installing: /home/ros2/ws01_plubing/install/base_interfaces_demo/share/ament_index/resource_index/rosidl_interfaces/base_interfaces_demo
[3.675s] -- Installing: /home/ros2/ws01_plubing/install/base_interfaces_demo/include/base_interfaces_demo/base_interfaces_demo
[3.675s] -- Installing: /home/ros2/ws01_plubing/install/base_interfaces_demo/include/base_interfaces_demo/base_interfaces_demo/msg
[3.675s] -- Installing: /home/ros2/ws01_plubing/install/base_interfaces_demo/include/base_interfaces_demo/base_interfaces_demo/msg/rosidl_generator_c__visibility_control.h
[3.675s] -- Installing: /home/ros2/ws01_plubing/install/base_interfaces_demo/include/base_interfaces_demo/base_interfaces_demo/msg/student.h
[3.718s] -- Installing: /home/ros2/ws01_plubing/install/base_interfaces_demo/include/base_interfaces_demo/base_interfaces_demo/msg/detail
[3.719s] -- Installing: /home/ros2/ws01_plubing/install/base_interfaces_demo/include/base_interfaces_demo/base_interfaces_demo/msg/detail/student__struct.h
[3.719s] -- Installing: /home/ros2/ws01_plubing/install/base_interfaces_demo/include/base_interfaces_demo/base_interfaces_demo/msg/detail/student__functions.h
[3.719s] -- Installing: /home/ros2/ws01_plubing/install/base_interfaces_demo/include/base_interfaces_demo/base_interfaces_demo/msg/detail/student__functions.c
[3.719s] -- Installing: /home/ros2/ws01_plubing/install/base_interfaces_demo/include/base_interfaces_demo/base_interfaces_demo/msg/detail/student__type_support.h
[3.719s] -- Installing: /home/ros2/ws01_plubing/install/base_interfaces_demo/share/base_interfaces_demo/environment/library_path.sh
[3.720s] -- Installing: /home/ros2/ws01_plubing/install/base_interfaces_demo/share/base_interfaces_demo/environment/library_path.dsv
[3.720s] -- Installing: /home/ros2/ws01_plubing/install/base_interfaces_demo/lib/libbase_interfaces_demo__rosidl_generator_c.so
[3.720s] -- Set runtime path of "/home/ros2/ws01_plubing/install/base_interfaces_demo/lib/libbase_interfaces_demo__rosidl_generator_c.so" to ""
[3.720s] -- Up-to-date: /home/ros2/ws01_plubing/install/base_interfaces_demo/include/base_interfaces_demo/base_interfaces_demo
[3.720s] -- Up-to-date: /home/ros2/ws01_plubing/install/base_interfaces_demo/include/base_interfaces_demo/base_interfaces_demo/msg
[3.721s] -- Up-to-date: /home/ros2/ws01_plubing/install/base_interfaces_demo/include/base_interfaces_demo/base_interfaces_demo/msg/detail
[3.721s] -- Installing: /home/ros2/ws01_plubing/install/base_interfaces_demo/include/base_interfaces_demo/base_interfaces_demo/msg/detail/student__rosidl_typesupport_fastrtps_c.h
[3.721s] -- Installing: /home/ros2/ws01_plubing/install/base_interfaces_demo/include/base_interfaces_demo/base_interfaces_demo/msg/rosidl_typesupport_fastrtps_c__visibility_control.h
[3.722s] -- Installing: /home/ros2/ws01_plubing/install/base_interfaces_demo/lib/libbase_interfaces_demo__rosidl_typesupport_fastrtps_c.so
[3.722s] -- Set runtime path of "/home/ros2/ws01_plubing/install/base_interfaces_demo/lib/libbase_interfaces_demo__rosidl_typesupport_fastrtps_c.so" to ""
[3.722s] -- Up-to-date: /home/ros2/ws01_plubing/install/base_interfaces_demo/include/base_interfaces_demo/base_interfaces_demo
[3.722s] -- Up-to-date: /home/ros2/ws01_plubing/install/base_interfaces_demo/include/base_interfaces_demo/base_interfaces_demo/msg
[3.722s] -- Up-to-date: /home/ros2/ws01_plubing/install/base_interfaces_demo/include/base_interfaces_demo/base_interfaces_demo/msg/detail
[3.722s] -- Installing: /home/ros2/ws01_plubing/install/base_interfaces_demo/include/base_interfaces_demo/base_interfaces_demo/msg/detail/student__rosidl_typesupport_introspection_c.h
[3.722s] -- Installing: /home/ros2/ws01_plubing/install/base_interfaces_demo/include/base_interfaces_demo/base_interfaces_demo/msg/detail/student__type_support.c
[3.722s] -- Installing: /home/ros2/ws01_plubing/install/base_interfaces_demo/include/base_interfaces_demo/base_interfaces_demo/msg/rosidl_typesupport_introspection_c__visibility_control.h
[3.722s] -- Installing: /home/ros2/ws01_plubing/install/base_interfaces_demo/lib/libbase_interfaces_demo__rosidl_typesupport_introspection_c.so
[3.723s] -- Set runtime path of "/home/ros2/ws01_plubing/install/base_interfaces_demo/lib/libbase_interfaces_demo__rosidl_typesupport_introspection_c.so" to ""
[3.723s] -- Installing: /home/ros2/ws01_plubing/install/base_interfaces_demo/lib/libbase_interfaces_demo__rosidl_typesupport_c.so
[3.724s] -- Set runtime path of "/home/ros2/ws01_plubing/install/base_interfaces_demo/lib/libbase_interfaces_demo__rosidl_typesupport_c.so" to ""
[3.724s] -- Up-to-date: /home/ros2/ws01_plubing/install/base_interfaces_demo/include/base_interfaces_demo/base_interfaces_demo
[3.724s] -- Up-to-date: /home/ros2/ws01_plubing/install/base_interfaces_demo/include/base_interfaces_demo/base_interfaces_demo/msg
[3.724s] -- Installing: /home/ros2/ws01_plubing/install/base_interfaces_demo/include/base_interfaces_demo/base_interfaces_demo/msg/rosidl_generator_cpp__visibility_control.hpp
[3.724s] -- Up-to-date: /home/ros2/ws01_plubing/install/base_interfaces_demo/include/base_interfaces_demo/base_interfaces_demo/msg/detail
[3.725s] -- Installing: /home/ros2/ws01_plubing/install/base_interfaces_demo/include/base_interfaces_demo/base_interfaces_demo/msg/detail/student__struct.hpp
[3.725s] -- Installing: /home/ros2/ws01_plubing/install/base_interfaces_demo/include/base_interfaces_demo/base_interfaces_demo/msg/detail/student__traits.hpp
[3.725s] -- Installing: /home/ros2/ws01_plubing/install/base_interfaces_demo/include/base_interfaces_demo/base_interfaces_demo/msg/detail/student__type_support.hpp
[3.725s] -- Installing: /home/ros2/ws01_plubing/install/base_interfaces_demo/include/base_interfaces_demo/base_interfaces_demo/msg/detail/student__builder.hpp
[3.725s] -- Installing: /home/ros2/ws01_plubing/install/base_interfaces_demo/include/base_interfaces_demo/base_interfaces_demo/msg/student.hpp
[3.728s] -- Up-to-date: /home/ros2/ws01_plubing/install/base_interfaces_demo/include/base_interfaces_demo/base_interfaces_demo
[3.728s] -- Up-to-date: /home/ros2/ws01_plubing/install/base_interfaces_demo/include/base_interfaces_demo/base_interfaces_demo/msg
[3.728s] -- Installing: /home/ros2/ws01_plubing/install/base_interfaces_demo/include/base_interfaces_demo/base_interfaces_demo/msg/rosidl_typesupport_fastrtps_cpp__visibility_control.h
[3.729s] -- Up-to-date: /home/ros2/ws01_plubing/install/base_interfaces_demo/include/base_interfaces_demo/base_interfaces_demo/msg/detail
[3.729s] -- Installing: /home/ros2/ws01_plubing/install/base_interfaces_demo/include/base_interfaces_demo/base_interfaces_demo/msg/detail/student__rosidl_typesupport_fastrtps_cpp.hpp
[3.729s] -- Installing: /home/ros2/ws01_plubing/install/base_interfaces_demo/include/base_interfaces_demo/base_interfaces_demo/msg/detail/dds_fastrtps
[3.729s] -- Installing: /home/ros2/ws01_plubing/install/base_interfaces_demo/lib/libbase_interfaces_demo__rosidl_typesupport_fastrtps_cpp.so
[3.730s] -- Set runtime path of "/home/ros2/ws01_plubing/install/base_interfaces_demo/lib/libbase_interfaces_demo__rosidl_typesupport_fastrtps_cpp.so" to ""
[3.730s] -- Up-to-date: /home/ros2/ws01_plubing/install/base_interfaces_demo/include/base_interfaces_demo/base_interfaces_demo
[3.730s] -- Up-to-date: /home/ros2/ws01_plubing/install/base_interfaces_demo/include/base_interfaces_demo/base_interfaces_demo/msg
[3.730s] -- Up-to-date: /home/ros2/ws01_plubing/install/base_interfaces_demo/include/base_interfaces_demo/base_interfaces_demo/msg/detail
[3.731s] -- Installing: /home/ros2/ws01_plubing/install/base_interfaces_demo/include/base_interfaces_demo/base_interfaces_demo/msg/detail/student__type_support.cpp
[3.731s] -- Installing: /home/ros2/ws01_plubing/install/base_interfaces_demo/include/base_interfaces_demo/base_interfaces_demo/msg/detail/student__rosidl_typesupport_introspection_cpp.hpp
[3.731s] -- Installing: /home/ros2/ws01_plubing/install/base_interfaces_demo/lib/libbase_interfaces_demo__rosidl_typesupport_introspection_cpp.so
[3.732s] -- Set runtime path of "/home/ros2/ws01_plubing/install/base_interfaces_demo/lib/libbase_interfaces_demo__rosidl_typesupport_introspection_cpp.so" to ""
[3.732s] -- Installing: /home/ros2/ws01_plubing/install/base_interfaces_demo/lib/libbase_interfaces_demo__rosidl_typesupport_cpp.so
[3.732s] -- Set runtime path of "/home/ros2/ws01_plubing/install/base_interfaces_demo/lib/libbase_interfaces_demo__rosidl_typesupport_cpp.so" to ""
[3.733s] -- Installing: /home/ros2/ws01_plubing/install/base_interfaces_demo/share/base_interfaces_demo/environment/pythonpath.sh
[3.733s] -- Installing: /home/ros2/ws01_plubing/install/base_interfaces_demo/share/base_interfaces_demo/environment/pythonpath.dsv
[3.733s] -- Installing: /home/ros2/ws01_plubing/install/base_interfaces_demo/local/lib/python3.10/dist-packages/base_interfaces_demo-0.0.0-py3.10.egg-info
[3.734s] -- Installing: /home/ros2/ws01_plubing/install/base_interfaces_demo/local/lib/python3.10/dist-packages/base_interfaces_demo-0.0.0-py3.10.egg-info/PKG-INFO
[3.734s] -- Installing: /home/ros2/ws01_plubing/install/base_interfaces_demo/local/lib/python3.10/dist-packages/base_interfaces_demo-0.0.0-py3.10.egg-info/top_level.txt
[3.734s] -- Installing: /home/ros2/ws01_plubing/install/base_interfaces_demo/local/lib/python3.10/dist-packages/base_interfaces_demo-0.0.0-py3.10.egg-info/dependency_links.txt
[3.734s] -- Installing: /home/ros2/ws01_plubing/install/base_interfaces_demo/local/lib/python3.10/dist-packages/base_interfaces_demo-0.0.0-py3.10.egg-info/SOURCES.txt
[3.735s] -- Installing: /home/ros2/ws01_plubing/install/base_interfaces_demo/local/lib/python3.10/dist-packages/base_interfaces_demo
[3.735s] -- Installing: /home/ros2/ws01_plubing/install/base_interfaces_demo/local/lib/python3.10/dist-packages/base_interfaces_demo/base_interfaces_demo_s__rosidl_typesupport_fastrtps_c.cpython-310-x86_64-linux-gnu.so
[3.735s] -- Installing: /home/ros2/ws01_plubing/install/base_interfaces_demo/local/lib/python3.10/dist-packages/base_interfaces_demo/msg
[3.735s] -- Installing: /home/ros2/ws01_plubing/install/base_interfaces_demo/local/lib/python3.10/dist-packages/base_interfaces_demo/msg/_student_s.c
[3.741s] -- Installing: /home/ros2/ws01_plubing/install/base_interfaces_demo/local/lib/python3.10/dist-packages/base_interfaces_demo/msg/_student.py
[3.741s] -- Installing: /home/ros2/ws01_plubing/install/base_interfaces_demo/local/lib/python3.10/dist-packages/base_interfaces_demo/msg/__init__.py
[3.742s] -- Installing: /home/ros2/ws01_plubing/install/base_interfaces_demo/local/lib/python3.10/dist-packages/base_interfaces_demo/_base_interfaces_demo_s.ep.rosidl_typesupport_c.c
[3.742s] -- Installing: /home/ros2/ws01_plubing/install/base_interfaces_demo/local/lib/python3.10/dist-packages/base_interfaces_demo/libbase_interfaces_demo__rosidl_generator_py.so
[3.742s] -- Installing: /home/ros2/ws01_plubing/install/base_interfaces_demo/local/lib/python3.10/dist-packages/base_interfaces_demo/_base_interfaces_demo_s.ep.rosidl_typesupport_fastrtps_c.c
[3.742s] -- Installing: /home/ros2/ws01_plubing/install/base_interfaces_demo/local/lib/python3.10/dist-packages/base_interfaces_demo/__init__.py
[3.743s] -- Installing: /home/ros2/ws01_plubing/install/base_interfaces_demo/local/lib/python3.10/dist-packages/base_interfaces_demo/base_interfaces_demo_s__rosidl_typesupport_introspection_c.cpython-310-x86_64-linux-gnu.so
[3.743s] -- Installing: /home/ros2/ws01_plubing/install/base_interfaces_demo/local/lib/python3.10/dist-packages/base_interfaces_demo/_base_interfaces_demo_s.ep.rosidl_typesupport_introspection_c.c
[3.743s] -- Installing: /home/ros2/ws01_plubing/install/base_interfaces_demo/local/lib/python3.10/dist-packages/base_interfaces_demo/base_interfaces_demo_s__rosidl_typesupport_c.cpython-310-x86_64-linux-gnu.so
[3.784s] Listing '/home/ros2/ws01_plubing/install/base_interfaces_demo/local/lib/python3.10/dist-packages/base_interfaces_demo'...
[3.784s] Compiling '/home/ros2/ws01_plubing/install/base_interfaces_demo/local/lib/python3.10/dist-packages/base_interfaces_demo/__init__.py'...
[3.784s] Listing '/home/ros2/ws01_plubing/install/base_interfaces_demo/local/lib/python3.10/dist-packages/base_interfaces_demo/msg'...
[3.784s] Compiling '/home/ros2/ws01_plubing/install/base_interfaces_demo/local/lib/python3.10/dist-packages/base_interfaces_demo/msg/__init__.py'...
[3.784s] Compiling '/home/ros2/ws01_plubing/install/base_interfaces_demo/local/lib/python3.10/dist-packages/base_interfaces_demo/msg/_student.py'...
[3.789s] -- Installing: /home/ros2/ws01_plubing/install/base_interfaces_demo/local/lib/python3.10/dist-packages/base_interfaces_demo/base_interfaces_demo_s__rosidl_typesupport_fastrtps_c.cpython-310-x86_64-linux-gnu.so
[3.789s] -- Set runtime path of "/home/ros2/ws01_plubing/install/base_interfaces_demo/local/lib/python3.10/dist-packages/base_interfaces_demo/base_interfaces_demo_s__rosidl_typesupport_fastrtps_c.cpython-310-x86_64-linux-gnu.so" to ""
[3.790s] -- Installing: /home/ros2/ws01_plubing/install/base_interfaces_demo/local/lib/python3.10/dist-packages/base_interfaces_demo/base_interfaces_demo_s__rosidl_typesupport_introspection_c.cpython-310-x86_64-linux-gnu.so
[3.791s] -- Set runtime path of "/home/ros2/ws01_plubing/install/base_interfaces_demo/local/lib/python3.10/dist-packages/base_interfaces_demo/base_interfaces_demo_s__rosidl_typesupport_introspection_c.cpython-310-x86_64-linux-gnu.so" to ""
[3.791s] -- Installing: /home/ros2/ws01_plubing/install/base_interfaces_demo/local/lib/python3.10/dist-packages/base_interfaces_demo/base_interfaces_demo_s__rosidl_typesupport_c.cpython-310-x86_64-linux-gnu.so
[3.792s] -- Set runtime path of "/home/ros2/ws01_plubing/install/base_interfaces_demo/local/lib/python3.10/dist-packages/base_interfaces_demo/base_interfaces_demo_s__rosidl_typesupport_c.cpython-310-x86_64-linux-gnu.so" to ""
[3.792s] -- Installing: /home/ros2/ws01_plubing/install/base_interfaces_demo/lib/libbase_interfaces_demo__rosidl_generator_py.so
[3.793s] -- Set runtime path of "/home/ros2/ws01_plubing/install/base_interfaces_demo/lib/libbase_interfaces_demo__rosidl_generator_py.so" to ""
[3.794s] -- Installing: /home/ros2/ws01_plubing/install/base_interfaces_demo/share/base_interfaces_demo/msg/Student.idl
[3.794s] -- Installing: /home/ros2/ws01_plubing/install/base_interfaces_demo/share/base_interfaces_demo/msg/Student.msg
[3.794s] -- Installing: /home/ros2/ws01_plubing/install/base_interfaces_demo/share/ament_index/resource_index/package_run_dependencies/base_interfaces_demo
[3.795s] -- Installing: /home/ros2/ws01_plubing/install/base_interfaces_demo/share/ament_index/resource_index/parent_prefix_path/base_interfaces_demo
[3.795s] -- Installing: /home/ros2/ws01_plubing/install/base_interfaces_demo/share/base_interfaces_demo/environment/ament_prefix_path.sh
[3.795s] -- Installing: /home/ros2/ws01_plubing/install/base_interfaces_demo/share/base_interfaces_demo/environment/ament_prefix_path.dsv
[3.796s] -- Installing: /home/ros2/ws01_plubing/install/base_interfaces_demo/share/base_interfaces_demo/environment/path.sh
[3.796s] -- Installing: /home/ros2/ws01_plubing/install/base_interfaces_demo/share/base_interfaces_demo/environment/path.dsv
[3.796s] -- Installing: /home/ros2/ws01_plubing/install/base_interfaces_demo/share/base_interfaces_demo/local_setup.bash
[3.797s] -- Installing: /home/ros2/ws01_plubing/install/base_interfaces_demo/share/base_interfaces_demo/local_setup.sh
[3.797s] -- Installing: /home/ros2/ws01_plubing/install/base_interfaces_demo/share/base_interfaces_demo/local_setup.zsh
[3.797s] -- Installing: /home/ros2/ws01_plubing/install/base_interfaces_demo/share/base_interfaces_demo/local_setup.dsv
[3.799s] -- Installing: /home/ros2/ws01_plubing/install/base_interfaces_demo/share/base_interfaces_demo/package.dsv
[3.800s] -- Installing: /home/ros2/ws01_plubing/install/base_interfaces_demo/share/ament_index/resource_index/packages/base_interfaces_demo
[3.800s] -- Installing: /home/ros2/ws01_plubing/install/base_interfaces_demo/share/base_interfaces_demo/cmake/export_base_interfaces_demo__rosidl_generator_cExport.cmake
[3.800s] -- Installing: /home/ros2/ws01_plubing/install/base_interfaces_demo/share/base_interfaces_demo/cmake/export_base_interfaces_demo__rosidl_generator_cExport-noconfig.cmake
[3.801s] -- Installing: /home/ros2/ws01_plubing/install/base_interfaces_demo/share/base_interfaces_demo/cmake/export_base_interfaces_demo__rosidl_typesupport_fastrtps_cExport.cmake
[3.801s] -- Installing: /home/ros2/ws01_plubing/install/base_interfaces_demo/share/base_interfaces_demo/cmake/export_base_interfaces_demo__rosidl_typesupport_fastrtps_cExport-noconfig.cmake
[3.801s] -- Installing: /home/ros2/ws01_plubing/install/base_interfaces_demo/share/base_interfaces_demo/cmake/base_interfaces_demo__rosidl_typesupport_introspection_cExport.cmake
[3.802s] -- Installing: /home/ros2/ws01_plubing/install/base_interfaces_demo/share/base_interfaces_demo/cmake/base_interfaces_demo__rosidl_typesupport_introspection_cExport-noconfig.cmake
[3.802s] -- Installing: /home/ros2/ws01_plubing/install/base_interfaces_demo/share/base_interfaces_demo/cmake/base_interfaces_demo__rosidl_typesupport_cExport.cmake
[3.803s] -- Installing: /home/ros2/ws01_plubing/install/base_interfaces_demo/share/base_interfaces_demo/cmake/base_interfaces_demo__rosidl_typesupport_cExport-noconfig.cmake
[3.803s] -- Installing: /home/ros2/ws01_plubing/install/base_interfaces_demo/share/base_interfaces_demo/cmake/export_base_interfaces_demo__rosidl_generator_cppExport.cmake
[3.803s] -- Installing: /home/ros2/ws01_plubing/install/base_interfaces_demo/share/base_interfaces_demo/cmake/export_base_interfaces_demo__rosidl_typesupport_fastrtps_cppExport.cmake
[3.804s] -- Installing: /home/ros2/ws01_plubing/install/base_interfaces_demo/share/base_interfaces_demo/cmake/export_base_interfaces_demo__rosidl_typesupport_fastrtps_cppExport-noconfig.cmake
[3.804s] -- Installing: /home/ros2/ws01_plubing/install/base_interfaces_demo/share/base_interfaces_demo/cmake/base_interfaces_demo__rosidl_typesupport_introspection_cppExport.cmake
[3.804s] -- Installing: /home/ros2/ws01_plubing/install/base_interfaces_demo/share/base_interfaces_demo/cmake/base_interfaces_demo__rosidl_typesupport_introspection_cppExport-noconfig.cmake
[3.804s] -- Installing: /home/ros2/ws01_plubing/install/base_interfaces_demo/share/base_interfaces_demo/cmake/base_interfaces_demo__rosidl_typesupport_cppExport.cmake
[3.805s] -- Installing: /home/ros2/ws01_plubing/install/base_interfaces_demo/share/base_interfaces_demo/cmake/base_interfaces_demo__rosidl_typesupport_cppExport-noconfig.cmake
[3.805s] -- Installing: /home/ros2/ws01_plubing/install/base_interfaces_demo/share/base_interfaces_demo/cmake/export_base_interfaces_demo__rosidl_generator_pyExport.cmake
[3.806s] -- Installing: /home/ros2/ws01_plubing/install/base_interfaces_demo/share/base_interfaces_demo/cmake/export_base_interfaces_demo__rosidl_generator_pyExport-noconfig.cmake
[3.806s] -- Installing: /home/ros2/ws01_plubing/install/base_interfaces_demo/share/base_interfaces_demo/cmake/rosidl_cmake-extras.cmake
[3.806s] -- Installing: /home/ros2/ws01_plubing/install/base_interfaces_demo/share/base_interfaces_demo/cmake/ament_cmake_export_include_directories-extras.cmake
[3.806s] -- Installing: /home/ros2/ws01_plubing/install/base_interfaces_demo/share/base_interfaces_demo/cmake/ament_cmake_export_libraries-extras.cmake
[3.807s] -- Installing: /home/ros2/ws01_plubing/install/base_interfaces_demo/share/base_interfaces_demo/cmake/ament_cmake_export_targets-extras.cmake
[3.807s] -- Installing: /home/ros2/ws01_plubing/install/base_interfaces_demo/share/base_interfaces_demo/cmake/rosidl_cmake_export_typesupport_targets-extras.cmake
[3.808s] -- Installing: /home/ros2/ws01_plubing/install/base_interfaces_demo/share/base_interfaces_demo/cmake/ament_cmake_export_dependencies-extras.cmake
[3.808s] -- Installing: /home/ros2/ws01_plubing/install/base_interfaces_demo/share/base_interfaces_demo/cmake/rosidl_cmake_export_typesupport_libraries-extras.cmake
[3.808s] -- Installing: /home/ros2/ws01_plubing/install/base_interfaces_demo/share/base_interfaces_demo/cmake/base_interfaces_demoConfig.cmake
[3.808s] -- Installing: /home/ros2/ws01_plubing/install/base_interfaces_demo/share/base_interfaces_demo/cmake/base_interfaces_demoConfig-version.cmake
[3.809s] -- Installing: /home/ros2/ws01_plubing/install/base_interfaces_demo/share/base_interfaces_demo/package.xml
[3.812s] Invoked command in '/home/ros2/ws01_plubing/build/base_interfaces_demo' returned '0': CMAKE_PREFIX_PATH=${CMAKE_PREFIX_PATH}:/opt/ros/humble /usr/bin/cmake --install /home/ros2/ws01_plubing/build/base_interfaces_demo
