[0.021s] Invoking command in '/home/ros2/exam/build/demo_interfaces_base': CMAKE_PREFIX_PATH=/opt/ros/humble /usr/bin/cmake --build /home/ros2/exam/build/demo_interfaces_base -- -j12 -l12
[0.056s] [33mCMake Warning (dev) at CMakeLists.txt:15:
[0.056s]   Syntax Warning in cmake code at column 20
[0.056s] 
[0.056s]   Argument not separated from preceding token by whitespace.
[0.056s] This warning is for project developers.  Use -Wno-dev to suppress it.
[0.057s] [0m
[0.065s] -- Found ament_cmake: 1.3.12 (/opt/ros/humble/share/ament_cmake/cmake)
[0.221s] -- Found rosidl_default_generators: 1.2.0 (/opt/ros/humble/share/rosidl_default_generators/cmake)
[0.223s] -- Using all available rosidl_typesupport_c: rosidl_typesupport_fastrtps_c;rosidl_typesupport_introspection_c
[0.227s] -- Found rosidl_adapter: 3.1.7 (/opt/ros/humble/share/rosidl_adapter/cmake)
[0.252s] -- Using all available rosidl_typesupport_cpp: rosidl_typesupport_fastrtps_cpp;rosidl_typesupport_introspection_cpp
[0.276s] [31mCMake Error at /opt/ros/humble/share/rosidl_cmake/cmake/rosidl_generate_interfaces.cmake:93 (message):
[0.276s]   rosidl_generate_interfaces() the passed file ',' doesn't exist relative to
[0.276s]   the CMAKE_CURRENT_SOURCE_DIR '/home/ros2/exam/demo_interfaces_base'
[0.276s] Call Stack (most recent call first):
[0.277s]   CMakeLists.txt:14 (rosidl_generate_interfaces)
[0.277s] 
[0.277s] [0m
[0.277s] -- Configuring incomplete, errors occurred!
[0.277s] See also "/home/ros2/exam/build/demo_interfaces_base/CMakeFiles/CMakeOutput.log".
[0.282s] gmake: *** [Makefile:747: cmake_check_build_system] Error 1
[0.286s] Invoked command in '/home/ros2/exam/build/demo_interfaces_base' returned '2': CMAKE_PREFIX_PATH=/opt/ros/humble /usr/bin/cmake --build /home/ros2/exam/build/demo_interfaces_base -- -j12 -l12
