[0.059s] Invoking command in '/home/ros2/ws01_plubing/build/base_interfaces_demo': CMAKE_PREFIX_PATH=${CMAKE_PREFIX_PATH}:/opt/ros/humble /usr/bin/cmake --build /home/ros2/ws01_plubing/build/base_interfaces_demo -- -j12 -l12
[0.093s] -- Found ament_cmake: 1.3.12 (/opt/ros/humble/share/ament_cmake/cmake)
[0.245s] -- Found rosidl_default_generators: 1.2.0 (/opt/ros/humble/share/rosidl_default_generators/cmake)
[0.246s] -- Using all available rosidl_typesupport_c: rosidl_typesupport_fastrtps_c;rosidl_typesupport_introspection_c
[0.250s] -- Found rosidl_adapter: 3.1.7 (/opt/ros/humble/share/rosidl_adapter/cmake)
[0.276s] -- Using all available rosidl_typesupport_cpp: rosidl_typesupport_fastrtps_cpp;rosidl_typesupport_introspection_cpp
[0.513s] [31mCMake Error at /opt/ros/humble/share/rosidl_adapter/cmake/rosidl_adapt_interfaces.cmake:59 (message):
[0.514s]   execute_process(/usr/bin/python3 -m rosidl_adapter --package-name
[0.514s]   base_interfaces_demo --arguments-file
[0.514s]   /home/ros2/ws01_plubing/build/base_interfaces_demo/rosidl_adapter__arguments__base_interfaces_demo.json
[0.514s]   --output-dir
[0.514s]   /home/ros2/ws01_plubing/build/base_interfaces_demo/rosidl_adapter/base_interfaces_demo
[0.514s]   --output-file
[0.514s]   /home/ros2/ws01_plubing/build/base_interfaces_demo/rosidl_adapter/base_interfaces_demo.idls)
[0.514s]   returned error code 1:
[0.515s] 
[0.515s]   Error processing 'int num1' of 'base_interfaces_demo/AddInts_Request':
[0.515s]   ''int' is an invalid message name.  It should have the pattern
[0.515s]   '^[A-Z][A-Za-z0-9]*$''
[0.515s] 
[0.515s]   Traceback (most recent call last):
[0.515s] 
[0.515s]     File "/usr/lib/python3.10/runpy.py", line 196, in _run_module_as_main
[0.515s]       return _run_code(code, main_globals, None,
[0.515s]     File "/usr/lib/python3.10/runpy.py", line 86, in _run_code
[0.516s]       exec(code, run_globals)
[0.516s]     File "/opt/ros/humble/local/lib/python3.10/dist-packages/rosidl_adapter/__main__.py", line 19, in <module>
[0.516s]       sys.exit(main())
[0.516s]     File "/opt/ros/humble/local/lib/python3.10/dist-packages/rosidl_adapter/main.py", line 53, in main
[0.516s]       abs_idl_file = convert_to_idl(
[0.516s]     File "/opt/ros/humble/local/lib/python3.10/dist-packages/rosidl_adapter/__init__.py", line 24, in convert_to_idl
[0.516s]       return convert_srv_to_idl(
[0.516s]     File "/opt/ros/humble/local/lib/python3.10/dist-packages/rosidl_adapter/srv/__init__.py", line 28, in convert_srv_to_idl
[0.516s]       srv = parse_service_string(package_name, input_file.stem, content)
[0.516s]     File "/opt/ros/humble/local/lib/python3.10/dist-packages/rosidl_adapter/parser.py", line 859, in parse_service_string
[0.516s]       request_message = parse_message_string(
[0.516s]     File "/opt/ros/humble/local/lib/python3.10/dist-packages/rosidl_adapter/parser.py", line 520, in parse_message_string
[0.516s]       Type(type_string, context_package_name=pkg_name),
[0.516s]     File "/opt/ros/humble/local/lib/python3.10/dist-packages/rosidl_adapter/parser.py", line 277, in __init__
[0.516s]       super(Type, self).__init__(
[0.517s]     File "/opt/ros/humble/local/lib/python3.10/dist-packages/rosidl_adapter/parser.py", line 205, in __init__
[0.517s]       raise InvalidResourceName(
[0.517s] 
[0.517s]   rosidl_adapter.parser.InvalidResourceName: 'int' is an invalid message
[0.517s]   name.  It should have the pattern '^[A-Z][A-Za-z0-9]*$'
[0.517s] 
[0.517s] Call Stack (most recent call first):
[0.517s]   /opt/ros/humble/share/rosidl_cmake/cmake/rosidl_generate_interfaces.cmake:130 (rosidl_adapt_interfaces)
[0.517s]   CMakeLists.txt:15 (rosidl_generate_interfaces)
[0.517s] 
[0.517s] [0m
[0.517s] -- Configuring incomplete, errors occurred!
[0.517s] See also "/home/ros2/ws01_plubing/build/base_interfaces_demo/CMakeFiles/CMakeOutput.log".
[0.526s] gmake: *** [Makefile:747: cmake_check_build_system] Error 1
[0.530s] Invoked command in '/home/ros2/ws01_plubing/build/base_interfaces_demo' returned '2': CMAKE_PREFIX_PATH=${CMAKE_PREFIX_PATH}:/opt/ros/humble /usr/bin/cmake --build /home/ros2/ws01_plubing/build/base_interfaces_demo -- -j12 -l12
