[ 25%] Built target demo01_talker_str
[ 37%] [32mBuilding CXX object CMakeFiles/demo01_talker_stu.dir/src/demo01_talker_stu.cpp.o[0m
[ 62%] Built target demo01_listener_str
[35m[1mConsolidate compiler generated dependencies of target demo01_listener_stu[0m
[ 87%] Built target demo01_listener_stu
[100%] [32m[1mLinking CXX executable demo01_talker_stu[0m
[100%] Built target demo01_talker_stu
-- Install configuration: ""
-- Up-to-date: /home/ros2/ws01_plubing/install/cpp01_topic/lib/cpp01_topic/demo01_talker_str
-- Up-to-date: /home/ros2/ws01_plubing/install/cpp01_topic/lib/cpp01_topic/demo01_listener_str
-- Installing: /home/ros2/ws01_plubing/install/cpp01_topic/lib/cpp01_topic/demo01_talker_stu
-- Set runtime path of "/home/ros2/ws01_plubing/install/cpp01_topic/lib/cpp01_topic/demo01_talker_stu" to ""
-- Up-to-date: /home/ros2/ws01_plubing/install/cpp01_topic/lib/cpp01_topic/demo01_listener_stu
-- Up-to-date: /home/ros2/ws01_plubing/install/cpp01_topic/share/ament_index/resource_index/package_run_dependencies/cpp01_topic
-- Up-to-date: /home/ros2/ws01_plubing/install/cpp01_topic/share/ament_index/resource_index/parent_prefix_path/cpp01_topic
-- Up-to-date: /home/ros2/ws01_plubing/install/cpp01_topic/share/cpp01_topic/environment/ament_prefix_path.sh
-- Up-to-date: /home/ros2/ws01_plubing/install/cpp01_topic/share/cpp01_topic/environment/ament_prefix_path.dsv
-- Up-to-date: /home/ros2/ws01_plubing/install/cpp01_topic/share/cpp01_topic/environment/path.sh
-- Up-to-date: /home/ros2/ws01_plubing/install/cpp01_topic/share/cpp01_topic/environment/path.dsv
-- Up-to-date: /home/ros2/ws01_plubing/install/cpp01_topic/share/cpp01_topic/local_setup.bash
-- Up-to-date: /home/ros2/ws01_plubing/install/cpp01_topic/share/cpp01_topic/local_setup.sh
-- Up-to-date: /home/ros2/ws01_plubing/install/cpp01_topic/share/cpp01_topic/local_setup.zsh
-- Up-to-date: /home/ros2/ws01_plubing/install/cpp01_topic/share/cpp01_topic/local_setup.dsv
-- Installing: /home/ros2/ws01_plubing/install/cpp01_topic/share/cpp01_topic/package.dsv
-- Up-to-date: /home/ros2/ws01_plubing/install/cpp01_topic/share/ament_index/resource_index/packages/cpp01_topic
-- Up-to-date: /home/ros2/ws01_plubing/install/cpp01_topic/share/cpp01_topic/cmake/cpp01_topicConfig.cmake
-- Up-to-date: /home/ros2/ws01_plubing/install/cpp01_topic/share/cpp01_topic/cmake/cpp01_topicConfig-version.cmake
-- Up-to-date: /home/ros2/ws01_plubing/install/cpp01_topic/share/cpp01_topic/package.xml
