[35m[1mConsolidate compiler generated dependencies of target demo01_time[0m
[ 50%] [32mBuilding CXX object CMakeFiles/demo01_time.dir/src/demo01_time.cpp.o[0m
In file included from [01m[K/opt/ros/humble/include/rclcpp/rclcpp/logging.hpp:24[m[K,
                 from [01m[K/opt/ros/humble/include/rclcpp/rclcpp/client.hpp:40[m[K,
                 from [01m[K/opt/ros/humble/include/rclcpp/rclcpp/callback_group.hpp:24[m[K,
                 from [01m[K/opt/ros/humble/include/rclcpp/rclcpp/any_executable.hpp:20[m[K,
                 from [01m[K/opt/ros/humble/include/rclcpp/rclcpp/memory_strategy.hpp:25[m[K,
                 from [01m[K/opt/ros/humble/include/rclcpp/rclcpp/memory_strategies.hpp:18[m[K,
                 from [01m[K/opt/ros/humble/include/rclcpp/rclcpp/executor_options.hpp:20[m[K,
                 from [01m[K/opt/ros/humble/include/rclcpp/rclcpp/executor.hpp:37[m[K,
                 from [01m[K/opt/ros/humble/include/rclcpp/rclcpp/executors/multi_threaded_executor.hpp:25[m[K,
                 from [01m[K/opt/ros/humble/include/rclcpp/rclcpp/executors.hpp:21[m[K,
                 from [01m[K/opt/ros/humble/include/rclcpp/rclcpp/rclcpp.hpp:155[m[K,
                 from [01m[K/home/ros2/exam/cpp05_time/src/demo01_time.cpp:1[m[K:
[01m[K/home/ros2/exam/cpp05_time/src/demo01_time.cpp:[m[K In function ‘[01m[Kint main(int, char**)[m[K’:
[01m[K/home/ros2/exam/cpp05_time/src/demo01_time.cpp:16:37:[m[K [01;35m[Kwarning: [m[Ktoo many arguments for format [[01;35m[K]8;;https://gcc.gnu.org/onlinedocs/gcc/Warning-Options.html#index-Wformat-extra-args-Wformat-extra-args]8;;[m[K]
   16 |     RCLCPP_INFO(node->get_logger(), [01;35m[K"t1: %f"[m[K, t1.seconds(), t1.nanoseconds());
      |                                     [01;35m[K^~~~~~~~[m[K
[01m[K/home/ros2/exam/cpp05_time/src/demo01_time.cpp:19:37:[m[K [01;35m[Kwarning: [m[Ktoo many arguments for format [[01;35m[K]8;;https://gcc.gnu.org/onlinedocs/gcc/Warning-Options.html#index-Wformat-extra-args-Wformat-extra-args]8;;[m[K]
   19 |     RCLCPP_INFO(node->get_logger(), [01;35m[K"now: %f"[m[K, now.seconds(), now.nanoseconds());
      |                                     [01;35m[K^~~~~~~~~[m[K
[100%] [32m[1mLinking CXX executable demo01_time[0m
[100%] Built target demo01_time
-- Install configuration: ""
-- Installing: /home/ros2/exam/install/cpp05_time/lib/cpp05_time/demo01_time
-- Set runtime path of "/home/ros2/exam/install/cpp05_time/lib/cpp05_time/demo01_time" to ""
-- Up-to-date: /home/ros2/exam/install/cpp05_time/share/ament_index/resource_index/package_run_dependencies/cpp05_time
-- Up-to-date: /home/ros2/exam/install/cpp05_time/share/ament_index/resource_index/parent_prefix_path/cpp05_time
-- Up-to-date: /home/ros2/exam/install/cpp05_time/share/cpp05_time/environment/ament_prefix_path.sh
-- Up-to-date: /home/ros2/exam/install/cpp05_time/share/cpp05_time/environment/ament_prefix_path.dsv
-- Up-to-date: /home/ros2/exam/install/cpp05_time/share/cpp05_time/environment/path.sh
-- Up-to-date: /home/ros2/exam/install/cpp05_time/share/cpp05_time/environment/path.dsv
-- Up-to-date: /home/ros2/exam/install/cpp05_time/share/cpp05_time/local_setup.bash
-- Up-to-date: /home/ros2/exam/install/cpp05_time/share/cpp05_time/local_setup.sh
-- Up-to-date: /home/ros2/exam/install/cpp05_time/share/cpp05_time/local_setup.zsh
-- Up-to-date: /home/ros2/exam/install/cpp05_time/share/cpp05_time/local_setup.dsv
-- Installing: /home/ros2/exam/install/cpp05_time/share/cpp05_time/package.dsv
-- Up-to-date: /home/ros2/exam/install/cpp05_time/share/ament_index/resource_index/packages/cpp05_time
-- Up-to-date: /home/ros2/exam/install/cpp05_time/share/cpp05_time/cmake/cpp05_timeConfig.cmake
-- Up-to-date: /home/ros2/exam/install/cpp05_time/share/cpp05_time/cmake/cpp05_timeConfig-version.cmake
-- Up-to-date: /home/ros2/exam/install/cpp05_time/share/cpp05_time/package.xml
