[0.092s] Invoking command in '/home/ros2/ws01_plubing/build/cpp04_param': CMAKE_PREFIX_PATH=${CMAKE_PREFIX_PATH}:/opt/ros/humble /usr/bin/cmake --build /home/ros2/ws01_plubing/build/cpp04_param -- -j12 -l12
[0.151s] [35m[1mConsolidate compiler generated dependencies of target demo01_param_client[0m
[0.169s] [ 33%] Built target demo01_param
[0.195s] [ 66%] [32mBuilding CXX object CMakeFiles/demo01_param_client.dir/src/demo01_param_client.cpp.o[0m
[0.201s] [ 83%] Built target demo01_param_server
[4.122s] [100%] [32m[1mLinking CXX executable demo01_param_client[0m
[4.262s] [100%] Built target demo01_param_client
[4.280s] Invoked command in '/home/ros2/ws01_plubing/build/cpp04_param' returned '0': CMAKE_PREFIX_PATH=${CMAKE_PREFIX_PATH}:/opt/ros/humble /usr/bin/cmake --build /home/ros2/ws01_plubing/build/cpp04_param -- -j12 -l12
[4.319s] Invoking command in '/home/ros2/ws01_plubing/build/cpp04_param': CMAKE_PREFIX_PATH=${CMAKE_PREFIX_PATH}:/opt/ros/humble /usr/bin/cmake --install /home/ros2/ws01_plubing/build/cpp04_param
[4.339s] -- Install configuration: ""
[4.339s] -- Up-to-date: /home/ros2/ws01_plubing/install/cpp04_param/lib/cpp04_param/demo01_param
[4.340s] -- Up-to-date: /home/ros2/ws01_plubing/install/cpp04_param/lib/cpp04_param/demo01_param_server
[4.341s] -- Installing: /home/ros2/ws01_plubing/install/cpp04_param/lib/cpp04_param/demo01_param_client
[4.343s] -- Set runtime path of "/home/ros2/ws01_plubing/install/cpp04_param/lib/cpp04_param/demo01_param_client" to ""
[4.343s] -- Up-to-date: /home/ros2/ws01_plubing/install/cpp04_param/share/ament_index/resource_index/package_run_dependencies/cpp04_param
[4.343s] -- Up-to-date: /home/ros2/ws01_plubing/install/cpp04_param/share/ament_index/resource_index/parent_prefix_path/cpp04_param
[4.344s] -- Up-to-date: /home/ros2/ws01_plubing/install/cpp04_param/share/cpp04_param/environment/ament_prefix_path.sh
[4.344s] -- Up-to-date: /home/ros2/ws01_plubing/install/cpp04_param/share/cpp04_param/environment/ament_prefix_path.dsv
[4.344s] -- Up-to-date: /home/ros2/ws01_plubing/install/cpp04_param/share/cpp04_param/environment/path.sh
[4.344s] -- Up-to-date: /home/ros2/ws01_plubing/install/cpp04_param/share/cpp04_param/environment/path.dsv
[4.344s] -- Up-to-date: /home/ros2/ws01_plubing/install/cpp04_param/share/cpp04_param/local_setup.bash
[4.344s] -- Up-to-date: /home/ros2/ws01_plubing/install/cpp04_param/share/cpp04_param/local_setup.sh
[4.344s] -- Up-to-date: /home/ros2/ws01_plubing/install/cpp04_param/share/cpp04_param/local_setup.zsh
[4.344s] -- Up-to-date: /home/ros2/ws01_plubing/install/cpp04_param/share/cpp04_param/local_setup.dsv
[4.344s] -- Installing: /home/ros2/ws01_plubing/install/cpp04_param/share/cpp04_param/package.dsv
[4.345s] -- Up-to-date: /home/ros2/ws01_plubing/install/cpp04_param/share/ament_index/resource_index/packages/cpp04_param
[4.345s] -- Up-to-date: /home/ros2/ws01_plubing/install/cpp04_param/share/cpp04_param/cmake/cpp04_paramConfig.cmake
[4.345s] -- Up-to-date: /home/ros2/ws01_plubing/install/cpp04_param/share/cpp04_param/cmake/cpp04_paramConfig-version.cmake
[4.345s] -- Up-to-date: /home/ros2/ws01_plubing/install/cpp04_param/share/cpp04_param/package.xml
[4.348s] Invoked command in '/home/ros2/ws01_plubing/build/cpp04_param' returned '0': CMAKE_PREFIX_PATH=${CMAKE_PREFIX_PATH}:/opt/ros/humble /usr/bin/cmake --install /home/ros2/ws01_plubing/build/cpp04_param
