[0.080s] Invoking command in '/home/ros2/exam/build/demo_interfaces_base': CMAKE_PREFIX_PATH=${CMAKE_PREFIX_PATH}:/opt/ros/humble /usr/bin/cmake --build /home/ros2/exam/build/demo_interfaces_base -- -j12 -l12
[0.108s] -- Found ament_cmake: 1.3.12 (/opt/ros/humble/share/ament_cmake/cmake)
[0.346s] -- Found rosidl_default_generators: 1.2.0 (/opt/ros/humble/share/rosidl_default_generators/cmake)
[0.363s] -- Using all available rosidl_typesupport_c: rosidl_typesupport_fastrtps_c;rosidl_typesupport_introspection_c
[0.376s] -- Found rosidl_adapter: 3.1.7 (/opt/ros/humble/share/rosidl_adapter/cmake)
[0.415s] -- Using all available rosidl_typesupport_cpp: rosidl_typesupport_fastrtps_cpp;rosidl_typesupport_introspection_cpp
[0.912s] -- Found ament_cmake_ros: 0.10.0 (/opt/ros/humble/share/ament_cmake_ros/cmake)
[1.310s] -- Using all available rosidl_typesupport_c: rosidl_typesupport_fastrtps_c;rosidl_typesupport_introspection_c
[1.756s] -- Using all available rosidl_typesupport_cpp: rosidl_typesupport_fastrtps_cpp;rosidl_typesupport_introspection_cpp
[1.798s] -- Found PythonInterp: /usr/bin/python3 (found suitable version "3.10.12", minimum required is "3.6") 
[1.813s] -- Found python_cmake_module: 0.10.0 (/opt/ros/humble/share/python_cmake_module/cmake)
[1.913s] -- Found PythonLibs: /usr/lib/x86_64-linux-gnu/libpython3.10.so (found suitable version "3.10.12", minimum required is "3.5") 
[1.913s] -- Using PYTHON_EXECUTABLE: /usr/bin/python3
[1.913s] -- Using PYTHON_INCLUDE_DIRS: /usr/include/python3.10
[1.913s] -- Using PYTHON_LIBRARIES: /usr/lib/x86_64-linux-gnu/libpython3.10.so
[1.942s] -- Found PythonExtra: .so  
[2.004s] -- Found ament_lint_auto: 0.12.14 (/opt/ros/humble/share/ament_lint_auto/cmake)
[2.109s] -- Added test 'lint_cmake' to check CMake code style
[2.112s] -- Added test 'xmllint' to check XML markup files
[2.116s] -- Configuring done
[2.282s] -- Generating done
[2.305s] -- Build files have been written to: /home/ros2/exam/build/demo_interfaces_base
[2.350s] [  3%] [34m[1mGenerating C code for ROS interfaces[0m
[2.373s] [  6%] [34m[1mGenerating C++ code for ROS interfaces[0m
[2.389s] [  6%] Built target ament_cmake_python_copy_demo_interfaces_base
[2.684s] [  9%] [32mBuilding C object CMakeFiles/demo_interfaces_base__rosidl_generator_c.dir/rosidl_generator_c/demo_interfaces_base/msg/detail/student__functions.c.o[0m
[2.728s] [  9%] Built target demo_interfaces_base__cpp
[2.732s] running egg_info
[2.734s] creating demo_interfaces_base.egg-info
[2.734s] writing demo_interfaces_base.egg-info/PKG-INFO
[2.735s] writing dependency_links to demo_interfaces_base.egg-info/dependency_links.txt
[2.735s] writing top-level names to demo_interfaces_base.egg-info/top_level.txt
[2.736s] writing manifest file 'demo_interfaces_base.egg-info/SOURCES.txt'
[2.755s] [ 19%] [34m[1mGenerating C++ type support for eProsima Fast-RTPS[0m
[2.755s] [ 19%] [34m[1mGenerating C++ introspection for ROS interfaces[0m
[2.755s] [ 19%] [34m[1mGenerating C++ type support dispatch for ROS interfaces[0m
[2.759s] reading manifest file 'demo_interfaces_base.egg-info/SOURCES.txt'
[2.760s] writing manifest file 'demo_interfaces_base.egg-info/SOURCES.txt'
[2.803s] [ 19%] Built target ament_cmake_python_build_demo_interfaces_base_egg
[2.870s] [ 22%] [32m[1mLinking C shared library libdemo_interfaces_base__rosidl_generator_c.so[0m
[2.940s] [ 22%] Built target demo_interfaces_base__rosidl_generator_c
[2.956s] [ 25%] [34m[1mGenerating C type support for eProsima Fast-RTPS[0m
[2.959s] [ 29%] [34m[1mGenerating C type support dispatch for ROS interfaces[0m
[2.960s] [ 32%] [34m[1mGenerating C introspection for ROS interfaces[0m
[3.040s] [ 35%] [32mBuilding CXX object CMakeFiles/demo_interfaces_base__rosidl_typesupport_cpp.dir/rosidl_typesupport_cpp/demo_interfaces_base/msg/student__type_support.cpp.o[0m
[3.049s] [ 38%] [32mBuilding CXX object CMakeFiles/demo_interfaces_base__rosidl_typesupport_introspection_cpp.dir/rosidl_typesupport_introspection_cpp/demo_interfaces_base/msg/detail/student__type_support.cpp.o[0m
[3.067s] [ 41%] [32mBuilding CXX object CMakeFiles/demo_interfaces_base__rosidl_typesupport_fastrtps_cpp.dir/rosidl_typesupport_fastrtps_cpp/demo_interfaces_base/msg/detail/dds_fastrtps/student__type_support.cpp.o[0m
[3.233s] [ 45%] [32mBuilding CXX object CMakeFiles/demo_interfaces_base__rosidl_typesupport_c.dir/rosidl_typesupport_c/demo_interfaces_base/msg/student__type_support.cpp.o[0m
[3.248s] [ 48%] [32mBuilding CXX object CMakeFiles/demo_interfaces_base__rosidl_typesupport_fastrtps_c.dir/rosidl_typesupport_fastrtps_c/demo_interfaces_base/msg/detail/student__type_support_c.cpp.o[0m
[3.249s] [ 51%] [32mBuilding C object CMakeFiles/demo_interfaces_base__rosidl_typesupport_introspection_c.dir/rosidl_typesupport_introspection_c/demo_interfaces_base/msg/detail/student__type_support.c.o[0m
[3.291s] [ 54%] [32m[1mLinking CXX shared library libdemo_interfaces_base__rosidl_typesupport_c.so[0m
[3.295s] [ 58%] [32m[1mLinking C shared library libdemo_interfaces_base__rosidl_typesupport_introspection_c.so[0m
[3.340s] [ 58%] Built target demo_interfaces_base__rosidl_typesupport_c
[3.340s] [ 58%] Built target demo_interfaces_base__rosidl_typesupport_introspection_c
[3.362s] [ 61%] [32m[1mLinking CXX shared library libdemo_interfaces_base__rosidl_typesupport_cpp.so[0m
[3.420s] [ 61%] Built target demo_interfaces_base__rosidl_typesupport_cpp
[3.490s] [ 64%] [32m[1mLinking CXX shared library libdemo_interfaces_base__rosidl_typesupport_introspection_cpp.so[0m
[3.579s] [ 64%] Built target demo_interfaces_base__rosidl_typesupport_introspection_cpp
[3.583s] [ 67%] [32m[1mLinking CXX shared library libdemo_interfaces_base__rosidl_typesupport_fastrtps_cpp.so[0m
[3.601s] [ 70%] [32m[1mLinking CXX shared library libdemo_interfaces_base__rosidl_typesupport_fastrtps_c.so[0m
[3.679s] [ 70%] Built target demo_interfaces_base__rosidl_typesupport_fastrtps_cpp
[3.713s] [ 70%] Built target demo_interfaces_base__rosidl_typesupport_fastrtps_c
[3.755s] [ 70%] Built target demo_interfaces_base
[3.789s] [ 74%] [34m[1mGenerating Python code for ROS interfaces[0m
[4.213s] [ 74%] Built target demo_interfaces_base__py
[4.247s] [ 77%] [32mBuilding C object CMakeFiles/demo_interfaces_base__rosidl_generator_py.dir/rosidl_generator_py/demo_interfaces_base/msg/_student_s.c.o[0m
[4.537s] [ 80%] [32m[1mLinking C shared library rosidl_generator_py/demo_interfaces_base/libdemo_interfaces_base__rosidl_generator_py.so[0m
[4.609s] [ 80%] Built target demo_interfaces_base__rosidl_generator_py
[4.641s] [ 83%] [32mBuilding C object CMakeFiles/demo_interfaces_base__rosidl_typesupport_introspection_c__pyext.dir/rosidl_generator_py/demo_interfaces_base/_demo_interfaces_base_s.ep.rosidl_typesupport_introspection_c.c.o[0m
[4.644s] [ 87%] [32mBuilding C object CMakeFiles/demo_interfaces_base__rosidl_typesupport_fastrtps_c__pyext.dir/rosidl_generator_py/demo_interfaces_base/_demo_interfaces_base_s.ep.rosidl_typesupport_fastrtps_c.c.o[0m
[4.656s] [ 90%] [32mBuilding C object CMakeFiles/demo_interfaces_base__rosidl_typesupport_c__pyext.dir/rosidl_generator_py/demo_interfaces_base/_demo_interfaces_base_s.ep.rosidl_typesupport_c.c.o[0m
[4.749s] [ 93%] [32m[1mLinking C shared library rosidl_generator_py/demo_interfaces_base/demo_interfaces_base_s__rosidl_typesupport_introspection_c.cpython-310-x86_64-linux-gnu.so[0m
[4.765s] [ 96%] [32m[1mLinking C shared library rosidl_generator_py/demo_interfaces_base/demo_interfaces_base_s__rosidl_typesupport_c.cpython-310-x86_64-linux-gnu.so[0m
[4.770s] [100%] [32m[1mLinking C shared library rosidl_generator_py/demo_interfaces_base/demo_interfaces_base_s__rosidl_typesupport_fastrtps_c.cpython-310-x86_64-linux-gnu.so[0m
[4.800s] [100%] Built target demo_interfaces_base__rosidl_typesupport_introspection_c__pyext
[4.828s] [100%] Built target demo_interfaces_base__rosidl_typesupport_c__pyext
[4.837s] [100%] Built target demo_interfaces_base__rosidl_typesupport_fastrtps_c__pyext
[4.858s] Invoked command in '/home/ros2/exam/build/demo_interfaces_base' returned '0': CMAKE_PREFIX_PATH=${CMAKE_PREFIX_PATH}:/opt/ros/humble /usr/bin/cmake --build /home/ros2/exam/build/demo_interfaces_base -- -j12 -l12
[4.879s] Invoking command in '/home/ros2/exam/build/demo_interfaces_base': CMAKE_PREFIX_PATH=${CMAKE_PREFIX_PATH}:/opt/ros/humble /usr/bin/cmake --install /home/ros2/exam/build/demo_interfaces_base
[4.930s] -- Install configuration: ""
[4.930s] -- Installing: /home/ros2/exam/install/demo_interfaces_base/share/ament_index/resource_index/rosidl_interfaces/demo_interfaces_base
[4.931s] -- Installing: /home/ros2/exam/install/demo_interfaces_base/include/demo_interfaces_base/demo_interfaces_base
[4.932s] -- Installing: /home/ros2/exam/install/demo_interfaces_base/include/demo_interfaces_base/demo_interfaces_base/msg
[4.933s] -- Installing: /home/ros2/exam/install/demo_interfaces_base/include/demo_interfaces_base/demo_interfaces_base/msg/rosidl_generator_c__visibility_control.h
[4.933s] -- Installing: /home/ros2/exam/install/demo_interfaces_base/include/demo_interfaces_base/demo_interfaces_base/msg/student.h
[4.934s] -- Installing: /home/ros2/exam/install/demo_interfaces_base/include/demo_interfaces_base/demo_interfaces_base/msg/detail
[4.935s] -- Installing: /home/ros2/exam/install/demo_interfaces_base/include/demo_interfaces_base/demo_interfaces_base/msg/detail/student__struct.h
[4.935s] -- Installing: /home/ros2/exam/install/demo_interfaces_base/include/demo_interfaces_base/demo_interfaces_base/msg/detail/student__functions.h
[4.936s] -- Installing: /home/ros2/exam/install/demo_interfaces_base/include/demo_interfaces_base/demo_interfaces_base/msg/detail/student__functions.c
[4.937s] -- Installing: /home/ros2/exam/install/demo_interfaces_base/include/demo_interfaces_base/demo_interfaces_base/msg/detail/student__type_support.h
[4.938s] -- Installing: /home/ros2/exam/install/demo_interfaces_base/share/demo_interfaces_base/environment/library_path.sh
[4.938s] -- Installing: /home/ros2/exam/install/demo_interfaces_base/share/demo_interfaces_base/environment/library_path.dsv
[4.938s] -- Installing: /home/ros2/exam/install/demo_interfaces_base/lib/libdemo_interfaces_base__rosidl_generator_c.so
[4.939s] -- Set runtime path of "/home/ros2/exam/install/demo_interfaces_base/lib/libdemo_interfaces_base__rosidl_generator_c.so" to ""
[4.939s] -- Up-to-date: /home/ros2/exam/install/demo_interfaces_base/include/demo_interfaces_base/demo_interfaces_base
[4.940s] -- Up-to-date: /home/ros2/exam/install/demo_interfaces_base/include/demo_interfaces_base/demo_interfaces_base/msg
[4.940s] -- Up-to-date: /home/ros2/exam/install/demo_interfaces_base/include/demo_interfaces_base/demo_interfaces_base/msg/detail
[4.940s] -- Installing: /home/ros2/exam/install/demo_interfaces_base/include/demo_interfaces_base/demo_interfaces_base/msg/detail/student__rosidl_typesupport_fastrtps_c.h
[4.940s] -- Installing: /home/ros2/exam/install/demo_interfaces_base/include/demo_interfaces_base/demo_interfaces_base/msg/rosidl_typesupport_fastrtps_c__visibility_control.h
[4.940s] -- Installing: /home/ros2/exam/install/demo_interfaces_base/lib/libdemo_interfaces_base__rosidl_typesupport_fastrtps_c.so
[4.941s] -- Set runtime path of "/home/ros2/exam/install/demo_interfaces_base/lib/libdemo_interfaces_base__rosidl_typesupport_fastrtps_c.so" to ""
[4.942s] -- Up-to-date: /home/ros2/exam/install/demo_interfaces_base/include/demo_interfaces_base/demo_interfaces_base
[4.942s] -- Up-to-date: /home/ros2/exam/install/demo_interfaces_base/include/demo_interfaces_base/demo_interfaces_base/msg
[4.943s] -- Up-to-date: /home/ros2/exam/install/demo_interfaces_base/include/demo_interfaces_base/demo_interfaces_base/msg/detail
[4.943s] -- Installing: /home/ros2/exam/install/demo_interfaces_base/include/demo_interfaces_base/demo_interfaces_base/msg/detail/student__rosidl_typesupport_introspection_c.h
[4.943s] -- Installing: /home/ros2/exam/install/demo_interfaces_base/include/demo_interfaces_base/demo_interfaces_base/msg/detail/student__type_support.c
[4.944s] -- Installing: /home/ros2/exam/install/demo_interfaces_base/include/demo_interfaces_base/demo_interfaces_base/msg/rosidl_typesupport_introspection_c__visibility_control.h
[4.944s] -- Installing: /home/ros2/exam/install/demo_interfaces_base/lib/libdemo_interfaces_base__rosidl_typesupport_introspection_c.so
[4.945s] -- Set runtime path of "/home/ros2/exam/install/demo_interfaces_base/lib/libdemo_interfaces_base__rosidl_typesupport_introspection_c.so" to ""
[4.945s] -- Installing: /home/ros2/exam/install/demo_interfaces_base/lib/libdemo_interfaces_base__rosidl_typesupport_c.so
[4.946s] -- Set runtime path of "/home/ros2/exam/install/demo_interfaces_base/lib/libdemo_interfaces_base__rosidl_typesupport_c.so" to ""
[4.947s] -- Up-to-date: /home/ros2/exam/install/demo_interfaces_base/include/demo_interfaces_base/demo_interfaces_base
[4.947s] -- Up-to-date: /home/ros2/exam/install/demo_interfaces_base/include/demo_interfaces_base/demo_interfaces_base/msg
[4.948s] -- Installing: /home/ros2/exam/install/demo_interfaces_base/include/demo_interfaces_base/demo_interfaces_base/msg/rosidl_generator_cpp__visibility_control.hpp
[4.948s] -- Up-to-date: /home/ros2/exam/install/demo_interfaces_base/include/demo_interfaces_base/demo_interfaces_base/msg/detail
[4.948s] -- Installing: /home/ros2/exam/install/demo_interfaces_base/include/demo_interfaces_base/demo_interfaces_base/msg/detail/student__struct.hpp
[4.948s] -- Installing: /home/ros2/exam/install/demo_interfaces_base/include/demo_interfaces_base/demo_interfaces_base/msg/detail/student__traits.hpp
[4.949s] -- Installing: /home/ros2/exam/install/demo_interfaces_base/include/demo_interfaces_base/demo_interfaces_base/msg/detail/student__type_support.hpp
[4.949s] -- Installing: /home/ros2/exam/install/demo_interfaces_base/include/demo_interfaces_base/demo_interfaces_base/msg/detail/student__builder.hpp
[4.950s] -- Installing: /home/ros2/exam/install/demo_interfaces_base/include/demo_interfaces_base/demo_interfaces_base/msg/student.hpp
[4.950s] -- Up-to-date: /home/ros2/exam/install/demo_interfaces_base/include/demo_interfaces_base/demo_interfaces_base
[4.950s] -- Up-to-date: /home/ros2/exam/install/demo_interfaces_base/include/demo_interfaces_base/demo_interfaces_base/msg
[4.950s] -- Installing: /home/ros2/exam/install/demo_interfaces_base/include/demo_interfaces_base/demo_interfaces_base/msg/rosidl_typesupport_fastrtps_cpp__visibility_control.h
[4.950s] -- Up-to-date: /home/ros2/exam/install/demo_interfaces_base/include/demo_interfaces_base/demo_interfaces_base/msg/detail
[4.950s] -- Installing: /home/ros2/exam/install/demo_interfaces_base/include/demo_interfaces_base/demo_interfaces_base/msg/detail/student__rosidl_typesupport_fastrtps_cpp.hpp
[4.950s] -- Installing: /home/ros2/exam/install/demo_interfaces_base/include/demo_interfaces_base/demo_interfaces_base/msg/detail/dds_fastrtps
[4.951s] -- Installing: /home/ros2/exam/install/demo_interfaces_base/lib/libdemo_interfaces_base__rosidl_typesupport_fastrtps_cpp.so
[4.951s] -- Set runtime path of "/home/ros2/exam/install/demo_interfaces_base/lib/libdemo_interfaces_base__rosidl_typesupport_fastrtps_cpp.so" to ""
[4.951s] -- Up-to-date: /home/ros2/exam/install/demo_interfaces_base/include/demo_interfaces_base/demo_interfaces_base
[4.951s] -- Up-to-date: /home/ros2/exam/install/demo_interfaces_base/include/demo_interfaces_base/demo_interfaces_base/msg
[4.952s] -- Up-to-date: /home/ros2/exam/install/demo_interfaces_base/include/demo_interfaces_base/demo_interfaces_base/msg/detail
[4.952s] -- Installing: /home/ros2/exam/install/demo_interfaces_base/include/demo_interfaces_base/demo_interfaces_base/msg/detail/student__type_support.cpp
[4.953s] -- Installing: /home/ros2/exam/install/demo_interfaces_base/include/demo_interfaces_base/demo_interfaces_base/msg/detail/student__rosidl_typesupport_introspection_cpp.hpp
[4.953s] -- Installing: /home/ros2/exam/install/demo_interfaces_base/lib/libdemo_interfaces_base__rosidl_typesupport_introspection_cpp.so
[4.953s] -- Set runtime path of "/home/ros2/exam/install/demo_interfaces_base/lib/libdemo_interfaces_base__rosidl_typesupport_introspection_cpp.so" to ""
[4.953s] -- Installing: /home/ros2/exam/install/demo_interfaces_base/lib/libdemo_interfaces_base__rosidl_typesupport_cpp.so
[4.954s] -- Set runtime path of "/home/ros2/exam/install/demo_interfaces_base/lib/libdemo_interfaces_base__rosidl_typesupport_cpp.so" to ""
[4.954s] -- Installing: /home/ros2/exam/install/demo_interfaces_base/share/demo_interfaces_base/environment/pythonpath.sh
[4.955s] -- Installing: /home/ros2/exam/install/demo_interfaces_base/share/demo_interfaces_base/environment/pythonpath.dsv
[4.955s] -- Installing: /home/ros2/exam/install/demo_interfaces_base/local/lib/python3.10/dist-packages/demo_interfaces_base-0.0.0-py3.10.egg-info
[4.955s] -- Installing: /home/ros2/exam/install/demo_interfaces_base/local/lib/python3.10/dist-packages/demo_interfaces_base-0.0.0-py3.10.egg-info/PKG-INFO
[4.955s] -- Installing: /home/ros2/exam/install/demo_interfaces_base/local/lib/python3.10/dist-packages/demo_interfaces_base-0.0.0-py3.10.egg-info/top_level.txt
[4.956s] -- Installing: /home/ros2/exam/install/demo_interfaces_base/local/lib/python3.10/dist-packages/demo_interfaces_base-0.0.0-py3.10.egg-info/dependency_links.txt
[4.956s] -- Installing: /home/ros2/exam/install/demo_interfaces_base/local/lib/python3.10/dist-packages/demo_interfaces_base-0.0.0-py3.10.egg-info/SOURCES.txt
[4.957s] -- Installing: /home/ros2/exam/install/demo_interfaces_base/local/lib/python3.10/dist-packages/demo_interfaces_base
[4.957s] -- Installing: /home/ros2/exam/install/demo_interfaces_base/local/lib/python3.10/dist-packages/demo_interfaces_base/msg
[4.957s] -- Installing: /home/ros2/exam/install/demo_interfaces_base/local/lib/python3.10/dist-packages/demo_interfaces_base/msg/_student_s.c
[4.957s] -- Installing: /home/ros2/exam/install/demo_interfaces_base/local/lib/python3.10/dist-packages/demo_interfaces_base/msg/_student.py
[4.958s] -- Installing: /home/ros2/exam/install/demo_interfaces_base/local/lib/python3.10/dist-packages/demo_interfaces_base/msg/__init__.py
[4.958s] -- Installing: /home/ros2/exam/install/demo_interfaces_base/local/lib/python3.10/dist-packages/demo_interfaces_base/demo_interfaces_base_s__rosidl_typesupport_introspection_c.cpython-310-x86_64-linux-gnu.so
[4.958s] -- Installing: /home/ros2/exam/install/demo_interfaces_base/local/lib/python3.10/dist-packages/demo_interfaces_base/libdemo_interfaces_base__rosidl_generator_py.so
[4.958s] -- Installing: /home/ros2/exam/install/demo_interfaces_base/local/lib/python3.10/dist-packages/demo_interfaces_base/__init__.py
[4.959s] -- Installing: /home/ros2/exam/install/demo_interfaces_base/local/lib/python3.10/dist-packages/demo_interfaces_base/demo_interfaces_base_s__rosidl_typesupport_c.cpython-310-x86_64-linux-gnu.so
[4.959s] -- Installing: /home/ros2/exam/install/demo_interfaces_base/local/lib/python3.10/dist-packages/demo_interfaces_base/_demo_interfaces_base_s.ep.rosidl_typesupport_introspection_c.c
[4.959s] -- Installing: /home/ros2/exam/install/demo_interfaces_base/local/lib/python3.10/dist-packages/demo_interfaces_base/_demo_interfaces_base_s.ep.rosidl_typesupport_c.c
[4.960s] -- Installing: /home/ros2/exam/install/demo_interfaces_base/local/lib/python3.10/dist-packages/demo_interfaces_base/demo_interfaces_base_s__rosidl_typesupport_fastrtps_c.cpython-310-x86_64-linux-gnu.so
[4.960s] -- Installing: /home/ros2/exam/install/demo_interfaces_base/local/lib/python3.10/dist-packages/demo_interfaces_base/_demo_interfaces_base_s.ep.rosidl_typesupport_fastrtps_c.c
[5.021s] Listing '/home/ros2/exam/install/demo_interfaces_base/local/lib/python3.10/dist-packages/demo_interfaces_base'...
[5.021s] Compiling '/home/ros2/exam/install/demo_interfaces_base/local/lib/python3.10/dist-packages/demo_interfaces_base/__init__.py'...
[5.021s] Listing '/home/ros2/exam/install/demo_interfaces_base/local/lib/python3.10/dist-packages/demo_interfaces_base/msg'...
[5.021s] Compiling '/home/ros2/exam/install/demo_interfaces_base/local/lib/python3.10/dist-packages/demo_interfaces_base/msg/__init__.py'...
[5.021s] Compiling '/home/ros2/exam/install/demo_interfaces_base/local/lib/python3.10/dist-packages/demo_interfaces_base/msg/_student.py'...
[5.026s] -- Installing: /home/ros2/exam/install/demo_interfaces_base/local/lib/python3.10/dist-packages/demo_interfaces_base/demo_interfaces_base_s__rosidl_typesupport_fastrtps_c.cpython-310-x86_64-linux-gnu.so
[5.026s] -- Set runtime path of "/home/ros2/exam/install/demo_interfaces_base/local/lib/python3.10/dist-packages/demo_interfaces_base/demo_interfaces_base_s__rosidl_typesupport_fastrtps_c.cpython-310-x86_64-linux-gnu.so" to ""
[5.027s] -- Installing: /home/ros2/exam/install/demo_interfaces_base/local/lib/python3.10/dist-packages/demo_interfaces_base/demo_interfaces_base_s__rosidl_typesupport_introspection_c.cpython-310-x86_64-linux-gnu.so
[5.027s] -- Set runtime path of "/home/ros2/exam/install/demo_interfaces_base/local/lib/python3.10/dist-packages/demo_interfaces_base/demo_interfaces_base_s__rosidl_typesupport_introspection_c.cpython-310-x86_64-linux-gnu.so" to ""
[5.028s] -- Installing: /home/ros2/exam/install/demo_interfaces_base/local/lib/python3.10/dist-packages/demo_interfaces_base/demo_interfaces_base_s__rosidl_typesupport_c.cpython-310-x86_64-linux-gnu.so
[5.029s] -- Set runtime path of "/home/ros2/exam/install/demo_interfaces_base/local/lib/python3.10/dist-packages/demo_interfaces_base/demo_interfaces_base_s__rosidl_typesupport_c.cpython-310-x86_64-linux-gnu.so" to ""
[5.029s] -- Installing: /home/ros2/exam/install/demo_interfaces_base/lib/libdemo_interfaces_base__rosidl_generator_py.so
[5.030s] -- Set runtime path of "/home/ros2/exam/install/demo_interfaces_base/lib/libdemo_interfaces_base__rosidl_generator_py.so" to ""
[5.030s] -- Installing: /home/ros2/exam/install/demo_interfaces_base/share/demo_interfaces_base/msg/Student.idl
[5.031s] -- Installing: /home/ros2/exam/install/demo_interfaces_base/share/demo_interfaces_base/msg/Student.msg
[5.031s] -- Installing: /home/ros2/exam/install/demo_interfaces_base/share/ament_index/resource_index/package_run_dependencies/demo_interfaces_base
[5.031s] -- Installing: /home/ros2/exam/install/demo_interfaces_base/share/ament_index/resource_index/parent_prefix_path/demo_interfaces_base
[5.031s] -- Up-to-date: /home/ros2/exam/install/demo_interfaces_base/share/demo_interfaces_base/environment/ament_prefix_path.sh
[5.032s] -- Installing: /home/ros2/exam/install/demo_interfaces_base/share/demo_interfaces_base/environment/ament_prefix_path.dsv
[5.032s] -- Up-to-date: /home/ros2/exam/install/demo_interfaces_base/share/demo_interfaces_base/environment/path.sh
[5.032s] -- Installing: /home/ros2/exam/install/demo_interfaces_base/share/demo_interfaces_base/environment/path.dsv
[5.033s] -- Up-to-date: /home/ros2/exam/install/demo_interfaces_base/share/demo_interfaces_base/local_setup.bash
[5.033s] -- Installing: /home/ros2/exam/install/demo_interfaces_base/share/demo_interfaces_base/local_setup.sh
[5.033s] -- Up-to-date: /home/ros2/exam/install/demo_interfaces_base/share/demo_interfaces_base/local_setup.zsh
[5.033s] -- Installing: /home/ros2/exam/install/demo_interfaces_base/share/demo_interfaces_base/local_setup.dsv
[5.033s] -- Installing: /home/ros2/exam/install/demo_interfaces_base/share/demo_interfaces_base/package.dsv
[5.033s] -- Up-to-date: /home/ros2/exam/install/demo_interfaces_base/share/ament_index/resource_index/packages/demo_interfaces_base
[5.033s] -- Installing: /home/ros2/exam/install/demo_interfaces_base/share/demo_interfaces_base/cmake/export_demo_interfaces_base__rosidl_generator_cExport.cmake
[5.034s] -- Installing: /home/ros2/exam/install/demo_interfaces_base/share/demo_interfaces_base/cmake/export_demo_interfaces_base__rosidl_generator_cExport-noconfig.cmake
[5.034s] -- Installing: /home/ros2/exam/install/demo_interfaces_base/share/demo_interfaces_base/cmake/export_demo_interfaces_base__rosidl_typesupport_fastrtps_cExport.cmake
[5.034s] -- Installing: /home/ros2/exam/install/demo_interfaces_base/share/demo_interfaces_base/cmake/export_demo_interfaces_base__rosidl_typesupport_fastrtps_cExport-noconfig.cmake
[5.035s] -- Installing: /home/ros2/exam/install/demo_interfaces_base/share/demo_interfaces_base/cmake/demo_interfaces_base__rosidl_typesupport_introspection_cExport.cmake
[5.035s] -- Installing: /home/ros2/exam/install/demo_interfaces_base/share/demo_interfaces_base/cmake/demo_interfaces_base__rosidl_typesupport_introspection_cExport-noconfig.cmake
[5.035s] -- Installing: /home/ros2/exam/install/demo_interfaces_base/share/demo_interfaces_base/cmake/demo_interfaces_base__rosidl_typesupport_cExport.cmake
[5.036s] -- Installing: /home/ros2/exam/install/demo_interfaces_base/share/demo_interfaces_base/cmake/demo_interfaces_base__rosidl_typesupport_cExport-noconfig.cmake
[5.036s] -- Installing: /home/ros2/exam/install/demo_interfaces_base/share/demo_interfaces_base/cmake/export_demo_interfaces_base__rosidl_generator_cppExport.cmake
[5.037s] -- Installing: /home/ros2/exam/install/demo_interfaces_base/share/demo_interfaces_base/cmake/export_demo_interfaces_base__rosidl_typesupport_fastrtps_cppExport.cmake
[5.037s] -- Installing: /home/ros2/exam/install/demo_interfaces_base/share/demo_interfaces_base/cmake/export_demo_interfaces_base__rosidl_typesupport_fastrtps_cppExport-noconfig.cmake
[5.038s] -- Installing: /home/ros2/exam/install/demo_interfaces_base/share/demo_interfaces_base/cmake/demo_interfaces_base__rosidl_typesupport_introspection_cppExport.cmake
[5.038s] -- Installing: /home/ros2/exam/install/demo_interfaces_base/share/demo_interfaces_base/cmake/demo_interfaces_base__rosidl_typesupport_introspection_cppExport-noconfig.cmake
[5.038s] -- Installing: /home/ros2/exam/install/demo_interfaces_base/share/demo_interfaces_base/cmake/demo_interfaces_base__rosidl_typesupport_cppExport.cmake
[5.038s] -- Installing: /home/ros2/exam/install/demo_interfaces_base/share/demo_interfaces_base/cmake/demo_interfaces_base__rosidl_typesupport_cppExport-noconfig.cmake
[5.042s] -- Installing: /home/ros2/exam/install/demo_interfaces_base/share/demo_interfaces_base/cmake/export_demo_interfaces_base__rosidl_generator_pyExport.cmake
[5.042s] -- Installing: /home/ros2/exam/install/demo_interfaces_base/share/demo_interfaces_base/cmake/export_demo_interfaces_base__rosidl_generator_pyExport-noconfig.cmake
[5.043s] -- Installing: /home/ros2/exam/install/demo_interfaces_base/share/demo_interfaces_base/cmake/rosidl_cmake-extras.cmake
[5.043s] -- Installing: /home/ros2/exam/install/demo_interfaces_base/share/demo_interfaces_base/cmake/ament_cmake_export_include_directories-extras.cmake
[5.043s] -- Installing: /home/ros2/exam/install/demo_interfaces_base/share/demo_interfaces_base/cmake/ament_cmake_export_libraries-extras.cmake
[5.043s] -- Installing: /home/ros2/exam/install/demo_interfaces_base/share/demo_interfaces_base/cmake/ament_cmake_export_targets-extras.cmake
[5.043s] -- Installing: /home/ros2/exam/install/demo_interfaces_base/share/demo_interfaces_base/cmake/rosidl_cmake_export_typesupport_targets-extras.cmake
[5.044s] -- Installing: /home/ros2/exam/install/demo_interfaces_base/share/demo_interfaces_base/cmake/ament_cmake_export_dependencies-extras.cmake
[5.044s] -- Installing: /home/ros2/exam/install/demo_interfaces_base/share/demo_interfaces_base/cmake/rosidl_cmake_export_typesupport_libraries-extras.cmake
[5.044s] -- Installing: /home/ros2/exam/install/demo_interfaces_base/share/demo_interfaces_base/cmake/demo_interfaces_baseConfig.cmake
[5.044s] -- Up-to-date: /home/ros2/exam/install/demo_interfaces_base/share/demo_interfaces_base/cmake/demo_interfaces_baseConfig-version.cmake
[5.044s] -- Installing: /home/ros2/exam/install/demo_interfaces_base/share/demo_interfaces_base/package.xml
[5.048s] Invoked command in '/home/ros2/exam/build/demo_interfaces_base' returned '0': CMAKE_PREFIX_PATH=${CMAKE_PREFIX_PATH}:/opt/ros/humble /usr/bin/cmake --install /home/ros2/exam/build/demo_interfaces_base
