[ 10%] [32mBuilding CXX object CMakeFiles/exer03_action_client.dir/src/exer03_action_client.cpp.o[0m
[ 30%] Built target exer02_service
[ 50%] Built target exer01_pub_sub
[ 70%] Built target exer02_client
[ 80%] [32mBuilding CXX object CMakeFiles/exer03_action_server.dir/src/exer03_action_server.cpp.o[0m
[01m[K/home/ros2/exam/cpp06_exercise/src/exer03_action_client.cpp:[m[K In member function ‘[01m[Kvoid RealtimeDistanceActionClient::feedback_callback(rclcpp_action::ClientGoalHandle<demo_interfaces_base::action::RealTimeDistance>::SharedPtr, std::shared_ptr<const demo_interfaces_base::action::RealTimeDistance_Feedback_<std::allocator<void> > >)[m[K’:
[01m[K/home/ros2/exam/cpp06_exercise/src/exer03_action_client.cpp:74:89:[m[K [01;35m[Kwarning: [m[Kunused parameter ‘[01m[Kgoal_handle[m[K’ [[01;35m[K]8;;https://gcc.gnu.org/onlinedocs/gcc/Warning-Options.html#index-Wunused-parameter-Wunused-parameter]8;;[m[K]
   74 |     void feedback_callback([01;35m[Krclcpp_action::ClientGoalHandle<RealTimeDistance>::SharedPtr goal_handle[m[K,
      |                            [01;35m[K~~~~~~~~~~~~~~~~~~~~~~~~~~~~~~~~~~~~~~~~~~~~~~~~~~~~~~~~~~~~~^~~~~~~~~~~[m[K
[ 90%] [32m[1mLinking CXX executable exer03_action_client[0m
[ 90%] Built target exer03_action_client
[100%] [32m[1mLinking CXX executable exer03_action_server[0m
[100%] Built target exer03_action_server
-- Install configuration: ""
-- Up-to-date: /home/ros2/exam/install/cpp06_exercise/lib/cpp06_exercise/exer01_pub_sub
-- Up-to-date: /home/ros2/exam/install/cpp06_exercise/lib/cpp06_exercise/exer02_client
-- Up-to-date: /home/ros2/exam/install/cpp06_exercise/lib/cpp06_exercise/exer02_service
-- Installing: /home/ros2/exam/install/cpp06_exercise/lib/cpp06_exercise/exer03_action_client
-- Set runtime path of "/home/ros2/exam/install/cpp06_exercise/lib/cpp06_exercise/exer03_action_client" to ""
-- Installing: /home/ros2/exam/install/cpp06_exercise/lib/cpp06_exercise/exer03_action_server
-- Set runtime path of "/home/ros2/exam/install/cpp06_exercise/lib/cpp06_exercise/exer03_action_server" to ""
-- Up-to-date: /home/ros2/exam/install/cpp06_exercise/share/cpp06_exercise/launch
-- Up-to-date: /home/ros2/exam/install/cpp06_exercise/share/cpp06_exercise/launch/exer04_action_server_launch.py
-- Up-to-date: /home/ros2/exam/install/cpp06_exercise/share/cpp06_exercise/launch/exer01_pub_sub_launch.py
-- Up-to-date: /home/ros2/exam/install/cpp06_exercise/share/cpp06_exercise/launch/exer03_client_launch.py
-- Installing: /home/ros2/exam/install/cpp06_exercise/share/cpp06_exercise/launch/exer05_action_client_launch.py
-- Up-to-date: /home/ros2/exam/install/cpp06_exercise/share/cpp06_exercise/launch/exer02_service_launch.py
-- Up-to-date: /home/ros2/exam/install/cpp06_exercise/share/ament_index/resource_index/package_run_dependencies/cpp06_exercise
-- Up-to-date: /home/ros2/exam/install/cpp06_exercise/share/ament_index/resource_index/parent_prefix_path/cpp06_exercise
-- Up-to-date: /home/ros2/exam/install/cpp06_exercise/share/cpp06_exercise/environment/ament_prefix_path.sh
-- Up-to-date: /home/ros2/exam/install/cpp06_exercise/share/cpp06_exercise/environment/ament_prefix_path.dsv
-- Up-to-date: /home/ros2/exam/install/cpp06_exercise/share/cpp06_exercise/environment/path.sh
-- Up-to-date: /home/ros2/exam/install/cpp06_exercise/share/cpp06_exercise/environment/path.dsv
-- Up-to-date: /home/ros2/exam/install/cpp06_exercise/share/cpp06_exercise/local_setup.bash
-- Up-to-date: /home/ros2/exam/install/cpp06_exercise/share/cpp06_exercise/local_setup.sh
-- Up-to-date: /home/ros2/exam/install/cpp06_exercise/share/cpp06_exercise/local_setup.zsh
-- Up-to-date: /home/ros2/exam/install/cpp06_exercise/share/cpp06_exercise/local_setup.dsv
-- Installing: /home/ros2/exam/install/cpp06_exercise/share/cpp06_exercise/package.dsv
-- Up-to-date: /home/ros2/exam/install/cpp06_exercise/share/ament_index/resource_index/packages/cpp06_exercise
-- Up-to-date: /home/ros2/exam/install/cpp06_exercise/share/cpp06_exercise/cmake/cpp06_exerciseConfig.cmake
-- Up-to-date: /home/ros2/exam/install/cpp06_exercise/share/cpp06_exercise/cmake/cpp06_exerciseConfig-version.cmake
-- Up-to-date: /home/ros2/exam/install/cpp06_exercise/share/cpp06_exercise/package.xml
