[0.022s] Invoking command in '/home/ros2/exam/build/cpp03_action': AMENT_PREFIX_PATH=/home/ros2/exam/install/demo_interfaces_base:${AMENT_PREFIX_PATH} CMAKE_PREFIX_PATH=/home/ros2/exam/install/demo_interfaces_base:/opt/ros/humble LD_LIBRARY_PATH=/home/ros2/exam/install/demo_interfaces_base/lib:${LD_LIBRARY_PATH} PYTHONPATH=/home/ros2/exam/install/demo_interfaces_base/local/lib/python3.10/dist-packages:${PYTHONPATH} /usr/bin/cmake --build /home/ros2/exam/build/cpp03_action -- -j12 -l12
[0.088s] [35m[1mConsolidate compiler generated dependencies of target demo01_action_server[0m
[0.117s] [ 50%] [32mBuilding CXX object CMakeFiles/demo01_action_server.dir/src/demo01_action_server.cpp.o[0m
[4.327s] [100%] [32m[1mLinking CXX executable demo01_action_server[0m
[4.590s] [100%] Built target demo01_action_server
[4.608s] Invoked command in '/home/ros2/exam/build/cpp03_action' returned '0': AMENT_PREFIX_PATH=/home/ros2/exam/install/demo_interfaces_base:${AMENT_PREFIX_PATH} CMAKE_PREFIX_PATH=/home/ros2/exam/install/demo_interfaces_base:/opt/ros/humble LD_LIBRARY_PATH=/home/ros2/exam/install/demo_interfaces_base/lib:${LD_LIBRARY_PATH} PYTHONPATH=/home/ros2/exam/install/demo_interfaces_base/local/lib/python3.10/dist-packages:${PYTHONPATH} /usr/bin/cmake --build /home/ros2/exam/build/cpp03_action -- -j12 -l12
[4.626s] Invoking command in '/home/ros2/exam/build/cpp03_action': AMENT_PREFIX_PATH=/home/ros2/exam/install/demo_interfaces_base:${AMENT_PREFIX_PATH} CMAKE_PREFIX_PATH=/home/ros2/exam/install/demo_interfaces_base:/opt/ros/humble LD_LIBRARY_PATH=/home/ros2/exam/install/demo_interfaces_base/lib:${LD_LIBRARY_PATH} PYTHONPATH=/home/ros2/exam/install/demo_interfaces_base/local/lib/python3.10/dist-packages:${PYTHONPATH} /usr/bin/cmake --install /home/ros2/exam/build/cpp03_action
[4.634s] -- Install configuration: ""
[4.634s] -- Installing: /home/ros2/exam/install/cpp03_action/lib/cpp03_action/demo01_action_server
[4.636s] -- Set runtime path of "/home/ros2/exam/install/cpp03_action/lib/cpp03_action/demo01_action_server" to ""
[4.636s] -- Installing: /home/ros2/exam/install/cpp03_action/share/ament_index/resource_index/package_run_dependencies/cpp03_action
[4.637s] -- Installing: /home/ros2/exam/install/cpp03_action/share/ament_index/resource_index/parent_prefix_path/cpp03_action
[4.637s] -- Installing: /home/ros2/exam/install/cpp03_action/share/cpp03_action/environment/ament_prefix_path.sh
[4.638s] -- Installing: /home/ros2/exam/install/cpp03_action/share/cpp03_action/environment/ament_prefix_path.dsv
[4.639s] -- Installing: /home/ros2/exam/install/cpp03_action/share/cpp03_action/environment/path.sh
[4.639s] -- Installing: /home/ros2/exam/install/cpp03_action/share/cpp03_action/environment/path.dsv
[4.639s] -- Installing: /home/ros2/exam/install/cpp03_action/share/cpp03_action/local_setup.bash
[4.639s] -- Installing: /home/ros2/exam/install/cpp03_action/share/cpp03_action/local_setup.sh
[4.639s] -- Installing: /home/ros2/exam/install/cpp03_action/share/cpp03_action/local_setup.zsh
[4.640s] -- Installing: /home/ros2/exam/install/cpp03_action/share/cpp03_action/local_setup.dsv
[4.641s] -- Installing: /home/ros2/exam/install/cpp03_action/share/cpp03_action/package.dsv
[4.641s] -- Installing: /home/ros2/exam/install/cpp03_action/share/ament_index/resource_index/packages/cpp03_action
[4.641s] -- Installing: /home/ros2/exam/install/cpp03_action/share/cpp03_action/cmake/cpp03_actionConfig.cmake
[4.642s] -- Installing: /home/ros2/exam/install/cpp03_action/share/cpp03_action/cmake/cpp03_actionConfig-version.cmake
[4.642s] -- Installing: /home/ros2/exam/install/cpp03_action/share/cpp03_action/package.xml
[4.646s] Invoked command in '/home/ros2/exam/build/cpp03_action' returned '0': AMENT_PREFIX_PATH=/home/ros2/exam/install/demo_interfaces_base:${AMENT_PREFIX_PATH} CMAKE_PREFIX_PATH=/home/ros2/exam/install/demo_interfaces_base:/opt/ros/humble LD_LIBRARY_PATH=/home/ros2/exam/install/demo_interfaces_base/lib:${LD_LIBRARY_PATH} PYTHONPATH=/home/ros2/exam/install/demo_interfaces_base/local/lib/python3.10/dist-packages:${PYTHONPATH} /usr/bin/cmake --install /home/ros2/exam/build/cpp03_action
