[0.065s] Invoking command in '/home/ros2/exam/build/demo_interfaces_base': CMAKE_PREFIX_PATH=/opt/ros/humble /usr/bin/cmake --build /home/ros2/exam/build/demo_interfaces_base -- -j12 -l12
[0.123s] -- Found ament_cmake: 1.3.12 (/opt/ros/humble/share/ament_cmake/cmake)
[0.277s] -- Found rosidl_default_generators: 1.2.0 (/opt/ros/humble/share/rosidl_default_generators/cmake)
[0.279s] -- Using all available rosidl_typesupport_c: rosidl_typesupport_fastrtps_c;rosidl_typesupport_introspection_c
[0.282s] -- Found rosidl_adapter: 3.1.7 (/opt/ros/humble/share/rosidl_adapter/cmake)
[0.312s] -- Using all available rosidl_typesupport_cpp: rosidl_typesupport_fastrtps_cpp;rosidl_typesupport_introspection_cpp
[0.696s] -- Found ament_cmake_ros: 0.10.0 (/opt/ros/humble/share/ament_cmake_ros/cmake)
[0.930s] -- Using all available rosidl_typesupport_c: rosidl_typesupport_fastrtps_c;rosidl_typesupport_introspection_c
[1.228s] -- Using all available rosidl_typesupport_cpp: rosidl_typesupport_fastrtps_cpp;rosidl_typesupport_introspection_cpp
[1.262s] -- Found python_cmake_module: 0.10.0 (/opt/ros/humble/share/python_cmake_module/cmake)
[1.295s] -- Using PYTHON_EXECUTABLE: /usr/bin/python3
[1.295s] -- Using PYTHON_INCLUDE_DIRS: /usr/include/python3.10
[1.295s] -- Using PYTHON_LIBRARIES: /usr/lib/x86_64-linux-gnu/libpython3.10.so
[1.306s] -- Found ament_lint_auto: 0.12.14 (/opt/ros/humble/share/ament_lint_auto/cmake)
[1.315s] -- Added test 'lint_cmake' to check CMake code style
[1.316s] -- Added test 'xmllint' to check XML markup files
[1.318s] -- Configuring done
[1.439s] -- Generating done
[1.455s] -- Build files have been written to: /home/ros2/exam/build/demo_interfaces_base
[1.487s] [  2%] [34m[1mGenerating C code for ROS interfaces[0m
[1.504s] [  5%] [34m[1mGenerating C++ code for ROS interfaces[0m
[1.519s] [  5%] Built target ament_cmake_python_copy_demo_interfaces_base
[1.756s] running egg_info
[1.757s] writing demo_interfaces_base.egg-info/PKG-INFO
[1.757s] writing dependency_links to demo_interfaces_base.egg-info/dependency_links.txt
[1.757s] writing top-level names to demo_interfaces_base.egg-info/top_level.txt
[1.760s] reading manifest file 'demo_interfaces_base.egg-info/SOURCES.txt'
[1.761s] writing manifest file 'demo_interfaces_base.egg-info/SOURCES.txt'
[1.790s] [  5%] Built target ament_cmake_python_build_demo_interfaces_base_egg
[1.863s] [35m[1mConsolidate compiler generated dependencies of target demo_interfaces_base__rosidl_generator_c[0m
[1.882s] [  7%] [32mBuilding C object CMakeFiles/demo_interfaces_base__rosidl_generator_c.dir/rosidl_generator_c/demo_interfaces_base/srv/detail/calculation__functions.c.o[0m
[1.882s] [ 10%] [32mBuilding C object CMakeFiles/demo_interfaces_base__rosidl_generator_c.dir/rosidl_generator_c/demo_interfaces_base/msg/detail/student__functions.c.o[0m
[1.897s] [ 10%] Built target demo_interfaces_base__cpp
[1.915s] [ 12%] [34m[1mGenerating C++ introspection for ROS interfaces[0m
[1.916s] [ 15%] [34m[1mGenerating C++ type support for eProsima Fast-RTPS[0m
[1.917s] [ 17%] [34m[1mGenerating C++ type support dispatch for ROS interfaces[0m
[1.983s] [ 20%] [32m[1mLinking C shared library libdemo_interfaces_base__rosidl_generator_c.so[0m
[2.044s] [ 20%] Built target demo_interfaces_base__rosidl_generator_c
[2.062s] [ 25%] [34m[1mGenerating C type support for eProsima Fast-RTPS[0m
[2.063s] [ 25%] [34m[1mGenerating C introspection for ROS interfaces[0m
[2.063s] [ 28%] [34m[1mGenerating C type support dispatch for ROS interfaces[0m
[2.265s] [35m[1mConsolidate compiler generated dependencies of target demo_interfaces_base__rosidl_typesupport_cpp[0m
[2.282s] [35m[1mConsolidate compiler generated dependencies of target demo_interfaces_base__rosidl_typesupport_introspection_cpp[0m
[2.287s] [ 30%] [32mBuilding CXX object CMakeFiles/demo_interfaces_base__rosidl_typesupport_cpp.dir/rosidl_typesupport_cpp/demo_interfaces_base/msg/student__type_support.cpp.o[0m
[2.291s] [ 33%] [32mBuilding CXX object CMakeFiles/demo_interfaces_base__rosidl_typesupport_cpp.dir/rosidl_typesupport_cpp/demo_interfaces_base/srv/calculation__type_support.cpp.o[0m
[2.301s] [35m[1mConsolidate compiler generated dependencies of target demo_interfaces_base__rosidl_typesupport_fastrtps_cpp[0m
[2.308s] [ 35%] [32mBuilding CXX object CMakeFiles/demo_interfaces_base__rosidl_typesupport_introspection_cpp.dir/rosidl_typesupport_introspection_cpp/demo_interfaces_base/msg/detail/student__type_support.cpp.o[0m
[2.308s] [ 38%] [32mBuilding CXX object CMakeFiles/demo_interfaces_base__rosidl_typesupport_introspection_cpp.dir/rosidl_typesupport_introspection_cpp/demo_interfaces_base/srv/detail/calculation__type_support.cpp.o[0m
[2.324s] [ 41%] [32mBuilding CXX object CMakeFiles/demo_interfaces_base__rosidl_typesupport_fastrtps_cpp.dir/rosidl_typesupport_fastrtps_cpp/demo_interfaces_base/msg/detail/dds_fastrtps/student__type_support.cpp.o[0m
[2.324s] [ 43%] [32mBuilding CXX object CMakeFiles/demo_interfaces_base__rosidl_typesupport_fastrtps_cpp.dir/rosidl_typesupport_fastrtps_cpp/demo_interfaces_base/srv/detail/dds_fastrtps/calculation__type_support.cpp.o[0m
[2.375s] [35m[1mConsolidate compiler generated dependencies of target demo_interfaces_base__rosidl_typesupport_c[0m
[2.394s] [ 48%] [32mBuilding CXX object CMakeFiles/demo_interfaces_base__rosidl_typesupport_c.dir/rosidl_typesupport_c/demo_interfaces_base/msg/student__type_support.cpp.o[0m
[2.394s] [ 48%] [32mBuilding CXX object CMakeFiles/demo_interfaces_base__rosidl_typesupport_c.dir/rosidl_typesupport_c/demo_interfaces_base/srv/calculation__type_support.cpp.o[0m
[2.401s] [35m[1mConsolidate compiler generated dependencies of target demo_interfaces_base__rosidl_typesupport_introspection_c[0m
[2.423s] [ 53%] [32mBuilding C object CMakeFiles/demo_interfaces_base__rosidl_typesupport_introspection_c.dir/rosidl_typesupport_introspection_c/demo_interfaces_base/srv/detail/calculation__type_support.c.o[0m
[2.424s] [ 53%] [32mBuilding C object CMakeFiles/demo_interfaces_base__rosidl_typesupport_introspection_c.dir/rosidl_typesupport_introspection_c/demo_interfaces_base/msg/detail/student__type_support.c.o[0m
[2.464s] [35m[1mConsolidate compiler generated dependencies of target demo_interfaces_base__rosidl_typesupport_fastrtps_c[0m
[2.467s] [ 56%] [32m[1mLinking CXX shared library libdemo_interfaces_base__rosidl_typesupport_c.so[0m
[2.484s] [ 58%] [32m[1mLinking C shared library libdemo_interfaces_base__rosidl_typesupport_introspection_c.so[0m
[2.491s] [ 61%] [32mBuilding CXX object CMakeFiles/demo_interfaces_base__rosidl_typesupport_fastrtps_c.dir/rosidl_typesupport_fastrtps_c/demo_interfaces_base/msg/detail/student__type_support_c.cpp.o[0m
[2.494s] [ 64%] [32mBuilding CXX object CMakeFiles/demo_interfaces_base__rosidl_typesupport_fastrtps_c.dir/rosidl_typesupport_fastrtps_c/demo_interfaces_base/srv/detail/calculation__type_support_c.cpp.o[0m
[2.540s] [ 64%] Built target demo_interfaces_base__rosidl_typesupport_introspection_c
[2.552s] [ 64%] Built target demo_interfaces_base__rosidl_typesupport_c
[2.661s] [ 66%] [32m[1mLinking CXX shared library libdemo_interfaces_base__rosidl_typesupport_cpp.so[0m
[2.713s] [ 66%] Built target demo_interfaces_base__rosidl_typesupport_cpp
[2.796s] [ 69%] [32m[1mLinking CXX shared library libdemo_interfaces_base__rosidl_typesupport_introspection_cpp.so[0m
[2.856s] [ 71%] [32m[1mLinking CXX shared library libdemo_interfaces_base__rosidl_typesupport_fastrtps_cpp.so[0m
[2.891s] [ 71%] Built target demo_interfaces_base__rosidl_typesupport_introspection_cpp
[2.896s] [ 74%] [32m[1mLinking CXX shared library libdemo_interfaces_base__rosidl_typesupport_fastrtps_c.so[0m
[2.950s] [ 74%] Built target demo_interfaces_base__rosidl_typesupport_fastrtps_cpp
[3.021s] [ 74%] Built target demo_interfaces_base__rosidl_typesupport_fastrtps_c
[3.087s] [ 74%] Built target demo_interfaces_base
[3.143s] [ 76%] [34m[1mGenerating Python code for ROS interfaces[0m
[3.601s] [ 76%] Built target demo_interfaces_base__py
[3.613s] [35m[1mConsolidate compiler generated dependencies of target demo_interfaces_base__rosidl_generator_py[0m
[3.630s] [ 82%] [32mBuilding C object CMakeFiles/demo_interfaces_base__rosidl_generator_py.dir/rosidl_generator_py/demo_interfaces_base/srv/_calculation_s.c.o[0m
[3.631s] [ 82%] [32mBuilding C object CMakeFiles/demo_interfaces_base__rosidl_generator_py.dir/rosidl_generator_py/demo_interfaces_base/msg/_student_s.c.o[0m
[3.739s] [ 84%] [32m[1mLinking C shared library rosidl_generator_py/demo_interfaces_base/libdemo_interfaces_base__rosidl_generator_py.so[0m
[3.795s] [ 84%] Built target demo_interfaces_base__rosidl_generator_py
[3.811s] [35m[1mConsolidate compiler generated dependencies of target demo_interfaces_base__rosidl_typesupport_fastrtps_c__pyext[0m
[3.812s] [35m[1mConsolidate compiler generated dependencies of target demo_interfaces_base__rosidl_typesupport_introspection_c__pyext[0m
[3.812s] [35m[1mConsolidate compiler generated dependencies of target demo_interfaces_base__rosidl_typesupport_c__pyext[0m
[3.831s] [ 87%] [32mBuilding C object CMakeFiles/demo_interfaces_base__rosidl_typesupport_introspection_c__pyext.dir/rosidl_generator_py/demo_interfaces_base/_demo_interfaces_base_s.ep.rosidl_typesupport_introspection_c.c.o[0m
[3.833s] [ 89%] [32mBuilding C object CMakeFiles/demo_interfaces_base__rosidl_typesupport_c__pyext.dir/rosidl_generator_py/demo_interfaces_base/_demo_interfaces_base_s.ep.rosidl_typesupport_c.c.o[0m
[3.841s] [ 92%] [32mBuilding C object CMakeFiles/demo_interfaces_base__rosidl_typesupport_fastrtps_c__pyext.dir/rosidl_generator_py/demo_interfaces_base/_demo_interfaces_base_s.ep.rosidl_typesupport_fastrtps_c.c.o[0m
[3.961s] [ 94%] [32m[1mLinking C shared library rosidl_generator_py/demo_interfaces_base/demo_interfaces_base_s__rosidl_typesupport_c.cpython-310-x86_64-linux-gnu.so[0m
[3.970s] [ 97%] [32m[1mLinking C shared library rosidl_generator_py/demo_interfaces_base/demo_interfaces_base_s__rosidl_typesupport_introspection_c.cpython-310-x86_64-linux-gnu.so[0m
[3.986s] [100%] [32m[1mLinking C shared library rosidl_generator_py/demo_interfaces_base/demo_interfaces_base_s__rosidl_typesupport_fastrtps_c.cpython-310-x86_64-linux-gnu.so[0m
[4.015s] [100%] Built target demo_interfaces_base__rosidl_typesupport_c__pyext
[4.027s] [100%] Built target demo_interfaces_base__rosidl_typesupport_introspection_c__pyext
[4.048s] [100%] Built target demo_interfaces_base__rosidl_typesupport_fastrtps_c__pyext
[4.067s] Invoked command in '/home/ros2/exam/build/demo_interfaces_base' returned '0': CMAKE_PREFIX_PATH=/opt/ros/humble /usr/bin/cmake --build /home/ros2/exam/build/demo_interfaces_base -- -j12 -l12
[4.126s] Invoking command in '/home/ros2/exam/build/demo_interfaces_base': CMAKE_PREFIX_PATH=/opt/ros/humble /usr/bin/cmake --install /home/ros2/exam/build/demo_interfaces_base
[4.139s] -- Install configuration: ""
[4.140s] -- Installing: /home/ros2/exam/install/demo_interfaces_base/share/ament_index/resource_index/rosidl_interfaces/demo_interfaces_base
[4.140s] -- Up-to-date: /home/ros2/exam/install/demo_interfaces_base/include/demo_interfaces_base/demo_interfaces_base
[4.140s] -- Up-to-date: /home/ros2/exam/install/demo_interfaces_base/include/demo_interfaces_base/demo_interfaces_base/msg
[4.140s] -- Up-to-date: /home/ros2/exam/install/demo_interfaces_base/include/demo_interfaces_base/demo_interfaces_base/msg/rosidl_generator_c__visibility_control.h
[4.140s] -- Installing: /home/ros2/exam/install/demo_interfaces_base/include/demo_interfaces_base/demo_interfaces_base/msg/student.h
[4.141s] -- Up-to-date: /home/ros2/exam/install/demo_interfaces_base/include/demo_interfaces_base/demo_interfaces_base/msg/detail
[4.141s] -- Installing: /home/ros2/exam/install/demo_interfaces_base/include/demo_interfaces_base/demo_interfaces_base/msg/detail/student__struct.h
[4.141s] -- Installing: /home/ros2/exam/install/demo_interfaces_base/include/demo_interfaces_base/demo_interfaces_base/msg/detail/student__functions.h
[4.142s] -- Installing: /home/ros2/exam/install/demo_interfaces_base/include/demo_interfaces_base/demo_interfaces_base/msg/detail/student__functions.c
[4.142s] -- Installing: /home/ros2/exam/install/demo_interfaces_base/include/demo_interfaces_base/demo_interfaces_base/msg/detail/student__type_support.h
[4.142s] -- Installing: /home/ros2/exam/install/demo_interfaces_base/include/demo_interfaces_base/demo_interfaces_base/srv
[4.143s] -- Installing: /home/ros2/exam/install/demo_interfaces_base/include/demo_interfaces_base/demo_interfaces_base/srv/calculation.h
[4.143s] -- Installing: /home/ros2/exam/install/demo_interfaces_base/include/demo_interfaces_base/demo_interfaces_base/srv/detail
[4.143s] -- Installing: /home/ros2/exam/install/demo_interfaces_base/include/demo_interfaces_base/demo_interfaces_base/srv/detail/calculation__functions.c
[4.143s] -- Installing: /home/ros2/exam/install/demo_interfaces_base/include/demo_interfaces_base/demo_interfaces_base/srv/detail/calculation__type_support.h
[4.143s] -- Installing: /home/ros2/exam/install/demo_interfaces_base/include/demo_interfaces_base/demo_interfaces_base/srv/detail/calculation__struct.h
[4.143s] -- Installing: /home/ros2/exam/install/demo_interfaces_base/include/demo_interfaces_base/demo_interfaces_base/srv/detail/calculation__functions.h
[4.143s] -- Up-to-date: /home/ros2/exam/install/demo_interfaces_base/share/demo_interfaces_base/environment/library_path.sh
[4.144s] -- Installing: /home/ros2/exam/install/demo_interfaces_base/share/demo_interfaces_base/environment/library_path.dsv
[4.144s] -- Installing: /home/ros2/exam/install/demo_interfaces_base/lib/libdemo_interfaces_base__rosidl_generator_c.so
[4.145s] -- Set runtime path of "/home/ros2/exam/install/demo_interfaces_base/lib/libdemo_interfaces_base__rosidl_generator_c.so" to ""
[4.145s] -- Up-to-date: /home/ros2/exam/install/demo_interfaces_base/include/demo_interfaces_base/demo_interfaces_base
[4.146s] -- Up-to-date: /home/ros2/exam/install/demo_interfaces_base/include/demo_interfaces_base/demo_interfaces_base/msg
[4.146s] -- Up-to-date: /home/ros2/exam/install/demo_interfaces_base/include/demo_interfaces_base/demo_interfaces_base/msg/detail
[4.146s] -- Installing: /home/ros2/exam/install/demo_interfaces_base/include/demo_interfaces_base/demo_interfaces_base/msg/detail/student__rosidl_typesupport_fastrtps_c.h
[4.146s] -- Up-to-date: /home/ros2/exam/install/demo_interfaces_base/include/demo_interfaces_base/demo_interfaces_base/msg/rosidl_typesupport_fastrtps_c__visibility_control.h
[4.146s] -- Up-to-date: /home/ros2/exam/install/demo_interfaces_base/include/demo_interfaces_base/demo_interfaces_base/srv
[4.146s] -- Up-to-date: /home/ros2/exam/install/demo_interfaces_base/include/demo_interfaces_base/demo_interfaces_base/srv/detail
[4.146s] -- Installing: /home/ros2/exam/install/demo_interfaces_base/include/demo_interfaces_base/demo_interfaces_base/srv/detail/calculation__rosidl_typesupport_fastrtps_c.h
[4.146s] -- Installing: /home/ros2/exam/install/demo_interfaces_base/lib/libdemo_interfaces_base__rosidl_typesupport_fastrtps_c.so
[4.147s] -- Set runtime path of "/home/ros2/exam/install/demo_interfaces_base/lib/libdemo_interfaces_base__rosidl_typesupport_fastrtps_c.so" to ""
[4.147s] -- Up-to-date: /home/ros2/exam/install/demo_interfaces_base/include/demo_interfaces_base/demo_interfaces_base
[4.148s] -- Up-to-date: /home/ros2/exam/install/demo_interfaces_base/include/demo_interfaces_base/demo_interfaces_base/msg
[4.148s] -- Up-to-date: /home/ros2/exam/install/demo_interfaces_base/include/demo_interfaces_base/demo_interfaces_base/msg/detail
[4.148s] -- Installing: /home/ros2/exam/install/demo_interfaces_base/include/demo_interfaces_base/demo_interfaces_base/msg/detail/student__rosidl_typesupport_introspection_c.h
[4.148s] -- Installing: /home/ros2/exam/install/demo_interfaces_base/include/demo_interfaces_base/demo_interfaces_base/msg/detail/student__type_support.c
[4.148s] -- Up-to-date: /home/ros2/exam/install/demo_interfaces_base/include/demo_interfaces_base/demo_interfaces_base/msg/rosidl_typesupport_introspection_c__visibility_control.h
[4.149s] -- Up-to-date: /home/ros2/exam/install/demo_interfaces_base/include/demo_interfaces_base/demo_interfaces_base/srv
[4.149s] -- Up-to-date: /home/ros2/exam/install/demo_interfaces_base/include/demo_interfaces_base/demo_interfaces_base/srv/detail
[4.149s] -- Installing: /home/ros2/exam/install/demo_interfaces_base/include/demo_interfaces_base/demo_interfaces_base/srv/detail/calculation__rosidl_typesupport_introspection_c.h
[4.149s] -- Installing: /home/ros2/exam/install/demo_interfaces_base/include/demo_interfaces_base/demo_interfaces_base/srv/detail/calculation__type_support.c
[4.149s] -- Installing: /home/ros2/exam/install/demo_interfaces_base/lib/libdemo_interfaces_base__rosidl_typesupport_introspection_c.so
[4.150s] -- Set runtime path of "/home/ros2/exam/install/demo_interfaces_base/lib/libdemo_interfaces_base__rosidl_typesupport_introspection_c.so" to ""
[4.151s] -- Installing: /home/ros2/exam/install/demo_interfaces_base/lib/libdemo_interfaces_base__rosidl_typesupport_c.so
[4.152s] -- Set runtime path of "/home/ros2/exam/install/demo_interfaces_base/lib/libdemo_interfaces_base__rosidl_typesupport_c.so" to ""
[4.152s] -- Up-to-date: /home/ros2/exam/install/demo_interfaces_base/include/demo_interfaces_base/demo_interfaces_base
[4.152s] -- Up-to-date: /home/ros2/exam/install/demo_interfaces_base/include/demo_interfaces_base/demo_interfaces_base/msg
[4.152s] -- Up-to-date: /home/ros2/exam/install/demo_interfaces_base/include/demo_interfaces_base/demo_interfaces_base/msg/rosidl_generator_cpp__visibility_control.hpp
[4.153s] -- Up-to-date: /home/ros2/exam/install/demo_interfaces_base/include/demo_interfaces_base/demo_interfaces_base/msg/detail
[4.153s] -- Installing: /home/ros2/exam/install/demo_interfaces_base/include/demo_interfaces_base/demo_interfaces_base/msg/detail/student__struct.hpp
[4.153s] -- Installing: /home/ros2/exam/install/demo_interfaces_base/include/demo_interfaces_base/demo_interfaces_base/msg/detail/student__traits.hpp
[4.154s] -- Installing: /home/ros2/exam/install/demo_interfaces_base/include/demo_interfaces_base/demo_interfaces_base/msg/detail/student__type_support.hpp
[4.154s] -- Installing: /home/ros2/exam/install/demo_interfaces_base/include/demo_interfaces_base/demo_interfaces_base/msg/detail/student__builder.hpp
[4.154s] -- Installing: /home/ros2/exam/install/demo_interfaces_base/include/demo_interfaces_base/demo_interfaces_base/msg/student.hpp
[4.155s] -- Up-to-date: /home/ros2/exam/install/demo_interfaces_base/include/demo_interfaces_base/demo_interfaces_base/srv
[4.155s] -- Installing: /home/ros2/exam/install/demo_interfaces_base/include/demo_interfaces_base/demo_interfaces_base/srv/calculation.hpp
[4.155s] -- Up-to-date: /home/ros2/exam/install/demo_interfaces_base/include/demo_interfaces_base/demo_interfaces_base/srv/detail
[4.155s] -- Installing: /home/ros2/exam/install/demo_interfaces_base/include/demo_interfaces_base/demo_interfaces_base/srv/detail/calculation__traits.hpp
[4.156s] -- Installing: /home/ros2/exam/install/demo_interfaces_base/include/demo_interfaces_base/demo_interfaces_base/srv/detail/calculation__type_support.hpp
[4.156s] -- Installing: /home/ros2/exam/install/demo_interfaces_base/include/demo_interfaces_base/demo_interfaces_base/srv/detail/calculation__struct.hpp
[4.157s] -- Installing: /home/ros2/exam/install/demo_interfaces_base/include/demo_interfaces_base/demo_interfaces_base/srv/detail/calculation__builder.hpp
[4.157s] -- Up-to-date: /home/ros2/exam/install/demo_interfaces_base/include/demo_interfaces_base/demo_interfaces_base
[4.157s] -- Up-to-date: /home/ros2/exam/install/demo_interfaces_base/include/demo_interfaces_base/demo_interfaces_base/msg
[4.157s] -- Up-to-date: /home/ros2/exam/install/demo_interfaces_base/include/demo_interfaces_base/demo_interfaces_base/msg/rosidl_typesupport_fastrtps_cpp__visibility_control.h
[4.157s] -- Up-to-date: /home/ros2/exam/install/demo_interfaces_base/include/demo_interfaces_base/demo_interfaces_base/msg/detail
[4.157s] -- Installing: /home/ros2/exam/install/demo_interfaces_base/include/demo_interfaces_base/demo_interfaces_base/msg/detail/student__rosidl_typesupport_fastrtps_cpp.hpp
[4.158s] -- Up-to-date: /home/ros2/exam/install/demo_interfaces_base/include/demo_interfaces_base/demo_interfaces_base/msg/detail/dds_fastrtps
[4.158s] -- Up-to-date: /home/ros2/exam/install/demo_interfaces_base/include/demo_interfaces_base/demo_interfaces_base/srv
[4.158s] -- Up-to-date: /home/ros2/exam/install/demo_interfaces_base/include/demo_interfaces_base/demo_interfaces_base/srv/detail
[4.158s] -- Installing: /home/ros2/exam/install/demo_interfaces_base/include/demo_interfaces_base/demo_interfaces_base/srv/detail/dds_fastrtps
[4.158s] -- Installing: /home/ros2/exam/install/demo_interfaces_base/include/demo_interfaces_base/demo_interfaces_base/srv/detail/calculation__rosidl_typesupport_fastrtps_cpp.hpp
[4.158s] -- Installing: /home/ros2/exam/install/demo_interfaces_base/lib/libdemo_interfaces_base__rosidl_typesupport_fastrtps_cpp.so
[4.159s] -- Set runtime path of "/home/ros2/exam/install/demo_interfaces_base/lib/libdemo_interfaces_base__rosidl_typesupport_fastrtps_cpp.so" to ""
[4.159s] -- Up-to-date: /home/ros2/exam/install/demo_interfaces_base/include/demo_interfaces_base/demo_interfaces_base
[4.159s] -- Up-to-date: /home/ros2/exam/install/demo_interfaces_base/include/demo_interfaces_base/demo_interfaces_base/msg
[4.159s] -- Up-to-date: /home/ros2/exam/install/demo_interfaces_base/include/demo_interfaces_base/demo_interfaces_base/msg/detail
[4.159s] -- Installing: /home/ros2/exam/install/demo_interfaces_base/include/demo_interfaces_base/demo_interfaces_base/msg/detail/student__type_support.cpp
[4.159s] -- Installing: /home/ros2/exam/install/demo_interfaces_base/include/demo_interfaces_base/demo_interfaces_base/msg/detail/student__rosidl_typesupport_introspection_cpp.hpp
[4.160s] -- Up-to-date: /home/ros2/exam/install/demo_interfaces_base/include/demo_interfaces_base/demo_interfaces_base/srv
[4.160s] -- Up-to-date: /home/ros2/exam/install/demo_interfaces_base/include/demo_interfaces_base/demo_interfaces_base/srv/detail
[4.160s] -- Installing: /home/ros2/exam/install/demo_interfaces_base/include/demo_interfaces_base/demo_interfaces_base/srv/detail/calculation__type_support.cpp
[4.161s] -- Installing: /home/ros2/exam/install/demo_interfaces_base/include/demo_interfaces_base/demo_interfaces_base/srv/detail/calculation__rosidl_typesupport_introspection_cpp.hpp
[4.161s] -- Installing: /home/ros2/exam/install/demo_interfaces_base/lib/libdemo_interfaces_base__rosidl_typesupport_introspection_cpp.so
[4.162s] -- Set runtime path of "/home/ros2/exam/install/demo_interfaces_base/lib/libdemo_interfaces_base__rosidl_typesupport_introspection_cpp.so" to ""
[4.162s] -- Installing: /home/ros2/exam/install/demo_interfaces_base/lib/libdemo_interfaces_base__rosidl_typesupport_cpp.so
[4.163s] -- Set runtime path of "/home/ros2/exam/install/demo_interfaces_base/lib/libdemo_interfaces_base__rosidl_typesupport_cpp.so" to ""
[4.163s] -- Up-to-date: /home/ros2/exam/install/demo_interfaces_base/share/demo_interfaces_base/environment/pythonpath.sh
[4.164s] -- Installing: /home/ros2/exam/install/demo_interfaces_base/share/demo_interfaces_base/environment/pythonpath.dsv
[4.164s] -- Up-to-date: /home/ros2/exam/install/demo_interfaces_base/local/lib/python3.10/dist-packages/demo_interfaces_base-0.0.0-py3.10.egg-info
[4.165s] -- Installing: /home/ros2/exam/install/demo_interfaces_base/local/lib/python3.10/dist-packages/demo_interfaces_base-0.0.0-py3.10.egg-info/PKG-INFO
[4.165s] -- Installing: /home/ros2/exam/install/demo_interfaces_base/local/lib/python3.10/dist-packages/demo_interfaces_base-0.0.0-py3.10.egg-info/top_level.txt
[4.165s] -- Installing: /home/ros2/exam/install/demo_interfaces_base/local/lib/python3.10/dist-packages/demo_interfaces_base-0.0.0-py3.10.egg-info/dependency_links.txt
[4.165s] -- Installing: /home/ros2/exam/install/demo_interfaces_base/local/lib/python3.10/dist-packages/demo_interfaces_base-0.0.0-py3.10.egg-info/SOURCES.txt
[4.165s] -- Up-to-date: /home/ros2/exam/install/demo_interfaces_base/local/lib/python3.10/dist-packages/demo_interfaces_base
[4.165s] -- Up-to-date: /home/ros2/exam/install/demo_interfaces_base/local/lib/python3.10/dist-packages/demo_interfaces_base/msg
[4.166s] -- Installing: /home/ros2/exam/install/demo_interfaces_base/local/lib/python3.10/dist-packages/demo_interfaces_base/msg/_student_s.c
[4.166s] -- Installing: /home/ros2/exam/install/demo_interfaces_base/local/lib/python3.10/dist-packages/demo_interfaces_base/msg/_student.py
[4.166s] -- Installing: /home/ros2/exam/install/demo_interfaces_base/local/lib/python3.10/dist-packages/demo_interfaces_base/msg/__init__.py
[4.166s] -- Installing: /home/ros2/exam/install/demo_interfaces_base/local/lib/python3.10/dist-packages/demo_interfaces_base/srv
[4.166s] -- Installing: /home/ros2/exam/install/demo_interfaces_base/local/lib/python3.10/dist-packages/demo_interfaces_base/srv/__init__.py
[4.166s] -- Installing: /home/ros2/exam/install/demo_interfaces_base/local/lib/python3.10/dist-packages/demo_interfaces_base/srv/_calculation_s.c
[4.166s] -- Installing: /home/ros2/exam/install/demo_interfaces_base/local/lib/python3.10/dist-packages/demo_interfaces_base/srv/_calculation.py
[4.167s] -- Installing: /home/ros2/exam/install/demo_interfaces_base/local/lib/python3.10/dist-packages/demo_interfaces_base/demo_interfaces_base_s__rosidl_typesupport_introspection_c.cpython-310-x86_64-linux-gnu.so
[4.167s] -- Installing: /home/ros2/exam/install/demo_interfaces_base/local/lib/python3.10/dist-packages/demo_interfaces_base/libdemo_interfaces_base__rosidl_generator_py.so
[4.168s] -- Installing: /home/ros2/exam/install/demo_interfaces_base/local/lib/python3.10/dist-packages/demo_interfaces_base/__init__.py
[4.168s] -- Installing: /home/ros2/exam/install/demo_interfaces_base/local/lib/python3.10/dist-packages/demo_interfaces_base/demo_interfaces_base_s__rosidl_typesupport_c.cpython-310-x86_64-linux-gnu.so
[4.169s] -- Installing: /home/ros2/exam/install/demo_interfaces_base/local/lib/python3.10/dist-packages/demo_interfaces_base/_demo_interfaces_base_s.ep.rosidl_typesupport_introspection_c.c
[4.169s] -- Installing: /home/ros2/exam/install/demo_interfaces_base/local/lib/python3.10/dist-packages/demo_interfaces_base/_demo_interfaces_base_s.ep.rosidl_typesupport_c.c
[4.169s] -- Installing: /home/ros2/exam/install/demo_interfaces_base/local/lib/python3.10/dist-packages/demo_interfaces_base/demo_interfaces_base_s__rosidl_typesupport_fastrtps_c.cpython-310-x86_64-linux-gnu.so
[4.170s] -- Installing: /home/ros2/exam/install/demo_interfaces_base/local/lib/python3.10/dist-packages/demo_interfaces_base/_demo_interfaces_base_s.ep.rosidl_typesupport_fastrtps_c.c
[4.225s] Listing '/home/ros2/exam/install/demo_interfaces_base/local/lib/python3.10/dist-packages/demo_interfaces_base'...
[4.225s] Compiling '/home/ros2/exam/install/demo_interfaces_base/local/lib/python3.10/dist-packages/demo_interfaces_base/__init__.py'...
[4.225s] Listing '/home/ros2/exam/install/demo_interfaces_base/local/lib/python3.10/dist-packages/demo_interfaces_base/msg'...
[4.225s] Compiling '/home/ros2/exam/install/demo_interfaces_base/local/lib/python3.10/dist-packages/demo_interfaces_base/msg/__init__.py'...
[4.225s] Compiling '/home/ros2/exam/install/demo_interfaces_base/local/lib/python3.10/dist-packages/demo_interfaces_base/msg/_student.py'...
[4.225s] Listing '/home/ros2/exam/install/demo_interfaces_base/local/lib/python3.10/dist-packages/demo_interfaces_base/srv'...
[4.225s] Compiling '/home/ros2/exam/install/demo_interfaces_base/local/lib/python3.10/dist-packages/demo_interfaces_base/srv/__init__.py'...
[4.225s] Compiling '/home/ros2/exam/install/demo_interfaces_base/local/lib/python3.10/dist-packages/demo_interfaces_base/srv/_calculation.py'...
[4.229s] -- Installing: /home/ros2/exam/install/demo_interfaces_base/local/lib/python3.10/dist-packages/demo_interfaces_base/demo_interfaces_base_s__rosidl_typesupport_fastrtps_c.cpython-310-x86_64-linux-gnu.so
[4.230s] -- Set runtime path of "/home/ros2/exam/install/demo_interfaces_base/local/lib/python3.10/dist-packages/demo_interfaces_base/demo_interfaces_base_s__rosidl_typesupport_fastrtps_c.cpython-310-x86_64-linux-gnu.so" to ""
[4.231s] -- Installing: /home/ros2/exam/install/demo_interfaces_base/local/lib/python3.10/dist-packages/demo_interfaces_base/demo_interfaces_base_s__rosidl_typesupport_introspection_c.cpython-310-x86_64-linux-gnu.so
[4.231s] -- Set runtime path of "/home/ros2/exam/install/demo_interfaces_base/local/lib/python3.10/dist-packages/demo_interfaces_base/demo_interfaces_base_s__rosidl_typesupport_introspection_c.cpython-310-x86_64-linux-gnu.so" to ""
[4.231s] -- Installing: /home/ros2/exam/install/demo_interfaces_base/local/lib/python3.10/dist-packages/demo_interfaces_base/demo_interfaces_base_s__rosidl_typesupport_c.cpython-310-x86_64-linux-gnu.so
[4.232s] -- Set runtime path of "/home/ros2/exam/install/demo_interfaces_base/local/lib/python3.10/dist-packages/demo_interfaces_base/demo_interfaces_base_s__rosidl_typesupport_c.cpython-310-x86_64-linux-gnu.so" to ""
[4.232s] -- Installing: /home/ros2/exam/install/demo_interfaces_base/lib/libdemo_interfaces_base__rosidl_generator_py.so
[4.234s] -- Set runtime path of "/home/ros2/exam/install/demo_interfaces_base/lib/libdemo_interfaces_base__rosidl_generator_py.so" to ""
[4.234s] -- Up-to-date: /home/ros2/exam/install/demo_interfaces_base/share/demo_interfaces_base/msg/Student.idl
[4.234s] -- Installing: /home/ros2/exam/install/demo_interfaces_base/share/demo_interfaces_base/srv/Calculation.idl
[4.234s] -- Up-to-date: /home/ros2/exam/install/demo_interfaces_base/share/demo_interfaces_base/msg/Student.msg
[4.235s] -- Installing: /home/ros2/exam/install/demo_interfaces_base/share/demo_interfaces_base/srv/Calculation.srv
[4.235s] -- Installing: /home/ros2/exam/install/demo_interfaces_base/share/demo_interfaces_base/srv/Calculation_Request.msg
[4.235s] -- Installing: /home/ros2/exam/install/demo_interfaces_base/share/demo_interfaces_base/srv/Calculation_Response.msg
[4.235s] -- Up-to-date: /home/ros2/exam/install/demo_interfaces_base/share/ament_index/resource_index/package_run_dependencies/demo_interfaces_base
[4.235s] -- Up-to-date: /home/ros2/exam/install/demo_interfaces_base/share/ament_index/resource_index/parent_prefix_path/demo_interfaces_base
[4.235s] -- Up-to-date: /home/ros2/exam/install/demo_interfaces_base/share/demo_interfaces_base/environment/ament_prefix_path.sh
[4.236s] -- Installing: /home/ros2/exam/install/demo_interfaces_base/share/demo_interfaces_base/environment/ament_prefix_path.dsv
[4.236s] -- Up-to-date: /home/ros2/exam/install/demo_interfaces_base/share/demo_interfaces_base/environment/path.sh
[4.236s] -- Installing: /home/ros2/exam/install/demo_interfaces_base/share/demo_interfaces_base/environment/path.dsv
[4.236s] -- Up-to-date: /home/ros2/exam/install/demo_interfaces_base/share/demo_interfaces_base/local_setup.bash
[4.237s] -- Up-to-date: /home/ros2/exam/install/demo_interfaces_base/share/demo_interfaces_base/local_setup.sh
[4.237s] -- Up-to-date: /home/ros2/exam/install/demo_interfaces_base/share/demo_interfaces_base/local_setup.zsh
[4.237s] -- Installing: /home/ros2/exam/install/demo_interfaces_base/share/demo_interfaces_base/local_setup.dsv
[4.238s] -- Installing: /home/ros2/exam/install/demo_interfaces_base/share/demo_interfaces_base/package.dsv
[4.238s] -- Up-to-date: /home/ros2/exam/install/demo_interfaces_base/share/ament_index/resource_index/packages/demo_interfaces_base
[4.238s] -- Up-to-date: /home/ros2/exam/install/demo_interfaces_base/share/demo_interfaces_base/cmake/export_demo_interfaces_base__rosidl_generator_cExport.cmake
[4.238s] -- Up-to-date: /home/ros2/exam/install/demo_interfaces_base/share/demo_interfaces_base/cmake/export_demo_interfaces_base__rosidl_generator_cExport-noconfig.cmake
[4.238s] -- Up-to-date: /home/ros2/exam/install/demo_interfaces_base/share/demo_interfaces_base/cmake/export_demo_interfaces_base__rosidl_typesupport_fastrtps_cExport.cmake
[4.239s] -- Up-to-date: /home/ros2/exam/install/demo_interfaces_base/share/demo_interfaces_base/cmake/export_demo_interfaces_base__rosidl_typesupport_fastrtps_cExport-noconfig.cmake
[4.239s] -- Up-to-date: /home/ros2/exam/install/demo_interfaces_base/share/demo_interfaces_base/cmake/demo_interfaces_base__rosidl_typesupport_introspection_cExport.cmake
[4.239s] -- Up-to-date: /home/ros2/exam/install/demo_interfaces_base/share/demo_interfaces_base/cmake/demo_interfaces_base__rosidl_typesupport_introspection_cExport-noconfig.cmake
[4.239s] -- Up-to-date: /home/ros2/exam/install/demo_interfaces_base/share/demo_interfaces_base/cmake/demo_interfaces_base__rosidl_typesupport_cExport.cmake
[4.239s] -- Up-to-date: /home/ros2/exam/install/demo_interfaces_base/share/demo_interfaces_base/cmake/demo_interfaces_base__rosidl_typesupport_cExport-noconfig.cmake
[4.240s] -- Up-to-date: /home/ros2/exam/install/demo_interfaces_base/share/demo_interfaces_base/cmake/export_demo_interfaces_base__rosidl_generator_cppExport.cmake
[4.240s] -- Up-to-date: /home/ros2/exam/install/demo_interfaces_base/share/demo_interfaces_base/cmake/export_demo_interfaces_base__rosidl_typesupport_fastrtps_cppExport.cmake
[4.240s] -- Up-to-date: /home/ros2/exam/install/demo_interfaces_base/share/demo_interfaces_base/cmake/export_demo_interfaces_base__rosidl_typesupport_fastrtps_cppExport-noconfig.cmake
[4.240s] -- Up-to-date: /home/ros2/exam/install/demo_interfaces_base/share/demo_interfaces_base/cmake/demo_interfaces_base__rosidl_typesupport_introspection_cppExport.cmake
[4.241s] -- Up-to-date: /home/ros2/exam/install/demo_interfaces_base/share/demo_interfaces_base/cmake/demo_interfaces_base__rosidl_typesupport_introspection_cppExport-noconfig.cmake
[4.241s] -- Up-to-date: /home/ros2/exam/install/demo_interfaces_base/share/demo_interfaces_base/cmake/demo_interfaces_base__rosidl_typesupport_cppExport.cmake
[4.241s] -- Up-to-date: /home/ros2/exam/install/demo_interfaces_base/share/demo_interfaces_base/cmake/demo_interfaces_base__rosidl_typesupport_cppExport-noconfig.cmake
[4.241s] -- Up-to-date: /home/ros2/exam/install/demo_interfaces_base/share/demo_interfaces_base/cmake/export_demo_interfaces_base__rosidl_generator_pyExport.cmake
[4.241s] -- Up-to-date: /home/ros2/exam/install/demo_interfaces_base/share/demo_interfaces_base/cmake/export_demo_interfaces_base__rosidl_generator_pyExport-noconfig.cmake
[4.241s] -- Installing: /home/ros2/exam/install/demo_interfaces_base/share/demo_interfaces_base/cmake/rosidl_cmake-extras.cmake
[4.241s] -- Up-to-date: /home/ros2/exam/install/demo_interfaces_base/share/demo_interfaces_base/cmake/ament_cmake_export_include_directories-extras.cmake
[4.241s] -- Up-to-date: /home/ros2/exam/install/demo_interfaces_base/share/demo_interfaces_base/cmake/ament_cmake_export_libraries-extras.cmake
[4.241s] -- Up-to-date: /home/ros2/exam/install/demo_interfaces_base/share/demo_interfaces_base/cmake/ament_cmake_export_targets-extras.cmake
[4.242s] -- Up-to-date: /home/ros2/exam/install/demo_interfaces_base/share/demo_interfaces_base/cmake/rosidl_cmake_export_typesupport_targets-extras.cmake
[4.242s] -- Up-to-date: /home/ros2/exam/install/demo_interfaces_base/share/demo_interfaces_base/cmake/ament_cmake_export_dependencies-extras.cmake
[4.242s] -- Up-to-date: /home/ros2/exam/install/demo_interfaces_base/share/demo_interfaces_base/cmake/rosidl_cmake_export_typesupport_libraries-extras.cmake
[4.242s] -- Up-to-date: /home/ros2/exam/install/demo_interfaces_base/share/demo_interfaces_base/cmake/demo_interfaces_baseConfig.cmake
[4.242s] -- Up-to-date: /home/ros2/exam/install/demo_interfaces_base/share/demo_interfaces_base/cmake/demo_interfaces_baseConfig-version.cmake
[4.242s] -- Up-to-date: /home/ros2/exam/install/demo_interfaces_base/share/demo_interfaces_base/package.xml
[4.247s] Invoked command in '/home/ros2/exam/build/demo_interfaces_base' returned '0': CMAKE_PREFIX_PATH=/opt/ros/humble /usr/bin/cmake --install /home/ros2/exam/build/demo_interfaces_base
