[0.070s] Invoking command in '/home/ros2/exam/build/cpp04_param': CMAKE_PREFIX_PATH=/home/ros2/exam/install/demo_interfaces_base:/home/ros2/exam/install/cpp04_param:/home/ros2/exam/install/cpp02_service:/home/ros2/exam/install/cpp01_topic:/opt/ros/humble /usr/bin/cmake --build /home/ros2/exam/build/cpp04_param -- -j12 -l12
[0.132s] [35m[1mConsolidate compiler generated dependencies of target demo01_param_server[0m
[0.161s] [ 50%] [32mBuilding CXX object CMakeFiles/demo01_param_server.dir/src/demo01_param_server.cpp.o[0m
[3.808s] [100%] [32m[1mLinking CXX executable demo01_param_server[0m
[3.974s] [100%] Built target demo01_param_server
[3.990s] Invoked command in '/home/ros2/exam/build/cpp04_param' returned '0': CMAKE_PREFIX_PATH=/home/ros2/exam/install/demo_interfaces_base:/home/ros2/exam/install/cpp04_param:/home/ros2/exam/install/cpp02_service:/home/ros2/exam/install/cpp01_topic:/opt/ros/humble /usr/bin/cmake --build /home/ros2/exam/build/cpp04_param -- -j12 -l12
[3.991s] Invoking command in '/home/ros2/exam/build/cpp04_param': CMAKE_PREFIX_PATH=/home/ros2/exam/install/demo_interfaces_base:/home/ros2/exam/install/cpp04_param:/home/ros2/exam/install/cpp02_service:/home/ros2/exam/install/cpp01_topic:/opt/ros/humble /usr/bin/cmake --install /home/ros2/exam/build/cpp04_param
[4.000s] -- Install configuration: ""
[4.000s] -- Installing: /home/ros2/exam/install/cpp04_param/lib/cpp04_param/demo01_param_server
[4.001s] -- Set runtime path of "/home/ros2/exam/install/cpp04_param/lib/cpp04_param/demo01_param_server" to ""
[4.002s] -- Up-to-date: /home/ros2/exam/install/cpp04_param/share/ament_index/resource_index/package_run_dependencies/cpp04_param
[4.002s] -- Up-to-date: /home/ros2/exam/install/cpp04_param/share/ament_index/resource_index/parent_prefix_path/cpp04_param
[4.002s] -- Up-to-date: /home/ros2/exam/install/cpp04_param/share/cpp04_param/environment/ament_prefix_path.sh
[4.002s] -- Up-to-date: /home/ros2/exam/install/cpp04_param/share/cpp04_param/environment/ament_prefix_path.dsv
[4.002s] -- Up-to-date: /home/ros2/exam/install/cpp04_param/share/cpp04_param/environment/path.sh
[4.002s] -- Up-to-date: /home/ros2/exam/install/cpp04_param/share/cpp04_param/environment/path.dsv
[4.002s] -- Up-to-date: /home/ros2/exam/install/cpp04_param/share/cpp04_param/local_setup.bash
[4.002s] -- Up-to-date: /home/ros2/exam/install/cpp04_param/share/cpp04_param/local_setup.sh
[4.003s] -- Up-to-date: /home/ros2/exam/install/cpp04_param/share/cpp04_param/local_setup.zsh
[4.003s] -- Up-to-date: /home/ros2/exam/install/cpp04_param/share/cpp04_param/local_setup.dsv
[4.003s] -- Installing: /home/ros2/exam/install/cpp04_param/share/cpp04_param/package.dsv
[4.003s] -- Up-to-date: /home/ros2/exam/install/cpp04_param/share/ament_index/resource_index/packages/cpp04_param
[4.003s] -- Up-to-date: /home/ros2/exam/install/cpp04_param/share/cpp04_param/cmake/cpp04_paramConfig.cmake
[4.003s] -- Up-to-date: /home/ros2/exam/install/cpp04_param/share/cpp04_param/cmake/cpp04_paramConfig-version.cmake
[4.003s] -- Up-to-date: /home/ros2/exam/install/cpp04_param/share/cpp04_param/package.xml
[4.005s] Invoked command in '/home/ros2/exam/build/cpp04_param' returned '0': CMAKE_PREFIX_PATH=/home/ros2/exam/install/demo_interfaces_base:/home/ros2/exam/install/cpp04_param:/home/ros2/exam/install/cpp02_service:/home/ros2/exam/install/cpp01_topic:/opt/ros/humble /usr/bin/cmake --install /home/ros2/exam/build/cpp04_param
