[0.045s] Invoking command in '/home/ros2/exam/build/cpp06_exercise': CMAKE_PREFIX_PATH=/home/ros2/exam/install/turtlesim:/home/ros2/exam/install/demo_interfaces_base:/home/ros2/exam/install/cpp06_exercise:/home/ros2/exam/install/cpp04_param:/home/ros2/exam/install/cpp03_action:/home/ros2/exam/install/cpp02_service:/home/ros2/exam/install/cpp01_topic:/home/ros2/exam/install/cpp05_time:/opt/ros/humble /usr/bin/cmake --build /home/ros2/exam/build/cpp06_exercise -- -j12 -l12
[0.131s] [35m[1mConsolidate compiler generated dependencies of target exer02_client[0m
[0.139s] [ 33%] Built target exer01_pub_sub
[0.152s] [ 66%] Built target exer02_service
[0.155s] [100%] Built target exer02_client
[0.176s] Invoked command in '/home/ros2/exam/build/cpp06_exercise' returned '0': CMAKE_PREFIX_PATH=/home/ros2/exam/install/turtlesim:/home/ros2/exam/install/demo_interfaces_base:/home/ros2/exam/install/cpp06_exercise:/home/ros2/exam/install/cpp04_param:/home/ros2/exam/install/cpp03_action:/home/ros2/exam/install/cpp02_service:/home/ros2/exam/install/cpp01_topic:/home/ros2/exam/install/cpp05_time:/opt/ros/humble /usr/bin/cmake --build /home/ros2/exam/build/cpp06_exercise -- -j12 -l12
[0.192s] Invoking command in '/home/ros2/exam/build/cpp06_exercise': CMAKE_PREFIX_PATH=/home/ros2/exam/install/turtlesim:/home/ros2/exam/install/demo_interfaces_base:/home/ros2/exam/install/cpp06_exercise:/home/ros2/exam/install/cpp04_param:/home/ros2/exam/install/cpp03_action:/home/ros2/exam/install/cpp02_service:/home/ros2/exam/install/cpp01_topic:/home/ros2/exam/install/cpp05_time:/opt/ros/humble /usr/bin/cmake --install /home/ros2/exam/build/cpp06_exercise
[0.209s] -- Install configuration: ""
[0.209s] -- Up-to-date: /home/ros2/exam/install/cpp06_exercise/lib/cpp06_exercise/exer01_pub_sub
[0.210s] -- Up-to-date: /home/ros2/exam/install/cpp06_exercise/lib/cpp06_exercise/exer02_client
[0.211s] -- Up-to-date: /home/ros2/exam/install/cpp06_exercise/lib/cpp06_exercise/exer02_service
[0.211s] -- Up-to-date: /home/ros2/exam/install/cpp06_exercise/share/cpp06_exercise/launch
[0.211s] -- Up-to-date: /home/ros2/exam/install/cpp06_exercise/share/cpp06_exercise/launch/exer01_pub_sub_launch.py
[0.211s] -- Installing: /home/ros2/exam/install/cpp06_exercise/share/cpp06_exercise/launch/exer03_client_launch.py
[0.212s] -- Up-to-date: /home/ros2/exam/install/cpp06_exercise/share/cpp06_exercise/launch/exer02_service_launch.py
[0.213s] -- Up-to-date: /home/ros2/exam/install/cpp06_exercise/share/ament_index/resource_index/package_run_dependencies/cpp06_exercise
[0.213s] -- Up-to-date: /home/ros2/exam/install/cpp06_exercise/share/ament_index/resource_index/parent_prefix_path/cpp06_exercise
[0.213s] -- Up-to-date: /home/ros2/exam/install/cpp06_exercise/share/cpp06_exercise/environment/ament_prefix_path.sh
[0.213s] -- Up-to-date: /home/ros2/exam/install/cpp06_exercise/share/cpp06_exercise/environment/ament_prefix_path.dsv
[0.213s] -- Up-to-date: /home/ros2/exam/install/cpp06_exercise/share/cpp06_exercise/environment/path.sh
[0.213s] -- Up-to-date: /home/ros2/exam/install/cpp06_exercise/share/cpp06_exercise/environment/path.dsv
[0.213s] -- Up-to-date: /home/ros2/exam/install/cpp06_exercise/share/cpp06_exercise/local_setup.bash
[0.213s] -- Up-to-date: /home/ros2/exam/install/cpp06_exercise/share/cpp06_exercise/local_setup.sh
[0.213s] -- Up-to-date: /home/ros2/exam/install/cpp06_exercise/share/cpp06_exercise/local_setup.zsh
[0.213s] -- Up-to-date: /home/ros2/exam/install/cpp06_exercise/share/cpp06_exercise/local_setup.dsv
[0.213s] -- Installing: /home/ros2/exam/install/cpp06_exercise/share/cpp06_exercise/package.dsv
[0.213s] -- Up-to-date: /home/ros2/exam/install/cpp06_exercise/share/ament_index/resource_index/packages/cpp06_exercise
[0.213s] -- Up-to-date: /home/ros2/exam/install/cpp06_exercise/share/cpp06_exercise/cmake/cpp06_exerciseConfig.cmake
[0.213s] -- Up-to-date: /home/ros2/exam/install/cpp06_exercise/share/cpp06_exercise/cmake/cpp06_exerciseConfig-version.cmake
[0.214s] -- Up-to-date: /home/ros2/exam/install/cpp06_exercise/share/cpp06_exercise/package.xml
[0.216s] Invoked command in '/home/ros2/exam/build/cpp06_exercise' returned '0': CMAKE_PREFIX_PATH=/home/ros2/exam/install/turtlesim:/home/ros2/exam/install/demo_interfaces_base:/home/ros2/exam/install/cpp06_exercise:/home/ros2/exam/install/cpp04_param:/home/ros2/exam/install/cpp03_action:/home/ros2/exam/install/cpp02_service:/home/ros2/exam/install/cpp01_topic:/home/ros2/exam/install/cpp05_time:/opt/ros/humble /usr/bin/cmake --install /home/ros2/exam/build/cpp06_exercise
