[35m[1mConsolidate compiler generated dependencies of target demo01_param_server[0m
[ 50%] [32mBuilding CXX object CMakeFiles/demo01_param_server.dir/src/demo01_param_server.cpp.o[0m
[100%] [32m[1mLinking CXX executable demo01_param_server[0m
[100%] Built target demo01_param_server
-- Install configuration: ""
-- Installing: /home/ros2/exam/install/cpp04_param/lib/cpp04_param/demo01_param_server
-- Set runtime path of "/home/ros2/exam/install/cpp04_param/lib/cpp04_param/demo01_param_server" to ""
-- Installing: /home/ros2/exam/install/cpp04_param/share/ament_index/resource_index/package_run_dependencies/cpp04_param
-- Installing: /home/ros2/exam/install/cpp04_param/share/ament_index/resource_index/parent_prefix_path/cpp04_param
-- Installing: /home/ros2/exam/install/cpp04_param/share/cpp04_param/environment/ament_prefix_path.sh
-- Installing: /home/ros2/exam/install/cpp04_param/share/cpp04_param/environment/ament_prefix_path.dsv
-- Installing: /home/ros2/exam/install/cpp04_param/share/cpp04_param/environment/path.sh
-- Installing: /home/ros2/exam/install/cpp04_param/share/cpp04_param/environment/path.dsv
-- Installing: /home/ros2/exam/install/cpp04_param/share/cpp04_param/local_setup.bash
-- Installing: /home/ros2/exam/install/cpp04_param/share/cpp04_param/local_setup.sh
-- Installing: /home/ros2/exam/install/cpp04_param/share/cpp04_param/local_setup.zsh
-- Installing: /home/ros2/exam/install/cpp04_param/share/cpp04_param/local_setup.dsv
-- Installing: /home/ros2/exam/install/cpp04_param/share/cpp04_param/package.dsv
-- Installing: /home/ros2/exam/install/cpp04_param/share/ament_index/resource_index/packages/cpp04_param
-- Installing: /home/ros2/exam/install/cpp04_param/share/cpp04_param/cmake/cpp04_paramConfig.cmake
-- Installing: /home/ros2/exam/install/cpp04_param/share/cpp04_param/cmake/cpp04_paramConfig-version.cmake
-- Installing: /home/ros2/exam/install/cpp04_param/share/cpp04_param/package.xml
