[0.018s] Invoking command in '/home/ros2/ws01_plubing/build/cpp01_topic': AMENT_PREFIX_PATH=/home/ros2/ws01_plubing/install/base_interfaces_demo:${AMENT_PREFIX_PATH} CMAKE_PREFIX_PATH=/home/ros2/ws01_plubing/install/base_interfaces_demo:/opt/ros/humble /usr/bin/cmake --build /home/ros2/ws01_plubing/build/cpp01_topic -- -j12 -l12
[0.102s] [ 50%] Built target demo01_listener_str
[0.104s] [100%] Built target demo01_talker_str
[0.124s] Invoked command in '/home/ros2/ws01_plubing/build/cpp01_topic' returned '0': AMENT_PREFIX_PATH=/home/ros2/ws01_plubing/install/base_interfaces_demo:${AMENT_PREFIX_PATH} CMAKE_PREFIX_PATH=/home/ros2/ws01_plubing/install/base_interfaces_demo:/opt/ros/humble /usr/bin/cmake --build /home/ros2/ws01_plubing/build/cpp01_topic -- -j12 -l12
[0.138s] Invoking command in '/home/ros2/ws01_plubing/build/cpp01_topic': AMENT_PREFIX_PATH=/home/ros2/ws01_plubing/install/base_interfaces_demo:${AMENT_PREFIX_PATH} CMAKE_PREFIX_PATH=/home/ros2/ws01_plubing/install/base_interfaces_demo:/opt/ros/humble /usr/bin/cmake --install /home/ros2/ws01_plubing/build/cpp01_topic
[0.149s] -- Install configuration: ""
[0.149s] -- Up-to-date: /home/ros2/ws01_plubing/install/cpp01_topic/lib/cpp01_topic/demo01_talker_str
[0.150s] -- Up-to-date: /home/ros2/ws01_plubing/install/cpp01_topic/lib/cpp01_topic/demo01_listener_str
[0.150s] -- Up-to-date: /home/ros2/ws01_plubing/install/cpp01_topic/share/ament_index/resource_index/package_run_dependencies/cpp01_topic
[0.150s] -- Up-to-date: /home/ros2/ws01_plubing/install/cpp01_topic/share/ament_index/resource_index/parent_prefix_path/cpp01_topic
[0.151s] -- Up-to-date: /home/ros2/ws01_plubing/install/cpp01_topic/share/cpp01_topic/environment/ament_prefix_path.sh
[0.151s] -- Up-to-date: /home/ros2/ws01_plubing/install/cpp01_topic/share/cpp01_topic/environment/ament_prefix_path.dsv
[0.153s] -- Up-to-date: /home/ros2/ws01_plubing/install/cpp01_topic/share/cpp01_topic/environment/path.sh
[0.153s] -- Up-to-date: /home/ros2/ws01_plubing/install/cpp01_topic/share/cpp01_topic/environment/path.dsv
[0.153s] -- Up-to-date: /home/ros2/ws01_plubing/install/cpp01_topic/share/cpp01_topic/local_setup.bash
[0.153s] -- Up-to-date: /home/ros2/ws01_plubing/install/cpp01_topic/share/cpp01_topic/local_setup.sh
[0.154s] -- Up-to-date: /home/ros2/ws01_plubing/install/cpp01_topic/share/cpp01_topic/local_setup.zsh
[0.154s] -- Up-to-date: /home/ros2/ws01_plubing/install/cpp01_topic/share/cpp01_topic/local_setup.dsv
[0.154s] -- Installing: /home/ros2/ws01_plubing/install/cpp01_topic/share/cpp01_topic/package.dsv
[0.155s] -- Up-to-date: /home/ros2/ws01_plubing/install/cpp01_topic/share/ament_index/resource_index/packages/cpp01_topic
[0.155s] -- Up-to-date: /home/ros2/ws01_plubing/install/cpp01_topic/share/cpp01_topic/cmake/cpp01_topicConfig.cmake
[0.156s] -- Up-to-date: /home/ros2/ws01_plubing/install/cpp01_topic/share/cpp01_topic/cmake/cpp01_topicConfig-version.cmake
[0.156s] -- Up-to-date: /home/ros2/ws01_plubing/install/cpp01_topic/share/cpp01_topic/package.xml
[0.159s] Invoked command in '/home/ros2/ws01_plubing/build/cpp01_topic' returned '0': AMENT_PREFIX_PATH=/home/ros2/ws01_plubing/install/base_interfaces_demo:${AMENT_PREFIX_PATH} CMAKE_PREFIX_PATH=/home/ros2/ws01_plubing/install/base_interfaces_demo:/opt/ros/humble /usr/bin/cmake --install /home/ros2/ws01_plubing/build/cpp01_topic
