[0.074s] Invoking command in '/home/ros2/exam/build/cpp05_time': CMAKE_PREFIX_PATH=${CMAKE_PREFIX_PATH}:/opt/ros/humble /usr/bin/cmake /home/ros2/exam/cpp05_time -DCMAKE_INSTALL_PREFIX=/home/ros2/exam/install/cpp05_time
[0.407s] -- The C compiler identification is GNU 11.4.0
[0.599s] -- The CXX compiler identification is GNU 11.4.0
[0.635s] -- Detecting C compiler ABI info
[0.870s] -- Detecting C compiler ABI info - done
[0.879s] -- Check for working C compiler: /usr/bin/cc - skipped
[0.882s] -- Detecting C compile features
[0.887s] -- Detecting C compile features - done
[0.894s] -- Detecting CXX compiler ABI info
[1.147s] -- Detecting CXX compiler ABI info - done
[1.169s] -- Check for working CXX compiler: /usr/bin/c++ - skipped
[1.170s] -- Detecting CXX compile features
[1.171s] -- Detecting CXX compile features - done
[1.174s] -- Found ament_cmake: 1.3.12 (/opt/ros/humble/share/ament_cmake/cmake)
[1.478s] -- Found Python3: /usr/bin/python3 (found version "3.10.12") found components: Interpreter 
[1.618s] -- Found rclcpp: 16.0.14 (/opt/ros/humble/share/rclcpp/cmake)
[1.676s] -- Found rosidl_generator_c: 3.1.7 (/opt/ros/humble/share/rosidl_generator_c/cmake)
[1.682s] -- Found rosidl_adapter: 3.1.7 (/opt/ros/humble/share/rosidl_adapter/cmake)
[1.693s] -- Found rosidl_generator_cpp: 3.1.7 (/opt/ros/humble/share/rosidl_generator_cpp/cmake)
[1.706s] -- Using all available rosidl_typesupport_c: rosidl_typesupport_fastrtps_c;rosidl_typesupport_introspection_c
[1.733s] -- Using all available rosidl_typesupport_cpp: rosidl_typesupport_fastrtps_cpp;rosidl_typesupport_introspection_cpp
[1.807s] -- Found rmw_implementation_cmake: 6.1.2 (/opt/ros/humble/share/rmw_implementation_cmake/cmake)
[1.810s] -- Found rmw_fastrtps_cpp: 6.2.8 (/opt/ros/humble/share/rmw_fastrtps_cpp/cmake)
[1.974s] -- Found OpenSSL: /usr/lib/x86_64-linux-gnu/libcrypto.so (found version "3.0.2")  
[2.012s] -- Found FastRTPS: /opt/ros/humble/include  
[2.065s] -- Using RMW implementation 'rmw_fastrtps_cpp' as default
[2.079s] -- Looking for pthread.h
[2.215s] -- Looking for pthread.h - found
[2.216s] -- Performing Test CMAKE_HAVE_LIBC_PTHREAD
[2.321s] -- Performing Test CMAKE_HAVE_LIBC_PTHREAD - Success
[2.323s] -- Found Threads: TRUE  
[2.386s] -- Found ament_lint_auto: 0.12.14 (/opt/ros/humble/share/ament_lint_auto/cmake)
[2.494s] -- Added test 'cppcheck' to perform static code analysis on C / C++ code
[2.494s] -- Configured cppcheck include dirs: $<BUILD_INTERFACE:/home/ros2/exam/cpp05_time/include>
[2.494s] -- Configured cppcheck exclude dirs and/or files: 
[2.495s] -- Added test 'lint_cmake' to check CMake code style
[2.496s] -- Added test 'uncrustify' to check C / C++ code style
[2.496s] -- Configured uncrustify additional arguments: 
[2.497s] -- Added test 'xmllint' to check XML markup files
[2.501s] -- Configuring done
[2.514s] -- Generating done
[2.519s] -- Build files have been written to: /home/ros2/exam/build/cpp05_time
[2.530s] Invoked command in '/home/ros2/exam/build/cpp05_time' returned '0': CMAKE_PREFIX_PATH=${CMAKE_PREFIX_PATH}:/opt/ros/humble /usr/bin/cmake /home/ros2/exam/cpp05_time -DCMAKE_INSTALL_PREFIX=/home/ros2/exam/install/cpp05_time
[2.534s] Invoking command in '/home/ros2/exam/build/cpp05_time': CMAKE_PREFIX_PATH=${CMAKE_PREFIX_PATH}:/opt/ros/humble /usr/bin/cmake --build /home/ros2/exam/build/cpp05_time -- -j12 -l12
[2.619s] [ 50%] [32mBuilding CXX object CMakeFiles/demo01_time.dir/src/demo01_time.cpp.o[0m
[10.202s] [100%] [32m[1mLinking CXX executable demo01_time[0m
[10.543s] [100%] Built target demo01_time
[10.586s] Invoked command in '/home/ros2/exam/build/cpp05_time' returned '0': CMAKE_PREFIX_PATH=${CMAKE_PREFIX_PATH}:/opt/ros/humble /usr/bin/cmake --build /home/ros2/exam/build/cpp05_time -- -j12 -l12
[10.629s] Invoking command in '/home/ros2/exam/build/cpp05_time': CMAKE_PREFIX_PATH=${CMAKE_PREFIX_PATH}:/opt/ros/humble /usr/bin/cmake --install /home/ros2/exam/build/cpp05_time
[10.668s] -- Install configuration: ""
[10.668s] -- Installing: /home/ros2/exam/install/cpp05_time/lib/cpp05_time/demo01_time
[10.668s] -- Set runtime path of "/home/ros2/exam/install/cpp05_time/lib/cpp05_time/demo01_time" to ""
[10.671s] -- Installing: /home/ros2/exam/install/cpp05_time/share/ament_index/resource_index/package_run_dependencies/cpp05_time
[10.681s] -- Installing: /home/ros2/exam/install/cpp05_time/share/ament_index/resource_index/parent_prefix_path/cpp05_time
[10.703s] -- Installing: /home/ros2/exam/install/cpp05_time/share/cpp05_time/environment/ament_prefix_path.sh
[10.704s] -- Installing: /home/ros2/exam/install/cpp05_time/share/cpp05_time/environment/ament_prefix_path.dsv
[10.711s] -- Installing: /home/ros2/exam/install/cpp05_time/share/cpp05_time/environment/path.sh
[10.711s] -- Installing: /home/ros2/exam/install/cpp05_time/share/cpp05_time/environment/path.dsv
[10.711s] -- Installing: /home/ros2/exam/install/cpp05_time/share/cpp05_time/local_setup.bash
[10.711s] -- Installing: /home/ros2/exam/install/cpp05_time/share/cpp05_time/local_setup.sh
[10.711s] -- Installing: /home/ros2/exam/install/cpp05_time/share/cpp05_time/local_setup.zsh
[10.711s] -- Installing: /home/ros2/exam/install/cpp05_time/share/cpp05_time/local_setup.dsv
[10.712s] -- Installing: /home/ros2/exam/install/cpp05_time/share/cpp05_time/package.dsv
[10.712s] -- Installing: /home/ros2/exam/install/cpp05_time/share/ament_index/resource_index/packages/cpp05_time
[10.712s] -- Installing: /home/ros2/exam/install/cpp05_time/share/cpp05_time/cmake/cpp05_timeConfig.cmake
[10.712s] -- Installing: /home/ros2/exam/install/cpp05_time/share/cpp05_time/cmake/cpp05_timeConfig-version.cmake
[10.712s] -- Installing: /home/ros2/exam/install/cpp05_time/share/cpp05_time/package.xml
[10.744s] Invoked command in '/home/ros2/exam/build/cpp05_time' returned '0': CMAKE_PREFIX_PATH=${CMAKE_PREFIX_PATH}:/opt/ros/humble /usr/bin/cmake --install /home/ros2/exam/build/cpp05_time
