[0.081s] Invoking command in '/home/ros2/exam/build/cpp06_exercise': CMAKE_PREFIX_PATH=/home/ros2/exam/install/turtlesim:/home/ros2/exam/install/demo_interfaces_base:/home/ros2/exam/install/cpp06_exercise:/home/ros2/exam/install/cpp04_param:/home/ros2/exam/install/cpp03_action:/home/ros2/exam/install/cpp02_service:/home/ros2/exam/install/cpp01_topic:/home/ros2/exam/install/cpp05_time:/opt/ros/humble /usr/bin/cmake --build /home/ros2/exam/build/cpp06_exercise -- -j12 -l12
[0.163s] [ 33%] Built target exer01_pub_sub
[0.163s] [ 50%] [32mBuilding CXX object CMakeFiles/exer02_service.dir/src/exer02_service.cpp.o[0m
[0.164s] [ 66%] [32mBuilding CXX object CMakeFiles/exer02_client.dir/src/exer02_client.cpp.o[0m
[5.593s] [ 83%] [32m[1mLinking CXX executable exer02_client[0m
[5.829s] [ 83%] Built target exer02_client
[11.113s] [100%] [32m[1mLinking CXX executable exer02_service[0m
[11.684s] [100%] Built target exer02_service
[11.703s] Invoked command in '/home/ros2/exam/build/cpp06_exercise' returned '0': CMAKE_PREFIX_PATH=/home/ros2/exam/install/turtlesim:/home/ros2/exam/install/demo_interfaces_base:/home/ros2/exam/install/cpp06_exercise:/home/ros2/exam/install/cpp04_param:/home/ros2/exam/install/cpp03_action:/home/ros2/exam/install/cpp02_service:/home/ros2/exam/install/cpp01_topic:/home/ros2/exam/install/cpp05_time:/opt/ros/humble /usr/bin/cmake --build /home/ros2/exam/build/cpp06_exercise -- -j12 -l12
[11.725s] Invoking command in '/home/ros2/exam/build/cpp06_exercise': CMAKE_PREFIX_PATH=/home/ros2/exam/install/turtlesim:/home/ros2/exam/install/demo_interfaces_base:/home/ros2/exam/install/cpp06_exercise:/home/ros2/exam/install/cpp04_param:/home/ros2/exam/install/cpp03_action:/home/ros2/exam/install/cpp02_service:/home/ros2/exam/install/cpp01_topic:/home/ros2/exam/install/cpp05_time:/opt/ros/humble /usr/bin/cmake --install /home/ros2/exam/build/cpp06_exercise
[11.742s] -- Install configuration: ""
[11.742s] -- Up-to-date: /home/ros2/exam/install/cpp06_exercise/lib/cpp06_exercise/exer01_pub_sub
[11.743s] -- Installing: /home/ros2/exam/install/cpp06_exercise/lib/cpp06_exercise/exer02_client
[11.745s] -- Set runtime path of "/home/ros2/exam/install/cpp06_exercise/lib/cpp06_exercise/exer02_client" to ""
[11.745s] -- Installing: /home/ros2/exam/install/cpp06_exercise/lib/cpp06_exercise/exer02_service
[11.751s] -- Set runtime path of "/home/ros2/exam/install/cpp06_exercise/lib/cpp06_exercise/exer02_service" to ""
[11.752s] -- Up-to-date: /home/ros2/exam/install/cpp06_exercise/share/cpp06_exercise/launch
[11.752s] -- Up-to-date: /home/ros2/exam/install/cpp06_exercise/share/cpp06_exercise/launch/exer01_pub_sub_launch.py
[11.752s] -- Up-to-date: /home/ros2/exam/install/cpp06_exercise/share/cpp06_exercise/launch/exer02_service_launch.py
[11.752s] -- Up-to-date: /home/ros2/exam/install/cpp06_exercise/share/ament_index/resource_index/package_run_dependencies/cpp06_exercise
[11.752s] -- Up-to-date: /home/ros2/exam/install/cpp06_exercise/share/ament_index/resource_index/parent_prefix_path/cpp06_exercise
[11.752s] -- Up-to-date: /home/ros2/exam/install/cpp06_exercise/share/cpp06_exercise/environment/ament_prefix_path.sh
[11.752s] -- Up-to-date: /home/ros2/exam/install/cpp06_exercise/share/cpp06_exercise/environment/ament_prefix_path.dsv
[11.752s] -- Up-to-date: /home/ros2/exam/install/cpp06_exercise/share/cpp06_exercise/environment/path.sh
[11.752s] -- Up-to-date: /home/ros2/exam/install/cpp06_exercise/share/cpp06_exercise/environment/path.dsv
[11.753s] -- Up-to-date: /home/ros2/exam/install/cpp06_exercise/share/cpp06_exercise/local_setup.bash
[11.753s] -- Up-to-date: /home/ros2/exam/install/cpp06_exercise/share/cpp06_exercise/local_setup.sh
[11.753s] -- Up-to-date: /home/ros2/exam/install/cpp06_exercise/share/cpp06_exercise/local_setup.zsh
[11.753s] -- Up-to-date: /home/ros2/exam/install/cpp06_exercise/share/cpp06_exercise/local_setup.dsv
[11.753s] -- Up-to-date: /home/ros2/exam/install/cpp06_exercise/share/cpp06_exercise/package.dsv
[11.753s] -- Up-to-date: /home/ros2/exam/install/cpp06_exercise/share/ament_index/resource_index/packages/cpp06_exercise
[11.753s] -- Up-to-date: /home/ros2/exam/install/cpp06_exercise/share/cpp06_exercise/cmake/cpp06_exerciseConfig.cmake
[11.753s] -- Up-to-date: /home/ros2/exam/install/cpp06_exercise/share/cpp06_exercise/cmake/cpp06_exerciseConfig-version.cmake
[11.754s] -- Up-to-date: /home/ros2/exam/install/cpp06_exercise/share/cpp06_exercise/package.xml
[11.756s] Invoked command in '/home/ros2/exam/build/cpp06_exercise' returned '0': CMAKE_PREFIX_PATH=/home/ros2/exam/install/turtlesim:/home/ros2/exam/install/demo_interfaces_base:/home/ros2/exam/install/cpp06_exercise:/home/ros2/exam/install/cpp04_param:/home/ros2/exam/install/cpp03_action:/home/ros2/exam/install/cpp02_service:/home/ros2/exam/install/cpp01_topic:/home/ros2/exam/install/cpp05_time:/opt/ros/humble /usr/bin/cmake --install /home/ros2/exam/build/cpp06_exercise
