[0.056s] Invoking command in '/home/ros2/ws01_plubing/build/cpp01_topic': CMAKE_PREFIX_PATH=/home/ros2/ws01_plubing/install/base_interfaces_demo:/home/ros2/ws01_plubing/install/cpp02_service:/home/ros2/ws01_plubing/install/cpp01_topic:/opt/ros/humble /usr/bin/cmake --build /home/ros2/ws01_plubing/build/cpp01_topic -- -j12 -l12
[0.156s] [35m[1mConsolidate compiler generated dependencies of target demo01_talker_stu[0m
[0.156s] [35m[1mConsolidate compiler generated dependencies of target demo01_listener_stu[0m
[0.176s] [ 25%] Built target demo01_talker_str
[0.176s] [ 50%] Built target demo01_listener_str
[0.185s] [ 75%] Built target demo01_talker_stu
[0.185s] [100%] Built target demo01_listener_stu
[0.203s] Invoked command in '/home/ros2/ws01_plubing/build/cpp01_topic' returned '0': CMAKE_PREFIX_PATH=/home/ros2/ws01_plubing/install/base_interfaces_demo:/home/ros2/ws01_plubing/install/cpp02_service:/home/ros2/ws01_plubing/install/cpp01_topic:/opt/ros/humble /usr/bin/cmake --build /home/ros2/ws01_plubing/build/cpp01_topic -- -j12 -l12
[0.212s] Invoking command in '/home/ros2/ws01_plubing/build/cpp01_topic': CMAKE_PREFIX_PATH=/home/ros2/ws01_plubing/install/base_interfaces_demo:/home/ros2/ws01_plubing/install/cpp02_service:/home/ros2/ws01_plubing/install/cpp01_topic:/opt/ros/humble /usr/bin/cmake --install /home/ros2/ws01_plubing/build/cpp01_topic
[0.227s] -- Install configuration: ""
[0.236s] -- Up-to-date: /home/ros2/ws01_plubing/install/cpp01_topic/lib/cpp01_topic/demo01_talker_str
[0.247s] -- Up-to-date: /home/ros2/ws01_plubing/install/cpp01_topic/lib/cpp01_topic/demo01_listener_str
[0.257s] -- Up-to-date: /home/ros2/ws01_plubing/install/cpp01_topic/lib/cpp01_topic/demo01_talker_stu
[0.267s] -- Up-to-date: /home/ros2/ws01_plubing/install/cpp01_topic/lib/cpp01_topic/demo01_listener_stu
[0.268s] -- Up-to-date: /home/ros2/ws01_plubing/install/cpp01_topic/share/ament_index/resource_index/package_run_dependencies/cpp01_topic
[0.268s] -- Up-to-date: /home/ros2/ws01_plubing/install/cpp01_topic/share/ament_index/resource_index/parent_prefix_path/cpp01_topic
[0.268s] -- Up-to-date: /home/ros2/ws01_plubing/install/cpp01_topic/share/cpp01_topic/environment/ament_prefix_path.sh
[0.268s] -- Up-to-date: /home/ros2/ws01_plubing/install/cpp01_topic/share/cpp01_topic/environment/ament_prefix_path.dsv
[0.268s] -- Up-to-date: /home/ros2/ws01_plubing/install/cpp01_topic/share/cpp01_topic/environment/path.sh
[0.268s] -- Up-to-date: /home/ros2/ws01_plubing/install/cpp01_topic/share/cpp01_topic/environment/path.dsv
[0.268s] -- Up-to-date: /home/ros2/ws01_plubing/install/cpp01_topic/share/cpp01_topic/local_setup.bash
[0.268s] -- Up-to-date: /home/ros2/ws01_plubing/install/cpp01_topic/share/cpp01_topic/local_setup.sh
[0.269s] -- Up-to-date: /home/ros2/ws01_plubing/install/cpp01_topic/share/cpp01_topic/local_setup.zsh
[0.269s] -- Up-to-date: /home/ros2/ws01_plubing/install/cpp01_topic/share/cpp01_topic/local_setup.dsv
[0.269s] -- Installing: /home/ros2/ws01_plubing/install/cpp01_topic/share/cpp01_topic/package.dsv
[0.272s] -- Up-to-date: /home/ros2/ws01_plubing/install/cpp01_topic/share/ament_index/resource_index/packages/cpp01_topic
[0.272s] -- Up-to-date: /home/ros2/ws01_plubing/install/cpp01_topic/share/cpp01_topic/cmake/cpp01_topicConfig.cmake
[0.272s] -- Up-to-date: /home/ros2/ws01_plubing/install/cpp01_topic/share/cpp01_topic/cmake/cpp01_topicConfig-version.cmake
[0.272s] -- Up-to-date: /home/ros2/ws01_plubing/install/cpp01_topic/share/cpp01_topic/package.xml
[0.275s] Invoked command in '/home/ros2/ws01_plubing/build/cpp01_topic' returned '0': CMAKE_PREFIX_PATH=/home/ros2/ws01_plubing/install/base_interfaces_demo:/home/ros2/ws01_plubing/install/cpp02_service:/home/ros2/ws01_plubing/install/cpp01_topic:/opt/ros/humble /usr/bin/cmake --install /home/ros2/ws01_plubing/build/cpp01_topic
