[0.068s] Invoking command in '/home/ros2/exam/build/demo_interfaces_base': CMAKE_PREFIX_PATH=${CMAKE_PREFIX_PATH}:/opt/ros/humble /usr/bin/cmake --build /home/ros2/exam/build/demo_interfaces_base -- -j12 -l12
[0.095s] -- Found ament_cmake: 1.3.12 (/opt/ros/humble/share/ament_cmake/cmake)
[0.233s] -- Found rosidl_default_generators: 1.2.0 (/opt/ros/humble/share/rosidl_default_generators/cmake)
[0.235s] -- Using all available rosidl_typesupport_c: rosidl_typesupport_fastrtps_c;rosidl_typesupport_introspection_c
[0.238s] -- Found rosidl_adapter: 3.1.7 (/opt/ros/humble/share/rosidl_adapter/cmake)
[0.263s] -- Using all available rosidl_typesupport_cpp: rosidl_typesupport_fastrtps_cpp;rosidl_typesupport_introspection_cpp
[0.565s] [31mCMake Error at /opt/ros/humble/share/rosidl_adapter/cmake/rosidl_adapt_interfaces.cmake:59 (message):
[0.565s]   execute_process(/usr/bin/python3 -m rosidl_adapter --package-name
[0.565s]   demo_interfaces_base --arguments-file
[0.565s]   /home/ros2/exam/build/demo_interfaces_base/rosidl_adapter__arguments__demo_interfaces_base.json
[0.565s]   --output-dir
[0.565s]   /home/ros2/exam/build/demo_interfaces_base/rosidl_adapter/demo_interfaces_base
[0.566s]   --output-file
[0.566s]   /home/ros2/exam/build/demo_interfaces_base/rosidl_adapter/demo_interfaces_base.idls)
[0.566s]   returned error code 1:
[0.566s] 
[0.566s]   Error processing 'float distance' of
[0.566s]   'demo_interfaces_base/Distance_Response': ''float' is an invalid message
[0.566s]   name.  It should have the pattern '^[A-Z][A-Za-z0-9]*$''
[0.567s] 
[0.567s]   Traceback (most recent call last):
[0.567s] 
[0.567s]     File "/usr/lib/python3.10/runpy.py", line 196, in _run_module_as_main
[0.567s]       return _run_code(code, main_globals, None,
[0.568s]     File "/usr/lib/python3.10/runpy.py", line 86, in _run_code
[0.568s]       exec(code, run_globals)
[0.568s]     File "/opt/ros/humble/local/lib/python3.10/dist-packages/rosidl_adapter/__main__.py", line 19, in <module>
[0.568s]       sys.exit(main())
[0.568s]     File "/opt/ros/humble/local/lib/python3.10/dist-packages/rosidl_adapter/main.py", line 53, in main
[0.568s]       abs_idl_file = convert_to_idl(
[0.569s]     File "/opt/ros/humble/local/lib/python3.10/dist-packages/rosidl_adapter/__init__.py", line 24, in convert_to_idl
[0.569s]       return convert_srv_to_idl(
[0.569s]     File "/opt/ros/humble/local/lib/python3.10/dist-packages/rosidl_adapter/srv/__init__.py", line 28, in convert_srv_to_idl
[0.569s]       srv = parse_service_string(package_name, input_file.stem, content)
[0.569s]     File "/opt/ros/humble/local/lib/python3.10/dist-packages/rosidl_adapter/parser.py", line 863, in parse_service_string
[0.569s]       response_message = parse_message_string(
[0.569s]     File "/opt/ros/humble/local/lib/python3.10/dist-packages/rosidl_adapter/parser.py", line 520, in parse_message_string
[0.569s]       Type(type_string, context_package_name=pkg_name),
[0.569s]     File "/opt/ros/humble/local/lib/python3.10/dist-packages/rosidl_adapter/parser.py", line 277, in __init__
[0.569s]       super(Type, self).__init__(
[0.570s]     File "/opt/ros/humble/local/lib/python3.10/dist-packages/rosidl_adapter/parser.py", line 205, in __init__
[0.570s]       raise InvalidResourceName(
[0.570s] 
[0.570s]   rosidl_adapter.parser.InvalidResourceName: 'float' is an invalid message
[0.570s]   name.  It should have the pattern '^[A-Z][A-Za-z0-9]*$'
[0.570s] 
[0.570s] Call Stack (most recent call first):
[0.570s]   /opt/ros/humble/share/rosidl_cmake/cmake/rosidl_generate_interfaces.cmake:130 (rosidl_adapt_interfaces)
[0.570s]   CMakeLists.txt:15 (rosidl_generate_interfaces)
[0.574s] 
[0.574s] [0m
[0.574s] -- Configuring incomplete, errors occurred!
[0.574s] See also "/home/ros2/exam/build/demo_interfaces_base/CMakeFiles/CMakeOutput.log".
[0.579s] gmake: *** [Makefile:1179: cmake_check_build_system] Error 1
[0.583s] Invoked command in '/home/ros2/exam/build/demo_interfaces_base' returned '2': CMAKE_PREFIX_PATH=${CMAKE_PREFIX_PATH}:/opt/ros/humble /usr/bin/cmake --build /home/ros2/exam/build/demo_interfaces_base -- -j12 -l12
