[0.026s] Invoking command in '/home/ros2/ws01_plubing/build/cpp02_service': CMAKE_PREFIX_PATH=/home/ros2/ws01_plubing/install/base_interfaces_demo:/home/ros2/ws01_plubing/install/cpp02_service:/home/ros2/ws01_plubing/install/cpp01_topic:/opt/ros/humble /usr/bin/cmake --build /home/ros2/ws01_plubing/build/cpp02_service --clean-first -- -j12 -l12
[0.245s] [ 50%] [32mBuilding CXX object CMakeFiles/demo01_service.dir/src/demo01_service.cpp.o[0m
[3.849s] [100%] [32m[1mLinking CXX executable demo01_service[0m
[4.026s] [100%] Built target demo01_service
[4.046s] Invoked command in '/home/ros2/ws01_plubing/build/cpp02_service' returned '0': CMAKE_PREFIX_PATH=/home/ros2/ws01_plubing/install/base_interfaces_demo:/home/ros2/ws01_plubing/install/cpp02_service:/home/ros2/ws01_plubing/install/cpp01_topic:/opt/ros/humble /usr/bin/cmake --build /home/ros2/ws01_plubing/build/cpp02_service --clean-first -- -j12 -l12
[4.063s] Invoking command in '/home/ros2/ws01_plubing/build/cpp02_service': CMAKE_PREFIX_PATH=/home/ros2/ws01_plubing/install/base_interfaces_demo:/home/ros2/ws01_plubing/install/cpp02_service:/home/ros2/ws01_plubing/install/cpp01_topic:/opt/ros/humble /usr/bin/cmake --install /home/ros2/ws01_plubing/build/cpp02_service
[4.075s] -- Install configuration: ""
[4.075s] -- Installing: /home/ros2/ws01_plubing/install/cpp02_service/lib/cpp02_service/demo01_service
[4.077s] -- Set runtime path of "/home/ros2/ws01_plubing/install/cpp02_service/lib/cpp02_service/demo01_service" to ""
[4.077s] -- Up-to-date: /home/ros2/ws01_plubing/install/cpp02_service/share/ament_index/resource_index/package_run_dependencies/cpp02_service
[4.078s] -- Up-to-date: /home/ros2/ws01_plubing/install/cpp02_service/share/ament_index/resource_index/parent_prefix_path/cpp02_service
[4.078s] -- Up-to-date: /home/ros2/ws01_plubing/install/cpp02_service/share/cpp02_service/environment/ament_prefix_path.sh
[4.078s] -- Up-to-date: /home/ros2/ws01_plubing/install/cpp02_service/share/cpp02_service/environment/ament_prefix_path.dsv
[4.078s] -- Up-to-date: /home/ros2/ws01_plubing/install/cpp02_service/share/cpp02_service/environment/path.sh
[4.078s] -- Up-to-date: /home/ros2/ws01_plubing/install/cpp02_service/share/cpp02_service/environment/path.dsv
[4.078s] -- Up-to-date: /home/ros2/ws01_plubing/install/cpp02_service/share/cpp02_service/local_setup.bash
[4.078s] -- Up-to-date: /home/ros2/ws01_plubing/install/cpp02_service/share/cpp02_service/local_setup.sh
[4.079s] -- Up-to-date: /home/ros2/ws01_plubing/install/cpp02_service/share/cpp02_service/local_setup.zsh
[4.079s] -- Up-to-date: /home/ros2/ws01_plubing/install/cpp02_service/share/cpp02_service/local_setup.dsv
[4.079s] -- Installing: /home/ros2/ws01_plubing/install/cpp02_service/share/cpp02_service/package.dsv
[4.079s] -- Up-to-date: /home/ros2/ws01_plubing/install/cpp02_service/share/ament_index/resource_index/packages/cpp02_service
[4.079s] -- Up-to-date: /home/ros2/ws01_plubing/install/cpp02_service/share/cpp02_service/cmake/cpp02_serviceConfig.cmake
[4.079s] -- Up-to-date: /home/ros2/ws01_plubing/install/cpp02_service/share/cpp02_service/cmake/cpp02_serviceConfig-version.cmake
[4.080s] -- Up-to-date: /home/ros2/ws01_plubing/install/cpp02_service/share/cpp02_service/package.xml
[4.086s] Invoked command in '/home/ros2/ws01_plubing/build/cpp02_service' returned '0': CMAKE_PREFIX_PATH=/home/ros2/ws01_plubing/install/base_interfaces_demo:/home/ros2/ws01_plubing/install/cpp02_service:/home/ros2/ws01_plubing/install/cpp01_topic:/opt/ros/humble /usr/bin/cmake --install /home/ros2/ws01_plubing/build/cpp02_service
