[0.139s] DEBUG:colcon:Command line arguments: ['/usr/bin/colcon', 'build']
[0.140s] DEBUG:colcon:Parsed command line arguments: Namespace(log_base=None, log_level=None, verb_name='build', build_base='build', install_base='install', merge_install=False, symlink_install=False, test_result_base=None, continue_on_error=False, executor='parallel', parallel_workers=12, event_handlers=None, ignore_user_meta=False, metas=['./colcon.meta'], base_paths=['.'], packages_ignore=None, packages_ignore_regex=None, paths=None, packages_up_to=None, packages_up_to_regex=None, packages_above=None, packages_above_and_dependencies=None, packages_above_depth=None, packages_select_by_dep=None, packages_skip_by_dep=None, packages_skip_up_to=None, packages_select_build_failed=False, packages_skip_build_finished=False, packages_select_test_failures=False, packages_skip_test_passed=False, packages_select=None, packages_skip=None, packages_select_regex=None, packages_skip_regex=None, packages_start=None, packages_end=None, allow_overriding=[], cmake_args=None, cmake_target=None, cmake_target_skip_unavailable=False, cmake_clean_cache=False, cmake_clean_first=False, cmake_force_configure=False, ament_cmake_args=None, catkin_cmake_args=None, catkin_skip_building_tests=False, verb_parser=<colcon_defaults.argument_parser.defaults.DefaultArgumentsDecorator object at 0x757e0b92ad70>, verb_extension=<colcon_core.verb.build.BuildVerb object at 0x757e0b92a1d0>, main=<bound method BuildVerb.main of <colcon_core.verb.build.BuildVerb object at 0x757e0b92a1d0>>)
[0.333s] Level 1:colcon.colcon_core.package_discovery:discover_packages(colcon_meta) check parameters
[0.333s] Level 1:colcon.colcon_core.package_discovery:discover_packages(recursive) check parameters
[0.333s] Level 1:colcon.colcon_core.package_discovery:discover_packages(ignore) check parameters
[0.333s] Level 1:colcon.colcon_core.package_discovery:discover_packages(path) check parameters
[0.333s] Level 1:colcon.colcon_core.package_discovery:discover_packages(colcon_meta) discover
[0.333s] Level 1:colcon.colcon_core.package_discovery:discover_packages(recursive) discover
[0.333s] INFO:colcon.colcon_core.package_discovery:Crawling recursively for packages in '/home/ros2/ws01_plubing/src'
[0.333s] Level 1:colcon.colcon_core.package_identification:_identify(.) by extensions ['ignore', 'ignore_ament_install']
[0.333s] Level 1:colcon.colcon_core.package_identification:_identify(.) by extension 'ignore'
[0.333s] Level 1:colcon.colcon_core.package_identification:_identify(.) by extension 'ignore_ament_install'
[0.333s] Level 1:colcon.colcon_core.package_identification:_identify(.) by extensions ['colcon_pkg']
[0.333s] Level 1:colcon.colcon_core.package_identification:_identify(.) by extension 'colcon_pkg'
[0.334s] Level 1:colcon.colcon_core.package_identification:_identify(.) by extensions ['colcon_meta']
[0.334s] Level 1:colcon.colcon_core.package_identification:_identify(.) by extension 'colcon_meta'
[0.334s] Level 1:colcon.colcon_core.package_identification:_identify(.) by extensions ['ros']
[0.334s] Level 1:colcon.colcon_core.package_identification:_identify(.) by extension 'ros'
[0.352s] Level 1:colcon.colcon_core.package_identification:_identify(.) by extensions ['cmake', 'python']
[0.352s] Level 1:colcon.colcon_core.package_identification:_identify(.) by extension 'cmake'
[0.352s] Level 1:colcon.colcon_core.package_identification:_identify(.) by extension 'python'
[0.352s] Level 1:colcon.colcon_core.package_identification:_identify(.) by extensions ['python_setup_py']
[0.352s] Level 1:colcon.colcon_core.package_identification:_identify(.) by extension 'python_setup_py'
[0.352s] Level 1:colcon.colcon_core.package_identification:_identify(base_interfaces_demo) by extensions ['ignore', 'ignore_ament_install']
[0.352s] Level 1:colcon.colcon_core.package_identification:_identify(base_interfaces_demo) by extension 'ignore'
[0.352s] Level 1:colcon.colcon_core.package_identification:_identify(base_interfaces_demo) by extension 'ignore_ament_install'
[0.352s] Level 1:colcon.colcon_core.package_identification:_identify(base_interfaces_demo) by extensions ['colcon_pkg']
[0.352s] Level 1:colcon.colcon_core.package_identification:_identify(base_interfaces_demo) by extension 'colcon_pkg'
[0.353s] Level 1:colcon.colcon_core.package_identification:_identify(base_interfaces_demo) by extensions ['colcon_meta']
[0.353s] Level 1:colcon.colcon_core.package_identification:_identify(base_interfaces_demo) by extension 'colcon_meta'
[0.353s] Level 1:colcon.colcon_core.package_identification:_identify(base_interfaces_demo) by extensions ['ros']
[0.353s] Level 1:colcon.colcon_core.package_identification:_identify(base_interfaces_demo) by extension 'ros'
[0.405s] DEBUG:colcon.colcon_core.package_identification:Package 'base_interfaces_demo' with type 'ros.ament_cmake' and name 'base_interfaces_demo'
[0.405s] Level 1:colcon.colcon_core.package_identification:_identify(build) by extensions ['ignore', 'ignore_ament_install']
[0.405s] Level 1:colcon.colcon_core.package_identification:_identify(build) by extension 'ignore'
[0.405s] Level 1:colcon.colcon_core.package_identification:_identify(build) ignored
[0.405s] Level 1:colcon.colcon_core.package_identification:_identify(cpp01_topic) by extensions ['ignore', 'ignore_ament_install']
[0.406s] Level 1:colcon.colcon_core.package_identification:_identify(cpp01_topic) by extension 'ignore'
[0.406s] Level 1:colcon.colcon_core.package_identification:_identify(cpp01_topic) by extension 'ignore_ament_install'
[0.406s] Level 1:colcon.colcon_core.package_identification:_identify(cpp01_topic) by extensions ['colcon_pkg']
[0.406s] Level 1:colcon.colcon_core.package_identification:_identify(cpp01_topic) by extension 'colcon_pkg'
[0.406s] Level 1:colcon.colcon_core.package_identification:_identify(cpp01_topic) by extensions ['colcon_meta']
[0.406s] Level 1:colcon.colcon_core.package_identification:_identify(cpp01_topic) by extension 'colcon_meta'
[0.406s] Level 1:colcon.colcon_core.package_identification:_identify(cpp01_topic) by extensions ['ros']
[0.406s] Level 1:colcon.colcon_core.package_identification:_identify(cpp01_topic) by extension 'ros'
[0.407s] DEBUG:colcon.colcon_core.package_identification:Package 'cpp01_topic' with type 'ros.ament_cmake' and name 'cpp01_topic'
[0.407s] Level 1:colcon.colcon_core.package_identification:_identify(install) by extensions ['ignore', 'ignore_ament_install']
[0.407s] Level 1:colcon.colcon_core.package_identification:_identify(install) by extension 'ignore'
[0.407s] Level 1:colcon.colcon_core.package_identification:_identify(install) ignored
[0.408s] Level 1:colcon.colcon_core.package_identification:_identify(log) by extensions ['ignore', 'ignore_ament_install']
[0.408s] Level 1:colcon.colcon_core.package_identification:_identify(log) by extension 'ignore'
[0.408s] Level 1:colcon.colcon_core.package_identification:_identify(log) ignored
[0.408s] Level 1:colcon.colcon_core.package_discovery:discover_packages(recursive) using defaults
[0.408s] Level 1:colcon.colcon_core.package_discovery:discover_packages(ignore) discover
[0.408s] Level 1:colcon.colcon_core.package_discovery:discover_packages(ignore) using defaults
[0.408s] Level 1:colcon.colcon_core.package_discovery:discover_packages(path) discover
[0.408s] Level 1:colcon.colcon_core.package_discovery:discover_packages(path) using defaults
[0.438s] Level 1:colcon.colcon_core.package_discovery:discover_packages(prefix_path) check parameters
[0.438s] Level 1:colcon.colcon_core.package_discovery:discover_packages(prefix_path) discover
[0.443s] DEBUG:colcon.colcon_installed_package_information.package_discovery:Found 271 installed packages in /opt/ros/humble
[0.446s] Level 1:colcon.colcon_core.package_discovery:discover_packages(prefix_path) using defaults
[0.514s] Level 5:colcon.colcon_core.verb:set package 'base_interfaces_demo' build argument 'cmake_args' from command line to 'None'
[0.514s] Level 5:colcon.colcon_core.verb:set package 'base_interfaces_demo' build argument 'cmake_target' from command line to 'None'
[0.514s] Level 5:colcon.colcon_core.verb:set package 'base_interfaces_demo' build argument 'cmake_target_skip_unavailable' from command line to 'False'
[0.514s] Level 5:colcon.colcon_core.verb:set package 'base_interfaces_demo' build argument 'cmake_clean_cache' from command line to 'False'
[0.514s] Level 5:colcon.colcon_core.verb:set package 'base_interfaces_demo' build argument 'cmake_clean_first' from command line to 'False'
[0.514s] Level 5:colcon.colcon_core.verb:set package 'base_interfaces_demo' build argument 'cmake_force_configure' from command line to 'False'
[0.514s] Level 5:colcon.colcon_core.verb:set package 'base_interfaces_demo' build argument 'ament_cmake_args' from command line to 'None'
[0.514s] Level 5:colcon.colcon_core.verb:set package 'base_interfaces_demo' build argument 'catkin_cmake_args' from command line to 'None'
[0.514s] Level 5:colcon.colcon_core.verb:set package 'base_interfaces_demo' build argument 'catkin_skip_building_tests' from command line to 'False'
[0.514s] DEBUG:colcon.colcon_core.verb:Building package 'base_interfaces_demo' with the following arguments: {'ament_cmake_args': None, 'build_base': '/home/ros2/ws01_plubing/src/build/base_interfaces_demo', 'catkin_cmake_args': None, 'catkin_skip_building_tests': False, 'cmake_args': None, 'cmake_clean_cache': False, 'cmake_clean_first': False, 'cmake_force_configure': False, 'cmake_target': None, 'cmake_target_skip_unavailable': False, 'install_base': '/home/ros2/ws01_plubing/src/install/base_interfaces_demo', 'merge_install': False, 'path': '/home/ros2/ws01_plubing/src/base_interfaces_demo', 'symlink_install': False, 'test_result_base': None}
[0.514s] Level 5:colcon.colcon_core.verb:set package 'cpp01_topic' build argument 'cmake_args' from command line to 'None'
[0.514s] Level 5:colcon.colcon_core.verb:set package 'cpp01_topic' build argument 'cmake_target' from command line to 'None'
[0.514s] Level 5:colcon.colcon_core.verb:set package 'cpp01_topic' build argument 'cmake_target_skip_unavailable' from command line to 'False'
[0.514s] Level 5:colcon.colcon_core.verb:set package 'cpp01_topic' build argument 'cmake_clean_cache' from command line to 'False'
[0.514s] Level 5:colcon.colcon_core.verb:set package 'cpp01_topic' build argument 'cmake_clean_first' from command line to 'False'
[0.514s] Level 5:colcon.colcon_core.verb:set package 'cpp01_topic' build argument 'cmake_force_configure' from command line to 'False'
[0.514s] Level 5:colcon.colcon_core.verb:set package 'cpp01_topic' build argument 'ament_cmake_args' from command line to 'None'
[0.514s] Level 5:colcon.colcon_core.verb:set package 'cpp01_topic' build argument 'catkin_cmake_args' from command line to 'None'
[0.514s] Level 5:colcon.colcon_core.verb:set package 'cpp01_topic' build argument 'catkin_skip_building_tests' from command line to 'False'
[0.514s] DEBUG:colcon.colcon_core.verb:Building package 'cpp01_topic' with the following arguments: {'ament_cmake_args': None, 'build_base': '/home/ros2/ws01_plubing/src/build/cpp01_topic', 'catkin_cmake_args': None, 'catkin_skip_building_tests': False, 'cmake_args': None, 'cmake_clean_cache': False, 'cmake_clean_first': False, 'cmake_force_configure': False, 'cmake_target': None, 'cmake_target_skip_unavailable': False, 'install_base': '/home/ros2/ws01_plubing/src/install/cpp01_topic', 'merge_install': False, 'path': '/home/ros2/ws01_plubing/src/cpp01_topic', 'symlink_install': False, 'test_result_base': None}
[0.514s] INFO:colcon.colcon_core.executor:Executing jobs using 'parallel' executor
[0.516s] DEBUG:colcon.colcon_parallel_executor.executor.parallel:run_until_complete
[0.516s] INFO:colcon.colcon_ros.task.ament_cmake.build:Building ROS package in '/home/ros2/ws01_plubing/src/base_interfaces_demo' with build type 'ament_cmake'
[0.516s] INFO:colcon.colcon_cmake.task.cmake.build:Building CMake package in '/home/ros2/ws01_plubing/src/base_interfaces_demo'
[0.519s] INFO:colcon.colcon_core.plugin_system:Skipping extension 'colcon_core.shell.bat': Not used on non-Windows systems
[0.519s] INFO:colcon.colcon_core.shell:Skip shell extension 'powershell' for command environment: Not usable outside of PowerShell
[0.519s] DEBUG:colcon.colcon_core.shell:Skip shell extension 'dsv' for command environment
[0.584s] DEBUG:colcon.colcon_core.event_handler.log_command:Invoking command in '/home/ros2/ws01_plubing/src/build/base_interfaces_demo': CMAKE_PREFIX_PATH=/opt/ros/humble /usr/bin/cmake /home/ros2/ws01_plubing/src/base_interfaces_demo -DCMAKE_INSTALL_PREFIX=/home/ros2/ws01_plubing/src/install/base_interfaces_demo
[3.041s] DEBUG:colcon.colcon_core.event_handler.log_command:Invoked command in '/home/ros2/ws01_plubing/src/build/base_interfaces_demo' returned '0': CMAKE_PREFIX_PATH=/opt/ros/humble /usr/bin/cmake /home/ros2/ws01_plubing/src/base_interfaces_demo -DCMAKE_INSTALL_PREFIX=/home/ros2/ws01_plubing/src/install/base_interfaces_demo
[3.043s] DEBUG:colcon.colcon_core.event_handler.log_command:Invoking command in '/home/ros2/ws01_plubing/src/build/base_interfaces_demo': CMAKE_PREFIX_PATH=/opt/ros/humble /usr/bin/cmake --build /home/ros2/ws01_plubing/src/build/base_interfaces_demo -- -j12 -l12
[3.112s] DEBUG:colcon.colcon_core.event_handler.log_command:Invoked command in '/home/ros2/ws01_plubing/src/build/base_interfaces_demo' returned '0': CMAKE_PREFIX_PATH=/opt/ros/humble /usr/bin/cmake --build /home/ros2/ws01_plubing/src/build/base_interfaces_demo -- -j12 -l12
[3.131s] DEBUG:colcon.colcon_core.event_handler.log_command:Invoking command in '/home/ros2/ws01_plubing/src/build/base_interfaces_demo': CMAKE_PREFIX_PATH=/opt/ros/humble /usr/bin/cmake --install /home/ros2/ws01_plubing/src/build/base_interfaces_demo
[3.152s] Level 1:colcon.colcon_core.environment:create_environment_scripts_only(base_interfaces_demo)
[3.153s] DEBUG:colcon.colcon_core.event_handler.log_command:Invoked command in '/home/ros2/ws01_plubing/src/build/base_interfaces_demo' returned '0': CMAKE_PREFIX_PATH=/opt/ros/humble /usr/bin/cmake --install /home/ros2/ws01_plubing/src/build/base_interfaces_demo
[3.261s] Level 1:colcon.colcon_core.environment:checking '/home/ros2/ws01_plubing/src/install/base_interfaces_demo' for CMake module files
[3.262s] Level 1:colcon.colcon_core.environment:checking '/home/ros2/ws01_plubing/src/install/base_interfaces_demo' for CMake config files
[3.262s] Level 1:colcon.colcon_core.shell:create_environment_hook('base_interfaces_demo', 'cmake_prefix_path')
[3.262s] INFO:colcon.colcon_core.shell:Creating environment hook '/home/ros2/ws01_plubing/src/install/base_interfaces_demo/share/base_interfaces_demo/hook/cmake_prefix_path.ps1'
[3.267s] INFO:colcon.colcon_core.shell:Creating environment descriptor '/home/ros2/ws01_plubing/src/install/base_interfaces_demo/share/base_interfaces_demo/hook/cmake_prefix_path.dsv'
[3.271s] INFO:colcon.colcon_core.shell:Creating environment hook '/home/ros2/ws01_plubing/src/install/base_interfaces_demo/share/base_interfaces_demo/hook/cmake_prefix_path.sh'
[3.275s] Level 1:colcon.colcon_core.environment:checking '/home/ros2/ws01_plubing/src/install/base_interfaces_demo/bin'
[3.279s] Level 1:colcon.colcon_core.environment:checking '/home/ros2/ws01_plubing/src/install/base_interfaces_demo/lib/pkgconfig/base_interfaces_demo.pc'
[3.279s] Level 1:colcon.colcon_core.environment:checking '/home/ros2/ws01_plubing/src/install/base_interfaces_demo/lib/python3.10/site-packages'
[3.279s] Level 1:colcon.colcon_core.environment:checking '/home/ros2/ws01_plubing/src/install/base_interfaces_demo/bin'
[3.280s] INFO:colcon.colcon_core.shell:Creating package script '/home/ros2/ws01_plubing/src/install/base_interfaces_demo/share/base_interfaces_demo/package.ps1'
[3.284s] INFO:colcon.colcon_core.shell:Creating package descriptor '/home/ros2/ws01_plubing/src/install/base_interfaces_demo/share/base_interfaces_demo/package.dsv'
[3.289s] INFO:colcon.colcon_core.shell:Creating package script '/home/ros2/ws01_plubing/src/install/base_interfaces_demo/share/base_interfaces_demo/package.sh'
[3.293s] INFO:colcon.colcon_core.shell:Creating package script '/home/ros2/ws01_plubing/src/install/base_interfaces_demo/share/base_interfaces_demo/package.bash'
[3.298s] INFO:colcon.colcon_core.shell:Creating package script '/home/ros2/ws01_plubing/src/install/base_interfaces_demo/share/base_interfaces_demo/package.zsh'
[3.303s] Level 1:colcon.colcon_core.environment:create_file_with_runtime_dependencies(/home/ros2/ws01_plubing/src/install/base_interfaces_demo/share/colcon-core/packages/base_interfaces_demo)
[3.304s] Level 1:colcon.colcon_core.environment:create_environment_scripts_only(base_interfaces_demo)
[3.304s] Level 1:colcon.colcon_core.environment:checking '/home/ros2/ws01_plubing/src/install/base_interfaces_demo' for CMake module files
[3.304s] Level 1:colcon.colcon_core.environment:checking '/home/ros2/ws01_plubing/src/install/base_interfaces_demo' for CMake config files
[3.305s] Level 1:colcon.colcon_core.shell:create_environment_hook('base_interfaces_demo', 'cmake_prefix_path')
[3.305s] INFO:colcon.colcon_core.shell:Creating environment hook '/home/ros2/ws01_plubing/src/install/base_interfaces_demo/share/base_interfaces_demo/hook/cmake_prefix_path.ps1'
[3.305s] INFO:colcon.colcon_core.shell:Creating environment descriptor '/home/ros2/ws01_plubing/src/install/base_interfaces_demo/share/base_interfaces_demo/hook/cmake_prefix_path.dsv'
[3.306s] INFO:colcon.colcon_core.shell:Creating environment hook '/home/ros2/ws01_plubing/src/install/base_interfaces_demo/share/base_interfaces_demo/hook/cmake_prefix_path.sh'
[3.307s] Level 1:colcon.colcon_core.environment:checking '/home/ros2/ws01_plubing/src/install/base_interfaces_demo/bin'
[3.307s] Level 1:colcon.colcon_core.environment:checking '/home/ros2/ws01_plubing/src/install/base_interfaces_demo/lib/pkgconfig/base_interfaces_demo.pc'
[3.308s] Level 1:colcon.colcon_core.environment:checking '/home/ros2/ws01_plubing/src/install/base_interfaces_demo/lib/python3.10/site-packages'
[3.308s] Level 1:colcon.colcon_core.environment:checking '/home/ros2/ws01_plubing/src/install/base_interfaces_demo/bin'
[3.308s] INFO:colcon.colcon_core.shell:Creating package script '/home/ros2/ws01_plubing/src/install/base_interfaces_demo/share/base_interfaces_demo/package.ps1'
[3.309s] INFO:colcon.colcon_core.shell:Creating package descriptor '/home/ros2/ws01_plubing/src/install/base_interfaces_demo/share/base_interfaces_demo/package.dsv'
[3.310s] INFO:colcon.colcon_core.shell:Creating package script '/home/ros2/ws01_plubing/src/install/base_interfaces_demo/share/base_interfaces_demo/package.sh'
[3.311s] INFO:colcon.colcon_core.shell:Creating package script '/home/ros2/ws01_plubing/src/install/base_interfaces_demo/share/base_interfaces_demo/package.bash'
[3.311s] INFO:colcon.colcon_core.shell:Creating package script '/home/ros2/ws01_plubing/src/install/base_interfaces_demo/share/base_interfaces_demo/package.zsh'
[3.312s] Level 1:colcon.colcon_core.environment:create_file_with_runtime_dependencies(/home/ros2/ws01_plubing/src/install/base_interfaces_demo/share/colcon-core/packages/base_interfaces_demo)
[3.313s] INFO:colcon.colcon_ros.task.ament_cmake.build:Building ROS package in '/home/ros2/ws01_plubing/src/cpp01_topic' with build type 'ament_cmake'
[3.313s] INFO:colcon.colcon_cmake.task.cmake.build:Building CMake package in '/home/ros2/ws01_plubing/src/cpp01_topic'
[3.313s] INFO:colcon.colcon_core.shell:Skip shell extension 'powershell' for command environment: Not usable outside of PowerShell
[3.313s] DEBUG:colcon.colcon_core.shell:Skip shell extension 'dsv' for command environment
[3.331s] DEBUG:colcon.colcon_core.event_handler.log_command:Invoking command in '/home/ros2/ws01_plubing/src/build/cpp01_topic': AMENT_PREFIX_PATH=/home/ros2/ws01_plubing/src/install/base_interfaces_demo:${AMENT_PREFIX_PATH} CMAKE_PREFIX_PATH=/home/ros2/ws01_plubing/src/install/base_interfaces_demo:/opt/ros/humble /usr/bin/cmake /home/ros2/ws01_plubing/src/cpp01_topic -DCMAKE_INSTALL_PREFIX=/home/ros2/ws01_plubing/src/install/cpp01_topic
[5.544s] DEBUG:colcon.colcon_core.event_handler.log_command:Invoked command in '/home/ros2/ws01_plubing/src/build/cpp01_topic' returned '0': AMENT_PREFIX_PATH=/home/ros2/ws01_plubing/src/install/base_interfaces_demo:${AMENT_PREFIX_PATH} CMAKE_PREFIX_PATH=/home/ros2/ws01_plubing/src/install/base_interfaces_demo:/opt/ros/humble /usr/bin/cmake /home/ros2/ws01_plubing/src/cpp01_topic -DCMAKE_INSTALL_PREFIX=/home/ros2/ws01_plubing/src/install/cpp01_topic
[5.546s] DEBUG:colcon.colcon_core.event_handler.log_command:Invoking command in '/home/ros2/ws01_plubing/src/build/cpp01_topic': AMENT_PREFIX_PATH=/home/ros2/ws01_plubing/src/install/base_interfaces_demo:${AMENT_PREFIX_PATH} CMAKE_PREFIX_PATH=/home/ros2/ws01_plubing/src/install/base_interfaces_demo:/opt/ros/humble /usr/bin/cmake --build /home/ros2/ws01_plubing/src/build/cpp01_topic -- -j12 -l12
[11.528s] DEBUG:colcon.colcon_core.event_handler.log_command:Invoked command in '/home/ros2/ws01_plubing/src/build/cpp01_topic' returned '0': AMENT_PREFIX_PATH=/home/ros2/ws01_plubing/src/install/base_interfaces_demo:${AMENT_PREFIX_PATH} CMAKE_PREFIX_PATH=/home/ros2/ws01_plubing/src/install/base_interfaces_demo:/opt/ros/humble /usr/bin/cmake --build /home/ros2/ws01_plubing/src/build/cpp01_topic -- -j12 -l12
[11.532s] DEBUG:colcon.colcon_core.event_handler.log_command:Invoking command in '/home/ros2/ws01_plubing/src/build/cpp01_topic': AMENT_PREFIX_PATH=/home/ros2/ws01_plubing/src/install/base_interfaces_demo:${AMENT_PREFIX_PATH} CMAKE_PREFIX_PATH=/home/ros2/ws01_plubing/src/install/base_interfaces_demo:/opt/ros/humble /usr/bin/cmake --install /home/ros2/ws01_plubing/src/build/cpp01_topic
[11.548s] Level 1:colcon.colcon_core.environment:create_environment_scripts_only(cpp01_topic)
[11.549s] Level 1:colcon.colcon_core.environment:checking '/home/ros2/ws01_plubing/src/install/cpp01_topic' for CMake module files
[11.549s] DEBUG:colcon.colcon_core.event_handler.log_command:Invoked command in '/home/ros2/ws01_plubing/src/build/cpp01_topic' returned '0': AMENT_PREFIX_PATH=/home/ros2/ws01_plubing/src/install/base_interfaces_demo:${AMENT_PREFIX_PATH} CMAKE_PREFIX_PATH=/home/ros2/ws01_plubing/src/install/base_interfaces_demo:/opt/ros/humble /usr/bin/cmake --install /home/ros2/ws01_plubing/src/build/cpp01_topic
[11.550s] Level 1:colcon.colcon_core.environment:checking '/home/ros2/ws01_plubing/src/install/cpp01_topic' for CMake config files
[11.550s] Level 1:colcon.colcon_core.shell:create_environment_hook('cpp01_topic', 'cmake_prefix_path')
[11.551s] INFO:colcon.colcon_core.shell:Creating environment hook '/home/ros2/ws01_plubing/src/install/cpp01_topic/share/cpp01_topic/hook/cmake_prefix_path.ps1'
[11.551s] INFO:colcon.colcon_core.shell:Creating environment descriptor '/home/ros2/ws01_plubing/src/install/cpp01_topic/share/cpp01_topic/hook/cmake_prefix_path.dsv'
[11.552s] INFO:colcon.colcon_core.shell:Creating environment hook '/home/ros2/ws01_plubing/src/install/cpp01_topic/share/cpp01_topic/hook/cmake_prefix_path.sh'
[11.553s] Level 1:colcon.colcon_core.environment:checking '/home/ros2/ws01_plubing/src/install/cpp01_topic/lib'
[11.553s] Level 1:colcon.colcon_core.environment:checking '/home/ros2/ws01_plubing/src/install/cpp01_topic/bin'
[11.553s] Level 1:colcon.colcon_core.environment:checking '/home/ros2/ws01_plubing/src/install/cpp01_topic/lib/pkgconfig/cpp01_topic.pc'
[11.553s] Level 1:colcon.colcon_core.environment:checking '/home/ros2/ws01_plubing/src/install/cpp01_topic/lib/python3.10/site-packages'
[11.554s] Level 1:colcon.colcon_core.environment:checking '/home/ros2/ws01_plubing/src/install/cpp01_topic/bin'
[11.554s] INFO:colcon.colcon_core.shell:Creating package script '/home/ros2/ws01_plubing/src/install/cpp01_topic/share/cpp01_topic/package.ps1'
[11.555s] INFO:colcon.colcon_core.shell:Creating package descriptor '/home/ros2/ws01_plubing/src/install/cpp01_topic/share/cpp01_topic/package.dsv'
[11.556s] INFO:colcon.colcon_core.shell:Creating package script '/home/ros2/ws01_plubing/src/install/cpp01_topic/share/cpp01_topic/package.sh'
[11.557s] INFO:colcon.colcon_core.shell:Creating package script '/home/ros2/ws01_plubing/src/install/cpp01_topic/share/cpp01_topic/package.bash'
[11.557s] INFO:colcon.colcon_core.shell:Creating package script '/home/ros2/ws01_plubing/src/install/cpp01_topic/share/cpp01_topic/package.zsh'
[11.558s] Level 1:colcon.colcon_core.environment:create_file_with_runtime_dependencies(/home/ros2/ws01_plubing/src/install/cpp01_topic/share/colcon-core/packages/cpp01_topic)
[11.559s] Level 1:colcon.colcon_core.environment:create_environment_scripts_only(cpp01_topic)
[11.559s] Level 1:colcon.colcon_core.environment:checking '/home/ros2/ws01_plubing/src/install/cpp01_topic' for CMake module files
[11.560s] Level 1:colcon.colcon_core.environment:checking '/home/ros2/ws01_plubing/src/install/cpp01_topic' for CMake config files
[11.561s] Level 1:colcon.colcon_core.shell:create_environment_hook('cpp01_topic', 'cmake_prefix_path')
[11.561s] INFO:colcon.colcon_core.shell:Creating environment hook '/home/ros2/ws01_plubing/src/install/cpp01_topic/share/cpp01_topic/hook/cmake_prefix_path.ps1'
[11.562s] INFO:colcon.colcon_core.shell:Creating environment descriptor '/home/ros2/ws01_plubing/src/install/cpp01_topic/share/cpp01_topic/hook/cmake_prefix_path.dsv'
[11.562s] INFO:colcon.colcon_core.shell:Creating environment hook '/home/ros2/ws01_plubing/src/install/cpp01_topic/share/cpp01_topic/hook/cmake_prefix_path.sh'
[11.564s] Level 1:colcon.colcon_core.environment:checking '/home/ros2/ws01_plubing/src/install/cpp01_topic/lib'
[11.564s] Level 1:colcon.colcon_core.environment:checking '/home/ros2/ws01_plubing/src/install/cpp01_topic/bin'
[11.564s] Level 1:colcon.colcon_core.environment:checking '/home/ros2/ws01_plubing/src/install/cpp01_topic/lib/pkgconfig/cpp01_topic.pc'
[11.564s] Level 1:colcon.colcon_core.environment:checking '/home/ros2/ws01_plubing/src/install/cpp01_topic/lib/python3.10/site-packages'
[11.564s] Level 1:colcon.colcon_core.environment:checking '/home/ros2/ws01_plubing/src/install/cpp01_topic/bin'
[11.565s] INFO:colcon.colcon_core.shell:Creating package script '/home/ros2/ws01_plubing/src/install/cpp01_topic/share/cpp01_topic/package.ps1'
[11.566s] INFO:colcon.colcon_core.shell:Creating package descriptor '/home/ros2/ws01_plubing/src/install/cpp01_topic/share/cpp01_topic/package.dsv'
[11.566s] INFO:colcon.colcon_core.shell:Creating package script '/home/ros2/ws01_plubing/src/install/cpp01_topic/share/cpp01_topic/package.sh'
[11.567s] INFO:colcon.colcon_core.shell:Creating package script '/home/ros2/ws01_plubing/src/install/cpp01_topic/share/cpp01_topic/package.bash'
[11.567s] INFO:colcon.colcon_core.shell:Creating package script '/home/ros2/ws01_plubing/src/install/cpp01_topic/share/cpp01_topic/package.zsh'
[11.568s] Level 1:colcon.colcon_core.environment:create_file_with_runtime_dependencies(/home/ros2/ws01_plubing/src/install/cpp01_topic/share/colcon-core/packages/cpp01_topic)
[11.569s] DEBUG:colcon.colcon_parallel_executor.executor.parallel:closing loop
[11.569s] DEBUG:colcon.colcon_parallel_executor.executor.parallel:loop closed
[11.569s] DEBUG:colcon.colcon_parallel_executor.executor.parallel:run_until_complete finished with '0'
[11.569s] DEBUG:colcon.colcon_core.event_reactor:joining thread
[11.582s] INFO:colcon.colcon_core.plugin_system:Skipping extension 'colcon_notification.desktop_notification.terminal_notifier': Not used on non-Darwin systems
[11.582s] INFO:colcon.colcon_core.plugin_system:Skipping extension 'colcon_notification.desktop_notification.win32': Not used on non-Windows systems
[11.582s] INFO:colcon.colcon_notification.desktop_notification:Sending desktop notification using 'notify2'
[11.688s] DEBUG:colcon.colcon_core.event_reactor:joined thread
[11.688s] INFO:colcon.colcon_core.shell:Creating prefix script '/home/ros2/ws01_plubing/src/install/local_setup.ps1'
[11.690s] INFO:colcon.colcon_core.shell:Creating prefix util module '/home/ros2/ws01_plubing/src/install/_local_setup_util_ps1.py'
[11.691s] INFO:colcon.colcon_core.shell:Creating prefix chain script '/home/ros2/ws01_plubing/src/install/setup.ps1'
[11.693s] INFO:colcon.colcon_core.shell:Creating prefix script '/home/ros2/ws01_plubing/src/install/local_setup.sh'
[11.694s] INFO:colcon.colcon_core.shell:Creating prefix util module '/home/ros2/ws01_plubing/src/install/_local_setup_util_sh.py'
[11.694s] INFO:colcon.colcon_core.shell:Creating prefix chain script '/home/ros2/ws01_plubing/src/install/setup.sh'
[11.695s] INFO:colcon.colcon_core.shell:Creating prefix script '/home/ros2/ws01_plubing/src/install/local_setup.bash'
[11.696s] INFO:colcon.colcon_core.shell:Creating prefix chain script '/home/ros2/ws01_plubing/src/install/setup.bash'
[11.697s] INFO:colcon.colcon_core.shell:Creating prefix script '/home/ros2/ws01_plubing/src/install/local_setup.zsh'
[11.698s] INFO:colcon.colcon_core.shell:Creating prefix chain script '/home/ros2/ws01_plubing/src/install/setup.zsh'
