[0.080s] Invoking command in '/home/ros2/ws01_plubing/src/build/base_interfaces_demo': CMAKE_PREFIX_PATH=${CMAKE_PREFIX_PATH}:/opt/ros/humble /usr/bin/cmake --build /home/ros2/ws01_plubing/src/build/base_interfaces_demo -- -j12 -l12
[0.151s] -- Found ament_cmake: 1.3.12 (/opt/ros/humble/share/ament_cmake/cmake)
[0.419s] -- Found rosidl_default_generators: 1.2.0 (/opt/ros/humble/share/rosidl_default_generators/cmake)
[0.425s] -- Using all available rosidl_typesupport_c: rosidl_typesupport_fastrtps_c;rosidl_typesupport_introspection_c
[0.435s] -- Found rosidl_adapter: 3.1.7 (/opt/ros/humble/share/rosidl_adapter/cmake)
[0.502s] -- Using all available rosidl_typesupport_cpp: rosidl_typesupport_fastrtps_cpp;rosidl_typesupport_introspection_cpp
[0.979s] -- Found ament_cmake_ros: 0.10.0 (/opt/ros/humble/share/ament_cmake_ros/cmake)
[1.212s] -- Using all available rosidl_typesupport_c: rosidl_typesupport_fastrtps_c;rosidl_typesupport_introspection_c
[1.570s] -- Using all available rosidl_typesupport_cpp: rosidl_typesupport_fastrtps_cpp;rosidl_typesupport_introspection_cpp
[1.602s] -- Found PythonInterp: /usr/bin/python3 (found suitable version "3.10.12", minimum required is "3.6") 
[1.605s] -- Found python_cmake_module: 0.10.0 (/opt/ros/humble/share/python_cmake_module/cmake)
[1.651s] -- Found PythonLibs: /usr/lib/x86_64-linux-gnu/libpython3.10.so (found suitable version "3.10.12", minimum required is "3.5") 
[1.651s] -- Using PYTHON_EXECUTABLE: /usr/bin/python3
[1.651s] -- Using PYTHON_INCLUDE_DIRS: /usr/include/python3.10
[1.651s] -- Using PYTHON_LIBRARIES: /usr/lib/x86_64-linux-gnu/libpython3.10.so
[1.691s] -- Found PythonExtra: .so  
[1.739s] -- Found ament_lint_auto: 0.12.14 (/opt/ros/humble/share/ament_lint_auto/cmake)
[1.778s] -- Added test 'lint_cmake' to check CMake code style
[1.779s] -- Added test 'xmllint' to check XML markup files
[1.794s] -- Configuring done
[1.902s] -- Generating done
[1.924s] -- Build files have been written to: /home/ros2/ws01_plubing/src/build/base_interfaces_demo
[1.965s] [  3%] [34m[1mGenerating C code for ROS interfaces[0m
[1.980s] [  6%] [34m[1mGenerating C++ code for ROS interfaces[0m
[2.010s] [  6%] Built target ament_cmake_python_copy_base_interfaces_demo
[2.311s] running egg_info
[2.313s] creating base_interfaces_demo.egg-info
[2.314s] writing base_interfaces_demo.egg-info/PKG-INFO
[2.314s] writing dependency_links to base_interfaces_demo.egg-info/dependency_links.txt
[2.315s] writing top-level names to base_interfaces_demo.egg-info/top_level.txt
[2.315s] writing manifest file 'base_interfaces_demo.egg-info/SOURCES.txt'
[2.321s] reading manifest file 'base_interfaces_demo.egg-info/SOURCES.txt'
[2.322s] writing manifest file 'base_interfaces_demo.egg-info/SOURCES.txt'
[2.365s] [  6%] Built target ament_cmake_python_build_base_interfaces_demo_egg
[2.376s] [  6%] Built target base_interfaces_demo__cpp
[2.383s] [  9%] [32mBuilding C object CMakeFiles/base_interfaces_demo__rosidl_generator_c.dir/rosidl_generator_c/base_interfaces_demo/msg/detail/student__functions.c.o[0m
[2.393s] [ 16%] [34m[1mGenerating C++ introspection for ROS interfaces[0m
[2.393s] [ 16%] [34m[1mGenerating C++ type support for eProsima Fast-RTPS[0m
[2.395s] [ 19%] [34m[1mGenerating C++ type support dispatch for ROS interfaces[0m
[2.627s] [ 22%] [32m[1mLinking C shared library libbase_interfaces_demo__rosidl_generator_c.so[0m
[2.691s] [ 25%] [32mBuilding CXX object CMakeFiles/base_interfaces_demo__rosidl_typesupport_cpp.dir/rosidl_typesupport_cpp/base_interfaces_demo/msg/student__type_support.cpp.o[0m
[2.700s] [ 29%] [32mBuilding CXX object CMakeFiles/base_interfaces_demo__rosidl_typesupport_introspection_cpp.dir/rosidl_typesupport_introspection_cpp/base_interfaces_demo/msg/detail/student__type_support.cpp.o[0m
[2.700s] [ 29%] Built target base_interfaces_demo__rosidl_generator_c
[2.715s] [ 32%] [32mBuilding CXX object CMakeFiles/base_interfaces_demo__rosidl_typesupport_fastrtps_cpp.dir/rosidl_typesupport_fastrtps_cpp/base_interfaces_demo/msg/detail/dds_fastrtps/student__type_support.cpp.o[0m
[2.716s] [ 38%] [34m[1mGenerating C type support for eProsima Fast-RTPS[0m
[2.716s] [ 38%] [34m[1mGenerating C type support dispatch for ROS interfaces[0m
[2.720s] [ 41%] [34m[1mGenerating C introspection for ROS interfaces[0m
[3.030s] [ 45%] [32mBuilding CXX object CMakeFiles/base_interfaces_demo__rosidl_typesupport_c.dir/rosidl_typesupport_c/base_interfaces_demo/msg/student__type_support.cpp.o[0m
[3.088s] [ 48%] [32mBuilding CXX object CMakeFiles/base_interfaces_demo__rosidl_typesupport_fastrtps_c.dir/rosidl_typesupport_fastrtps_c/base_interfaces_demo/msg/detail/student__type_support_c.cpp.o[0m
[3.093s] [ 51%] [32mBuilding C object CMakeFiles/base_interfaces_demo__rosidl_typesupport_introspection_c.dir/rosidl_typesupport_introspection_c/base_interfaces_demo/msg/detail/student__type_support.c.o[0m
[3.105s] [ 54%] [32m[1mLinking CXX shared library libbase_interfaces_demo__rosidl_typesupport_c.so[0m
[3.155s] [ 58%] [32m[1mLinking C shared library libbase_interfaces_demo__rosidl_typesupport_introspection_c.so[0m
[3.174s] [ 58%] Built target base_interfaces_demo__rosidl_typesupport_c
[3.213s] [ 58%] Built target base_interfaces_demo__rosidl_typesupport_introspection_c
[3.228s] [ 61%] [32m[1mLinking CXX shared library libbase_interfaces_demo__rosidl_typesupport_cpp.so[0m
[3.294s] [ 61%] Built target base_interfaces_demo__rosidl_typesupport_cpp
[3.501s] [ 64%] [32m[1mLinking CXX shared library libbase_interfaces_demo__rosidl_typesupport_introspection_cpp.so[0m
[3.526s] [ 67%] [32m[1mLinking CXX shared library libbase_interfaces_demo__rosidl_typesupport_fastrtps_cpp.so[0m
[3.620s] [ 67%] Built target base_interfaces_demo__rosidl_typesupport_introspection_cpp
[3.652s] [ 67%] Built target base_interfaces_demo__rosidl_typesupport_fastrtps_cpp
[3.661s] [ 70%] [32m[1mLinking CXX shared library libbase_interfaces_demo__rosidl_typesupport_fastrtps_c.so[0m
[3.768s] [ 70%] Built target base_interfaces_demo__rosidl_typesupport_fastrtps_c
[3.815s] [ 70%] Built target base_interfaces_demo
[3.856s] [ 74%] [34m[1mGenerating Python code for ROS interfaces[0m
[4.248s] [ 74%] Built target base_interfaces_demo__py
[4.288s] [ 77%] [32mBuilding C object CMakeFiles/base_interfaces_demo__rosidl_generator_py.dir/rosidl_generator_py/base_interfaces_demo/msg/_student_s.c.o[0m
[5.020s] [ 80%] [32m[1mLinking C shared library rosidl_generator_py/base_interfaces_demo/libbase_interfaces_demo__rosidl_generator_py.so[0m
[5.099s] [ 80%] Built target base_interfaces_demo__rosidl_generator_py
[5.139s] [ 87%] [32mBuilding C object CMakeFiles/base_interfaces_demo__rosidl_typesupport_introspection_c__pyext.dir/rosidl_generator_py/base_interfaces_demo/_base_interfaces_demo_s.ep.rosidl_typesupport_introspection_c.c.o[0m
[5.139s] [ 87%] [32mBuilding C object CMakeFiles/base_interfaces_demo__rosidl_typesupport_fastrtps_c__pyext.dir/rosidl_generator_py/base_interfaces_demo/_base_interfaces_demo_s.ep.rosidl_typesupport_fastrtps_c.c.o[0m
[5.183s] [ 90%] [32mBuilding C object CMakeFiles/base_interfaces_demo__rosidl_typesupport_c__pyext.dir/rosidl_generator_py/base_interfaces_demo/_base_interfaces_demo_s.ep.rosidl_typesupport_c.c.o[0m
[5.300s] [ 96%] [32m[1mLinking C shared library rosidl_generator_py/base_interfaces_demo/base_interfaces_demo_s__rosidl_typesupport_fastrtps_c.cpython-310-x86_64-linux-gnu.so[0m
[5.300s] [ 96%] [32m[1mLinking C shared library rosidl_generator_py/base_interfaces_demo/base_interfaces_demo_s__rosidl_typesupport_introspection_c.cpython-310-x86_64-linux-gnu.so[0m
[5.307s] [100%] [32m[1mLinking C shared library rosidl_generator_py/base_interfaces_demo/base_interfaces_demo_s__rosidl_typesupport_c.cpython-310-x86_64-linux-gnu.so[0m
[5.354s] [100%] Built target base_interfaces_demo__rosidl_typesupport_c__pyext
[5.354s] [100%] Built target base_interfaces_demo__rosidl_typesupport_fastrtps_c__pyext
[5.359s] [100%] Built target base_interfaces_demo__rosidl_typesupport_introspection_c__pyext
[5.375s] Invoked command in '/home/ros2/ws01_plubing/src/build/base_interfaces_demo' returned '0': CMAKE_PREFIX_PATH=${CMAKE_PREFIX_PATH}:/opt/ros/humble /usr/bin/cmake --build /home/ros2/ws01_plubing/src/build/base_interfaces_demo -- -j12 -l12
[5.405s] Invoking command in '/home/ros2/ws01_plubing/src/build/base_interfaces_demo': CMAKE_PREFIX_PATH=${CMAKE_PREFIX_PATH}:/opt/ros/humble /usr/bin/cmake --install /home/ros2/ws01_plubing/src/build/base_interfaces_demo
[5.420s] -- Install configuration: ""
[5.420s] -- Installing: /home/ros2/ws01_plubing/src/install/base_interfaces_demo/share/ament_index/resource_index/rosidl_interfaces/base_interfaces_demo
[5.420s] -- Installing: /home/ros2/ws01_plubing/src/install/base_interfaces_demo/include/base_interfaces_demo/base_interfaces_demo
[5.421s] -- Installing: /home/ros2/ws01_plubing/src/install/base_interfaces_demo/include/base_interfaces_demo/base_interfaces_demo/msg
[5.421s] -- Installing: /home/ros2/ws01_plubing/src/install/base_interfaces_demo/include/base_interfaces_demo/base_interfaces_demo/msg/rosidl_generator_c__visibility_control.h
[5.421s] -- Installing: /home/ros2/ws01_plubing/src/install/base_interfaces_demo/include/base_interfaces_demo/base_interfaces_demo/msg/student.h
[5.421s] -- Installing: /home/ros2/ws01_plubing/src/install/base_interfaces_demo/include/base_interfaces_demo/base_interfaces_demo/msg/detail
[5.422s] -- Installing: /home/ros2/ws01_plubing/src/install/base_interfaces_demo/include/base_interfaces_demo/base_interfaces_demo/msg/detail/student__struct.h
[5.422s] -- Installing: /home/ros2/ws01_plubing/src/install/base_interfaces_demo/include/base_interfaces_demo/base_interfaces_demo/msg/detail/student__functions.h
[5.422s] -- Installing: /home/ros2/ws01_plubing/src/install/base_interfaces_demo/include/base_interfaces_demo/base_interfaces_demo/msg/detail/student__functions.c
[5.422s] -- Installing: /home/ros2/ws01_plubing/src/install/base_interfaces_demo/include/base_interfaces_demo/base_interfaces_demo/msg/detail/student__type_support.h
[5.422s] -- Installing: /home/ros2/ws01_plubing/src/install/base_interfaces_demo/share/base_interfaces_demo/environment/library_path.sh
[5.423s] -- Installing: /home/ros2/ws01_plubing/src/install/base_interfaces_demo/share/base_interfaces_demo/environment/library_path.dsv
[5.423s] -- Installing: /home/ros2/ws01_plubing/src/install/base_interfaces_demo/lib/libbase_interfaces_demo__rosidl_generator_c.so
[5.424s] -- Set runtime path of "/home/ros2/ws01_plubing/src/install/base_interfaces_demo/lib/libbase_interfaces_demo__rosidl_generator_c.so" to ""
[5.425s] -- Up-to-date: /home/ros2/ws01_plubing/src/install/base_interfaces_demo/include/base_interfaces_demo/base_interfaces_demo
[5.425s] -- Up-to-date: /home/ros2/ws01_plubing/src/install/base_interfaces_demo/include/base_interfaces_demo/base_interfaces_demo/msg
[5.425s] -- Up-to-date: /home/ros2/ws01_plubing/src/install/base_interfaces_demo/include/base_interfaces_demo/base_interfaces_demo/msg/detail
[5.425s] -- Installing: /home/ros2/ws01_plubing/src/install/base_interfaces_demo/include/base_interfaces_demo/base_interfaces_demo/msg/detail/student__rosidl_typesupport_fastrtps_c.h
[5.425s] -- Installing: /home/ros2/ws01_plubing/src/install/base_interfaces_demo/include/base_interfaces_demo/base_interfaces_demo/msg/rosidl_typesupport_fastrtps_c__visibility_control.h
[5.426s] -- Installing: /home/ros2/ws01_plubing/src/install/base_interfaces_demo/lib/libbase_interfaces_demo__rosidl_typesupport_fastrtps_c.so
[5.427s] -- Set runtime path of "/home/ros2/ws01_plubing/src/install/base_interfaces_demo/lib/libbase_interfaces_demo__rosidl_typesupport_fastrtps_c.so" to ""
[5.427s] -- Up-to-date: /home/ros2/ws01_plubing/src/install/base_interfaces_demo/include/base_interfaces_demo/base_interfaces_demo
[5.427s] -- Up-to-date: /home/ros2/ws01_plubing/src/install/base_interfaces_demo/include/base_interfaces_demo/base_interfaces_demo/msg
[5.427s] -- Up-to-date: /home/ros2/ws01_plubing/src/install/base_interfaces_demo/include/base_interfaces_demo/base_interfaces_demo/msg/detail
[5.427s] -- Installing: /home/ros2/ws01_plubing/src/install/base_interfaces_demo/include/base_interfaces_demo/base_interfaces_demo/msg/detail/student__rosidl_typesupport_introspection_c.h
[5.428s] -- Installing: /home/ros2/ws01_plubing/src/install/base_interfaces_demo/include/base_interfaces_demo/base_interfaces_demo/msg/detail/student__type_support.c
[5.428s] -- Installing: /home/ros2/ws01_plubing/src/install/base_interfaces_demo/include/base_interfaces_demo/base_interfaces_demo/msg/rosidl_typesupport_introspection_c__visibility_control.h
[5.428s] -- Installing: /home/ros2/ws01_plubing/src/install/base_interfaces_demo/lib/libbase_interfaces_demo__rosidl_typesupport_introspection_c.so
[5.429s] -- Set runtime path of "/home/ros2/ws01_plubing/src/install/base_interfaces_demo/lib/libbase_interfaces_demo__rosidl_typesupport_introspection_c.so" to ""
[5.429s] -- Installing: /home/ros2/ws01_plubing/src/install/base_interfaces_demo/lib/libbase_interfaces_demo__rosidl_typesupport_c.so
[5.430s] -- Set runtime path of "/home/ros2/ws01_plubing/src/install/base_interfaces_demo/lib/libbase_interfaces_demo__rosidl_typesupport_c.so" to ""
[5.430s] -- Up-to-date: /home/ros2/ws01_plubing/src/install/base_interfaces_demo/include/base_interfaces_demo/base_interfaces_demo
[5.430s] -- Up-to-date: /home/ros2/ws01_plubing/src/install/base_interfaces_demo/include/base_interfaces_demo/base_interfaces_demo/msg
[5.430s] -- Installing: /home/ros2/ws01_plubing/src/install/base_interfaces_demo/include/base_interfaces_demo/base_interfaces_demo/msg/rosidl_generator_cpp__visibility_control.hpp
[5.430s] -- Up-to-date: /home/ros2/ws01_plubing/src/install/base_interfaces_demo/include/base_interfaces_demo/base_interfaces_demo/msg/detail
[5.431s] -- Installing: /home/ros2/ws01_plubing/src/install/base_interfaces_demo/include/base_interfaces_demo/base_interfaces_demo/msg/detail/student__struct.hpp
[5.431s] -- Installing: /home/ros2/ws01_plubing/src/install/base_interfaces_demo/include/base_interfaces_demo/base_interfaces_demo/msg/detail/student__traits.hpp
[5.432s] -- Installing: /home/ros2/ws01_plubing/src/install/base_interfaces_demo/include/base_interfaces_demo/base_interfaces_demo/msg/detail/student__type_support.hpp
[5.432s] -- Installing: /home/ros2/ws01_plubing/src/install/base_interfaces_demo/include/base_interfaces_demo/base_interfaces_demo/msg/detail/student__builder.hpp
[5.432s] -- Installing: /home/ros2/ws01_plubing/src/install/base_interfaces_demo/include/base_interfaces_demo/base_interfaces_demo/msg/student.hpp
[5.432s] -- Up-to-date: /home/ros2/ws01_plubing/src/install/base_interfaces_demo/include/base_interfaces_demo/base_interfaces_demo
[5.432s] -- Up-to-date: /home/ros2/ws01_plubing/src/install/base_interfaces_demo/include/base_interfaces_demo/base_interfaces_demo/msg
[5.432s] -- Installing: /home/ros2/ws01_plubing/src/install/base_interfaces_demo/include/base_interfaces_demo/base_interfaces_demo/msg/rosidl_typesupport_fastrtps_cpp__visibility_control.h
[5.433s] -- Up-to-date: /home/ros2/ws01_plubing/src/install/base_interfaces_demo/include/base_interfaces_demo/base_interfaces_demo/msg/detail
[5.433s] -- Installing: /home/ros2/ws01_plubing/src/install/base_interfaces_demo/include/base_interfaces_demo/base_interfaces_demo/msg/detail/student__rosidl_typesupport_fastrtps_cpp.hpp
[5.433s] -- Installing: /home/ros2/ws01_plubing/src/install/base_interfaces_demo/include/base_interfaces_demo/base_interfaces_demo/msg/detail/dds_fastrtps
[5.433s] -- Installing: /home/ros2/ws01_plubing/src/install/base_interfaces_demo/lib/libbase_interfaces_demo__rosidl_typesupport_fastrtps_cpp.so
[5.434s] -- Set runtime path of "/home/ros2/ws01_plubing/src/install/base_interfaces_demo/lib/libbase_interfaces_demo__rosidl_typesupport_fastrtps_cpp.so" to ""
[5.434s] -- Up-to-date: /home/ros2/ws01_plubing/src/install/base_interfaces_demo/include/base_interfaces_demo/base_interfaces_demo
[5.434s] -- Up-to-date: /home/ros2/ws01_plubing/src/install/base_interfaces_demo/include/base_interfaces_demo/base_interfaces_demo/msg
[5.434s] -- Up-to-date: /home/ros2/ws01_plubing/src/install/base_interfaces_demo/include/base_interfaces_demo/base_interfaces_demo/msg/detail
[5.435s] -- Installing: /home/ros2/ws01_plubing/src/install/base_interfaces_demo/include/base_interfaces_demo/base_interfaces_demo/msg/detail/student__type_support.cpp
[5.435s] -- Installing: /home/ros2/ws01_plubing/src/install/base_interfaces_demo/include/base_interfaces_demo/base_interfaces_demo/msg/detail/student__rosidl_typesupport_introspection_cpp.hpp
[5.435s] -- Installing: /home/ros2/ws01_plubing/src/install/base_interfaces_demo/lib/libbase_interfaces_demo__rosidl_typesupport_introspection_cpp.so
[5.435s] -- Set runtime path of "/home/ros2/ws01_plubing/src/install/base_interfaces_demo/lib/libbase_interfaces_demo__rosidl_typesupport_introspection_cpp.so" to ""
[5.436s] -- Installing: /home/ros2/ws01_plubing/src/install/base_interfaces_demo/lib/libbase_interfaces_demo__rosidl_typesupport_cpp.so
[5.437s] -- Set runtime path of "/home/ros2/ws01_plubing/src/install/base_interfaces_demo/lib/libbase_interfaces_demo__rosidl_typesupport_cpp.so" to ""
[5.437s] -- Installing: /home/ros2/ws01_plubing/src/install/base_interfaces_demo/share/base_interfaces_demo/environment/pythonpath.sh
[5.438s] -- Installing: /home/ros2/ws01_plubing/src/install/base_interfaces_demo/share/base_interfaces_demo/environment/pythonpath.dsv
[5.438s] -- Installing: /home/ros2/ws01_plubing/src/install/base_interfaces_demo/local/lib/python3.10/dist-packages/base_interfaces_demo-0.0.0-py3.10.egg-info
[5.438s] -- Installing: /home/ros2/ws01_plubing/src/install/base_interfaces_demo/local/lib/python3.10/dist-packages/base_interfaces_demo-0.0.0-py3.10.egg-info/PKG-INFO
[5.438s] -- Installing: /home/ros2/ws01_plubing/src/install/base_interfaces_demo/local/lib/python3.10/dist-packages/base_interfaces_demo-0.0.0-py3.10.egg-info/top_level.txt
[5.438s] -- Installing: /home/ros2/ws01_plubing/src/install/base_interfaces_demo/local/lib/python3.10/dist-packages/base_interfaces_demo-0.0.0-py3.10.egg-info/dependency_links.txt
[5.439s] -- Installing: /home/ros2/ws01_plubing/src/install/base_interfaces_demo/local/lib/python3.10/dist-packages/base_interfaces_demo-0.0.0-py3.10.egg-info/SOURCES.txt
[5.439s] -- Installing: /home/ros2/ws01_plubing/src/install/base_interfaces_demo/local/lib/python3.10/dist-packages/base_interfaces_demo
[5.439s] -- Installing: /home/ros2/ws01_plubing/src/install/base_interfaces_demo/local/lib/python3.10/dist-packages/base_interfaces_demo/base_interfaces_demo_s__rosidl_typesupport_fastrtps_c.cpython-310-x86_64-linux-gnu.so
[5.440s] -- Installing: /home/ros2/ws01_plubing/src/install/base_interfaces_demo/local/lib/python3.10/dist-packages/base_interfaces_demo/msg
[5.440s] -- Installing: /home/ros2/ws01_plubing/src/install/base_interfaces_demo/local/lib/python3.10/dist-packages/base_interfaces_demo/msg/_student_s.c
[5.440s] -- Installing: /home/ros2/ws01_plubing/src/install/base_interfaces_demo/local/lib/python3.10/dist-packages/base_interfaces_demo/msg/_student.py
[5.441s] -- Installing: /home/ros2/ws01_plubing/src/install/base_interfaces_demo/local/lib/python3.10/dist-packages/base_interfaces_demo/msg/__init__.py
[5.441s] -- Installing: /home/ros2/ws01_plubing/src/install/base_interfaces_demo/local/lib/python3.10/dist-packages/base_interfaces_demo/_base_interfaces_demo_s.ep.rosidl_typesupport_c.c
[5.441s] -- Installing: /home/ros2/ws01_plubing/src/install/base_interfaces_demo/local/lib/python3.10/dist-packages/base_interfaces_demo/libbase_interfaces_demo__rosidl_generator_py.so
[5.442s] -- Installing: /home/ros2/ws01_plubing/src/install/base_interfaces_demo/local/lib/python3.10/dist-packages/base_interfaces_demo/_base_interfaces_demo_s.ep.rosidl_typesupport_fastrtps_c.c
[5.442s] -- Installing: /home/ros2/ws01_plubing/src/install/base_interfaces_demo/local/lib/python3.10/dist-packages/base_interfaces_demo/__init__.py
[5.442s] -- Installing: /home/ros2/ws01_plubing/src/install/base_interfaces_demo/local/lib/python3.10/dist-packages/base_interfaces_demo/base_interfaces_demo_s__rosidl_typesupport_introspection_c.cpython-310-x86_64-linux-gnu.so
[5.443s] -- Installing: /home/ros2/ws01_plubing/src/install/base_interfaces_demo/local/lib/python3.10/dist-packages/base_interfaces_demo/_base_interfaces_demo_s.ep.rosidl_typesupport_introspection_c.c
[5.443s] -- Installing: /home/ros2/ws01_plubing/src/install/base_interfaces_demo/local/lib/python3.10/dist-packages/base_interfaces_demo/base_interfaces_demo_s__rosidl_typesupport_c.cpython-310-x86_64-linux-gnu.so
[5.486s] Listing '/home/ros2/ws01_plubing/src/install/base_interfaces_demo/local/lib/python3.10/dist-packages/base_interfaces_demo'...
[5.486s] Compiling '/home/ros2/ws01_plubing/src/install/base_interfaces_demo/local/lib/python3.10/dist-packages/base_interfaces_demo/__init__.py'...
[5.486s] Listing '/home/ros2/ws01_plubing/src/install/base_interfaces_demo/local/lib/python3.10/dist-packages/base_interfaces_demo/msg'...
[5.486s] Compiling '/home/ros2/ws01_plubing/src/install/base_interfaces_demo/local/lib/python3.10/dist-packages/base_interfaces_demo/msg/__init__.py'...
[5.486s] Compiling '/home/ros2/ws01_plubing/src/install/base_interfaces_demo/local/lib/python3.10/dist-packages/base_interfaces_demo/msg/_student.py'...
[5.492s] -- Installing: /home/ros2/ws01_plubing/src/install/base_interfaces_demo/local/lib/python3.10/dist-packages/base_interfaces_demo/base_interfaces_demo_s__rosidl_typesupport_fastrtps_c.cpython-310-x86_64-linux-gnu.so
[5.492s] -- Set runtime path of "/home/ros2/ws01_plubing/src/install/base_interfaces_demo/local/lib/python3.10/dist-packages/base_interfaces_demo/base_interfaces_demo_s__rosidl_typesupport_fastrtps_c.cpython-310-x86_64-linux-gnu.so" to ""
[5.493s] -- Installing: /home/ros2/ws01_plubing/src/install/base_interfaces_demo/local/lib/python3.10/dist-packages/base_interfaces_demo/base_interfaces_demo_s__rosidl_typesupport_introspection_c.cpython-310-x86_64-linux-gnu.so
[5.493s] -- Set runtime path of "/home/ros2/ws01_plubing/src/install/base_interfaces_demo/local/lib/python3.10/dist-packages/base_interfaces_demo/base_interfaces_demo_s__rosidl_typesupport_introspection_c.cpython-310-x86_64-linux-gnu.so" to ""
[5.494s] -- Installing: /home/ros2/ws01_plubing/src/install/base_interfaces_demo/local/lib/python3.10/dist-packages/base_interfaces_demo/base_interfaces_demo_s__rosidl_typesupport_c.cpython-310-x86_64-linux-gnu.so
[5.494s] -- Set runtime path of "/home/ros2/ws01_plubing/src/install/base_interfaces_demo/local/lib/python3.10/dist-packages/base_interfaces_demo/base_interfaces_demo_s__rosidl_typesupport_c.cpython-310-x86_64-linux-gnu.so" to ""
[5.495s] -- Installing: /home/ros2/ws01_plubing/src/install/base_interfaces_demo/lib/libbase_interfaces_demo__rosidl_generator_py.so
[5.495s] -- Set runtime path of "/home/ros2/ws01_plubing/src/install/base_interfaces_demo/lib/libbase_interfaces_demo__rosidl_generator_py.so" to ""
[5.496s] -- Installing: /home/ros2/ws01_plubing/src/install/base_interfaces_demo/share/base_interfaces_demo/msg/Student.idl
[5.496s] -- Installing: /home/ros2/ws01_plubing/src/install/base_interfaces_demo/share/base_interfaces_demo/msg/Student.msg
[5.496s] -- Installing: /home/ros2/ws01_plubing/src/install/base_interfaces_demo/share/ament_index/resource_index/package_run_dependencies/base_interfaces_demo
[5.496s] -- Installing: /home/ros2/ws01_plubing/src/install/base_interfaces_demo/share/ament_index/resource_index/parent_prefix_path/base_interfaces_demo
[5.497s] -- Up-to-date: /home/ros2/ws01_plubing/src/install/base_interfaces_demo/share/base_interfaces_demo/environment/ament_prefix_path.sh
[5.497s] -- Installing: /home/ros2/ws01_plubing/src/install/base_interfaces_demo/share/base_interfaces_demo/environment/ament_prefix_path.dsv
[5.497s] -- Up-to-date: /home/ros2/ws01_plubing/src/install/base_interfaces_demo/share/base_interfaces_demo/environment/path.sh
[5.497s] -- Installing: /home/ros2/ws01_plubing/src/install/base_interfaces_demo/share/base_interfaces_demo/environment/path.dsv
[5.497s] -- Up-to-date: /home/ros2/ws01_plubing/src/install/base_interfaces_demo/share/base_interfaces_demo/local_setup.bash
[5.497s] -- Installing: /home/ros2/ws01_plubing/src/install/base_interfaces_demo/share/base_interfaces_demo/local_setup.sh
[5.498s] -- Up-to-date: /home/ros2/ws01_plubing/src/install/base_interfaces_demo/share/base_interfaces_demo/local_setup.zsh
[5.498s] -- Installing: /home/ros2/ws01_plubing/src/install/base_interfaces_demo/share/base_interfaces_demo/local_setup.dsv
[5.498s] -- Installing: /home/ros2/ws01_plubing/src/install/base_interfaces_demo/share/base_interfaces_demo/package.dsv
[5.498s] -- Up-to-date: /home/ros2/ws01_plubing/src/install/base_interfaces_demo/share/ament_index/resource_index/packages/base_interfaces_demo
[5.499s] -- Installing: /home/ros2/ws01_plubing/src/install/base_interfaces_demo/share/base_interfaces_demo/cmake/export_base_interfaces_demo__rosidl_generator_cExport.cmake
[5.499s] -- Installing: /home/ros2/ws01_plubing/src/install/base_interfaces_demo/share/base_interfaces_demo/cmake/export_base_interfaces_demo__rosidl_generator_cExport-noconfig.cmake
[5.499s] -- Installing: /home/ros2/ws01_plubing/src/install/base_interfaces_demo/share/base_interfaces_demo/cmake/export_base_interfaces_demo__rosidl_typesupport_fastrtps_cExport.cmake
[5.500s] -- Installing: /home/ros2/ws01_plubing/src/install/base_interfaces_demo/share/base_interfaces_demo/cmake/export_base_interfaces_demo__rosidl_typesupport_fastrtps_cExport-noconfig.cmake
[5.500s] -- Installing: /home/ros2/ws01_plubing/src/install/base_interfaces_demo/share/base_interfaces_demo/cmake/base_interfaces_demo__rosidl_typesupport_introspection_cExport.cmake
[5.500s] -- Installing: /home/ros2/ws01_plubing/src/install/base_interfaces_demo/share/base_interfaces_demo/cmake/base_interfaces_demo__rosidl_typesupport_introspection_cExport-noconfig.cmake
[5.501s] -- Installing: /home/ros2/ws01_plubing/src/install/base_interfaces_demo/share/base_interfaces_demo/cmake/base_interfaces_demo__rosidl_typesupport_cExport.cmake
[5.501s] -- Installing: /home/ros2/ws01_plubing/src/install/base_interfaces_demo/share/base_interfaces_demo/cmake/base_interfaces_demo__rosidl_typesupport_cExport-noconfig.cmake
[5.501s] -- Installing: /home/ros2/ws01_plubing/src/install/base_interfaces_demo/share/base_interfaces_demo/cmake/export_base_interfaces_demo__rosidl_generator_cppExport.cmake
[5.501s] -- Installing: /home/ros2/ws01_plubing/src/install/base_interfaces_demo/share/base_interfaces_demo/cmake/export_base_interfaces_demo__rosidl_typesupport_fastrtps_cppExport.cmake
[5.502s] -- Installing: /home/ros2/ws01_plubing/src/install/base_interfaces_demo/share/base_interfaces_demo/cmake/export_base_interfaces_demo__rosidl_typesupport_fastrtps_cppExport-noconfig.cmake
[5.502s] -- Installing: /home/ros2/ws01_plubing/src/install/base_interfaces_demo/share/base_interfaces_demo/cmake/base_interfaces_demo__rosidl_typesupport_introspection_cppExport.cmake
[5.503s] -- Installing: /home/ros2/ws01_plubing/src/install/base_interfaces_demo/share/base_interfaces_demo/cmake/base_interfaces_demo__rosidl_typesupport_introspection_cppExport-noconfig.cmake
[5.503s] -- Installing: /home/ros2/ws01_plubing/src/install/base_interfaces_demo/share/base_interfaces_demo/cmake/base_interfaces_demo__rosidl_typesupport_cppExport.cmake
[5.503s] -- Installing: /home/ros2/ws01_plubing/src/install/base_interfaces_demo/share/base_interfaces_demo/cmake/base_interfaces_demo__rosidl_typesupport_cppExport-noconfig.cmake
[5.503s] -- Installing: /home/ros2/ws01_plubing/src/install/base_interfaces_demo/share/base_interfaces_demo/cmake/export_base_interfaces_demo__rosidl_generator_pyExport.cmake
[5.504s] -- Installing: /home/ros2/ws01_plubing/src/install/base_interfaces_demo/share/base_interfaces_demo/cmake/export_base_interfaces_demo__rosidl_generator_pyExport-noconfig.cmake
[5.504s] -- Installing: /home/ros2/ws01_plubing/src/install/base_interfaces_demo/share/base_interfaces_demo/cmake/rosidl_cmake-extras.cmake
[5.504s] -- Installing: /home/ros2/ws01_plubing/src/install/base_interfaces_demo/share/base_interfaces_demo/cmake/ament_cmake_export_include_directories-extras.cmake
[5.505s] -- Installing: /home/ros2/ws01_plubing/src/install/base_interfaces_demo/share/base_interfaces_demo/cmake/ament_cmake_export_libraries-extras.cmake
[5.505s] -- Installing: /home/ros2/ws01_plubing/src/install/base_interfaces_demo/share/base_interfaces_demo/cmake/ament_cmake_export_targets-extras.cmake
[5.505s] -- Installing: /home/ros2/ws01_plubing/src/install/base_interfaces_demo/share/base_interfaces_demo/cmake/rosidl_cmake_export_typesupport_targets-extras.cmake
[5.506s] -- Installing: /home/ros2/ws01_plubing/src/install/base_interfaces_demo/share/base_interfaces_demo/cmake/ament_cmake_export_dependencies-extras.cmake
[5.506s] -- Installing: /home/ros2/ws01_plubing/src/install/base_interfaces_demo/share/base_interfaces_demo/cmake/rosidl_cmake_export_typesupport_libraries-extras.cmake
[5.506s] -- Installing: /home/ros2/ws01_plubing/src/install/base_interfaces_demo/share/base_interfaces_demo/cmake/base_interfaces_demoConfig.cmake
[5.506s] -- Up-to-date: /home/ros2/ws01_plubing/src/install/base_interfaces_demo/share/base_interfaces_demo/cmake/base_interfaces_demoConfig-version.cmake
[5.506s] -- Installing: /home/ros2/ws01_plubing/src/install/base_interfaces_demo/share/base_interfaces_demo/package.xml
[5.511s] Invoked command in '/home/ros2/ws01_plubing/src/build/base_interfaces_demo' returned '0': CMAKE_PREFIX_PATH=${CMAKE_PREFIX_PATH}:/opt/ros/humble /usr/bin/cmake --install /home/ros2/ws01_plubing/src/build/base_interfaces_demo
