[0.124s] DEBUG:colcon:Command line arguments: ['/usr/bin/colcon', 'build']
[0.124s] DEBUG:colcon:Parsed command line arguments: Namespace(log_base=None, log_level=None, verb_name='build', build_base='build', install_base='install', merge_install=False, symlink_install=False, test_result_base=None, continue_on_error=False, executor='parallel', parallel_workers=12, event_handlers=None, ignore_user_meta=False, metas=['./colcon.meta'], base_paths=['.'], packages_ignore=None, packages_ignore_regex=None, paths=None, packages_up_to=None, packages_up_to_regex=None, packages_above=None, packages_above_and_dependencies=None, packages_above_depth=None, packages_select_by_dep=None, packages_skip_by_dep=None, packages_skip_up_to=None, packages_select_build_failed=False, packages_skip_build_finished=False, packages_select_test_failures=False, packages_skip_test_passed=False, packages_select=None, packages_skip=None, packages_select_regex=None, packages_skip_regex=None, packages_start=None, packages_end=None, allow_overriding=[], cmake_args=None, cmake_target=None, cmake_target_skip_unavailable=False, cmake_clean_cache=False, cmake_clean_first=False, cmake_force_configure=False, ament_cmake_args=None, catkin_cmake_args=None, catkin_skip_building_tests=False, verb_parser=<colcon_defaults.argument_parser.defaults.DefaultArgumentsDecorator object at 0x759a66822d40>, verb_extension=<colcon_core.verb.build.BuildVerb object at 0x759a668221a0>, main=<bound method BuildVerb.main of <colcon_core.verb.build.BuildVerb object at 0x759a668221a0>>)
[0.263s] Level 1:colcon.colcon_core.package_discovery:discover_packages(colcon_meta) check parameters
[0.263s] Level 1:colcon.colcon_core.package_discovery:discover_packages(recursive) check parameters
[0.263s] Level 1:colcon.colcon_core.package_discovery:discover_packages(ignore) check parameters
[0.263s] Level 1:colcon.colcon_core.package_discovery:discover_packages(path) check parameters
[0.263s] Level 1:colcon.colcon_core.package_discovery:discover_packages(colcon_meta) discover
[0.263s] Level 1:colcon.colcon_core.package_discovery:discover_packages(recursive) discover
[0.263s] INFO:colcon.colcon_core.package_discovery:Crawling recursively for packages in '/home/ros2/ws01_plubing/src'
[0.264s] Level 1:colcon.colcon_core.package_identification:_identify(.) by extensions ['ignore', 'ignore_ament_install']
[0.264s] Level 1:colcon.colcon_core.package_identification:_identify(.) by extension 'ignore'
[0.264s] Level 1:colcon.colcon_core.package_identification:_identify(.) by extension 'ignore_ament_install'
[0.264s] Level 1:colcon.colcon_core.package_identification:_identify(.) by extensions ['colcon_pkg']
[0.264s] Level 1:colcon.colcon_core.package_identification:_identify(.) by extension 'colcon_pkg'
[0.264s] Level 1:colcon.colcon_core.package_identification:_identify(.) by extensions ['colcon_meta']
[0.264s] Level 1:colcon.colcon_core.package_identification:_identify(.) by extension 'colcon_meta'
[0.264s] Level 1:colcon.colcon_core.package_identification:_identify(.) by extensions ['ros']
[0.264s] Level 1:colcon.colcon_core.package_identification:_identify(.) by extension 'ros'
[0.274s] Level 1:colcon.colcon_core.package_identification:_identify(.) by extensions ['cmake', 'python']
[0.275s] Level 1:colcon.colcon_core.package_identification:_identify(.) by extension 'cmake'
[0.275s] Level 1:colcon.colcon_core.package_identification:_identify(.) by extension 'python'
[0.275s] Level 1:colcon.colcon_core.package_identification:_identify(.) by extensions ['python_setup_py']
[0.275s] Level 1:colcon.colcon_core.package_identification:_identify(.) by extension 'python_setup_py'
[0.275s] Level 1:colcon.colcon_core.package_identification:_identify(base_interfaces_demo) by extensions ['ignore', 'ignore_ament_install']
[0.275s] Level 1:colcon.colcon_core.package_identification:_identify(base_interfaces_demo) by extension 'ignore'
[0.275s] Level 1:colcon.colcon_core.package_identification:_identify(base_interfaces_demo) by extension 'ignore_ament_install'
[0.275s] Level 1:colcon.colcon_core.package_identification:_identify(base_interfaces_demo) by extensions ['colcon_pkg']
[0.275s] Level 1:colcon.colcon_core.package_identification:_identify(base_interfaces_demo) by extension 'colcon_pkg'
[0.275s] Level 1:colcon.colcon_core.package_identification:_identify(base_interfaces_demo) by extensions ['colcon_meta']
[0.275s] Level 1:colcon.colcon_core.package_identification:_identify(base_interfaces_demo) by extension 'colcon_meta'
[0.275s] Level 1:colcon.colcon_core.package_identification:_identify(base_interfaces_demo) by extensions ['ros']
[0.275s] Level 1:colcon.colcon_core.package_identification:_identify(base_interfaces_demo) by extension 'ros'
[0.277s] DEBUG:colcon.colcon_core.package_identification:Package 'base_interfaces_demo' with type 'ros.ament_cmake' and name 'base_interfaces_demo'
[0.278s] Level 1:colcon.colcon_core.package_identification:_identify(build) by extensions ['ignore', 'ignore_ament_install']
[0.278s] Level 1:colcon.colcon_core.package_identification:_identify(build) by extension 'ignore'
[0.278s] Level 1:colcon.colcon_core.package_identification:_identify(build) ignored
[0.278s] Level 1:colcon.colcon_core.package_identification:_identify(cpp01_topic) by extensions ['ignore', 'ignore_ament_install']
[0.278s] Level 1:colcon.colcon_core.package_identification:_identify(cpp01_topic) by extension 'ignore'
[0.278s] Level 1:colcon.colcon_core.package_identification:_identify(cpp01_topic) by extension 'ignore_ament_install'
[0.278s] Level 1:colcon.colcon_core.package_identification:_identify(cpp01_topic) by extensions ['colcon_pkg']
[0.278s] Level 1:colcon.colcon_core.package_identification:_identify(cpp01_topic) by extension 'colcon_pkg'
[0.278s] Level 1:colcon.colcon_core.package_identification:_identify(cpp01_topic) by extensions ['colcon_meta']
[0.278s] Level 1:colcon.colcon_core.package_identification:_identify(cpp01_topic) by extension 'colcon_meta'
[0.278s] Level 1:colcon.colcon_core.package_identification:_identify(cpp01_topic) by extensions ['ros']
[0.278s] Level 1:colcon.colcon_core.package_identification:_identify(cpp01_topic) by extension 'ros'
[0.279s] DEBUG:colcon.colcon_core.package_identification:Package 'cpp01_topic' with type 'ros.ament_cmake' and name 'cpp01_topic'
[0.279s] Level 1:colcon.colcon_core.package_identification:_identify(install) by extensions ['ignore', 'ignore_ament_install']
[0.279s] Level 1:colcon.colcon_core.package_identification:_identify(install) by extension 'ignore'
[0.279s] Level 1:colcon.colcon_core.package_identification:_identify(install) ignored
[0.279s] Level 1:colcon.colcon_core.package_identification:_identify(log) by extensions ['ignore', 'ignore_ament_install']
[0.280s] Level 1:colcon.colcon_core.package_identification:_identify(log) by extension 'ignore'
[0.280s] Level 1:colcon.colcon_core.package_identification:_identify(log) ignored
[0.280s] Level 1:colcon.colcon_core.package_discovery:discover_packages(recursive) using defaults
[0.280s] Level 1:colcon.colcon_core.package_discovery:discover_packages(ignore) discover
[0.280s] Level 1:colcon.colcon_core.package_discovery:discover_packages(ignore) using defaults
[0.280s] Level 1:colcon.colcon_core.package_discovery:discover_packages(path) discover
[0.280s] Level 1:colcon.colcon_core.package_discovery:discover_packages(path) using defaults
[0.299s] Level 1:colcon.colcon_core.package_discovery:discover_packages(prefix_path) check parameters
[0.299s] Level 1:colcon.colcon_core.package_discovery:discover_packages(prefix_path) discover
[0.301s] DEBUG:colcon.colcon_installed_package_information.package_discovery:Found 2 installed packages in /home/ros2/ws01_plubing/src/install
[0.303s] DEBUG:colcon.colcon_installed_package_information.package_discovery:Found 271 installed packages in /opt/ros/humble
[0.306s] Level 1:colcon.colcon_core.package_discovery:discover_packages(prefix_path) using defaults
[0.349s] Level 5:colcon.colcon_core.verb:set package 'base_interfaces_demo' build argument 'cmake_args' from command line to 'None'
[0.349s] Level 5:colcon.colcon_core.verb:set package 'base_interfaces_demo' build argument 'cmake_target' from command line to 'None'
[0.349s] Level 5:colcon.colcon_core.verb:set package 'base_interfaces_demo' build argument 'cmake_target_skip_unavailable' from command line to 'False'
[0.349s] Level 5:colcon.colcon_core.verb:set package 'base_interfaces_demo' build argument 'cmake_clean_cache' from command line to 'False'
[0.349s] Level 5:colcon.colcon_core.verb:set package 'base_interfaces_demo' build argument 'cmake_clean_first' from command line to 'False'
[0.349s] Level 5:colcon.colcon_core.verb:set package 'base_interfaces_demo' build argument 'cmake_force_configure' from command line to 'False'
[0.349s] Level 5:colcon.colcon_core.verb:set package 'base_interfaces_demo' build argument 'ament_cmake_args' from command line to 'None'
[0.349s] Level 5:colcon.colcon_core.verb:set package 'base_interfaces_demo' build argument 'catkin_cmake_args' from command line to 'None'
[0.349s] Level 5:colcon.colcon_core.verb:set package 'base_interfaces_demo' build argument 'catkin_skip_building_tests' from command line to 'False'
[0.349s] DEBUG:colcon.colcon_core.verb:Building package 'base_interfaces_demo' with the following arguments: {'ament_cmake_args': None, 'build_base': '/home/ros2/ws01_plubing/src/build/base_interfaces_demo', 'catkin_cmake_args': None, 'catkin_skip_building_tests': False, 'cmake_args': None, 'cmake_clean_cache': False, 'cmake_clean_first': False, 'cmake_force_configure': False, 'cmake_target': None, 'cmake_target_skip_unavailable': False, 'install_base': '/home/ros2/ws01_plubing/src/install/base_interfaces_demo', 'merge_install': False, 'path': '/home/ros2/ws01_plubing/src/base_interfaces_demo', 'symlink_install': False, 'test_result_base': None}
[0.350s] Level 5:colcon.colcon_core.verb:set package 'cpp01_topic' build argument 'cmake_args' from command line to 'None'
[0.350s] Level 5:colcon.colcon_core.verb:set package 'cpp01_topic' build argument 'cmake_target' from command line to 'None'
[0.350s] Level 5:colcon.colcon_core.verb:set package 'cpp01_topic' build argument 'cmake_target_skip_unavailable' from command line to 'False'
[0.350s] Level 5:colcon.colcon_core.verb:set package 'cpp01_topic' build argument 'cmake_clean_cache' from command line to 'False'
[0.350s] Level 5:colcon.colcon_core.verb:set package 'cpp01_topic' build argument 'cmake_clean_first' from command line to 'False'
[0.350s] Level 5:colcon.colcon_core.verb:set package 'cpp01_topic' build argument 'cmake_force_configure' from command line to 'False'
[0.350s] Level 5:colcon.colcon_core.verb:set package 'cpp01_topic' build argument 'ament_cmake_args' from command line to 'None'
[0.350s] Level 5:colcon.colcon_core.verb:set package 'cpp01_topic' build argument 'catkin_cmake_args' from command line to 'None'
[0.350s] Level 5:colcon.colcon_core.verb:set package 'cpp01_topic' build argument 'catkin_skip_building_tests' from command line to 'False'
[0.350s] DEBUG:colcon.colcon_core.verb:Building package 'cpp01_topic' with the following arguments: {'ament_cmake_args': None, 'build_base': '/home/ros2/ws01_plubing/src/build/cpp01_topic', 'catkin_cmake_args': None, 'catkin_skip_building_tests': False, 'cmake_args': None, 'cmake_clean_cache': False, 'cmake_clean_first': False, 'cmake_force_configure': False, 'cmake_target': None, 'cmake_target_skip_unavailable': False, 'install_base': '/home/ros2/ws01_plubing/src/install/cpp01_topic', 'merge_install': False, 'path': '/home/ros2/ws01_plubing/src/cpp01_topic', 'symlink_install': False, 'test_result_base': None}
[0.350s] INFO:colcon.colcon_core.executor:Executing jobs using 'parallel' executor
[0.352s] DEBUG:colcon.colcon_parallel_executor.executor.parallel:run_until_complete
[0.352s] INFO:colcon.colcon_ros.task.ament_cmake.build:Building ROS package in '/home/ros2/ws01_plubing/src/base_interfaces_demo' with build type 'ament_cmake'
[0.352s] INFO:colcon.colcon_cmake.task.cmake.build:Building CMake package in '/home/ros2/ws01_plubing/src/base_interfaces_demo'
[0.357s] INFO:colcon.colcon_core.plugin_system:Skipping extension 'colcon_core.shell.bat': Not used on non-Windows systems
[0.357s] INFO:colcon.colcon_core.shell:Skip shell extension 'powershell' for command environment: Not usable outside of PowerShell
[0.357s] DEBUG:colcon.colcon_core.shell:Skip shell extension 'dsv' for command environment
[0.379s] DEBUG:colcon.colcon_core.event_handler.log_command:Invoking command in '/home/ros2/ws01_plubing/src/build/base_interfaces_demo': CMAKE_PREFIX_PATH=${CMAKE_PREFIX_PATH}:/opt/ros/humble /usr/bin/cmake --build /home/ros2/ws01_plubing/src/build/base_interfaces_demo -- -j12 -l12
[0.436s] DEBUG:colcon.colcon_core.event_handler.log_command:Invoked command in '/home/ros2/ws01_plubing/src/build/base_interfaces_demo' returned '0': CMAKE_PREFIX_PATH=${CMAKE_PREFIX_PATH}:/opt/ros/humble /usr/bin/cmake --build /home/ros2/ws01_plubing/src/build/base_interfaces_demo -- -j12 -l12
[0.453s] DEBUG:colcon.colcon_core.event_handler.log_command:Invoking command in '/home/ros2/ws01_plubing/src/build/base_interfaces_demo': CMAKE_PREFIX_PATH=${CMAKE_PREFIX_PATH}:/opt/ros/humble /usr/bin/cmake --install /home/ros2/ws01_plubing/src/build/base_interfaces_demo
[0.467s] Level 1:colcon.colcon_core.environment:create_environment_scripts_only(base_interfaces_demo)
[0.468s] DEBUG:colcon.colcon_core.event_handler.log_command:Invoked command in '/home/ros2/ws01_plubing/src/build/base_interfaces_demo' returned '0': CMAKE_PREFIX_PATH=${CMAKE_PREFIX_PATH}:/opt/ros/humble /usr/bin/cmake --install /home/ros2/ws01_plubing/src/build/base_interfaces_demo
[0.471s] Level 1:colcon.colcon_core.environment:checking '/home/ros2/ws01_plubing/src/install/base_interfaces_demo' for CMake module files
[0.471s] Level 1:colcon.colcon_core.environment:checking '/home/ros2/ws01_plubing/src/install/base_interfaces_demo' for CMake config files
[0.472s] Level 1:colcon.colcon_core.shell:create_environment_hook('base_interfaces_demo', 'cmake_prefix_path')
[0.472s] INFO:colcon.colcon_core.shell:Creating environment hook '/home/ros2/ws01_plubing/src/install/base_interfaces_demo/share/base_interfaces_demo/hook/cmake_prefix_path.ps1'
[0.474s] INFO:colcon.colcon_core.shell:Creating environment descriptor '/home/ros2/ws01_plubing/src/install/base_interfaces_demo/share/base_interfaces_demo/hook/cmake_prefix_path.dsv'
[0.475s] INFO:colcon.colcon_core.shell:Creating environment hook '/home/ros2/ws01_plubing/src/install/base_interfaces_demo/share/base_interfaces_demo/hook/cmake_prefix_path.sh'
[0.476s] Level 1:colcon.colcon_core.environment:checking '/home/ros2/ws01_plubing/src/install/base_interfaces_demo/bin'
[0.477s] Level 1:colcon.colcon_core.environment:checking '/home/ros2/ws01_plubing/src/install/base_interfaces_demo/lib/pkgconfig/base_interfaces_demo.pc'
[0.477s] Level 1:colcon.colcon_core.environment:checking '/home/ros2/ws01_plubing/src/install/base_interfaces_demo/lib/python3.10/site-packages'
[0.477s] Level 1:colcon.colcon_core.environment:checking '/home/ros2/ws01_plubing/src/install/base_interfaces_demo/bin'
[0.478s] INFO:colcon.colcon_core.shell:Creating package script '/home/ros2/ws01_plubing/src/install/base_interfaces_demo/share/base_interfaces_demo/package.ps1'
[0.479s] INFO:colcon.colcon_core.shell:Creating package descriptor '/home/ros2/ws01_plubing/src/install/base_interfaces_demo/share/base_interfaces_demo/package.dsv'
[0.480s] INFO:colcon.colcon_core.shell:Creating package script '/home/ros2/ws01_plubing/src/install/base_interfaces_demo/share/base_interfaces_demo/package.sh'
[0.481s] INFO:colcon.colcon_core.shell:Creating package script '/home/ros2/ws01_plubing/src/install/base_interfaces_demo/share/base_interfaces_demo/package.bash'
[0.482s] INFO:colcon.colcon_core.shell:Creating package script '/home/ros2/ws01_plubing/src/install/base_interfaces_demo/share/base_interfaces_demo/package.zsh'
[0.483s] Level 1:colcon.colcon_core.environment:create_file_with_runtime_dependencies(/home/ros2/ws01_plubing/src/install/base_interfaces_demo/share/colcon-core/packages/base_interfaces_demo)
[0.485s] Level 1:colcon.colcon_core.environment:create_environment_scripts_only(base_interfaces_demo)
[0.485s] Level 1:colcon.colcon_core.environment:checking '/home/ros2/ws01_plubing/src/install/base_interfaces_demo' for CMake module files
[0.486s] Level 1:colcon.colcon_core.environment:checking '/home/ros2/ws01_plubing/src/install/base_interfaces_demo' for CMake config files
[0.486s] Level 1:colcon.colcon_core.shell:create_environment_hook('base_interfaces_demo', 'cmake_prefix_path')
[0.486s] INFO:colcon.colcon_core.shell:Creating environment hook '/home/ros2/ws01_plubing/src/install/base_interfaces_demo/share/base_interfaces_demo/hook/cmake_prefix_path.ps1'
[0.487s] INFO:colcon.colcon_core.shell:Creating environment descriptor '/home/ros2/ws01_plubing/src/install/base_interfaces_demo/share/base_interfaces_demo/hook/cmake_prefix_path.dsv'
[0.488s] INFO:colcon.colcon_core.shell:Creating environment hook '/home/ros2/ws01_plubing/src/install/base_interfaces_demo/share/base_interfaces_demo/hook/cmake_prefix_path.sh'
[0.489s] Level 1:colcon.colcon_core.environment:checking '/home/ros2/ws01_plubing/src/install/base_interfaces_demo/bin'
[0.489s] Level 1:colcon.colcon_core.environment:checking '/home/ros2/ws01_plubing/src/install/base_interfaces_demo/lib/pkgconfig/base_interfaces_demo.pc'
[0.489s] Level 1:colcon.colcon_core.environment:checking '/home/ros2/ws01_plubing/src/install/base_interfaces_demo/lib/python3.10/site-packages'
[0.490s] Level 1:colcon.colcon_core.environment:checking '/home/ros2/ws01_plubing/src/install/base_interfaces_demo/bin'
[0.490s] INFO:colcon.colcon_core.shell:Creating package script '/home/ros2/ws01_plubing/src/install/base_interfaces_demo/share/base_interfaces_demo/package.ps1'
[0.491s] INFO:colcon.colcon_core.shell:Creating package descriptor '/home/ros2/ws01_plubing/src/install/base_interfaces_demo/share/base_interfaces_demo/package.dsv'
[0.492s] INFO:colcon.colcon_core.shell:Creating package script '/home/ros2/ws01_plubing/src/install/base_interfaces_demo/share/base_interfaces_demo/package.sh'
[0.493s] INFO:colcon.colcon_core.shell:Creating package script '/home/ros2/ws01_plubing/src/install/base_interfaces_demo/share/base_interfaces_demo/package.bash'
[0.494s] INFO:colcon.colcon_core.shell:Creating package script '/home/ros2/ws01_plubing/src/install/base_interfaces_demo/share/base_interfaces_demo/package.zsh'
[0.494s] Level 1:colcon.colcon_core.environment:create_file_with_runtime_dependencies(/home/ros2/ws01_plubing/src/install/base_interfaces_demo/share/colcon-core/packages/base_interfaces_demo)
[0.495s] INFO:colcon.colcon_ros.task.ament_cmake.build:Building ROS package in '/home/ros2/ws01_plubing/src/cpp01_topic' with build type 'ament_cmake'
[0.496s] INFO:colcon.colcon_cmake.task.cmake.build:Building CMake package in '/home/ros2/ws01_plubing/src/cpp01_topic'
[0.496s] INFO:colcon.colcon_core.shell:Skip shell extension 'powershell' for command environment: Not usable outside of PowerShell
[0.497s] DEBUG:colcon.colcon_core.shell:Skip shell extension 'dsv' for command environment
[0.515s] DEBUG:colcon.colcon_core.event_handler.log_command:Invoking command in '/home/ros2/ws01_plubing/src/build/cpp01_topic': CMAKE_PREFIX_PATH=/home/ros2/ws01_plubing/src/install/base_interfaces_demo:/home/ros2/ws01_plubing/src/install/cpp01_topic:/opt/ros/humble /usr/bin/cmake --build /home/ros2/ws01_plubing/src/build/cpp01_topic -- -j12 -l12
[7.070s] DEBUG:colcon.colcon_core.event_handler.log_command:Invoked command in '/home/ros2/ws01_plubing/src/build/cpp01_topic' returned '0': CMAKE_PREFIX_PATH=/home/ros2/ws01_plubing/src/install/base_interfaces_demo:/home/ros2/ws01_plubing/src/install/cpp01_topic:/opt/ros/humble /usr/bin/cmake --build /home/ros2/ws01_plubing/src/build/cpp01_topic -- -j12 -l12
[7.075s] DEBUG:colcon.colcon_core.event_handler.log_command:Invoking command in '/home/ros2/ws01_plubing/src/build/cpp01_topic': CMAKE_PREFIX_PATH=/home/ros2/ws01_plubing/src/install/base_interfaces_demo:/home/ros2/ws01_plubing/src/install/cpp01_topic:/opt/ros/humble /usr/bin/cmake --install /home/ros2/ws01_plubing/src/build/cpp01_topic
[7.092s] Level 1:colcon.colcon_core.environment:create_environment_scripts_only(cpp01_topic)
[7.093s] Level 1:colcon.colcon_core.environment:checking '/home/ros2/ws01_plubing/src/install/cpp01_topic' for CMake module files
[7.094s] DEBUG:colcon.colcon_core.event_handler.log_command:Invoked command in '/home/ros2/ws01_plubing/src/build/cpp01_topic' returned '0': CMAKE_PREFIX_PATH=/home/ros2/ws01_plubing/src/install/base_interfaces_demo:/home/ros2/ws01_plubing/src/install/cpp01_topic:/opt/ros/humble /usr/bin/cmake --install /home/ros2/ws01_plubing/src/build/cpp01_topic
[7.094s] Level 1:colcon.colcon_core.environment:checking '/home/ros2/ws01_plubing/src/install/cpp01_topic' for CMake config files
[7.095s] Level 1:colcon.colcon_core.shell:create_environment_hook('cpp01_topic', 'cmake_prefix_path')
[7.095s] INFO:colcon.colcon_core.shell:Creating environment hook '/home/ros2/ws01_plubing/src/install/cpp01_topic/share/cpp01_topic/hook/cmake_prefix_path.ps1'
[7.096s] INFO:colcon.colcon_core.shell:Creating environment descriptor '/home/ros2/ws01_plubing/src/install/cpp01_topic/share/cpp01_topic/hook/cmake_prefix_path.dsv'
[7.097s] INFO:colcon.colcon_core.shell:Creating environment hook '/home/ros2/ws01_plubing/src/install/cpp01_topic/share/cpp01_topic/hook/cmake_prefix_path.sh'
[7.098s] Level 1:colcon.colcon_core.environment:checking '/home/ros2/ws01_plubing/src/install/cpp01_topic/lib'
[7.099s] Level 1:colcon.colcon_core.environment:checking '/home/ros2/ws01_plubing/src/install/cpp01_topic/bin'
[7.099s] Level 1:colcon.colcon_core.environment:checking '/home/ros2/ws01_plubing/src/install/cpp01_topic/lib/pkgconfig/cpp01_topic.pc'
[7.099s] Level 1:colcon.colcon_core.environment:checking '/home/ros2/ws01_plubing/src/install/cpp01_topic/lib/python3.10/site-packages'
[7.099s] Level 1:colcon.colcon_core.environment:checking '/home/ros2/ws01_plubing/src/install/cpp01_topic/bin'
[7.100s] INFO:colcon.colcon_core.shell:Creating package script '/home/ros2/ws01_plubing/src/install/cpp01_topic/share/cpp01_topic/package.ps1'
[7.101s] INFO:colcon.colcon_core.shell:Creating package descriptor '/home/ros2/ws01_plubing/src/install/cpp01_topic/share/cpp01_topic/package.dsv'
[7.102s] INFO:colcon.colcon_core.shell:Creating package script '/home/ros2/ws01_plubing/src/install/cpp01_topic/share/cpp01_topic/package.sh'
[7.103s] INFO:colcon.colcon_core.shell:Creating package script '/home/ros2/ws01_plubing/src/install/cpp01_topic/share/cpp01_topic/package.bash'
[7.103s] INFO:colcon.colcon_core.shell:Creating package script '/home/ros2/ws01_plubing/src/install/cpp01_topic/share/cpp01_topic/package.zsh'
[7.104s] Level 1:colcon.colcon_core.environment:create_file_with_runtime_dependencies(/home/ros2/ws01_plubing/src/install/cpp01_topic/share/colcon-core/packages/cpp01_topic)
[7.105s] Level 1:colcon.colcon_core.environment:create_environment_scripts_only(cpp01_topic)
[7.106s] Level 1:colcon.colcon_core.environment:checking '/home/ros2/ws01_plubing/src/install/cpp01_topic' for CMake module files
[7.107s] Level 1:colcon.colcon_core.environment:checking '/home/ros2/ws01_plubing/src/install/cpp01_topic' for CMake config files
[7.107s] Level 1:colcon.colcon_core.shell:create_environment_hook('cpp01_topic', 'cmake_prefix_path')
[7.107s] INFO:colcon.colcon_core.shell:Creating environment hook '/home/ros2/ws01_plubing/src/install/cpp01_topic/share/cpp01_topic/hook/cmake_prefix_path.ps1'
[7.108s] INFO:colcon.colcon_core.shell:Creating environment descriptor '/home/ros2/ws01_plubing/src/install/cpp01_topic/share/cpp01_topic/hook/cmake_prefix_path.dsv'
[7.109s] INFO:colcon.colcon_core.shell:Creating environment hook '/home/ros2/ws01_plubing/src/install/cpp01_topic/share/cpp01_topic/hook/cmake_prefix_path.sh'
[7.110s] Level 1:colcon.colcon_core.environment:checking '/home/ros2/ws01_plubing/src/install/cpp01_topic/lib'
[7.110s] Level 1:colcon.colcon_core.environment:checking '/home/ros2/ws01_plubing/src/install/cpp01_topic/bin'
[7.110s] Level 1:colcon.colcon_core.environment:checking '/home/ros2/ws01_plubing/src/install/cpp01_topic/lib/pkgconfig/cpp01_topic.pc'
[7.111s] Level 1:colcon.colcon_core.environment:checking '/home/ros2/ws01_plubing/src/install/cpp01_topic/lib/python3.10/site-packages'
[7.111s] Level 1:colcon.colcon_core.environment:checking '/home/ros2/ws01_plubing/src/install/cpp01_topic/bin'
[7.111s] INFO:colcon.colcon_core.shell:Creating package script '/home/ros2/ws01_plubing/src/install/cpp01_topic/share/cpp01_topic/package.ps1'
[7.112s] INFO:colcon.colcon_core.shell:Creating package descriptor '/home/ros2/ws01_plubing/src/install/cpp01_topic/share/cpp01_topic/package.dsv'
[7.113s] INFO:colcon.colcon_core.shell:Creating package script '/home/ros2/ws01_plubing/src/install/cpp01_topic/share/cpp01_topic/package.sh'
[7.114s] INFO:colcon.colcon_core.shell:Creating package script '/home/ros2/ws01_plubing/src/install/cpp01_topic/share/cpp01_topic/package.bash'
[7.115s] INFO:colcon.colcon_core.shell:Creating package script '/home/ros2/ws01_plubing/src/install/cpp01_topic/share/cpp01_topic/package.zsh'
[7.116s] Level 1:colcon.colcon_core.environment:create_file_with_runtime_dependencies(/home/ros2/ws01_plubing/src/install/cpp01_topic/share/colcon-core/packages/cpp01_topic)
[7.116s] DEBUG:colcon.colcon_parallel_executor.executor.parallel:closing loop
[7.118s] DEBUG:colcon.colcon_parallel_executor.executor.parallel:loop closed
[7.118s] DEBUG:colcon.colcon_parallel_executor.executor.parallel:run_until_complete finished with '0'
[7.119s] DEBUG:colcon.colcon_core.event_reactor:joining thread
[7.125s] INFO:colcon.colcon_core.plugin_system:Skipping extension 'colcon_notification.desktop_notification.terminal_notifier': Not used on non-Darwin systems
[7.125s] INFO:colcon.colcon_core.plugin_system:Skipping extension 'colcon_notification.desktop_notification.win32': Not used on non-Windows systems
[7.125s] INFO:colcon.colcon_notification.desktop_notification:Sending desktop notification using 'notify2'
[7.152s] DEBUG:colcon.colcon_core.event_reactor:joined thread
[7.153s] INFO:colcon.colcon_core.shell:Creating prefix script '/home/ros2/ws01_plubing/src/install/local_setup.ps1'
[7.155s] INFO:colcon.colcon_core.shell:Creating prefix util module '/home/ros2/ws01_plubing/src/install/_local_setup_util_ps1.py'
[7.157s] INFO:colcon.colcon_core.shell:Creating prefix chain script '/home/ros2/ws01_plubing/src/install/setup.ps1'
[7.158s] INFO:colcon.colcon_core.shell:Creating prefix script '/home/ros2/ws01_plubing/src/install/local_setup.sh'
[7.159s] INFO:colcon.colcon_core.shell:Creating prefix util module '/home/ros2/ws01_plubing/src/install/_local_setup_util_sh.py'
[7.160s] INFO:colcon.colcon_core.shell:Creating prefix chain script '/home/ros2/ws01_plubing/src/install/setup.sh'
[7.161s] INFO:colcon.colcon_core.shell:Creating prefix script '/home/ros2/ws01_plubing/src/install/local_setup.bash'
[7.162s] INFO:colcon.colcon_core.shell:Creating prefix chain script '/home/ros2/ws01_plubing/src/install/setup.bash'
[7.163s] INFO:colcon.colcon_core.shell:Creating prefix script '/home/ros2/ws01_plubing/src/install/local_setup.zsh'
[7.164s] INFO:colcon.colcon_core.shell:Creating prefix chain script '/home/ros2/ws01_plubing/src/install/setup.zsh'
