[0.094s] DEBUG:colcon:Command line arguments: ['/usr/bin/colcon', 'build']
[0.094s] DEBUG:colcon:Parsed command line arguments: Namespace(log_base=None, log_level=None, verb_name='build', build_base='build', install_base='install', merge_install=False, symlink_install=False, test_result_base=None, continue_on_error=False, executor='parallel', parallel_workers=12, event_handlers=None, ignore_user_meta=False, metas=['./colcon.meta'], base_paths=['.'], packages_ignore=None, packages_ignore_regex=None, paths=None, packages_up_to=None, packages_up_to_regex=None, packages_above=None, packages_above_and_dependencies=None, packages_above_depth=None, packages_select_by_dep=None, packages_skip_by_dep=None, packages_skip_up_to=None, packages_select_build_failed=False, packages_skip_build_finished=False, packages_select_test_failures=False, packages_skip_test_passed=False, packages_select=None, packages_skip=None, packages_select_regex=None, packages_skip_regex=None, packages_start=None, packages_end=None, allow_overriding=[], cmake_args=None, cmake_target=None, cmake_target_skip_unavailable=False, cmake_clean_cache=False, cmake_clean_first=False, cmake_force_configure=False, ament_cmake_args=None, catkin_cmake_args=None, catkin_skip_building_tests=False, verb_parser=<colcon_defaults.argument_parser.defaults.DefaultArgumentsDecorator object at 0x7a377e5a6fb0>, verb_extension=<colcon_core.verb.build.BuildVerb object at 0x7a377e5a6410>, main=<bound method BuildVerb.main of <colcon_core.verb.build.BuildVerb object at 0x7a377e5a6410>>)
[0.249s] Level 1:colcon.colcon_core.package_discovery:discover_packages(colcon_meta) check parameters
[0.249s] Level 1:colcon.colcon_core.package_discovery:discover_packages(recursive) check parameters
[0.249s] Level 1:colcon.colcon_core.package_discovery:discover_packages(ignore) check parameters
[0.249s] Level 1:colcon.colcon_core.package_discovery:discover_packages(path) check parameters
[0.249s] Level 1:colcon.colcon_core.package_discovery:discover_packages(colcon_meta) discover
[0.249s] Level 1:colcon.colcon_core.package_discovery:discover_packages(recursive) discover
[0.249s] INFO:colcon.colcon_core.package_discovery:Crawling recursively for packages in '/home/ros2/exam'
[0.250s] Level 1:colcon.colcon_core.package_identification:_identify(.) by extensions ['ignore', 'ignore_ament_install']
[0.250s] Level 1:colcon.colcon_core.package_identification:_identify(.) by extension 'ignore'
[0.250s] Level 1:colcon.colcon_core.package_identification:_identify(.) by extension 'ignore_ament_install'
[0.250s] Level 1:colcon.colcon_core.package_identification:_identify(.) by extensions ['colcon_pkg']
[0.250s] Level 1:colcon.colcon_core.package_identification:_identify(.) by extension 'colcon_pkg'
[0.250s] Level 1:colcon.colcon_core.package_identification:_identify(.) by extensions ['colcon_meta']
[0.250s] Level 1:colcon.colcon_core.package_identification:_identify(.) by extension 'colcon_meta'
[0.250s] Level 1:colcon.colcon_core.package_identification:_identify(.) by extensions ['ros']
[0.250s] Level 1:colcon.colcon_core.package_identification:_identify(.) by extension 'ros'
[0.263s] Level 1:colcon.colcon_core.package_identification:_identify(.) by extensions ['cmake', 'python']
[0.263s] Level 1:colcon.colcon_core.package_identification:_identify(.) by extension 'cmake'
[0.263s] Level 1:colcon.colcon_core.package_identification:_identify(.) by extension 'python'
[0.263s] Level 1:colcon.colcon_core.package_identification:_identify(.) by extensions ['python_setup_py']
[0.263s] Level 1:colcon.colcon_core.package_identification:_identify(.) by extension 'python_setup_py'
[0.263s] Level 1:colcon.colcon_core.package_identification:_identify(build) by extensions ['ignore', 'ignore_ament_install']
[0.263s] Level 1:colcon.colcon_core.package_identification:_identify(build) by extension 'ignore'
[0.263s] Level 1:colcon.colcon_core.package_identification:_identify(build) ignored
[0.263s] Level 1:colcon.colcon_core.package_identification:_identify(cpp01_topic) by extensions ['ignore', 'ignore_ament_install']
[0.263s] Level 1:colcon.colcon_core.package_identification:_identify(cpp01_topic) by extension 'ignore'
[0.263s] Level 1:colcon.colcon_core.package_identification:_identify(cpp01_topic) by extension 'ignore_ament_install'
[0.263s] Level 1:colcon.colcon_core.package_identification:_identify(cpp01_topic) by extensions ['colcon_pkg']
[0.263s] Level 1:colcon.colcon_core.package_identification:_identify(cpp01_topic) by extension 'colcon_pkg'
[0.263s] Level 1:colcon.colcon_core.package_identification:_identify(cpp01_topic) by extensions ['colcon_meta']
[0.263s] Level 1:colcon.colcon_core.package_identification:_identify(cpp01_topic) by extension 'colcon_meta'
[0.264s] Level 1:colcon.colcon_core.package_identification:_identify(cpp01_topic) by extensions ['ros']
[0.264s] Level 1:colcon.colcon_core.package_identification:_identify(cpp01_topic) by extension 'ros'
[0.265s] DEBUG:colcon.colcon_core.package_identification:Package 'cpp01_topic' with type 'ros.ament_cmake' and name 'cpp01_topic'
[0.266s] Level 1:colcon.colcon_core.package_identification:_identify(cpp02_service) by extensions ['ignore', 'ignore_ament_install']
[0.266s] Level 1:colcon.colcon_core.package_identification:_identify(cpp02_service) by extension 'ignore'
[0.266s] Level 1:colcon.colcon_core.package_identification:_identify(cpp02_service) by extension 'ignore_ament_install'
[0.266s] Level 1:colcon.colcon_core.package_identification:_identify(cpp02_service) by extensions ['colcon_pkg']
[0.266s] Level 1:colcon.colcon_core.package_identification:_identify(cpp02_service) by extension 'colcon_pkg'
[0.266s] Level 1:colcon.colcon_core.package_identification:_identify(cpp02_service) by extensions ['colcon_meta']
[0.266s] Level 1:colcon.colcon_core.package_identification:_identify(cpp02_service) by extension 'colcon_meta'
[0.266s] Level 1:colcon.colcon_core.package_identification:_identify(cpp02_service) by extensions ['ros']
[0.266s] Level 1:colcon.colcon_core.package_identification:_identify(cpp02_service) by extension 'ros'
[0.266s] DEBUG:colcon.colcon_core.package_identification:Package 'cpp02_service' with type 'ros.ament_cmake' and name 'cpp02_service'
[0.267s] Level 1:colcon.colcon_core.package_identification:_identify(cpp04_param) by extensions ['ignore', 'ignore_ament_install']
[0.267s] Level 1:colcon.colcon_core.package_identification:_identify(cpp04_param) by extension 'ignore'
[0.267s] Level 1:colcon.colcon_core.package_identification:_identify(cpp04_param) by extension 'ignore_ament_install'
[0.267s] Level 1:colcon.colcon_core.package_identification:_identify(cpp04_param) by extensions ['colcon_pkg']
[0.267s] Level 1:colcon.colcon_core.package_identification:_identify(cpp04_param) by extension 'colcon_pkg'
[0.267s] Level 1:colcon.colcon_core.package_identification:_identify(cpp04_param) by extensions ['colcon_meta']
[0.267s] Level 1:colcon.colcon_core.package_identification:_identify(cpp04_param) by extension 'colcon_meta'
[0.267s] Level 1:colcon.colcon_core.package_identification:_identify(cpp04_param) by extensions ['ros']
[0.267s] Level 1:colcon.colcon_core.package_identification:_identify(cpp04_param) by extension 'ros'
[0.268s] DEBUG:colcon.colcon_core.package_identification:Package 'cpp04_param' with type 'ros.ament_cmake' and name 'cpp04_param'
[0.268s] Level 1:colcon.colcon_core.package_identification:_identify(demo_interfaces_base) by extensions ['ignore', 'ignore_ament_install']
[0.268s] Level 1:colcon.colcon_core.package_identification:_identify(demo_interfaces_base) by extension 'ignore'
[0.268s] Level 1:colcon.colcon_core.package_identification:_identify(demo_interfaces_base) by extension 'ignore_ament_install'
[0.268s] Level 1:colcon.colcon_core.package_identification:_identify(demo_interfaces_base) by extensions ['colcon_pkg']
[0.268s] Level 1:colcon.colcon_core.package_identification:_identify(demo_interfaces_base) by extension 'colcon_pkg'
[0.268s] Level 1:colcon.colcon_core.package_identification:_identify(demo_interfaces_base) by extensions ['colcon_meta']
[0.268s] Level 1:colcon.colcon_core.package_identification:_identify(demo_interfaces_base) by extension 'colcon_meta'
[0.268s] Level 1:colcon.colcon_core.package_identification:_identify(demo_interfaces_base) by extensions ['ros']
[0.268s] Level 1:colcon.colcon_core.package_identification:_identify(demo_interfaces_base) by extension 'ros'
[0.269s] DEBUG:colcon.colcon_core.package_identification:Package 'demo_interfaces_base' with type 'ros.ament_cmake' and name 'demo_interfaces_base'
[0.269s] Level 1:colcon.colcon_core.package_identification:_identify(install) by extensions ['ignore', 'ignore_ament_install']
[0.269s] Level 1:colcon.colcon_core.package_identification:_identify(install) by extension 'ignore'
[0.269s] Level 1:colcon.colcon_core.package_identification:_identify(install) ignored
[0.270s] Level 1:colcon.colcon_core.package_identification:_identify(log) by extensions ['ignore', 'ignore_ament_install']
[0.270s] Level 1:colcon.colcon_core.package_identification:_identify(log) by extension 'ignore'
[0.270s] Level 1:colcon.colcon_core.package_identification:_identify(log) ignored
[0.270s] Level 1:colcon.colcon_core.package_discovery:discover_packages(recursive) using defaults
[0.270s] Level 1:colcon.colcon_core.package_discovery:discover_packages(ignore) discover
[0.270s] Level 1:colcon.colcon_core.package_discovery:discover_packages(ignore) using defaults
[0.270s] Level 1:colcon.colcon_core.package_discovery:discover_packages(path) discover
[0.270s] Level 1:colcon.colcon_core.package_discovery:discover_packages(path) using defaults
[0.288s] Level 1:colcon.colcon_core.package_discovery:discover_packages(prefix_path) check parameters
[0.288s] Level 1:colcon.colcon_core.package_discovery:discover_packages(prefix_path) discover
[0.290s] DEBUG:colcon.colcon_installed_package_information.package_discovery:Found 4 installed packages in /home/ros2/exam/install
[0.292s] DEBUG:colcon.colcon_installed_package_information.package_discovery:Found 271 installed packages in /opt/ros/humble
[0.295s] Level 1:colcon.colcon_core.package_discovery:discover_packages(prefix_path) using defaults
[0.358s] Level 5:colcon.colcon_core.verb:set package 'demo_interfaces_base' build argument 'cmake_args' from command line to 'None'
[0.358s] Level 5:colcon.colcon_core.verb:set package 'demo_interfaces_base' build argument 'cmake_target' from command line to 'None'
[0.358s] Level 5:colcon.colcon_core.verb:set package 'demo_interfaces_base' build argument 'cmake_target_skip_unavailable' from command line to 'False'
[0.358s] Level 5:colcon.colcon_core.verb:set package 'demo_interfaces_base' build argument 'cmake_clean_cache' from command line to 'False'
[0.358s] Level 5:colcon.colcon_core.verb:set package 'demo_interfaces_base' build argument 'cmake_clean_first' from command line to 'False'
[0.358s] Level 5:colcon.colcon_core.verb:set package 'demo_interfaces_base' build argument 'cmake_force_configure' from command line to 'False'
[0.358s] Level 5:colcon.colcon_core.verb:set package 'demo_interfaces_base' build argument 'ament_cmake_args' from command line to 'None'
[0.358s] Level 5:colcon.colcon_core.verb:set package 'demo_interfaces_base' build argument 'catkin_cmake_args' from command line to 'None'
[0.358s] Level 5:colcon.colcon_core.verb:set package 'demo_interfaces_base' build argument 'catkin_skip_building_tests' from command line to 'False'
[0.358s] DEBUG:colcon.colcon_core.verb:Building package 'demo_interfaces_base' with the following arguments: {'ament_cmake_args': None, 'build_base': '/home/ros2/exam/build/demo_interfaces_base', 'catkin_cmake_args': None, 'catkin_skip_building_tests': False, 'cmake_args': None, 'cmake_clean_cache': False, 'cmake_clean_first': False, 'cmake_force_configure': False, 'cmake_target': None, 'cmake_target_skip_unavailable': False, 'install_base': '/home/ros2/exam/install/demo_interfaces_base', 'merge_install': False, 'path': '/home/ros2/exam/demo_interfaces_base', 'symlink_install': False, 'test_result_base': None}
[0.358s] Level 5:colcon.colcon_core.verb:set package 'cpp01_topic' build argument 'cmake_args' from command line to 'None'
[0.358s] Level 5:colcon.colcon_core.verb:set package 'cpp01_topic' build argument 'cmake_target' from command line to 'None'
[0.358s] Level 5:colcon.colcon_core.verb:set package 'cpp01_topic' build argument 'cmake_target_skip_unavailable' from command line to 'False'
[0.358s] Level 5:colcon.colcon_core.verb:set package 'cpp01_topic' build argument 'cmake_clean_cache' from command line to 'False'
[0.358s] Level 5:colcon.colcon_core.verb:set package 'cpp01_topic' build argument 'cmake_clean_first' from command line to 'False'
[0.358s] Level 5:colcon.colcon_core.verb:set package 'cpp01_topic' build argument 'cmake_force_configure' from command line to 'False'
[0.358s] Level 5:colcon.colcon_core.verb:set package 'cpp01_topic' build argument 'ament_cmake_args' from command line to 'None'
[0.358s] Level 5:colcon.colcon_core.verb:set package 'cpp01_topic' build argument 'catkin_cmake_args' from command line to 'None'
[0.358s] Level 5:colcon.colcon_core.verb:set package 'cpp01_topic' build argument 'catkin_skip_building_tests' from command line to 'False'
[0.359s] DEBUG:colcon.colcon_core.verb:Building package 'cpp01_topic' with the following arguments: {'ament_cmake_args': None, 'build_base': '/home/ros2/exam/build/cpp01_topic', 'catkin_cmake_args': None, 'catkin_skip_building_tests': False, 'cmake_args': None, 'cmake_clean_cache': False, 'cmake_clean_first': False, 'cmake_force_configure': False, 'cmake_target': None, 'cmake_target_skip_unavailable': False, 'install_base': '/home/ros2/exam/install/cpp01_topic', 'merge_install': False, 'path': '/home/ros2/exam/cpp01_topic', 'symlink_install': False, 'test_result_base': None}
[0.359s] Level 5:colcon.colcon_core.verb:set package 'cpp02_service' build argument 'cmake_args' from command line to 'None'
[0.359s] Level 5:colcon.colcon_core.verb:set package 'cpp02_service' build argument 'cmake_target' from command line to 'None'
[0.359s] Level 5:colcon.colcon_core.verb:set package 'cpp02_service' build argument 'cmake_target_skip_unavailable' from command line to 'False'
[0.359s] Level 5:colcon.colcon_core.verb:set package 'cpp02_service' build argument 'cmake_clean_cache' from command line to 'False'
[0.359s] Level 5:colcon.colcon_core.verb:set package 'cpp02_service' build argument 'cmake_clean_first' from command line to 'False'
[0.359s] Level 5:colcon.colcon_core.verb:set package 'cpp02_service' build argument 'cmake_force_configure' from command line to 'False'
[0.359s] Level 5:colcon.colcon_core.verb:set package 'cpp02_service' build argument 'ament_cmake_args' from command line to 'None'
[0.359s] Level 5:colcon.colcon_core.verb:set package 'cpp02_service' build argument 'catkin_cmake_args' from command line to 'None'
[0.359s] Level 5:colcon.colcon_core.verb:set package 'cpp02_service' build argument 'catkin_skip_building_tests' from command line to 'False'
[0.359s] DEBUG:colcon.colcon_core.verb:Building package 'cpp02_service' with the following arguments: {'ament_cmake_args': None, 'build_base': '/home/ros2/exam/build/cpp02_service', 'catkin_cmake_args': None, 'catkin_skip_building_tests': False, 'cmake_args': None, 'cmake_clean_cache': False, 'cmake_clean_first': False, 'cmake_force_configure': False, 'cmake_target': None, 'cmake_target_skip_unavailable': False, 'install_base': '/home/ros2/exam/install/cpp02_service', 'merge_install': False, 'path': '/home/ros2/exam/cpp02_service', 'symlink_install': False, 'test_result_base': None}
[0.359s] Level 5:colcon.colcon_core.verb:set package 'cpp04_param' build argument 'cmake_args' from command line to 'None'
[0.359s] Level 5:colcon.colcon_core.verb:set package 'cpp04_param' build argument 'cmake_target' from command line to 'None'
[0.359s] Level 5:colcon.colcon_core.verb:set package 'cpp04_param' build argument 'cmake_target_skip_unavailable' from command line to 'False'
[0.359s] Level 5:colcon.colcon_core.verb:set package 'cpp04_param' build argument 'cmake_clean_cache' from command line to 'False'
[0.359s] Level 5:colcon.colcon_core.verb:set package 'cpp04_param' build argument 'cmake_clean_first' from command line to 'False'
[0.359s] Level 5:colcon.colcon_core.verb:set package 'cpp04_param' build argument 'cmake_force_configure' from command line to 'False'
[0.359s] Level 5:colcon.colcon_core.verb:set package 'cpp04_param' build argument 'ament_cmake_args' from command line to 'None'
[0.359s] Level 5:colcon.colcon_core.verb:set package 'cpp04_param' build argument 'catkin_cmake_args' from command line to 'None'
[0.359s] Level 5:colcon.colcon_core.verb:set package 'cpp04_param' build argument 'catkin_skip_building_tests' from command line to 'False'
[0.360s] DEBUG:colcon.colcon_core.verb:Building package 'cpp04_param' with the following arguments: {'ament_cmake_args': None, 'build_base': '/home/ros2/exam/build/cpp04_param', 'catkin_cmake_args': None, 'catkin_skip_building_tests': False, 'cmake_args': None, 'cmake_clean_cache': False, 'cmake_clean_first': False, 'cmake_force_configure': False, 'cmake_target': None, 'cmake_target_skip_unavailable': False, 'install_base': '/home/ros2/exam/install/cpp04_param', 'merge_install': False, 'path': '/home/ros2/exam/cpp04_param', 'symlink_install': False, 'test_result_base': None}
[0.360s] INFO:colcon.colcon_core.executor:Executing jobs using 'parallel' executor
[0.361s] DEBUG:colcon.colcon_parallel_executor.executor.parallel:run_until_complete
[0.361s] INFO:colcon.colcon_ros.task.ament_cmake.build:Building ROS package in '/home/ros2/exam/demo_interfaces_base' with build type 'ament_cmake'
[0.361s] INFO:colcon.colcon_cmake.task.cmake.build:Building CMake package in '/home/ros2/exam/demo_interfaces_base'
[0.364s] INFO:colcon.colcon_core.plugin_system:Skipping extension 'colcon_core.shell.bat': Not used on non-Windows systems
[0.365s] INFO:colcon.colcon_core.shell:Skip shell extension 'powershell' for command environment: Not usable outside of PowerShell
[0.365s] DEBUG:colcon.colcon_core.shell:Skip shell extension 'dsv' for command environment
[0.379s] DEBUG:colcon.colcon_core.event_handler.log_command:Invoking command in '/home/ros2/exam/build/demo_interfaces_base': CMAKE_PREFIX_PATH=${CMAKE_PREFIX_PATH}:/opt/ros/humble /usr/bin/cmake --build /home/ros2/exam/build/demo_interfaces_base -- -j12 -l12
[0.970s] DEBUG:colcon.colcon_core.event_handler.log_command:Invoked command in '/home/ros2/exam/build/demo_interfaces_base' returned '0': CMAKE_PREFIX_PATH=${CMAKE_PREFIX_PATH}:/opt/ros/humble /usr/bin/cmake --build /home/ros2/exam/build/demo_interfaces_base -- -j12 -l12
[1.031s] DEBUG:colcon.colcon_core.event_handler.log_command:Invoking command in '/home/ros2/exam/build/demo_interfaces_base': CMAKE_PREFIX_PATH=${CMAKE_PREFIX_PATH}:/opt/ros/humble /usr/bin/cmake --install /home/ros2/exam/build/demo_interfaces_base
[1.166s] Level 1:colcon.colcon_core.environment:create_environment_scripts_only(demo_interfaces_base)
[1.167s] DEBUG:colcon.colcon_core.event_handler.log_command:Invoked command in '/home/ros2/exam/build/demo_interfaces_base' returned '0': CMAKE_PREFIX_PATH=${CMAKE_PREFIX_PATH}:/opt/ros/humble /usr/bin/cmake --install /home/ros2/exam/build/demo_interfaces_base
[1.172s] Level 1:colcon.colcon_core.environment:checking '/home/ros2/exam/install/demo_interfaces_base' for CMake module files
[1.173s] Level 1:colcon.colcon_core.environment:checking '/home/ros2/exam/install/demo_interfaces_base' for CMake config files
[1.174s] Level 1:colcon.colcon_core.shell:create_environment_hook('demo_interfaces_base', 'cmake_prefix_path')
[1.174s] INFO:colcon.colcon_core.shell:Creating environment hook '/home/ros2/exam/install/demo_interfaces_base/share/demo_interfaces_base/hook/cmake_prefix_path.ps1'
[1.176s] INFO:colcon.colcon_core.shell:Creating environment descriptor '/home/ros2/exam/install/demo_interfaces_base/share/demo_interfaces_base/hook/cmake_prefix_path.dsv'
[1.177s] INFO:colcon.colcon_core.shell:Creating environment hook '/home/ros2/exam/install/demo_interfaces_base/share/demo_interfaces_base/hook/cmake_prefix_path.sh'
[1.178s] Level 1:colcon.colcon_core.environment:checking '/home/ros2/exam/install/demo_interfaces_base/lib'
[1.179s] Level 1:colcon.colcon_core.shell:create_environment_hook('demo_interfaces_base', 'ld_library_path_lib')
[1.179s] INFO:colcon.colcon_core.shell:Creating environment hook '/home/ros2/exam/install/demo_interfaces_base/share/demo_interfaces_base/hook/ld_library_path_lib.ps1'
[1.180s] INFO:colcon.colcon_core.shell:Creating environment descriptor '/home/ros2/exam/install/demo_interfaces_base/share/demo_interfaces_base/hook/ld_library_path_lib.dsv'
[1.181s] INFO:colcon.colcon_core.shell:Creating environment hook '/home/ros2/exam/install/demo_interfaces_base/share/demo_interfaces_base/hook/ld_library_path_lib.sh'
[1.181s] Level 1:colcon.colcon_core.environment:checking '/home/ros2/exam/install/demo_interfaces_base/bin'
[1.181s] Level 1:colcon.colcon_core.environment:checking '/home/ros2/exam/install/demo_interfaces_base/lib/pkgconfig/demo_interfaces_base.pc'
[1.182s] Level 1:colcon.colcon_core.environment:checking '/home/ros2/exam/install/demo_interfaces_base/lib/python3.10/site-packages'
[1.182s] Level 1:colcon.colcon_core.environment:checking '/home/ros2/exam/install/demo_interfaces_base/bin'
[1.183s] INFO:colcon.colcon_core.shell:Creating package script '/home/ros2/exam/install/demo_interfaces_base/share/demo_interfaces_base/package.ps1'
[1.184s] INFO:colcon.colcon_core.shell:Creating package descriptor '/home/ros2/exam/install/demo_interfaces_base/share/demo_interfaces_base/package.dsv'
[1.184s] INFO:colcon.colcon_core.shell:Creating package script '/home/ros2/exam/install/demo_interfaces_base/share/demo_interfaces_base/package.sh'
[1.185s] INFO:colcon.colcon_core.shell:Creating package script '/home/ros2/exam/install/demo_interfaces_base/share/demo_interfaces_base/package.bash'
[1.186s] INFO:colcon.colcon_core.shell:Creating package script '/home/ros2/exam/install/demo_interfaces_base/share/demo_interfaces_base/package.zsh'
[1.187s] Level 1:colcon.colcon_core.environment:create_file_with_runtime_dependencies(/home/ros2/exam/install/demo_interfaces_base/share/colcon-core/packages/demo_interfaces_base)
[1.188s] Level 1:colcon.colcon_core.environment:create_environment_scripts_only(demo_interfaces_base)
[1.188s] Level 1:colcon.colcon_core.environment:checking '/home/ros2/exam/install/demo_interfaces_base' for CMake module files
[1.190s] Level 1:colcon.colcon_core.environment:checking '/home/ros2/exam/install/demo_interfaces_base' for CMake config files
[1.190s] Level 1:colcon.colcon_core.shell:create_environment_hook('demo_interfaces_base', 'cmake_prefix_path')
[1.191s] INFO:colcon.colcon_core.shell:Creating environment hook '/home/ros2/exam/install/demo_interfaces_base/share/demo_interfaces_base/hook/cmake_prefix_path.ps1'
[1.192s] INFO:colcon.colcon_core.shell:Creating environment descriptor '/home/ros2/exam/install/demo_interfaces_base/share/demo_interfaces_base/hook/cmake_prefix_path.dsv'
[1.193s] INFO:colcon.colcon_core.shell:Creating environment hook '/home/ros2/exam/install/demo_interfaces_base/share/demo_interfaces_base/hook/cmake_prefix_path.sh'
[1.194s] Level 1:colcon.colcon_core.environment:checking '/home/ros2/exam/install/demo_interfaces_base/lib'
[1.194s] Level 1:colcon.colcon_core.shell:create_environment_hook('demo_interfaces_base', 'ld_library_path_lib')
[1.194s] INFO:colcon.colcon_core.shell:Creating environment hook '/home/ros2/exam/install/demo_interfaces_base/share/demo_interfaces_base/hook/ld_library_path_lib.ps1'
[1.195s] INFO:colcon.colcon_core.shell:Creating environment descriptor '/home/ros2/exam/install/demo_interfaces_base/share/demo_interfaces_base/hook/ld_library_path_lib.dsv'
[1.196s] INFO:colcon.colcon_core.shell:Creating environment hook '/home/ros2/exam/install/demo_interfaces_base/share/demo_interfaces_base/hook/ld_library_path_lib.sh'
[1.197s] Level 1:colcon.colcon_core.environment:checking '/home/ros2/exam/install/demo_interfaces_base/bin'
[1.197s] Level 1:colcon.colcon_core.environment:checking '/home/ros2/exam/install/demo_interfaces_base/lib/pkgconfig/demo_interfaces_base.pc'
[1.198s] Level 1:colcon.colcon_core.environment:checking '/home/ros2/exam/install/demo_interfaces_base/lib/python3.10/site-packages'
[1.198s] Level 1:colcon.colcon_core.environment:checking '/home/ros2/exam/install/demo_interfaces_base/bin'
[1.198s] INFO:colcon.colcon_core.shell:Creating package script '/home/ros2/exam/install/demo_interfaces_base/share/demo_interfaces_base/package.ps1'
[1.199s] INFO:colcon.colcon_core.shell:Creating package descriptor '/home/ros2/exam/install/demo_interfaces_base/share/demo_interfaces_base/package.dsv'
[1.200s] INFO:colcon.colcon_core.shell:Creating package script '/home/ros2/exam/install/demo_interfaces_base/share/demo_interfaces_base/package.sh'
[1.201s] INFO:colcon.colcon_core.shell:Creating package script '/home/ros2/exam/install/demo_interfaces_base/share/demo_interfaces_base/package.bash'
[1.203s] INFO:colcon.colcon_core.shell:Creating package script '/home/ros2/exam/install/demo_interfaces_base/share/demo_interfaces_base/package.zsh'
[1.204s] Level 1:colcon.colcon_core.environment:create_file_with_runtime_dependencies(/home/ros2/exam/install/demo_interfaces_base/share/colcon-core/packages/demo_interfaces_base)
[1.206s] INFO:colcon.colcon_ros.task.ament_cmake.build:Building ROS package in '/home/ros2/exam/cpp01_topic' with build type 'ament_cmake'
[1.206s] INFO:colcon.colcon_cmake.task.cmake.build:Building CMake package in '/home/ros2/exam/cpp01_topic'
[1.207s] INFO:colcon.colcon_core.shell:Skip shell extension 'powershell' for command environment: Not usable outside of PowerShell
[1.207s] DEBUG:colcon.colcon_core.shell:Skip shell extension 'dsv' for command environment
[1.216s] INFO:colcon.colcon_ros.task.ament_cmake.build:Building ROS package in '/home/ros2/exam/cpp02_service' with build type 'ament_cmake'
[1.216s] INFO:colcon.colcon_cmake.task.cmake.build:Building CMake package in '/home/ros2/exam/cpp02_service'
[1.217s] INFO:colcon.colcon_core.shell:Skip shell extension 'powershell' for command environment: Not usable outside of PowerShell
[1.217s] DEBUG:colcon.colcon_core.shell:Skip shell extension 'dsv' for command environment
[1.226s] INFO:colcon.colcon_ros.task.ament_cmake.build:Building ROS package in '/home/ros2/exam/cpp04_param' with build type 'ament_cmake'
[1.226s] INFO:colcon.colcon_cmake.task.cmake.build:Building CMake package in '/home/ros2/exam/cpp04_param'
[1.227s] INFO:colcon.colcon_core.shell:Skip shell extension 'powershell' for command environment: Not usable outside of PowerShell
[1.227s] DEBUG:colcon.colcon_core.shell:Skip shell extension 'dsv' for command environment
[1.244s] DEBUG:colcon.colcon_core.event_handler.log_command:Invoking command in '/home/ros2/exam/build/cpp01_topic': CMAKE_PREFIX_PATH=/home/ros2/exam/install/demo_interfaces_base:/home/ros2/exam/install/cpp02_service:/home/ros2/exam/install/cpp01_topic:/opt/ros/humble /usr/bin/cmake --build /home/ros2/exam/build/cpp01_topic -- -j12 -l12
[1.293s] DEBUG:colcon.colcon_core.event_handler.log_command:Invoking command in '/home/ros2/exam/build/cpp02_service': CMAKE_PREFIX_PATH=/home/ros2/exam/install/demo_interfaces_base:/home/ros2/exam/install/cpp02_service:/home/ros2/exam/install/cpp01_topic:/opt/ros/humble /usr/bin/cmake --build /home/ros2/exam/build/cpp02_service -- -j12 -l12
[1.301s] DEBUG:colcon.colcon_core.event_handler.log_command:Invoking command in '/home/ros2/exam/build/cpp04_param': CMAKE_PREFIX_PATH=/home/ros2/exam/install/demo_interfaces_base:/home/ros2/exam/install/cpp02_service:/home/ros2/exam/install/cpp01_topic:/opt/ros/humble /usr/bin/cmake --build /home/ros2/exam/build/cpp04_param -- -j12 -l12
[1.357s] DEBUG:colcon.colcon_core.event_handler.log_command:Invoked command in '/home/ros2/exam/build/cpp01_topic' returned '0': CMAKE_PREFIX_PATH=/home/ros2/exam/install/demo_interfaces_base:/home/ros2/exam/install/cpp02_service:/home/ros2/exam/install/cpp01_topic:/opt/ros/humble /usr/bin/cmake --build /home/ros2/exam/build/cpp01_topic -- -j12 -l12
[1.359s] DEBUG:colcon.colcon_core.event_handler.log_command:Invoking command in '/home/ros2/exam/build/cpp01_topic': CMAKE_PREFIX_PATH=/home/ros2/exam/install/demo_interfaces_base:/home/ros2/exam/install/cpp02_service:/home/ros2/exam/install/cpp01_topic:/opt/ros/humble /usr/bin/cmake --install /home/ros2/exam/build/cpp01_topic
[1.376s] Level 1:colcon.colcon_core.environment:create_environment_scripts_only(cpp01_topic)
[1.377s] Level 1:colcon.colcon_core.environment:checking '/home/ros2/exam/install/cpp01_topic' for CMake module files
[1.377s] DEBUG:colcon.colcon_core.event_handler.log_command:Invoked command in '/home/ros2/exam/build/cpp01_topic' returned '0': CMAKE_PREFIX_PATH=/home/ros2/exam/install/demo_interfaces_base:/home/ros2/exam/install/cpp02_service:/home/ros2/exam/install/cpp01_topic:/opt/ros/humble /usr/bin/cmake --install /home/ros2/exam/build/cpp01_topic
[1.378s] Level 1:colcon.colcon_core.environment:checking '/home/ros2/exam/install/cpp01_topic' for CMake config files
[1.378s] Level 1:colcon.colcon_core.shell:create_environment_hook('cpp01_topic', 'cmake_prefix_path')
[1.378s] INFO:colcon.colcon_core.shell:Creating environment hook '/home/ros2/exam/install/cpp01_topic/share/cpp01_topic/hook/cmake_prefix_path.ps1'
[1.379s] INFO:colcon.colcon_core.shell:Creating environment descriptor '/home/ros2/exam/install/cpp01_topic/share/cpp01_topic/hook/cmake_prefix_path.dsv'
[1.381s] INFO:colcon.colcon_core.shell:Creating environment hook '/home/ros2/exam/install/cpp01_topic/share/cpp01_topic/hook/cmake_prefix_path.sh'
[1.382s] Level 1:colcon.colcon_core.environment:checking '/home/ros2/exam/install/cpp01_topic/lib'
[1.382s] Level 1:colcon.colcon_core.environment:checking '/home/ros2/exam/install/cpp01_topic/bin'
[1.382s] Level 1:colcon.colcon_core.environment:checking '/home/ros2/exam/install/cpp01_topic/lib/pkgconfig/cpp01_topic.pc'
[1.382s] Level 1:colcon.colcon_core.environment:checking '/home/ros2/exam/install/cpp01_topic/lib/python3.10/site-packages'
[1.383s] Level 1:colcon.colcon_core.environment:checking '/home/ros2/exam/install/cpp01_topic/bin'
[1.383s] INFO:colcon.colcon_core.shell:Creating package script '/home/ros2/exam/install/cpp01_topic/share/cpp01_topic/package.ps1'
[1.384s] INFO:colcon.colcon_core.shell:Creating package descriptor '/home/ros2/exam/install/cpp01_topic/share/cpp01_topic/package.dsv'
[1.385s] INFO:colcon.colcon_core.shell:Creating package script '/home/ros2/exam/install/cpp01_topic/share/cpp01_topic/package.sh'
[1.386s] INFO:colcon.colcon_core.shell:Creating package script '/home/ros2/exam/install/cpp01_topic/share/cpp01_topic/package.bash'
[1.387s] INFO:colcon.colcon_core.shell:Creating package script '/home/ros2/exam/install/cpp01_topic/share/cpp01_topic/package.zsh'
[1.387s] Level 1:colcon.colcon_core.environment:create_file_with_runtime_dependencies(/home/ros2/exam/install/cpp01_topic/share/colcon-core/packages/cpp01_topic)
[1.388s] Level 1:colcon.colcon_core.environment:create_environment_scripts_only(cpp01_topic)
[1.389s] Level 1:colcon.colcon_core.environment:checking '/home/ros2/exam/install/cpp01_topic' for CMake module files
[1.389s] Level 1:colcon.colcon_core.environment:checking '/home/ros2/exam/install/cpp01_topic' for CMake config files
[1.389s] Level 1:colcon.colcon_core.shell:create_environment_hook('cpp01_topic', 'cmake_prefix_path')
[1.390s] INFO:colcon.colcon_core.shell:Creating environment hook '/home/ros2/exam/install/cpp01_topic/share/cpp01_topic/hook/cmake_prefix_path.ps1'
[1.390s] INFO:colcon.colcon_core.shell:Creating environment descriptor '/home/ros2/exam/install/cpp01_topic/share/cpp01_topic/hook/cmake_prefix_path.dsv'
[1.392s] INFO:colcon.colcon_core.shell:Creating environment hook '/home/ros2/exam/install/cpp01_topic/share/cpp01_topic/hook/cmake_prefix_path.sh'
[1.393s] Level 1:colcon.colcon_core.environment:checking '/home/ros2/exam/install/cpp01_topic/lib'
[1.394s] Level 1:colcon.colcon_core.environment:checking '/home/ros2/exam/install/cpp01_topic/bin'
[1.394s] Level 1:colcon.colcon_core.environment:checking '/home/ros2/exam/install/cpp01_topic/lib/pkgconfig/cpp01_topic.pc'
[1.394s] Level 1:colcon.colcon_core.environment:checking '/home/ros2/exam/install/cpp01_topic/lib/python3.10/site-packages'
[1.395s] Level 1:colcon.colcon_core.environment:checking '/home/ros2/exam/install/cpp01_topic/bin'
[1.395s] INFO:colcon.colcon_core.shell:Creating package script '/home/ros2/exam/install/cpp01_topic/share/cpp01_topic/package.ps1'
[1.396s] INFO:colcon.colcon_core.shell:Creating package descriptor '/home/ros2/exam/install/cpp01_topic/share/cpp01_topic/package.dsv'
[1.397s] INFO:colcon.colcon_core.shell:Creating package script '/home/ros2/exam/install/cpp01_topic/share/cpp01_topic/package.sh'
[1.398s] INFO:colcon.colcon_core.shell:Creating package script '/home/ros2/exam/install/cpp01_topic/share/cpp01_topic/package.bash'
[1.398s] INFO:colcon.colcon_core.shell:Creating package script '/home/ros2/exam/install/cpp01_topic/share/cpp01_topic/package.zsh'
[1.399s] Level 1:colcon.colcon_core.environment:create_file_with_runtime_dependencies(/home/ros2/exam/install/cpp01_topic/share/colcon-core/packages/cpp01_topic)
[1.406s] DEBUG:colcon.colcon_core.event_handler.log_command:Invoked command in '/home/ros2/exam/build/cpp02_service' returned '0': CMAKE_PREFIX_PATH=/home/ros2/exam/install/demo_interfaces_base:/home/ros2/exam/install/cpp02_service:/home/ros2/exam/install/cpp01_topic:/opt/ros/humble /usr/bin/cmake --build /home/ros2/exam/build/cpp02_service -- -j12 -l12
[1.407s] DEBUG:colcon.colcon_core.event_handler.log_command:Invoking command in '/home/ros2/exam/build/cpp02_service': CMAKE_PREFIX_PATH=/home/ros2/exam/install/demo_interfaces_base:/home/ros2/exam/install/cpp02_service:/home/ros2/exam/install/cpp01_topic:/opt/ros/humble /usr/bin/cmake --install /home/ros2/exam/build/cpp02_service
[1.420s] Level 1:colcon.colcon_core.environment:create_environment_scripts_only(cpp02_service)
[1.421s] Level 1:colcon.colcon_core.environment:checking '/home/ros2/exam/install/cpp02_service' for CMake module files
[1.422s] DEBUG:colcon.colcon_core.event_handler.log_command:Invoked command in '/home/ros2/exam/build/cpp02_service' returned '0': CMAKE_PREFIX_PATH=/home/ros2/exam/install/demo_interfaces_base:/home/ros2/exam/install/cpp02_service:/home/ros2/exam/install/cpp01_topic:/opt/ros/humble /usr/bin/cmake --install /home/ros2/exam/build/cpp02_service
[1.422s] Level 1:colcon.colcon_core.environment:checking '/home/ros2/exam/install/cpp02_service' for CMake config files
[1.423s] Level 1:colcon.colcon_core.shell:create_environment_hook('cpp02_service', 'cmake_prefix_path')
[1.423s] INFO:colcon.colcon_core.shell:Creating environment hook '/home/ros2/exam/install/cpp02_service/share/cpp02_service/hook/cmake_prefix_path.ps1'
[1.424s] INFO:colcon.colcon_core.shell:Creating environment descriptor '/home/ros2/exam/install/cpp02_service/share/cpp02_service/hook/cmake_prefix_path.dsv'
[1.424s] INFO:colcon.colcon_core.shell:Creating environment hook '/home/ros2/exam/install/cpp02_service/share/cpp02_service/hook/cmake_prefix_path.sh'
[1.425s] Level 1:colcon.colcon_core.environment:checking '/home/ros2/exam/install/cpp02_service/lib'
[1.425s] Level 1:colcon.colcon_core.environment:checking '/home/ros2/exam/install/cpp02_service/bin'
[1.426s] Level 1:colcon.colcon_core.environment:checking '/home/ros2/exam/install/cpp02_service/lib/pkgconfig/cpp02_service.pc'
[1.426s] Level 1:colcon.colcon_core.environment:checking '/home/ros2/exam/install/cpp02_service/lib/python3.10/site-packages'
[1.426s] Level 1:colcon.colcon_core.environment:checking '/home/ros2/exam/install/cpp02_service/bin'
[1.426s] INFO:colcon.colcon_core.shell:Creating package script '/home/ros2/exam/install/cpp02_service/share/cpp02_service/package.ps1'
[1.427s] INFO:colcon.colcon_core.shell:Creating package descriptor '/home/ros2/exam/install/cpp02_service/share/cpp02_service/package.dsv'
[1.428s] INFO:colcon.colcon_core.shell:Creating package script '/home/ros2/exam/install/cpp02_service/share/cpp02_service/package.sh'
[1.428s] INFO:colcon.colcon_core.shell:Creating package script '/home/ros2/exam/install/cpp02_service/share/cpp02_service/package.bash'
[1.430s] INFO:colcon.colcon_core.shell:Creating package script '/home/ros2/exam/install/cpp02_service/share/cpp02_service/package.zsh'
[1.430s] Level 1:colcon.colcon_core.environment:create_file_with_runtime_dependencies(/home/ros2/exam/install/cpp02_service/share/colcon-core/packages/cpp02_service)
[1.432s] Level 1:colcon.colcon_core.environment:create_environment_scripts_only(cpp02_service)
[1.432s] Level 1:colcon.colcon_core.environment:checking '/home/ros2/exam/install/cpp02_service' for CMake module files
[1.432s] Level 1:colcon.colcon_core.environment:checking '/home/ros2/exam/install/cpp02_service' for CMake config files
[1.433s] Level 1:colcon.colcon_core.shell:create_environment_hook('cpp02_service', 'cmake_prefix_path')
[1.433s] INFO:colcon.colcon_core.shell:Creating environment hook '/home/ros2/exam/install/cpp02_service/share/cpp02_service/hook/cmake_prefix_path.ps1'
[1.434s] INFO:colcon.colcon_core.shell:Creating environment descriptor '/home/ros2/exam/install/cpp02_service/share/cpp02_service/hook/cmake_prefix_path.dsv'
[1.434s] INFO:colcon.colcon_core.shell:Creating environment hook '/home/ros2/exam/install/cpp02_service/share/cpp02_service/hook/cmake_prefix_path.sh'
[1.437s] Level 1:colcon.colcon_core.environment:checking '/home/ros2/exam/install/cpp02_service/lib'
[1.437s] Level 1:colcon.colcon_core.environment:checking '/home/ros2/exam/install/cpp02_service/bin'
[1.437s] Level 1:colcon.colcon_core.environment:checking '/home/ros2/exam/install/cpp02_service/lib/pkgconfig/cpp02_service.pc'
[1.437s] Level 1:colcon.colcon_core.environment:checking '/home/ros2/exam/install/cpp02_service/lib/python3.10/site-packages'
[1.438s] Level 1:colcon.colcon_core.environment:checking '/home/ros2/exam/install/cpp02_service/bin'
[1.438s] INFO:colcon.colcon_core.shell:Creating package script '/home/ros2/exam/install/cpp02_service/share/cpp02_service/package.ps1'
[1.439s] INFO:colcon.colcon_core.shell:Creating package descriptor '/home/ros2/exam/install/cpp02_service/share/cpp02_service/package.dsv'
[1.440s] INFO:colcon.colcon_core.shell:Creating package script '/home/ros2/exam/install/cpp02_service/share/cpp02_service/package.sh'
[1.441s] INFO:colcon.colcon_core.shell:Creating package script '/home/ros2/exam/install/cpp02_service/share/cpp02_service/package.bash'
[1.442s] INFO:colcon.colcon_core.shell:Creating package script '/home/ros2/exam/install/cpp02_service/share/cpp02_service/package.zsh'
[1.442s] Level 1:colcon.colcon_core.environment:create_file_with_runtime_dependencies(/home/ros2/exam/install/cpp02_service/share/colcon-core/packages/cpp02_service)
[5.094s] DEBUG:colcon.colcon_core.event_handler.log_command:Invoked command in '/home/ros2/exam/build/cpp04_param' returned '0': CMAKE_PREFIX_PATH=/home/ros2/exam/install/demo_interfaces_base:/home/ros2/exam/install/cpp02_service:/home/ros2/exam/install/cpp01_topic:/opt/ros/humble /usr/bin/cmake --build /home/ros2/exam/build/cpp04_param -- -j12 -l12
[5.097s] DEBUG:colcon.colcon_core.event_handler.log_command:Invoking command in '/home/ros2/exam/build/cpp04_param': CMAKE_PREFIX_PATH=/home/ros2/exam/install/demo_interfaces_base:/home/ros2/exam/install/cpp02_service:/home/ros2/exam/install/cpp01_topic:/opt/ros/humble /usr/bin/cmake --install /home/ros2/exam/build/cpp04_param
[5.165s] Level 1:colcon.colcon_core.environment:create_environment_scripts_only(cpp04_param)
[5.165s] Level 1:colcon.colcon_core.environment:checking '/home/ros2/exam/install/cpp04_param' for CMake module files
[5.166s] DEBUG:colcon.colcon_core.event_handler.log_command:Invoked command in '/home/ros2/exam/build/cpp04_param' returned '0': CMAKE_PREFIX_PATH=/home/ros2/exam/install/demo_interfaces_base:/home/ros2/exam/install/cpp02_service:/home/ros2/exam/install/cpp01_topic:/opt/ros/humble /usr/bin/cmake --install /home/ros2/exam/build/cpp04_param
[5.167s] Level 1:colcon.colcon_core.environment:checking '/home/ros2/exam/install/cpp04_param' for CMake config files
[5.167s] Level 1:colcon.colcon_core.shell:create_environment_hook('cpp04_param', 'cmake_prefix_path')
[5.168s] INFO:colcon.colcon_core.shell:Creating environment hook '/home/ros2/exam/install/cpp04_param/share/cpp04_param/hook/cmake_prefix_path.ps1'
[5.169s] INFO:colcon.colcon_core.shell:Creating environment descriptor '/home/ros2/exam/install/cpp04_param/share/cpp04_param/hook/cmake_prefix_path.dsv'
[5.170s] INFO:colcon.colcon_core.shell:Creating environment hook '/home/ros2/exam/install/cpp04_param/share/cpp04_param/hook/cmake_prefix_path.sh'
[5.170s] Level 1:colcon.colcon_core.environment:checking '/home/ros2/exam/install/cpp04_param/lib'
[5.171s] Level 1:colcon.colcon_core.environment:checking '/home/ros2/exam/install/cpp04_param/bin'
[5.171s] Level 1:colcon.colcon_core.environment:checking '/home/ros2/exam/install/cpp04_param/lib/pkgconfig/cpp04_param.pc'
[5.171s] Level 1:colcon.colcon_core.environment:checking '/home/ros2/exam/install/cpp04_param/lib/python3.10/site-packages'
[5.171s] Level 1:colcon.colcon_core.environment:checking '/home/ros2/exam/install/cpp04_param/bin'
[5.171s] INFO:colcon.colcon_core.shell:Creating package script '/home/ros2/exam/install/cpp04_param/share/cpp04_param/package.ps1'
[5.172s] INFO:colcon.colcon_core.shell:Creating package descriptor '/home/ros2/exam/install/cpp04_param/share/cpp04_param/package.dsv'
[5.172s] INFO:colcon.colcon_core.shell:Creating package script '/home/ros2/exam/install/cpp04_param/share/cpp04_param/package.sh'
[5.173s] INFO:colcon.colcon_core.shell:Creating package script '/home/ros2/exam/install/cpp04_param/share/cpp04_param/package.bash'
[5.173s] INFO:colcon.colcon_core.shell:Creating package script '/home/ros2/exam/install/cpp04_param/share/cpp04_param/package.zsh'
[5.174s] Level 1:colcon.colcon_core.environment:create_file_with_runtime_dependencies(/home/ros2/exam/install/cpp04_param/share/colcon-core/packages/cpp04_param)
[5.174s] Level 1:colcon.colcon_core.environment:create_environment_scripts_only(cpp04_param)
[5.175s] Level 1:colcon.colcon_core.environment:checking '/home/ros2/exam/install/cpp04_param' for CMake module files
[5.175s] Level 1:colcon.colcon_core.environment:checking '/home/ros2/exam/install/cpp04_param' for CMake config files
[5.175s] Level 1:colcon.colcon_core.shell:create_environment_hook('cpp04_param', 'cmake_prefix_path')
[5.175s] INFO:colcon.colcon_core.shell:Creating environment hook '/home/ros2/exam/install/cpp04_param/share/cpp04_param/hook/cmake_prefix_path.ps1'
[5.176s] INFO:colcon.colcon_core.shell:Creating environment descriptor '/home/ros2/exam/install/cpp04_param/share/cpp04_param/hook/cmake_prefix_path.dsv'
[5.176s] INFO:colcon.colcon_core.shell:Creating environment hook '/home/ros2/exam/install/cpp04_param/share/cpp04_param/hook/cmake_prefix_path.sh'
[5.177s] Level 1:colcon.colcon_core.environment:checking '/home/ros2/exam/install/cpp04_param/lib'
[5.177s] Level 1:colcon.colcon_core.environment:checking '/home/ros2/exam/install/cpp04_param/bin'
[5.177s] Level 1:colcon.colcon_core.environment:checking '/home/ros2/exam/install/cpp04_param/lib/pkgconfig/cpp04_param.pc'
[5.177s] Level 1:colcon.colcon_core.environment:checking '/home/ros2/exam/install/cpp04_param/lib/python3.10/site-packages'
[5.177s] Level 1:colcon.colcon_core.environment:checking '/home/ros2/exam/install/cpp04_param/bin'
[5.178s] INFO:colcon.colcon_core.shell:Creating package script '/home/ros2/exam/install/cpp04_param/share/cpp04_param/package.ps1'
[5.178s] INFO:colcon.colcon_core.shell:Creating package descriptor '/home/ros2/exam/install/cpp04_param/share/cpp04_param/package.dsv'
[5.179s] INFO:colcon.colcon_core.shell:Creating package script '/home/ros2/exam/install/cpp04_param/share/cpp04_param/package.sh'
[5.180s] INFO:colcon.colcon_core.shell:Creating package script '/home/ros2/exam/install/cpp04_param/share/cpp04_param/package.bash'
[5.180s] INFO:colcon.colcon_core.shell:Creating package script '/home/ros2/exam/install/cpp04_param/share/cpp04_param/package.zsh'
[5.180s] Level 1:colcon.colcon_core.environment:create_file_with_runtime_dependencies(/home/ros2/exam/install/cpp04_param/share/colcon-core/packages/cpp04_param)
[5.181s] DEBUG:colcon.colcon_parallel_executor.executor.parallel:closing loop
[5.181s] DEBUG:colcon.colcon_parallel_executor.executor.parallel:loop closed
[5.182s] DEBUG:colcon.colcon_parallel_executor.executor.parallel:run_until_complete finished with '0'
[5.183s] DEBUG:colcon.colcon_core.event_reactor:joining thread
[5.190s] INFO:colcon.colcon_core.plugin_system:Skipping extension 'colcon_notification.desktop_notification.terminal_notifier': Not used on non-Darwin systems
[5.190s] INFO:colcon.colcon_core.plugin_system:Skipping extension 'colcon_notification.desktop_notification.win32': Not used on non-Windows systems
[5.190s] INFO:colcon.colcon_notification.desktop_notification:Sending desktop notification using 'notify2'
[5.210s] DEBUG:colcon.colcon_core.event_reactor:joined thread
[5.211s] INFO:colcon.colcon_core.shell:Creating prefix script '/home/ros2/exam/install/local_setup.ps1'
[5.212s] INFO:colcon.colcon_core.shell:Creating prefix util module '/home/ros2/exam/install/_local_setup_util_ps1.py'
[5.214s] INFO:colcon.colcon_core.shell:Creating prefix chain script '/home/ros2/exam/install/setup.ps1'
[5.215s] INFO:colcon.colcon_core.shell:Creating prefix script '/home/ros2/exam/install/local_setup.sh'
[5.216s] INFO:colcon.colcon_core.shell:Creating prefix util module '/home/ros2/exam/install/_local_setup_util_sh.py'
[5.216s] INFO:colcon.colcon_core.shell:Creating prefix chain script '/home/ros2/exam/install/setup.sh'
[5.218s] INFO:colcon.colcon_core.shell:Creating prefix script '/home/ros2/exam/install/local_setup.bash'
[5.220s] INFO:colcon.colcon_core.shell:Creating prefix chain script '/home/ros2/exam/install/setup.bash'
[5.221s] INFO:colcon.colcon_core.shell:Creating prefix script '/home/ros2/exam/install/local_setup.zsh'
[5.222s] INFO:colcon.colcon_core.shell:Creating prefix chain script '/home/ros2/exam/install/setup.zsh'
