[0.069s] Invoking command in '/home/ros2/exam/build/cpp05_time': CMAKE_PREFIX_PATH=/opt/ros/humble /usr/bin/cmake --build /home/ros2/exam/build/cpp05_time -- -j12 -l12
[0.155s] [100%] Built target demo01_time
[0.172s] Invoked command in '/home/ros2/exam/build/cpp05_time' returned '0': CMAKE_PREFIX_PATH=/opt/ros/humble /usr/bin/cmake --build /home/ros2/exam/build/cpp05_time -- -j12 -l12
[0.188s] Invoking command in '/home/ros2/exam/build/cpp05_time': CMAKE_PREFIX_PATH=/opt/ros/humble /usr/bin/cmake --install /home/ros2/exam/build/cpp05_time
[0.198s] -- Install configuration: ""
[0.198s] -- Up-to-date: /home/ros2/exam/install/cpp05_time/lib/cpp05_time/demo01_time
[0.198s] -- Up-to-date: /home/ros2/exam/install/cpp05_time/share/ament_index/resource_index/package_run_dependencies/cpp05_time
[0.198s] -- Up-to-date: /home/ros2/exam/install/cpp05_time/share/ament_index/resource_index/parent_prefix_path/cpp05_time
[0.199s] -- Up-to-date: /home/ros2/exam/install/cpp05_time/share/cpp05_time/environment/ament_prefix_path.sh
[0.199s] -- Up-to-date: /home/ros2/exam/install/cpp05_time/share/cpp05_time/environment/ament_prefix_path.dsv
[0.199s] -- Up-to-date: /home/ros2/exam/install/cpp05_time/share/cpp05_time/environment/path.sh
[0.199s] -- Up-to-date: /home/ros2/exam/install/cpp05_time/share/cpp05_time/environment/path.dsv
[0.199s] -- Up-to-date: /home/ros2/exam/install/cpp05_time/share/cpp05_time/local_setup.bash
[0.200s] -- Up-to-date: /home/ros2/exam/install/cpp05_time/share/cpp05_time/local_setup.sh
[0.200s] -- Up-to-date: /home/ros2/exam/install/cpp05_time/share/cpp05_time/local_setup.zsh
[0.200s] -- Up-to-date: /home/ros2/exam/install/cpp05_time/share/cpp05_time/local_setup.dsv
[0.200s] -- Installing: /home/ros2/exam/install/cpp05_time/share/cpp05_time/package.dsv
[0.200s] -- Up-to-date: /home/ros2/exam/install/cpp05_time/share/ament_index/resource_index/packages/cpp05_time
[0.200s] -- Up-to-date: /home/ros2/exam/install/cpp05_time/share/cpp05_time/cmake/cpp05_timeConfig.cmake
[0.200s] -- Up-to-date: /home/ros2/exam/install/cpp05_time/share/cpp05_time/cmake/cpp05_timeConfig-version.cmake
[0.200s] -- Up-to-date: /home/ros2/exam/install/cpp05_time/share/cpp05_time/package.xml
[0.203s] Invoked command in '/home/ros2/exam/build/cpp05_time' returned '0': CMAKE_PREFIX_PATH=/opt/ros/humble /usr/bin/cmake --install /home/ros2/exam/build/cpp05_time
