[0.056s] Invoking command in '/home/ros2/exam/build/cpp04_param': CMAKE_PREFIX_PATH=/home/ros2/exam/install/demo_interfaces_base:/home/ros2/exam/install/cpp06_exercise:/home/ros2/exam/install/turtlesim:/home/ros2/exam/install/cpp04_param:/home/ros2/exam/install/cpp03_action:/home/ros2/exam/install/cpp02_service:/home/ros2/exam/install/cpp01_topic:/home/ros2/exam/install/cpp05_time:/opt/ros/humble LD_LIBRARY_PATH=/home/ros2/exam/install/demo_interfaces_base/lib:/home/ros2/exam/install/turtlesim/lib:/opt/ros/humble/opt/rviz_ogre_vendor/lib:/opt/ros/humble/lib/x86_64-linux-gnu:/opt/ros/humble/lib /usr/bin/cmake /home/ros2/exam/cpp04_param -DCMAKE_INSTALL_PREFIX=/home/ros2/exam/install/cpp04_param
[0.422s] -- The C compiler identification is GNU 11.4.0
[0.910s] -- The CXX compiler identification is GNU 11.4.0
[0.942s] -- Detecting C compiler ABI info
[1.315s] -- Detecting C compiler ABI info - done
[1.347s] -- Check for working C compiler: /usr/bin/cc - skipped
[1.347s] -- Detecting C compile features
[1.348s] -- Detecting C compile features - done
[1.360s] -- Detecting CXX compiler ABI info
[1.858s] -- Detecting CXX compiler ABI info - done
[1.877s] -- Check for working CXX compiler: /usr/bin/c++ - skipped
[1.877s] -- Detecting CXX compile features
[1.877s] -- Detecting CXX compile features - done
[1.880s] -- Found ament_cmake: 1.3.12 (/opt/ros/humble/share/ament_cmake/cmake)
[2.512s] -- Found Python3: /usr/bin/python3 (found version "3.10.12") found components: Interpreter 
[2.812s] -- Found rclcpp: 16.0.14 (/opt/ros/humble/share/rclcpp/cmake)
[2.946s] -- Found rosidl_generator_c: 3.1.7 (/opt/ros/humble/share/rosidl_generator_c/cmake)
[2.966s] -- Found rosidl_adapter: 3.1.7 (/opt/ros/humble/share/rosidl_adapter/cmake)
[2.994s] -- Found rosidl_generator_cpp: 3.1.7 (/opt/ros/humble/share/rosidl_generator_cpp/cmake)
[3.033s] -- Using all available rosidl_typesupport_c: rosidl_typesupport_fastrtps_c;rosidl_typesupport_introspection_c
[3.088s] -- Using all available rosidl_typesupport_cpp: rosidl_typesupport_fastrtps_cpp;rosidl_typesupport_introspection_cpp
[3.264s] -- Found rmw_implementation_cmake: 6.1.2 (/opt/ros/humble/share/rmw_implementation_cmake/cmake)
[3.275s] -- Found rmw_fastrtps_cpp: 6.2.8 (/opt/ros/humble/share/rmw_fastrtps_cpp/cmake)
[3.760s] -- Found OpenSSL: /usr/lib/x86_64-linux-gnu/libcrypto.so (found version "3.0.2")  
[3.990s] -- Found FastRTPS: /opt/ros/humble/include  
[4.189s] -- Using RMW implementation 'rmw_fastrtps_cpp' as default
[4.220s] -- Looking for pthread.h
[4.583s] -- Looking for pthread.h - found
[4.583s] -- Performing Test CMAKE_HAVE_LIBC_PTHREAD
[5.174s] -- Performing Test CMAKE_HAVE_LIBC_PTHREAD - Success
[5.180s] -- Found Threads: TRUE  
[5.337s] -- Found demo_interfaces_base: 0.0.0 (/home/ros2/exam/install/demo_interfaces_base/share/demo_interfaces_base/cmake)
[5.484s] -- Found ament_lint_auto: 0.12.14 (/opt/ros/humble/share/ament_lint_auto/cmake)
[5.924s] -- Added test 'cppcheck' to perform static code analysis on C / C++ code
[5.925s] -- Configured cppcheck include dirs: $<BUILD_INTERFACE:/home/ros2/exam/cpp04_param/include>
[5.925s] -- Configured cppcheck exclude dirs and/or files: 
[5.937s] -- Added test 'lint_cmake' to check CMake code style
[5.945s] -- Added test 'uncrustify' to check C / C++ code style
[5.945s] -- Configured uncrustify additional arguments: 
[5.946s] -- Added test 'xmllint' to check XML markup files
[5.952s] -- Configuring done
[6.081s] -- Generating done
[6.103s] -- Build files have been written to: /home/ros2/exam/build/cpp04_param
[6.135s] Invoked command in '/home/ros2/exam/build/cpp04_param' returned '0': CMAKE_PREFIX_PATH=/home/ros2/exam/install/demo_interfaces_base:/home/ros2/exam/install/cpp06_exercise:/home/ros2/exam/install/turtlesim:/home/ros2/exam/install/cpp04_param:/home/ros2/exam/install/cpp03_action:/home/ros2/exam/install/cpp02_service:/home/ros2/exam/install/cpp01_topic:/home/ros2/exam/install/cpp05_time:/opt/ros/humble LD_LIBRARY_PATH=/home/ros2/exam/install/demo_interfaces_base/lib:/home/ros2/exam/install/turtlesim/lib:/opt/ros/humble/opt/rviz_ogre_vendor/lib:/opt/ros/humble/lib/x86_64-linux-gnu:/opt/ros/humble/lib /usr/bin/cmake /home/ros2/exam/cpp04_param -DCMAKE_INSTALL_PREFIX=/home/ros2/exam/install/cpp04_param
[6.149s] Invoking command in '/home/ros2/exam/build/cpp04_param': CMAKE_PREFIX_PATH=/home/ros2/exam/install/demo_interfaces_base:/home/ros2/exam/install/cpp06_exercise:/home/ros2/exam/install/turtlesim:/home/ros2/exam/install/cpp04_param:/home/ros2/exam/install/cpp03_action:/home/ros2/exam/install/cpp02_service:/home/ros2/exam/install/cpp01_topic:/home/ros2/exam/install/cpp05_time:/opt/ros/humble LD_LIBRARY_PATH=/home/ros2/exam/install/demo_interfaces_base/lib:/home/ros2/exam/install/turtlesim/lib:/opt/ros/humble/opt/rviz_ogre_vendor/lib:/opt/ros/humble/lib/x86_64-linux-gnu:/opt/ros/humble/lib /usr/bin/cmake --build /home/ros2/exam/build/cpp04_param -- -j12 -l12
[6.591s] [ 25%] [32mBuilding CXX object CMakeFiles/demo01_param_client.dir/src/demo01_param_client.cpp.o[0m
[6.719s] [ 50%] [32mBuilding CXX object CMakeFiles/demo01_param_server.dir/src/demo01_param_server.cpp.o[0m
[35.271s] [ 75%] [32m[1mLinking CXX executable demo01_param_server[0m
[35.646s] [100%] [32m[1mLinking CXX executable demo01_param_client[0m
[35.835s] [100%] Built target demo01_param_server
[36.364s] [100%] Built target demo01_param_client
[36.664s] Invoked command in '/home/ros2/exam/build/cpp04_param' returned '0': CMAKE_PREFIX_PATH=/home/ros2/exam/install/demo_interfaces_base:/home/ros2/exam/install/cpp06_exercise:/home/ros2/exam/install/turtlesim:/home/ros2/exam/install/cpp04_param:/home/ros2/exam/install/cpp03_action:/home/ros2/exam/install/cpp02_service:/home/ros2/exam/install/cpp01_topic:/home/ros2/exam/install/cpp05_time:/opt/ros/humble LD_LIBRARY_PATH=/home/ros2/exam/install/demo_interfaces_base/lib:/home/ros2/exam/install/turtlesim/lib:/opt/ros/humble/opt/rviz_ogre_vendor/lib:/opt/ros/humble/lib/x86_64-linux-gnu:/opt/ros/humble/lib /usr/bin/cmake --build /home/ros2/exam/build/cpp04_param -- -j12 -l12
[36.782s] Invoking command in '/home/ros2/exam/build/cpp04_param': CMAKE_PREFIX_PATH=/home/ros2/exam/install/demo_interfaces_base:/home/ros2/exam/install/cpp06_exercise:/home/ros2/exam/install/turtlesim:/home/ros2/exam/install/cpp04_param:/home/ros2/exam/install/cpp03_action:/home/ros2/exam/install/cpp02_service:/home/ros2/exam/install/cpp01_topic:/home/ros2/exam/install/cpp05_time:/opt/ros/humble LD_LIBRARY_PATH=/home/ros2/exam/install/demo_interfaces_base/lib:/home/ros2/exam/install/turtlesim/lib:/opt/ros/humble/opt/rviz_ogre_vendor/lib:/opt/ros/humble/lib/x86_64-linux-gnu:/opt/ros/humble/lib /usr/bin/cmake --install /home/ros2/exam/build/cpp04_param
[36.830s] -- Install configuration: ""
[36.831s] -- Installing: /home/ros2/exam/install/cpp04_param/lib/cpp04_param/demo01_param_server
[36.837s] -- Set runtime path of "/home/ros2/exam/install/cpp04_param/lib/cpp04_param/demo01_param_server" to ""
[36.838s] -- Installing: /home/ros2/exam/install/cpp04_param/lib/cpp04_param/demo01_param_client
[36.838s] -- Set runtime path of "/home/ros2/exam/install/cpp04_param/lib/cpp04_param/demo01_param_client" to ""
[36.839s] -- Installing: /home/ros2/exam/install/cpp04_param/share/ament_index/resource_index/package_run_dependencies/cpp04_param
[36.840s] -- Installing: /home/ros2/exam/install/cpp04_param/share/ament_index/resource_index/parent_prefix_path/cpp04_param
[36.841s] -- Installing: /home/ros2/exam/install/cpp04_param/share/cpp04_param/environment/ament_prefix_path.sh
[36.850s] -- Installing: /home/ros2/exam/install/cpp04_param/share/cpp04_param/environment/ament_prefix_path.dsv
[36.850s] -- Installing: /home/ros2/exam/install/cpp04_param/share/cpp04_param/environment/path.sh
[36.856s] -- Installing: /home/ros2/exam/install/cpp04_param/share/cpp04_param/environment/path.dsv
[36.865s] -- Installing: /home/ros2/exam/install/cpp04_param/share/cpp04_param/local_setup.bash
[36.865s] -- Installing: /home/ros2/exam/install/cpp04_param/share/cpp04_param/local_setup.sh
[36.865s] -- Installing: /home/ros2/exam/install/cpp04_param/share/cpp04_param/local_setup.zsh
[36.865s] -- Installing: /home/ros2/exam/install/cpp04_param/share/cpp04_param/local_setup.dsv
[36.876s] -- Installing: /home/ros2/exam/install/cpp04_param/share/cpp04_param/package.dsv
[36.876s] -- Installing: /home/ros2/exam/install/cpp04_param/share/ament_index/resource_index/packages/cpp04_param
[36.876s] -- Installing: /home/ros2/exam/install/cpp04_param/share/cpp04_param/cmake/cpp04_paramConfig.cmake
[36.876s] -- Installing: /home/ros2/exam/install/cpp04_param/share/cpp04_param/cmake/cpp04_paramConfig-version.cmake
[36.889s] -- Installing: /home/ros2/exam/install/cpp04_param/share/cpp04_param/package.xml
[36.917s] Invoked command in '/home/ros2/exam/build/cpp04_param' returned '0': CMAKE_PREFIX_PATH=/home/ros2/exam/install/demo_interfaces_base:/home/ros2/exam/install/cpp06_exercise:/home/ros2/exam/install/turtlesim:/home/ros2/exam/install/cpp04_param:/home/ros2/exam/install/cpp03_action:/home/ros2/exam/install/cpp02_service:/home/ros2/exam/install/cpp01_topic:/home/ros2/exam/install/cpp05_time:/opt/ros/humble LD_LIBRARY_PATH=/home/ros2/exam/install/demo_interfaces_base/lib:/home/ros2/exam/install/turtlesim/lib:/opt/ros/humble/opt/rviz_ogre_vendor/lib:/opt/ros/humble/lib/x86_64-linux-gnu:/opt/ros/humble/lib /usr/bin/cmake --install /home/ros2/exam/build/cpp04_param
