[0.112s] DEBUG:colcon:Command line arguments: ['/usr/bin/colcon', 'build', '--packages-select', 'cpp01_topic']
[0.112s] DEBUG:colcon:Parsed command line arguments: Namespace(log_base=None, log_level=None, verb_name='build', build_base='build', install_base='install', merge_install=False, symlink_install=False, test_result_base=None, continue_on_error=False, executor='parallel', parallel_workers=12, event_handlers=None, ignore_user_meta=False, metas=['./colcon.meta'], base_paths=['.'], packages_ignore=None, packages_ignore_regex=None, paths=None, packages_up_to=None, packages_up_to_regex=None, packages_above=None, packages_above_and_dependencies=None, packages_above_depth=None, packages_select_by_dep=None, packages_skip_by_dep=None, packages_skip_up_to=None, packages_select_build_failed=False, packages_skip_build_finished=False, packages_select_test_failures=False, packages_skip_test_passed=False, packages_select=['cpp01_topic'], packages_skip=None, packages_select_regex=None, packages_skip_regex=None, packages_start=None, packages_end=None, allow_overriding=[], cmake_args=None, cmake_target=None, cmake_target_skip_unavailable=False, cmake_clean_cache=False, cmake_clean_first=False, cmake_force_configure=False, ament_cmake_args=None, catkin_cmake_args=None, catkin_skip_building_tests=False, verb_parser=<colcon_defaults.argument_parser.defaults.DefaultArgumentsDecorator object at 0x7f637f1eefb0>, verb_extension=<colcon_core.verb.build.BuildVerb object at 0x7f637f1ee410>, main=<bound method BuildVerb.main of <colcon_core.verb.build.BuildVerb object at 0x7f637f1ee410>>)
[1.812s] Level 1:colcon.colcon_core.package_discovery:discover_packages(colcon_meta) check parameters
[1.812s] Level 1:colcon.colcon_core.package_discovery:discover_packages(recursive) check parameters
[1.812s] Level 1:colcon.colcon_core.package_discovery:discover_packages(ignore) check parameters
[1.812s] Level 1:colcon.colcon_core.package_discovery:discover_packages(path) check parameters
[1.812s] Level 1:colcon.colcon_core.package_discovery:discover_packages(colcon_meta) discover
[1.812s] Level 1:colcon.colcon_core.package_discovery:discover_packages(recursive) discover
[1.812s] INFO:colcon.colcon_core.package_discovery:Crawling recursively for packages in '/home/ros2/ws01_plubing'
[1.812s] Level 1:colcon.colcon_core.package_identification:_identify(.) by extensions ['ignore', 'ignore_ament_install']
[1.813s] Level 1:colcon.colcon_core.package_identification:_identify(.) by extension 'ignore'
[1.813s] Level 1:colcon.colcon_core.package_identification:_identify(.) by extension 'ignore_ament_install'
[1.813s] Level 1:colcon.colcon_core.package_identification:_identify(.) by extensions ['colcon_pkg']
[1.813s] Level 1:colcon.colcon_core.package_identification:_identify(.) by extension 'colcon_pkg'
[1.813s] Level 1:colcon.colcon_core.package_identification:_identify(.) by extensions ['colcon_meta']
[1.813s] Level 1:colcon.colcon_core.package_identification:_identify(.) by extension 'colcon_meta'
[1.813s] Level 1:colcon.colcon_core.package_identification:_identify(.) by extensions ['ros']
[1.813s] Level 1:colcon.colcon_core.package_identification:_identify(.) by extension 'ros'
[1.853s] Level 1:colcon.colcon_core.package_identification:_identify(.) by extensions ['cmake', 'python']
[1.854s] Level 1:colcon.colcon_core.package_identification:_identify(.) by extension 'cmake'
[1.854s] Level 1:colcon.colcon_core.package_identification:_identify(.) by extension 'python'
[1.854s] Level 1:colcon.colcon_core.package_identification:_identify(.) by extensions ['python_setup_py']
[1.854s] Level 1:colcon.colcon_core.package_identification:_identify(.) by extension 'python_setup_py'
[1.854s] Level 1:colcon.colcon_core.package_identification:_identify(build) by extensions ['ignore', 'ignore_ament_install']
[1.854s] Level 1:colcon.colcon_core.package_identification:_identify(build) by extension 'ignore'
[1.854s] Level 1:colcon.colcon_core.package_identification:_identify(build) ignored
[1.854s] Level 1:colcon.colcon_core.package_identification:_identify(install) by extensions ['ignore', 'ignore_ament_install']
[1.854s] Level 1:colcon.colcon_core.package_identification:_identify(install) by extension 'ignore'
[1.855s] Level 1:colcon.colcon_core.package_identification:_identify(install) ignored
[1.855s] Level 1:colcon.colcon_core.package_identification:_identify(log) by extensions ['ignore', 'ignore_ament_install']
[1.855s] Level 1:colcon.colcon_core.package_identification:_identify(log) by extension 'ignore'
[1.855s] Level 1:colcon.colcon_core.package_identification:_identify(log) ignored
[1.855s] Level 1:colcon.colcon_core.package_identification:_identify(src) by extensions ['ignore', 'ignore_ament_install']
[1.855s] Level 1:colcon.colcon_core.package_identification:_identify(src) by extension 'ignore'
[1.855s] Level 1:colcon.colcon_core.package_identification:_identify(src) by extension 'ignore_ament_install'
[1.855s] Level 1:colcon.colcon_core.package_identification:_identify(src) by extensions ['colcon_pkg']
[1.856s] Level 1:colcon.colcon_core.package_identification:_identify(src) by extension 'colcon_pkg'
[1.856s] Level 1:colcon.colcon_core.package_identification:_identify(src) by extensions ['colcon_meta']
[1.856s] Level 1:colcon.colcon_core.package_identification:_identify(src) by extension 'colcon_meta'
[1.856s] Level 1:colcon.colcon_core.package_identification:_identify(src) by extensions ['ros']
[1.856s] Level 1:colcon.colcon_core.package_identification:_identify(src) by extension 'ros'
[1.856s] Level 1:colcon.colcon_core.package_identification:_identify(src) by extensions ['cmake', 'python']
[1.856s] Level 1:colcon.colcon_core.package_identification:_identify(src) by extension 'cmake'
[1.856s] Level 1:colcon.colcon_core.package_identification:_identify(src) by extension 'python'
[1.856s] Level 1:colcon.colcon_core.package_identification:_identify(src) by extensions ['python_setup_py']
[1.856s] Level 1:colcon.colcon_core.package_identification:_identify(src) by extension 'python_setup_py'
[1.856s] Level 1:colcon.colcon_core.package_identification:_identify(src/base_interfaces_demo) by extensions ['ignore', 'ignore_ament_install']
[1.857s] Level 1:colcon.colcon_core.package_identification:_identify(src/base_interfaces_demo) by extension 'ignore'
[1.857s] Level 1:colcon.colcon_core.package_identification:_identify(src/base_interfaces_demo) by extension 'ignore_ament_install'
[1.857s] Level 1:colcon.colcon_core.package_identification:_identify(src/base_interfaces_demo) by extensions ['colcon_pkg']
[1.857s] Level 1:colcon.colcon_core.package_identification:_identify(src/base_interfaces_demo) by extension 'colcon_pkg'
[1.857s] Level 1:colcon.colcon_core.package_identification:_identify(src/base_interfaces_demo) by extensions ['colcon_meta']
[1.857s] Level 1:colcon.colcon_core.package_identification:_identify(src/base_interfaces_demo) by extension 'colcon_meta'
[1.857s] Level 1:colcon.colcon_core.package_identification:_identify(src/base_interfaces_demo) by extensions ['ros']
[1.857s] Level 1:colcon.colcon_core.package_identification:_identify(src/base_interfaces_demo) by extension 'ros'
[1.887s] DEBUG:colcon.colcon_core.package_identification:Package 'src/base_interfaces_demo' with type 'ros.ament_cmake' and name 'base_interfaces_demo'
[1.887s] Level 1:colcon.colcon_core.package_identification:_identify(src/build) by extensions ['ignore', 'ignore_ament_install']
[1.887s] Level 1:colcon.colcon_core.package_identification:_identify(src/build) by extension 'ignore'
[1.887s] Level 1:colcon.colcon_core.package_identification:_identify(src/build) ignored
[1.887s] Level 1:colcon.colcon_core.package_identification:_identify(src/cpp01_topic) by extensions ['ignore', 'ignore_ament_install']
[1.888s] Level 1:colcon.colcon_core.package_identification:_identify(src/cpp01_topic) by extension 'ignore'
[1.888s] Level 1:colcon.colcon_core.package_identification:_identify(src/cpp01_topic) by extension 'ignore_ament_install'
[1.888s] Level 1:colcon.colcon_core.package_identification:_identify(src/cpp01_topic) by extensions ['colcon_pkg']
[1.888s] Level 1:colcon.colcon_core.package_identification:_identify(src/cpp01_topic) by extension 'colcon_pkg'
[1.888s] Level 1:colcon.colcon_core.package_identification:_identify(src/cpp01_topic) by extensions ['colcon_meta']
[1.889s] Level 1:colcon.colcon_core.package_identification:_identify(src/cpp01_topic) by extension 'colcon_meta'
[1.889s] Level 1:colcon.colcon_core.package_identification:_identify(src/cpp01_topic) by extensions ['ros']
[1.889s] Level 1:colcon.colcon_core.package_identification:_identify(src/cpp01_topic) by extension 'ros'
[1.890s] DEBUG:colcon.colcon_core.package_identification:Package 'src/cpp01_topic' with type 'ros.ament_cmake' and name 'cpp01_topic'
[1.890s] Level 1:colcon.colcon_core.package_identification:_identify(src/install) by extensions ['ignore', 'ignore_ament_install']
[1.890s] Level 1:colcon.colcon_core.package_identification:_identify(src/install) by extension 'ignore'
[1.890s] Level 1:colcon.colcon_core.package_identification:_identify(src/install) ignored
[1.890s] Level 1:colcon.colcon_core.package_identification:_identify(src/log) by extensions ['ignore', 'ignore_ament_install']
[1.891s] Level 1:colcon.colcon_core.package_identification:_identify(src/log) by extension 'ignore'
[1.891s] Level 1:colcon.colcon_core.package_identification:_identify(src/log) ignored
[1.891s] Level 1:colcon.colcon_core.package_discovery:discover_packages(recursive) using defaults
[1.891s] Level 1:colcon.colcon_core.package_discovery:discover_packages(ignore) discover
[1.891s] Level 1:colcon.colcon_core.package_discovery:discover_packages(ignore) using defaults
[1.891s] Level 1:colcon.colcon_core.package_discovery:discover_packages(path) discover
[1.891s] Level 1:colcon.colcon_core.package_discovery:discover_packages(path) using defaults
[2.074s] INFO:colcon.colcon_core.package_selection:Skipping not selected package 'base_interfaces_demo' in 'src/base_interfaces_demo'
[2.078s] Level 1:colcon.colcon_core.package_discovery:discover_packages(prefix_path) check parameters
[2.078s] Level 1:colcon.colcon_core.package_discovery:discover_packages(prefix_path) discover
[2.107s] DEBUG:colcon.colcon_installed_package_information.package_discovery:Found 2 installed packages in /home/ros2/ws01_plubing/install
[2.109s] DEBUG:colcon.colcon_installed_package_information.package_discovery:Found 271 installed packages in /opt/ros/humble
[2.114s] Level 1:colcon.colcon_core.package_discovery:discover_packages(prefix_path) using defaults
[2.187s] Level 5:colcon.colcon_core.verb:set package 'cpp01_topic' build argument 'cmake_args' from command line to 'None'
[2.187s] Level 5:colcon.colcon_core.verb:set package 'cpp01_topic' build argument 'cmake_target' from command line to 'None'
[2.187s] Level 5:colcon.colcon_core.verb:set package 'cpp01_topic' build argument 'cmake_target_skip_unavailable' from command line to 'False'
[2.187s] Level 5:colcon.colcon_core.verb:set package 'cpp01_topic' build argument 'cmake_clean_cache' from command line to 'False'
[2.187s] Level 5:colcon.colcon_core.verb:set package 'cpp01_topic' build argument 'cmake_clean_first' from command line to 'False'
[2.187s] Level 5:colcon.colcon_core.verb:set package 'cpp01_topic' build argument 'cmake_force_configure' from command line to 'False'
[2.187s] Level 5:colcon.colcon_core.verb:set package 'cpp01_topic' build argument 'ament_cmake_args' from command line to 'None'
[2.187s] Level 5:colcon.colcon_core.verb:set package 'cpp01_topic' build argument 'catkin_cmake_args' from command line to 'None'
[2.187s] Level 5:colcon.colcon_core.verb:set package 'cpp01_topic' build argument 'catkin_skip_building_tests' from command line to 'False'
[2.187s] DEBUG:colcon.colcon_core.verb:Building package 'cpp01_topic' with the following arguments: {'ament_cmake_args': None, 'build_base': '/home/ros2/ws01_plubing/build/cpp01_topic', 'catkin_cmake_args': None, 'catkin_skip_building_tests': False, 'cmake_args': None, 'cmake_clean_cache': False, 'cmake_clean_first': False, 'cmake_force_configure': False, 'cmake_target': None, 'cmake_target_skip_unavailable': False, 'install_base': '/home/ros2/ws01_plubing/install/cpp01_topic', 'merge_install': False, 'path': '/home/ros2/ws01_plubing/src/cpp01_topic', 'symlink_install': False, 'test_result_base': None}
[2.187s] INFO:colcon.colcon_core.executor:Executing jobs using 'parallel' executor
[2.195s] DEBUG:colcon.colcon_parallel_executor.executor.parallel:run_until_complete
[2.195s] INFO:colcon.colcon_ros.task.ament_cmake.build:Building ROS package in '/home/ros2/ws01_plubing/src/cpp01_topic' with build type 'ament_cmake'
[2.195s] INFO:colcon.colcon_cmake.task.cmake.build:Building CMake package in '/home/ros2/ws01_plubing/src/cpp01_topic'
[2.251s] INFO:colcon.colcon_core.plugin_system:Skipping extension 'colcon_core.shell.bat': Not used on non-Windows systems
[2.252s] INFO:colcon.colcon_core.shell:Skip shell extension 'powershell' for command environment: Not usable outside of PowerShell
[2.252s] DEBUG:colcon.colcon_core.shell:Skip shell extension 'dsv' for command environment
[2.292s] DEBUG:colcon.colcon_core.event_handler.log_command:Invoking command in '/home/ros2/ws01_plubing/build/cpp01_topic': CMAKE_PREFIX_PATH=/home/ros2/ws01_plubing/install/base_interfaces_demo:/home/ros2/ws01_plubing/install/cpp01_topic:/opt/ros/humble /usr/bin/cmake --build /home/ros2/ws01_plubing/build/cpp01_topic -- -j12 -l12
[15.574s] Level 1:colcon.colcon_core.environment:create_environment_scripts_only(cpp01_topic)
[15.575s] DEBUG:colcon.colcon_core.event_handler.log_command:Invoked command in '/home/ros2/ws01_plubing/build/cpp01_topic' returned '2': CMAKE_PREFIX_PATH=/home/ros2/ws01_plubing/install/base_interfaces_demo:/home/ros2/ws01_plubing/install/cpp01_topic:/opt/ros/humble /usr/bin/cmake --build /home/ros2/ws01_plubing/build/cpp01_topic -- -j12 -l12
[15.601s] Level 1:colcon.colcon_core.environment:checking '/home/ros2/ws01_plubing/install/cpp01_topic' for CMake module files
[15.602s] Level 1:colcon.colcon_core.environment:checking '/home/ros2/ws01_plubing/install/cpp01_topic' for CMake config files
[15.603s] Level 1:colcon.colcon_core.shell:create_environment_hook('cpp01_topic', 'cmake_prefix_path')
[15.603s] INFO:colcon.colcon_core.shell:Creating environment hook '/home/ros2/ws01_plubing/install/cpp01_topic/share/cpp01_topic/hook/cmake_prefix_path.ps1'
[15.607s] INFO:colcon.colcon_core.shell:Creating environment descriptor '/home/ros2/ws01_plubing/install/cpp01_topic/share/cpp01_topic/hook/cmake_prefix_path.dsv'
[15.609s] INFO:colcon.colcon_core.shell:Creating environment hook '/home/ros2/ws01_plubing/install/cpp01_topic/share/cpp01_topic/hook/cmake_prefix_path.sh'
[15.612s] Level 1:colcon.colcon_core.environment:checking '/home/ros2/ws01_plubing/install/cpp01_topic/lib'
[15.612s] Level 1:colcon.colcon_core.environment:checking '/home/ros2/ws01_plubing/install/cpp01_topic/bin'
[15.612s] Level 1:colcon.colcon_core.environment:checking '/home/ros2/ws01_plubing/install/cpp01_topic/lib/pkgconfig/cpp01_topic.pc'
[15.612s] Level 1:colcon.colcon_core.environment:checking '/home/ros2/ws01_plubing/install/cpp01_topic/lib/python3.10/site-packages'
[15.613s] Level 1:colcon.colcon_core.environment:checking '/home/ros2/ws01_plubing/install/cpp01_topic/bin'
[15.613s] INFO:colcon.colcon_core.shell:Creating package script '/home/ros2/ws01_plubing/install/cpp01_topic/share/cpp01_topic/package.ps1'
[15.617s] INFO:colcon.colcon_core.shell:Creating package descriptor '/home/ros2/ws01_plubing/install/cpp01_topic/share/cpp01_topic/package.dsv'
[15.619s] INFO:colcon.colcon_core.shell:Creating package script '/home/ros2/ws01_plubing/install/cpp01_topic/share/cpp01_topic/package.sh'
[15.622s] INFO:colcon.colcon_core.shell:Creating package script '/home/ros2/ws01_plubing/install/cpp01_topic/share/cpp01_topic/package.bash'
[15.625s] INFO:colcon.colcon_core.shell:Creating package script '/home/ros2/ws01_plubing/install/cpp01_topic/share/cpp01_topic/package.zsh'
[15.628s] Level 1:colcon.colcon_core.environment:create_file_with_runtime_dependencies(/home/ros2/ws01_plubing/install/cpp01_topic/share/colcon-core/packages/cpp01_topic)
[15.640s] DEBUG:colcon.colcon_parallel_executor.executor.parallel:closing loop
[15.641s] DEBUG:colcon.colcon_parallel_executor.executor.parallel:loop closed
[15.641s] DEBUG:colcon.colcon_parallel_executor.executor.parallel:run_until_complete finished with '2'
[15.641s] DEBUG:colcon.colcon_core.event_reactor:joining thread
[15.664s] INFO:colcon.colcon_core.plugin_system:Skipping extension 'colcon_notification.desktop_notification.terminal_notifier': Not used on non-Darwin systems
[15.664s] INFO:colcon.colcon_core.plugin_system:Skipping extension 'colcon_notification.desktop_notification.win32': Not used on non-Windows systems
[15.664s] INFO:colcon.colcon_notification.desktop_notification:Sending desktop notification using 'notify2'
[15.708s] DEBUG:colcon.colcon_core.event_reactor:joined thread
[15.709s] INFO:colcon.colcon_core.shell:Creating prefix script '/home/ros2/ws01_plubing/install/local_setup.ps1'
[15.712s] INFO:colcon.colcon_core.shell:Creating prefix util module '/home/ros2/ws01_plubing/install/_local_setup_util_ps1.py'
[15.714s] INFO:colcon.colcon_core.shell:Creating prefix chain script '/home/ros2/ws01_plubing/install/setup.ps1'
[15.717s] INFO:colcon.colcon_core.shell:Creating prefix script '/home/ros2/ws01_plubing/install/local_setup.sh'
[15.720s] INFO:colcon.colcon_core.shell:Creating prefix util module '/home/ros2/ws01_plubing/install/_local_setup_util_sh.py'
[15.721s] INFO:colcon.colcon_core.shell:Creating prefix chain script '/home/ros2/ws01_plubing/install/setup.sh'
[15.723s] INFO:colcon.colcon_core.shell:Creating prefix script '/home/ros2/ws01_plubing/install/local_setup.bash'
[15.726s] INFO:colcon.colcon_core.shell:Creating prefix chain script '/home/ros2/ws01_plubing/install/setup.bash'
[15.729s] INFO:colcon.colcon_core.shell:Creating prefix script '/home/ros2/ws01_plubing/install/local_setup.zsh'
[15.731s] INFO:colcon.colcon_core.shell:Creating prefix chain script '/home/ros2/ws01_plubing/install/setup.zsh'
