[0.025s] Invoking command in '/home/ros2/ws01_plubing/src/build/base_interfaces_demo': CMAKE_PREFIX_PATH=${CMAKE_PREFIX_PATH}:/opt/ros/humble /usr/bin/cmake --build /home/ros2/ws01_plubing/src/build/base_interfaces_demo -- -j12 -l12
[0.082s] Invoked command in '/home/ros2/ws01_plubing/src/build/base_interfaces_demo' returned '0': CMAKE_PREFIX_PATH=${CMAKE_PREFIX_PATH}:/opt/ros/humble /usr/bin/cmake --build /home/ros2/ws01_plubing/src/build/base_interfaces_demo -- -j12 -l12
[0.099s] Invoking command in '/home/ros2/ws01_plubing/src/build/base_interfaces_demo': CMAKE_PREFIX_PATH=${CMAKE_PREFIX_PATH}:/opt/ros/humble /usr/bin/cmake --install /home/ros2/ws01_plubing/src/build/base_interfaces_demo
[0.110s] -- Install configuration: ""
[0.110s] -- Up-to-date: /home/ros2/ws01_plubing/src/install/base_interfaces_demo/share/ament_index/resource_index/package_run_dependencies/base_interfaces_demo
[0.111s] -- Up-to-date: /home/ros2/ws01_plubing/src/install/base_interfaces_demo/share/ament_index/resource_index/parent_prefix_path/base_interfaces_demo
[0.111s] -- Up-to-date: /home/ros2/ws01_plubing/src/install/base_interfaces_demo/share/base_interfaces_demo/environment/ament_prefix_path.sh
[0.111s] -- Up-to-date: /home/ros2/ws01_plubing/src/install/base_interfaces_demo/share/base_interfaces_demo/environment/ament_prefix_path.dsv
[0.111s] -- Up-to-date: /home/ros2/ws01_plubing/src/install/base_interfaces_demo/share/base_interfaces_demo/environment/path.sh
[0.111s] -- Up-to-date: /home/ros2/ws01_plubing/src/install/base_interfaces_demo/share/base_interfaces_demo/environment/path.dsv
[0.111s] -- Up-to-date: /home/ros2/ws01_plubing/src/install/base_interfaces_demo/share/base_interfaces_demo/local_setup.bash
[0.111s] -- Up-to-date: /home/ros2/ws01_plubing/src/install/base_interfaces_demo/share/base_interfaces_demo/local_setup.sh
[0.111s] -- Up-to-date: /home/ros2/ws01_plubing/src/install/base_interfaces_demo/share/base_interfaces_demo/local_setup.zsh
[0.111s] -- Up-to-date: /home/ros2/ws01_plubing/src/install/base_interfaces_demo/share/base_interfaces_demo/local_setup.dsv
[0.111s] -- Up-to-date: /home/ros2/ws01_plubing/src/install/base_interfaces_demo/share/base_interfaces_demo/package.dsv
[0.111s] -- Up-to-date: /home/ros2/ws01_plubing/src/install/base_interfaces_demo/share/ament_index/resource_index/packages/base_interfaces_demo
[0.112s] -- Up-to-date: /home/ros2/ws01_plubing/src/install/base_interfaces_demo/share/base_interfaces_demo/cmake/base_interfaces_demoConfig.cmake
[0.112s] -- Up-to-date: /home/ros2/ws01_plubing/src/install/base_interfaces_demo/share/base_interfaces_demo/cmake/base_interfaces_demoConfig-version.cmake
[0.112s] -- Up-to-date: /home/ros2/ws01_plubing/src/install/base_interfaces_demo/share/base_interfaces_demo/package.xml
[0.114s] Invoked command in '/home/ros2/ws01_plubing/src/build/base_interfaces_demo' returned '0': CMAKE_PREFIX_PATH=${CMAKE_PREFIX_PATH}:/opt/ros/humble /usr/bin/cmake --install /home/ros2/ws01_plubing/src/build/base_interfaces_demo
