[0.022s] Invoking command in '/home/ros2/ws01_plubing/build/cpp01_topic': CMAKE_PREFIX_PATH=/home/ros2/ws01_plubing/install/base_interfaces_demo:/home/ros2/ws01_plubing/install/cpp01_topic:/opt/ros/humble /usr/bin/cmake --build /home/ros2/ws01_plubing/build/cpp01_topic -- -j12 -l12
[0.139s] [35m[1mConsolidate compiler generated dependencies of target demo01_listener_stu[0m
[0.144s] [35m[1mConsolidate compiler generated dependencies of target demo01_talker_stu[0m
[0.179s] [ 25%] Built target demo01_talker_str
[0.179s] [ 50%] Built target demo01_listener_str
[0.185s] [ 75%] Built target demo01_talker_stu
[0.188s] [ 87%] [32mBuilding CXX object CMakeFiles/demo01_listener_stu.dir/src/demo01_listener_stu.cpp.o[0m
[8.800s] [100%] [32m[1mLinking CXX executable demo01_listener_stu[0m
[9.240s] [100%] Built target demo01_listener_stu
[9.259s] Invoked command in '/home/ros2/ws01_plubing/build/cpp01_topic' returned '0': CMAKE_PREFIX_PATH=/home/ros2/ws01_plubing/install/base_interfaces_demo:/home/ros2/ws01_plubing/install/cpp01_topic:/opt/ros/humble /usr/bin/cmake --build /home/ros2/ws01_plubing/build/cpp01_topic -- -j12 -l12
[9.277s] Invoking command in '/home/ros2/ws01_plubing/build/cpp01_topic': CMAKE_PREFIX_PATH=/home/ros2/ws01_plubing/install/base_interfaces_demo:/home/ros2/ws01_plubing/install/cpp01_topic:/opt/ros/humble /usr/bin/cmake --install /home/ros2/ws01_plubing/build/cpp01_topic
[9.291s] -- Install configuration: ""
[9.291s] -- Up-to-date: /home/ros2/ws01_plubing/install/cpp01_topic/lib/cpp01_topic/demo01_talker_str
[9.292s] -- Up-to-date: /home/ros2/ws01_plubing/install/cpp01_topic/lib/cpp01_topic/demo01_listener_str
[9.293s] -- Up-to-date: /home/ros2/ws01_plubing/install/cpp01_topic/lib/cpp01_topic/demo01_talker_stu
[9.293s] -- Installing: /home/ros2/ws01_plubing/install/cpp01_topic/lib/cpp01_topic/demo01_listener_stu
[9.301s] -- Set runtime path of "/home/ros2/ws01_plubing/install/cpp01_topic/lib/cpp01_topic/demo01_listener_stu" to ""
[9.301s] -- Up-to-date: /home/ros2/ws01_plubing/install/cpp01_topic/share/ament_index/resource_index/package_run_dependencies/cpp01_topic
[9.301s] -- Up-to-date: /home/ros2/ws01_plubing/install/cpp01_topic/share/ament_index/resource_index/parent_prefix_path/cpp01_topic
[9.301s] -- Up-to-date: /home/ros2/ws01_plubing/install/cpp01_topic/share/cpp01_topic/environment/ament_prefix_path.sh
[9.301s] -- Up-to-date: /home/ros2/ws01_plubing/install/cpp01_topic/share/cpp01_topic/environment/ament_prefix_path.dsv
[9.301s] -- Up-to-date: /home/ros2/ws01_plubing/install/cpp01_topic/share/cpp01_topic/environment/path.sh
[9.302s] -- Up-to-date: /home/ros2/ws01_plubing/install/cpp01_topic/share/cpp01_topic/environment/path.dsv
[9.302s] -- Up-to-date: /home/ros2/ws01_plubing/install/cpp01_topic/share/cpp01_topic/local_setup.bash
[9.302s] -- Up-to-date: /home/ros2/ws01_plubing/install/cpp01_topic/share/cpp01_topic/local_setup.sh
[9.302s] -- Up-to-date: /home/ros2/ws01_plubing/install/cpp01_topic/share/cpp01_topic/local_setup.zsh
[9.302s] -- Up-to-date: /home/ros2/ws01_plubing/install/cpp01_topic/share/cpp01_topic/local_setup.dsv
[9.302s] -- Installing: /home/ros2/ws01_plubing/install/cpp01_topic/share/cpp01_topic/package.dsv
[9.302s] -- Up-to-date: /home/ros2/ws01_plubing/install/cpp01_topic/share/ament_index/resource_index/packages/cpp01_topic
[9.302s] -- Up-to-date: /home/ros2/ws01_plubing/install/cpp01_topic/share/cpp01_topic/cmake/cpp01_topicConfig.cmake
[9.302s] -- Up-to-date: /home/ros2/ws01_plubing/install/cpp01_topic/share/cpp01_topic/cmake/cpp01_topicConfig-version.cmake
[9.302s] -- Up-to-date: /home/ros2/ws01_plubing/install/cpp01_topic/share/cpp01_topic/package.xml
[9.306s] Invoked command in '/home/ros2/ws01_plubing/build/cpp01_topic' returned '0': CMAKE_PREFIX_PATH=/home/ros2/ws01_plubing/install/base_interfaces_demo:/home/ros2/ws01_plubing/install/cpp01_topic:/opt/ros/humble /usr/bin/cmake --install /home/ros2/ws01_plubing/build/cpp01_topic
