[0.041s] Invoking command in '/home/ros2/exam/build/cpp06_exercise': AMENT_PREFIX_PATH=/home/ros2/exam/install/turtlesim:/home/ros2/exam/install/demo_interfaces_base:${AMENT_PREFIX_PATH} CMAKE_PREFIX_PATH=/home/ros2/exam/install/turtlesim:/home/ros2/exam/install/demo_interfaces_base:/opt/ros/humble LD_LIBRARY_PATH=/home/ros2/exam/install/turtlesim/lib:/home/ros2/exam/install/demo_interfaces_base/lib:${LD_LIBRARY_PATH} PYTHONPATH=/home/ros2/exam/install/turtlesim/local/lib/python3.10/dist-packages:/home/ros2/exam/install/demo_interfaces_base/local/lib/python3.10/dist-packages:${PYTHONPATH} /usr/bin/cmake --build /home/ros2/exam/build/cpp06_exercise -- -j12 -l12
[0.171s] [35m[1mConsolidate compiler generated dependencies of target exer03_action_client[0m
[0.179s] [35m[1mConsolidate compiler generated dependencies of target exer03_action_server[0m
[0.192s] [ 30%] Built target exer01_pub_sub
[0.196s] [ 40%] Built target exer02_client
[0.207s] [ 60%] Built target exer02_service
[0.208s] [ 80%] Built target exer03_action_client
[0.212s] [ 90%] [32mBuilding CXX object CMakeFiles/exer03_action_server.dir/src/exer03_action_server.cpp.o[0m
[19.247s] [100%] [32m[1mLinking CXX executable exer03_action_server[0m
[20.146s] [100%] Built target exer03_action_server
[20.167s] Invoked command in '/home/ros2/exam/build/cpp06_exercise' returned '0': AMENT_PREFIX_PATH=/home/ros2/exam/install/turtlesim:/home/ros2/exam/install/demo_interfaces_base:${AMENT_PREFIX_PATH} CMAKE_PREFIX_PATH=/home/ros2/exam/install/turtlesim:/home/ros2/exam/install/demo_interfaces_base:/opt/ros/humble LD_LIBRARY_PATH=/home/ros2/exam/install/turtlesim/lib:/home/ros2/exam/install/demo_interfaces_base/lib:${LD_LIBRARY_PATH} PYTHONPATH=/home/ros2/exam/install/turtlesim/local/lib/python3.10/dist-packages:/home/ros2/exam/install/demo_interfaces_base/local/lib/python3.10/dist-packages:${PYTHONPATH} /usr/bin/cmake --build /home/ros2/exam/build/cpp06_exercise -- -j12 -l12
[20.173s] Invoking command in '/home/ros2/exam/build/cpp06_exercise': AMENT_PREFIX_PATH=/home/ros2/exam/install/turtlesim:/home/ros2/exam/install/demo_interfaces_base:${AMENT_PREFIX_PATH} CMAKE_PREFIX_PATH=/home/ros2/exam/install/turtlesim:/home/ros2/exam/install/demo_interfaces_base:/opt/ros/humble LD_LIBRARY_PATH=/home/ros2/exam/install/turtlesim/lib:/home/ros2/exam/install/demo_interfaces_base/lib:${LD_LIBRARY_PATH} PYTHONPATH=/home/ros2/exam/install/turtlesim/local/lib/python3.10/dist-packages:/home/ros2/exam/install/demo_interfaces_base/local/lib/python3.10/dist-packages:${PYTHONPATH} /usr/bin/cmake --install /home/ros2/exam/build/cpp06_exercise
[20.184s] -- Install configuration: ""
[20.190s] -- Up-to-date: /home/ros2/exam/install/cpp06_exercise/lib/cpp06_exercise/exer01_pub_sub
[20.194s] -- Up-to-date: /home/ros2/exam/install/cpp06_exercise/lib/cpp06_exercise/exer02_client
[20.197s] -- Up-to-date: /home/ros2/exam/install/cpp06_exercise/lib/cpp06_exercise/exer02_service
[20.200s] -- Up-to-date: /home/ros2/exam/install/cpp06_exercise/lib/cpp06_exercise/exer03_action_client
[20.202s] -- Installing: /home/ros2/exam/install/cpp06_exercise/lib/cpp06_exercise/exer03_action_server
[20.254s] -- Set runtime path of "/home/ros2/exam/install/cpp06_exercise/lib/cpp06_exercise/exer03_action_server" to ""
[20.254s] -- Up-to-date: /home/ros2/exam/install/cpp06_exercise/share/cpp06_exercise/launch
[20.255s] -- Up-to-date: /home/ros2/exam/install/cpp06_exercise/share/cpp06_exercise/launch/exer04_action_server_launch.py
[20.255s] -- Up-to-date: /home/ros2/exam/install/cpp06_exercise/share/cpp06_exercise/launch/exer01_pub_sub_launch.py
[20.256s] -- Up-to-date: /home/ros2/exam/install/cpp06_exercise/share/cpp06_exercise/launch/exer03_client_launch.py
[20.256s] -- Up-to-date: /home/ros2/exam/install/cpp06_exercise/share/cpp06_exercise/launch/exer05_action_client_launch.py
[20.256s] -- Up-to-date: /home/ros2/exam/install/cpp06_exercise/share/cpp06_exercise/launch/exer02_service_launch.py
[20.256s] -- Up-to-date: /home/ros2/exam/install/cpp06_exercise/share/ament_index/resource_index/package_run_dependencies/cpp06_exercise
[20.256s] -- Up-to-date: /home/ros2/exam/install/cpp06_exercise/share/ament_index/resource_index/parent_prefix_path/cpp06_exercise
[20.257s] -- Up-to-date: /home/ros2/exam/install/cpp06_exercise/share/cpp06_exercise/environment/ament_prefix_path.sh
[20.258s] -- Up-to-date: /home/ros2/exam/install/cpp06_exercise/share/cpp06_exercise/environment/ament_prefix_path.dsv
[20.258s] -- Up-to-date: /home/ros2/exam/install/cpp06_exercise/share/cpp06_exercise/environment/path.sh
[20.258s] -- Up-to-date: /home/ros2/exam/install/cpp06_exercise/share/cpp06_exercise/environment/path.dsv
[20.258s] -- Up-to-date: /home/ros2/exam/install/cpp06_exercise/share/cpp06_exercise/local_setup.bash
[20.258s] -- Up-to-date: /home/ros2/exam/install/cpp06_exercise/share/cpp06_exercise/local_setup.sh
[20.258s] -- Up-to-date: /home/ros2/exam/install/cpp06_exercise/share/cpp06_exercise/local_setup.zsh
[20.258s] -- Up-to-date: /home/ros2/exam/install/cpp06_exercise/share/cpp06_exercise/local_setup.dsv
[20.258s] -- Installing: /home/ros2/exam/install/cpp06_exercise/share/cpp06_exercise/package.dsv
[20.259s] -- Up-to-date: /home/ros2/exam/install/cpp06_exercise/share/ament_index/resource_index/packages/cpp06_exercise
[20.259s] -- Up-to-date: /home/ros2/exam/install/cpp06_exercise/share/cpp06_exercise/cmake/cpp06_exerciseConfig.cmake
[20.259s] -- Up-to-date: /home/ros2/exam/install/cpp06_exercise/share/cpp06_exercise/cmake/cpp06_exerciseConfig-version.cmake
[20.259s] -- Up-to-date: /home/ros2/exam/install/cpp06_exercise/share/cpp06_exercise/package.xml
[20.263s] Invoked command in '/home/ros2/exam/build/cpp06_exercise' returned '0': AMENT_PREFIX_PATH=/home/ros2/exam/install/turtlesim:/home/ros2/exam/install/demo_interfaces_base:${AMENT_PREFIX_PATH} CMAKE_PREFIX_PATH=/home/ros2/exam/install/turtlesim:/home/ros2/exam/install/demo_interfaces_base:/opt/ros/humble LD_LIBRARY_PATH=/home/ros2/exam/install/turtlesim/lib:/home/ros2/exam/install/demo_interfaces_base/lib:${LD_LIBRARY_PATH} PYTHONPATH=/home/ros2/exam/install/turtlesim/local/lib/python3.10/dist-packages:/home/ros2/exam/install/demo_interfaces_base/local/lib/python3.10/dist-packages:${PYTHONPATH} /usr/bin/cmake --install /home/ros2/exam/build/cpp06_exercise
