[0.035s] Invoking command in '/home/ros2/exam/build/demo_interfaces_base': CMAKE_PREFIX_PATH=/opt/ros/humble /usr/bin/cmake --build /home/ros2/exam/build/demo_interfaces_base -- -j12 -l12
[0.156s] [  1%] Built target demo_interfaces_base__cpp
[0.161s] [ 12%] Built target demo_interfaces_base__rosidl_generator_c
[0.210s] [ 12%] Built target ament_cmake_python_copy_demo_interfaces_base
[0.230s] [ 23%] Built target demo_interfaces_base__rosidl_typesupport_fastrtps_cpp
[0.234s] [ 34%] Built target demo_interfaces_base__rosidl_typesupport_introspection_cpp
[0.251s] [ 46%] Built target demo_interfaces_base__rosidl_typesupport_cpp
[0.257s] [ 57%] Built target demo_interfaces_base__rosidl_typesupport_introspection_c
[0.270s] [ 68%] Built target demo_interfaces_base__rosidl_typesupport_c
[0.275s] [ 79%] Built target demo_interfaces_base__rosidl_typesupport_fastrtps_c
[0.321s] [ 79%] Built target demo_interfaces_base
[0.356s] [ 80%] Built target demo_interfaces_base__py
[0.392s] [ 90%] Built target demo_interfaces_base__rosidl_generator_py
[0.434s] [ 93%] Built target demo_interfaces_base__rosidl_typesupport_fastrtps_c__pyext
[0.438s] [ 96%] Built target demo_interfaces_base__rosidl_typesupport_c__pyext
[0.442s] [100%] Built target demo_interfaces_base__rosidl_typesupport_introspection_c__pyext
[0.542s] running egg_info
[0.542s] writing demo_interfaces_base.egg-info/PKG-INFO
[0.543s] writing dependency_links to demo_interfaces_base.egg-info/dependency_links.txt
[0.543s] writing top-level names to demo_interfaces_base.egg-info/top_level.txt
[0.546s] reading manifest file 'demo_interfaces_base.egg-info/SOURCES.txt'
[0.547s] writing manifest file 'demo_interfaces_base.egg-info/SOURCES.txt'
[0.586s] [100%] Built target ament_cmake_python_build_demo_interfaces_base_egg
[0.601s] Invoked command in '/home/ros2/exam/build/demo_interfaces_base' returned '0': CMAKE_PREFIX_PATH=/opt/ros/humble /usr/bin/cmake --build /home/ros2/exam/build/demo_interfaces_base -- -j12 -l12
[0.608s] Invoking command in '/home/ros2/exam/build/demo_interfaces_base': CMAKE_PREFIX_PATH=/opt/ros/humble /usr/bin/cmake --install /home/ros2/exam/build/demo_interfaces_base
[0.619s] -- Install configuration: ""
[0.620s] -- Up-to-date: /home/ros2/exam/install/demo_interfaces_base/share/ament_index/resource_index/rosidl_interfaces/demo_interfaces_base
[0.620s] -- Up-to-date: /home/ros2/exam/install/demo_interfaces_base/include/demo_interfaces_base/demo_interfaces_base
[0.620s] -- Up-to-date: /home/ros2/exam/install/demo_interfaces_base/include/demo_interfaces_base/demo_interfaces_base/msg
[0.620s] -- Up-to-date: /home/ros2/exam/install/demo_interfaces_base/include/demo_interfaces_base/demo_interfaces_base/msg/rosidl_generator_c__visibility_control.h
[0.620s] -- Up-to-date: /home/ros2/exam/install/demo_interfaces_base/include/demo_interfaces_base/demo_interfaces_base/msg/student.h
[0.621s] -- Up-to-date: /home/ros2/exam/install/demo_interfaces_base/include/demo_interfaces_base/demo_interfaces_base/msg/detail
[0.621s] -- Up-to-date: /home/ros2/exam/install/demo_interfaces_base/include/demo_interfaces_base/demo_interfaces_base/msg/detail/student__struct.h
[0.621s] -- Up-to-date: /home/ros2/exam/install/demo_interfaces_base/include/demo_interfaces_base/demo_interfaces_base/msg/detail/student__functions.h
[0.621s] -- Up-to-date: /home/ros2/exam/install/demo_interfaces_base/include/demo_interfaces_base/demo_interfaces_base/msg/detail/student__functions.c
[0.621s] -- Up-to-date: /home/ros2/exam/install/demo_interfaces_base/include/demo_interfaces_base/demo_interfaces_base/msg/detail/student__type_support.h
[0.621s] -- Up-to-date: /home/ros2/exam/install/demo_interfaces_base/include/demo_interfaces_base/demo_interfaces_base/srv
[0.621s] -- Up-to-date: /home/ros2/exam/install/demo_interfaces_base/include/demo_interfaces_base/demo_interfaces_base/srv/calculation.h
[0.622s] -- Up-to-date: /home/ros2/exam/install/demo_interfaces_base/include/demo_interfaces_base/demo_interfaces_base/srv/detail
[0.622s] -- Up-to-date: /home/ros2/exam/install/demo_interfaces_base/include/demo_interfaces_base/demo_interfaces_base/srv/detail/calculation__functions.c
[0.622s] -- Up-to-date: /home/ros2/exam/install/demo_interfaces_base/include/demo_interfaces_base/demo_interfaces_base/srv/detail/distance__functions.h
[0.622s] -- Up-to-date: /home/ros2/exam/install/demo_interfaces_base/include/demo_interfaces_base/demo_interfaces_base/srv/detail/distance__functions.c
[0.622s] -- Up-to-date: /home/ros2/exam/install/demo_interfaces_base/include/demo_interfaces_base/demo_interfaces_base/srv/detail/calculation__type_support.h
[0.622s] -- Up-to-date: /home/ros2/exam/install/demo_interfaces_base/include/demo_interfaces_base/demo_interfaces_base/srv/detail/calculation__struct.h
[0.622s] -- Up-to-date: /home/ros2/exam/install/demo_interfaces_base/include/demo_interfaces_base/demo_interfaces_base/srv/detail/distance__type_support.h
[0.623s] -- Up-to-date: /home/ros2/exam/install/demo_interfaces_base/include/demo_interfaces_base/demo_interfaces_base/srv/detail/calculation__functions.h
[0.623s] -- Up-to-date: /home/ros2/exam/install/demo_interfaces_base/include/demo_interfaces_base/demo_interfaces_base/srv/detail/distance__struct.h
[0.623s] -- Up-to-date: /home/ros2/exam/install/demo_interfaces_base/include/demo_interfaces_base/demo_interfaces_base/srv/distance.h
[0.623s] -- Up-to-date: /home/ros2/exam/install/demo_interfaces_base/include/demo_interfaces_base/demo_interfaces_base/action
[0.623s] -- Up-to-date: /home/ros2/exam/install/demo_interfaces_base/include/demo_interfaces_base/demo_interfaces_base/action/action.h
[0.623s] -- Up-to-date: /home/ros2/exam/install/demo_interfaces_base/include/demo_interfaces_base/demo_interfaces_base/action/detail
[0.623s] -- Up-to-date: /home/ros2/exam/install/demo_interfaces_base/include/demo_interfaces_base/demo_interfaces_base/action/detail/real_time_distance__functions.c
[0.623s] -- Up-to-date: /home/ros2/exam/install/demo_interfaces_base/include/demo_interfaces_base/demo_interfaces_base/action/detail/action__functions.h
[0.624s] -- Up-to-date: /home/ros2/exam/install/demo_interfaces_base/include/demo_interfaces_base/demo_interfaces_base/action/detail/action__functions.c
[0.624s] -- Up-to-date: /home/ros2/exam/install/demo_interfaces_base/include/demo_interfaces_base/demo_interfaces_base/action/detail/real_time_distance__type_support.h
[0.624s] -- Up-to-date: /home/ros2/exam/install/demo_interfaces_base/include/demo_interfaces_base/demo_interfaces_base/action/detail/real_time_distance__functions.h
[0.624s] -- Up-to-date: /home/ros2/exam/install/demo_interfaces_base/include/demo_interfaces_base/demo_interfaces_base/action/detail/real_time_distance__struct.h
[0.624s] -- Up-to-date: /home/ros2/exam/install/demo_interfaces_base/include/demo_interfaces_base/demo_interfaces_base/action/detail/action__struct.h
[0.624s] -- Up-to-date: /home/ros2/exam/install/demo_interfaces_base/include/demo_interfaces_base/demo_interfaces_base/action/detail/action__type_support.h
[0.624s] -- Up-to-date: /home/ros2/exam/install/demo_interfaces_base/include/demo_interfaces_base/demo_interfaces_base/action/real_time_distance.h
[0.625s] -- Up-to-date: /home/ros2/exam/install/demo_interfaces_base/share/demo_interfaces_base/environment/library_path.sh
[0.625s] -- Up-to-date: /home/ros2/exam/install/demo_interfaces_base/share/demo_interfaces_base/environment/library_path.dsv
[0.625s] -- Up-to-date: /home/ros2/exam/install/demo_interfaces_base/lib/libdemo_interfaces_base__rosidl_generator_c.so
[0.625s] -- Up-to-date: /home/ros2/exam/install/demo_interfaces_base/include/demo_interfaces_base/demo_interfaces_base
[0.625s] -- Up-to-date: /home/ros2/exam/install/demo_interfaces_base/include/demo_interfaces_base/demo_interfaces_base/msg
[0.625s] -- Up-to-date: /home/ros2/exam/install/demo_interfaces_base/include/demo_interfaces_base/demo_interfaces_base/msg/detail
[0.625s] -- Up-to-date: /home/ros2/exam/install/demo_interfaces_base/include/demo_interfaces_base/demo_interfaces_base/msg/detail/student__rosidl_typesupport_fastrtps_c.h
[0.625s] -- Up-to-date: /home/ros2/exam/install/demo_interfaces_base/include/demo_interfaces_base/demo_interfaces_base/msg/rosidl_typesupport_fastrtps_c__visibility_control.h
[0.625s] -- Up-to-date: /home/ros2/exam/install/demo_interfaces_base/include/demo_interfaces_base/demo_interfaces_base/srv
[0.626s] -- Up-to-date: /home/ros2/exam/install/demo_interfaces_base/include/demo_interfaces_base/demo_interfaces_base/srv/detail
[0.626s] -- Up-to-date: /home/ros2/exam/install/demo_interfaces_base/include/demo_interfaces_base/demo_interfaces_base/srv/detail/calculation__rosidl_typesupport_fastrtps_c.h
[0.626s] -- Up-to-date: /home/ros2/exam/install/demo_interfaces_base/include/demo_interfaces_base/demo_interfaces_base/srv/detail/distance__rosidl_typesupport_fastrtps_c.h
[0.626s] -- Up-to-date: /home/ros2/exam/install/demo_interfaces_base/include/demo_interfaces_base/demo_interfaces_base/action
[0.627s] -- Up-to-date: /home/ros2/exam/install/demo_interfaces_base/include/demo_interfaces_base/demo_interfaces_base/action/detail
[0.627s] -- Up-to-date: /home/ros2/exam/install/demo_interfaces_base/include/demo_interfaces_base/demo_interfaces_base/action/detail/action__rosidl_typesupport_fastrtps_c.h
[0.627s] -- Up-to-date: /home/ros2/exam/install/demo_interfaces_base/include/demo_interfaces_base/demo_interfaces_base/action/detail/real_time_distance__rosidl_typesupport_fastrtps_c.h
[0.627s] -- Up-to-date: /home/ros2/exam/install/demo_interfaces_base/lib/libdemo_interfaces_base__rosidl_typesupport_fastrtps_c.so
[0.627s] -- Up-to-date: /home/ros2/exam/install/demo_interfaces_base/include/demo_interfaces_base/demo_interfaces_base
[0.627s] -- Up-to-date: /home/ros2/exam/install/demo_interfaces_base/include/demo_interfaces_base/demo_interfaces_base/msg
[0.627s] -- Up-to-date: /home/ros2/exam/install/demo_interfaces_base/include/demo_interfaces_base/demo_interfaces_base/msg/detail
[0.628s] -- Up-to-date: /home/ros2/exam/install/demo_interfaces_base/include/demo_interfaces_base/demo_interfaces_base/msg/detail/student__rosidl_typesupport_introspection_c.h
[0.628s] -- Up-to-date: /home/ros2/exam/install/demo_interfaces_base/include/demo_interfaces_base/demo_interfaces_base/msg/detail/student__type_support.c
[0.628s] -- Up-to-date: /home/ros2/exam/install/demo_interfaces_base/include/demo_interfaces_base/demo_interfaces_base/msg/rosidl_typesupport_introspection_c__visibility_control.h
[0.628s] -- Up-to-date: /home/ros2/exam/install/demo_interfaces_base/include/demo_interfaces_base/demo_interfaces_base/srv
[0.628s] -- Up-to-date: /home/ros2/exam/install/demo_interfaces_base/include/demo_interfaces_base/demo_interfaces_base/srv/detail
[0.629s] -- Up-to-date: /home/ros2/exam/install/demo_interfaces_base/include/demo_interfaces_base/demo_interfaces_base/srv/detail/calculation__rosidl_typesupport_introspection_c.h
[0.629s] -- Up-to-date: /home/ros2/exam/install/demo_interfaces_base/include/demo_interfaces_base/demo_interfaces_base/srv/detail/distance__rosidl_typesupport_introspection_c.h
[0.629s] -- Up-to-date: /home/ros2/exam/install/demo_interfaces_base/include/demo_interfaces_base/demo_interfaces_base/srv/detail/calculation__type_support.c
[0.629s] -- Up-to-date: /home/ros2/exam/install/demo_interfaces_base/include/demo_interfaces_base/demo_interfaces_base/srv/detail/distance__type_support.c
[0.629s] -- Up-to-date: /home/ros2/exam/install/demo_interfaces_base/include/demo_interfaces_base/demo_interfaces_base/action
[0.629s] -- Up-to-date: /home/ros2/exam/install/demo_interfaces_base/include/demo_interfaces_base/demo_interfaces_base/action/detail
[0.629s] -- Up-to-date: /home/ros2/exam/install/demo_interfaces_base/include/demo_interfaces_base/demo_interfaces_base/action/detail/action__rosidl_typesupport_introspection_c.h
[0.629s] -- Up-to-date: /home/ros2/exam/install/demo_interfaces_base/include/demo_interfaces_base/demo_interfaces_base/action/detail/real_time_distance__rosidl_typesupport_introspection_c.h
[0.630s] -- Up-to-date: /home/ros2/exam/install/demo_interfaces_base/include/demo_interfaces_base/demo_interfaces_base/action/detail/real_time_distance__type_support.c
[0.630s] -- Up-to-date: /home/ros2/exam/install/demo_interfaces_base/include/demo_interfaces_base/demo_interfaces_base/action/detail/action__type_support.c
[0.630s] -- Up-to-date: /home/ros2/exam/install/demo_interfaces_base/lib/libdemo_interfaces_base__rosidl_typesupport_introspection_c.so
[0.630s] -- Up-to-date: /home/ros2/exam/install/demo_interfaces_base/lib/libdemo_interfaces_base__rosidl_typesupport_c.so
[0.630s] -- Up-to-date: /home/ros2/exam/install/demo_interfaces_base/include/demo_interfaces_base/demo_interfaces_base
[0.631s] -- Up-to-date: /home/ros2/exam/install/demo_interfaces_base/include/demo_interfaces_base/demo_interfaces_base/msg
[0.631s] -- Up-to-date: /home/ros2/exam/install/demo_interfaces_base/include/demo_interfaces_base/demo_interfaces_base/msg/rosidl_generator_cpp__visibility_control.hpp
[0.631s] -- Up-to-date: /home/ros2/exam/install/demo_interfaces_base/include/demo_interfaces_base/demo_interfaces_base/msg/detail
[0.631s] -- Up-to-date: /home/ros2/exam/install/demo_interfaces_base/include/demo_interfaces_base/demo_interfaces_base/msg/detail/student__struct.hpp
[0.631s] -- Up-to-date: /home/ros2/exam/install/demo_interfaces_base/include/demo_interfaces_base/demo_interfaces_base/msg/detail/student__traits.hpp
[0.631s] -- Up-to-date: /home/ros2/exam/install/demo_interfaces_base/include/demo_interfaces_base/demo_interfaces_base/msg/detail/student__type_support.hpp
[0.633s] -- Up-to-date: /home/ros2/exam/install/demo_interfaces_base/include/demo_interfaces_base/demo_interfaces_base/msg/detail/student__builder.hpp
[0.633s] -- Up-to-date: /home/ros2/exam/install/demo_interfaces_base/include/demo_interfaces_base/demo_interfaces_base/msg/student.hpp
[0.633s] -- Up-to-date: /home/ros2/exam/install/demo_interfaces_base/include/demo_interfaces_base/demo_interfaces_base/srv
[0.633s] -- Up-to-date: /home/ros2/exam/install/demo_interfaces_base/include/demo_interfaces_base/demo_interfaces_base/srv/calculation.hpp
[0.633s] -- Up-to-date: /home/ros2/exam/install/demo_interfaces_base/include/demo_interfaces_base/demo_interfaces_base/srv/detail
[0.633s] -- Up-to-date: /home/ros2/exam/install/demo_interfaces_base/include/demo_interfaces_base/demo_interfaces_base/srv/detail/calculation__traits.hpp
[0.633s] -- Up-to-date: /home/ros2/exam/install/demo_interfaces_base/include/demo_interfaces_base/demo_interfaces_base/srv/detail/calculation__type_support.hpp
[0.633s] -- Up-to-date: /home/ros2/exam/install/demo_interfaces_base/include/demo_interfaces_base/demo_interfaces_base/srv/detail/distance__type_support.hpp
[0.633s] -- Up-to-date: /home/ros2/exam/install/demo_interfaces_base/include/demo_interfaces_base/demo_interfaces_base/srv/detail/distance__struct.hpp
[0.634s] -- Up-to-date: /home/ros2/exam/install/demo_interfaces_base/include/demo_interfaces_base/demo_interfaces_base/srv/detail/distance__traits.hpp
[0.634s] -- Up-to-date: /home/ros2/exam/install/demo_interfaces_base/include/demo_interfaces_base/demo_interfaces_base/srv/detail/distance__builder.hpp
[0.634s] -- Up-to-date: /home/ros2/exam/install/demo_interfaces_base/include/demo_interfaces_base/demo_interfaces_base/srv/detail/calculation__struct.hpp
[0.634s] -- Up-to-date: /home/ros2/exam/install/demo_interfaces_base/include/demo_interfaces_base/demo_interfaces_base/srv/detail/calculation__builder.hpp
[0.634s] -- Up-to-date: /home/ros2/exam/install/demo_interfaces_base/include/demo_interfaces_base/demo_interfaces_base/srv/distance.hpp
[0.634s] -- Up-to-date: /home/ros2/exam/install/demo_interfaces_base/include/demo_interfaces_base/demo_interfaces_base/action
[0.635s] -- Up-to-date: /home/ros2/exam/install/demo_interfaces_base/include/demo_interfaces_base/demo_interfaces_base/action/real_time_distance.hpp
[0.635s] -- Up-to-date: /home/ros2/exam/install/demo_interfaces_base/include/demo_interfaces_base/demo_interfaces_base/action/detail
[0.635s] -- Up-to-date: /home/ros2/exam/install/demo_interfaces_base/include/demo_interfaces_base/demo_interfaces_base/action/detail/action__type_support.hpp
[0.635s] -- Up-to-date: /home/ros2/exam/install/demo_interfaces_base/include/demo_interfaces_base/demo_interfaces_base/action/detail/real_time_distance__builder.hpp
[0.636s] -- Up-to-date: /home/ros2/exam/install/demo_interfaces_base/include/demo_interfaces_base/demo_interfaces_base/action/detail/action__traits.hpp
[0.637s] -- Up-to-date: /home/ros2/exam/install/demo_interfaces_base/include/demo_interfaces_base/demo_interfaces_base/action/detail/action__builder.hpp
[0.638s] -- Up-to-date: /home/ros2/exam/install/demo_interfaces_base/include/demo_interfaces_base/demo_interfaces_base/action/detail/real_time_distance__type_support.hpp
[0.638s] -- Up-to-date: /home/ros2/exam/install/demo_interfaces_base/include/demo_interfaces_base/demo_interfaces_base/action/detail/real_time_distance__traits.hpp
[0.638s] -- Up-to-date: /home/ros2/exam/install/demo_interfaces_base/include/demo_interfaces_base/demo_interfaces_base/action/detail/action__struct.hpp
[0.638s] -- Up-to-date: /home/ros2/exam/install/demo_interfaces_base/include/demo_interfaces_base/demo_interfaces_base/action/detail/real_time_distance__struct.hpp
[0.639s] -- Up-to-date: /home/ros2/exam/install/demo_interfaces_base/include/demo_interfaces_base/demo_interfaces_base/action/action.hpp
[0.639s] -- Up-to-date: /home/ros2/exam/install/demo_interfaces_base/include/demo_interfaces_base/demo_interfaces_base
[0.639s] -- Up-to-date: /home/ros2/exam/install/demo_interfaces_base/include/demo_interfaces_base/demo_interfaces_base/msg
[0.639s] -- Up-to-date: /home/ros2/exam/install/demo_interfaces_base/include/demo_interfaces_base/demo_interfaces_base/msg/rosidl_typesupport_fastrtps_cpp__visibility_control.h
[0.639s] -- Up-to-date: /home/ros2/exam/install/demo_interfaces_base/include/demo_interfaces_base/demo_interfaces_base/msg/detail
[0.639s] -- Up-to-date: /home/ros2/exam/install/demo_interfaces_base/include/demo_interfaces_base/demo_interfaces_base/msg/detail/student__rosidl_typesupport_fastrtps_cpp.hpp
[0.640s] -- Up-to-date: /home/ros2/exam/install/demo_interfaces_base/include/demo_interfaces_base/demo_interfaces_base/msg/detail/dds_fastrtps
[0.640s] -- Up-to-date: /home/ros2/exam/install/demo_interfaces_base/include/demo_interfaces_base/demo_interfaces_base/srv
[0.640s] -- Up-to-date: /home/ros2/exam/install/demo_interfaces_base/include/demo_interfaces_base/demo_interfaces_base/srv/detail
[0.640s] -- Up-to-date: /home/ros2/exam/install/demo_interfaces_base/include/demo_interfaces_base/demo_interfaces_base/srv/detail/dds_fastrtps
[0.641s] -- Up-to-date: /home/ros2/exam/install/demo_interfaces_base/include/demo_interfaces_base/demo_interfaces_base/srv/detail/distance__rosidl_typesupport_fastrtps_cpp.hpp
[0.641s] -- Up-to-date: /home/ros2/exam/install/demo_interfaces_base/include/demo_interfaces_base/demo_interfaces_base/srv/detail/calculation__rosidl_typesupport_fastrtps_cpp.hpp
[0.641s] -- Up-to-date: /home/ros2/exam/install/demo_interfaces_base/include/demo_interfaces_base/demo_interfaces_base/action
[0.641s] -- Up-to-date: /home/ros2/exam/install/demo_interfaces_base/include/demo_interfaces_base/demo_interfaces_base/action/detail
[0.641s] -- Up-to-date: /home/ros2/exam/install/demo_interfaces_base/include/demo_interfaces_base/demo_interfaces_base/action/detail/action__rosidl_typesupport_fastrtps_cpp.hpp
[0.641s] -- Up-to-date: /home/ros2/exam/install/demo_interfaces_base/include/demo_interfaces_base/demo_interfaces_base/action/detail/dds_fastrtps
[0.641s] -- Up-to-date: /home/ros2/exam/install/demo_interfaces_base/include/demo_interfaces_base/demo_interfaces_base/action/detail/real_time_distance__rosidl_typesupport_fastrtps_cpp.hpp
[0.641s] -- Up-to-date: /home/ros2/exam/install/demo_interfaces_base/lib/libdemo_interfaces_base__rosidl_typesupport_fastrtps_cpp.so
[0.641s] -- Up-to-date: /home/ros2/exam/install/demo_interfaces_base/include/demo_interfaces_base/demo_interfaces_base
[0.641s] -- Up-to-date: /home/ros2/exam/install/demo_interfaces_base/include/demo_interfaces_base/demo_interfaces_base/msg
[0.641s] -- Up-to-date: /home/ros2/exam/install/demo_interfaces_base/include/demo_interfaces_base/demo_interfaces_base/msg/detail
[0.641s] -- Up-to-date: /home/ros2/exam/install/demo_interfaces_base/include/demo_interfaces_base/demo_interfaces_base/msg/detail/student__type_support.cpp
[0.642s] -- Up-to-date: /home/ros2/exam/install/demo_interfaces_base/include/demo_interfaces_base/demo_interfaces_base/msg/detail/student__rosidl_typesupport_introspection_cpp.hpp
[0.642s] -- Up-to-date: /home/ros2/exam/install/demo_interfaces_base/include/demo_interfaces_base/demo_interfaces_base/srv
[0.642s] -- Up-to-date: /home/ros2/exam/install/demo_interfaces_base/include/demo_interfaces_base/demo_interfaces_base/srv/detail
[0.643s] -- Up-to-date: /home/ros2/exam/install/demo_interfaces_base/include/demo_interfaces_base/demo_interfaces_base/srv/detail/calculation__type_support.cpp
[0.643s] -- Up-to-date: /home/ros2/exam/install/demo_interfaces_base/include/demo_interfaces_base/demo_interfaces_base/srv/detail/distance__rosidl_typesupport_introspection_cpp.hpp
[0.643s] -- Up-to-date: /home/ros2/exam/install/demo_interfaces_base/include/demo_interfaces_base/demo_interfaces_base/srv/detail/calculation__rosidl_typesupport_introspection_cpp.hpp
[0.643s] -- Up-to-date: /home/ros2/exam/install/demo_interfaces_base/include/demo_interfaces_base/demo_interfaces_base/srv/detail/distance__type_support.cpp
[0.643s] -- Up-to-date: /home/ros2/exam/install/demo_interfaces_base/include/demo_interfaces_base/demo_interfaces_base/action
[0.643s] -- Up-to-date: /home/ros2/exam/install/demo_interfaces_base/include/demo_interfaces_base/demo_interfaces_base/action/detail
[0.643s] -- Up-to-date: /home/ros2/exam/install/demo_interfaces_base/include/demo_interfaces_base/demo_interfaces_base/action/detail/real_time_distance__type_support.cpp
[0.643s] -- Up-to-date: /home/ros2/exam/install/demo_interfaces_base/include/demo_interfaces_base/demo_interfaces_base/action/detail/action__type_support.cpp
[0.643s] -- Up-to-date: /home/ros2/exam/install/demo_interfaces_base/include/demo_interfaces_base/demo_interfaces_base/action/detail/real_time_distance__rosidl_typesupport_introspection_cpp.hpp
[0.643s] -- Up-to-date: /home/ros2/exam/install/demo_interfaces_base/include/demo_interfaces_base/demo_interfaces_base/action/detail/action__rosidl_typesupport_introspection_cpp.hpp
[0.643s] -- Up-to-date: /home/ros2/exam/install/demo_interfaces_base/lib/libdemo_interfaces_base__rosidl_typesupport_introspection_cpp.so
[0.643s] -- Up-to-date: /home/ros2/exam/install/demo_interfaces_base/lib/libdemo_interfaces_base__rosidl_typesupport_cpp.so
[0.644s] -- Up-to-date: /home/ros2/exam/install/demo_interfaces_base/share/demo_interfaces_base/environment/pythonpath.sh
[0.644s] -- Up-to-date: /home/ros2/exam/install/demo_interfaces_base/share/demo_interfaces_base/environment/pythonpath.dsv
[0.644s] -- Up-to-date: /home/ros2/exam/install/demo_interfaces_base/local/lib/python3.10/dist-packages/demo_interfaces_base-0.0.0-py3.10.egg-info
[0.644s] -- Installing: /home/ros2/exam/install/demo_interfaces_base/local/lib/python3.10/dist-packages/demo_interfaces_base-0.0.0-py3.10.egg-info/PKG-INFO
[0.644s] -- Installing: /home/ros2/exam/install/demo_interfaces_base/local/lib/python3.10/dist-packages/demo_interfaces_base-0.0.0-py3.10.egg-info/top_level.txt
[0.644s] -- Installing: /home/ros2/exam/install/demo_interfaces_base/local/lib/python3.10/dist-packages/demo_interfaces_base-0.0.0-py3.10.egg-info/dependency_links.txt
[0.644s] -- Installing: /home/ros2/exam/install/demo_interfaces_base/local/lib/python3.10/dist-packages/demo_interfaces_base-0.0.0-py3.10.egg-info/SOURCES.txt
[0.645s] -- Up-to-date: /home/ros2/exam/install/demo_interfaces_base/local/lib/python3.10/dist-packages/demo_interfaces_base
[0.645s] -- Up-to-date: /home/ros2/exam/install/demo_interfaces_base/local/lib/python3.10/dist-packages/demo_interfaces_base/msg
[0.645s] -- Up-to-date: /home/ros2/exam/install/demo_interfaces_base/local/lib/python3.10/dist-packages/demo_interfaces_base/msg/_student_s.c
[0.645s] -- Up-to-date: /home/ros2/exam/install/demo_interfaces_base/local/lib/python3.10/dist-packages/demo_interfaces_base/msg/_student.py
[0.646s] -- Up-to-date: /home/ros2/exam/install/demo_interfaces_base/local/lib/python3.10/dist-packages/demo_interfaces_base/msg/__init__.py
[0.646s] -- Up-to-date: /home/ros2/exam/install/demo_interfaces_base/local/lib/python3.10/dist-packages/demo_interfaces_base/srv
[0.646s] -- Up-to-date: /home/ros2/exam/install/demo_interfaces_base/local/lib/python3.10/dist-packages/demo_interfaces_base/srv/_distance_s.c
[0.646s] -- Up-to-date: /home/ros2/exam/install/demo_interfaces_base/local/lib/python3.10/dist-packages/demo_interfaces_base/srv/_distance.py
[0.647s] -- Up-to-date: /home/ros2/exam/install/demo_interfaces_base/local/lib/python3.10/dist-packages/demo_interfaces_base/srv/__init__.py
[0.647s] -- Up-to-date: /home/ros2/exam/install/demo_interfaces_base/local/lib/python3.10/dist-packages/demo_interfaces_base/srv/_calculation_s.c
[0.647s] -- Up-to-date: /home/ros2/exam/install/demo_interfaces_base/local/lib/python3.10/dist-packages/demo_interfaces_base/srv/_calculation.py
[0.647s] -- Up-to-date: /home/ros2/exam/install/demo_interfaces_base/local/lib/python3.10/dist-packages/demo_interfaces_base/demo_interfaces_base_s__rosidl_typesupport_introspection_c.cpython-310-x86_64-linux-gnu.so
[0.647s] -- Up-to-date: /home/ros2/exam/install/demo_interfaces_base/local/lib/python3.10/dist-packages/demo_interfaces_base/libdemo_interfaces_base__rosidl_generator_py.so
[0.647s] -- Up-to-date: /home/ros2/exam/install/demo_interfaces_base/local/lib/python3.10/dist-packages/demo_interfaces_base/__init__.py
[0.647s] -- Up-to-date: /home/ros2/exam/install/demo_interfaces_base/local/lib/python3.10/dist-packages/demo_interfaces_base/action
[0.648s] -- Up-to-date: /home/ros2/exam/install/demo_interfaces_base/local/lib/python3.10/dist-packages/demo_interfaces_base/action/_action_s.c
[0.648s] -- Up-to-date: /home/ros2/exam/install/demo_interfaces_base/local/lib/python3.10/dist-packages/demo_interfaces_base/action/__init__.py
[0.648s] -- Up-to-date: /home/ros2/exam/install/demo_interfaces_base/local/lib/python3.10/dist-packages/demo_interfaces_base/action/_real_time_distance.py
[0.648s] -- Up-to-date: /home/ros2/exam/install/demo_interfaces_base/local/lib/python3.10/dist-packages/demo_interfaces_base/action/_action.py
[0.648s] -- Up-to-date: /home/ros2/exam/install/demo_interfaces_base/local/lib/python3.10/dist-packages/demo_interfaces_base/action/_real_time_distance_s.c
[0.648s] -- Up-to-date: /home/ros2/exam/install/demo_interfaces_base/local/lib/python3.10/dist-packages/demo_interfaces_base/demo_interfaces_base_s__rosidl_typesupport_c.cpython-310-x86_64-linux-gnu.so
[0.648s] -- Up-to-date: /home/ros2/exam/install/demo_interfaces_base/local/lib/python3.10/dist-packages/demo_interfaces_base/_demo_interfaces_base_s.ep.rosidl_typesupport_introspection_c.c
[0.649s] -- Up-to-date: /home/ros2/exam/install/demo_interfaces_base/local/lib/python3.10/dist-packages/demo_interfaces_base/_demo_interfaces_base_s.ep.rosidl_typesupport_c.c
[0.649s] -- Up-to-date: /home/ros2/exam/install/demo_interfaces_base/local/lib/python3.10/dist-packages/demo_interfaces_base/demo_interfaces_base_s__rosidl_typesupport_fastrtps_c.cpython-310-x86_64-linux-gnu.so
[0.649s] -- Up-to-date: /home/ros2/exam/install/demo_interfaces_base/local/lib/python3.10/dist-packages/demo_interfaces_base/_demo_interfaces_base_s.ep.rosidl_typesupport_fastrtps_c.c
[0.685s] Listing '/home/ros2/exam/install/demo_interfaces_base/local/lib/python3.10/dist-packages/demo_interfaces_base'...
[0.686s] Listing '/home/ros2/exam/install/demo_interfaces_base/local/lib/python3.10/dist-packages/demo_interfaces_base/action'...
[0.686s] Listing '/home/ros2/exam/install/demo_interfaces_base/local/lib/python3.10/dist-packages/demo_interfaces_base/msg'...
[0.686s] Listing '/home/ros2/exam/install/demo_interfaces_base/local/lib/python3.10/dist-packages/demo_interfaces_base/srv'...
[0.694s] -- Up-to-date: /home/ros2/exam/install/demo_interfaces_base/local/lib/python3.10/dist-packages/demo_interfaces_base/demo_interfaces_base_s__rosidl_typesupport_fastrtps_c.cpython-310-x86_64-linux-gnu.so
[0.694s] -- Up-to-date: /home/ros2/exam/install/demo_interfaces_base/local/lib/python3.10/dist-packages/demo_interfaces_base/demo_interfaces_base_s__rosidl_typesupport_introspection_c.cpython-310-x86_64-linux-gnu.so
[0.694s] -- Up-to-date: /home/ros2/exam/install/demo_interfaces_base/local/lib/python3.10/dist-packages/demo_interfaces_base/demo_interfaces_base_s__rosidl_typesupport_c.cpython-310-x86_64-linux-gnu.so
[0.695s] -- Up-to-date: /home/ros2/exam/install/demo_interfaces_base/lib/libdemo_interfaces_base__rosidl_generator_py.so
[0.695s] -- Up-to-date: /home/ros2/exam/install/demo_interfaces_base/share/demo_interfaces_base/msg/Student.idl
[0.695s] -- Up-to-date: /home/ros2/exam/install/demo_interfaces_base/share/demo_interfaces_base/srv/Calculation.idl
[0.696s] -- Up-to-date: /home/ros2/exam/install/demo_interfaces_base/share/demo_interfaces_base/srv/Distance.idl
[0.696s] -- Up-to-date: /home/ros2/exam/install/demo_interfaces_base/share/demo_interfaces_base/action/Action.idl
[0.696s] -- Up-to-date: /home/ros2/exam/install/demo_interfaces_base/share/demo_interfaces_base/action/RealTimeDistance.idl
[0.696s] -- Up-to-date: /home/ros2/exam/install/demo_interfaces_base/share/demo_interfaces_base/msg/Student.msg
[0.697s] -- Up-to-date: /home/ros2/exam/install/demo_interfaces_base/share/demo_interfaces_base/srv/Calculation.srv
[0.697s] -- Up-to-date: /home/ros2/exam/install/demo_interfaces_base/share/demo_interfaces_base/srv/Calculation_Request.msg
[0.697s] -- Up-to-date: /home/ros2/exam/install/demo_interfaces_base/share/demo_interfaces_base/srv/Calculation_Response.msg
[0.697s] -- Up-to-date: /home/ros2/exam/install/demo_interfaces_base/share/demo_interfaces_base/srv/Distance.srv
[0.697s] -- Up-to-date: /home/ros2/exam/install/demo_interfaces_base/share/demo_interfaces_base/srv/Distance_Request.msg
[0.697s] -- Up-to-date: /home/ros2/exam/install/demo_interfaces_base/share/demo_interfaces_base/srv/Distance_Response.msg
[0.697s] -- Up-to-date: /home/ros2/exam/install/demo_interfaces_base/share/demo_interfaces_base/action/Action.action
[0.698s] -- Up-to-date: /home/ros2/exam/install/demo_interfaces_base/share/demo_interfaces_base/action/RealTimeDistance.action
[0.698s] -- Up-to-date: /home/ros2/exam/install/demo_interfaces_base/share/ament_index/resource_index/package_run_dependencies/demo_interfaces_base
[0.698s] -- Up-to-date: /home/ros2/exam/install/demo_interfaces_base/share/ament_index/resource_index/parent_prefix_path/demo_interfaces_base
[0.698s] -- Up-to-date: /home/ros2/exam/install/demo_interfaces_base/share/demo_interfaces_base/environment/ament_prefix_path.sh
[0.698s] -- Up-to-date: /home/ros2/exam/install/demo_interfaces_base/share/demo_interfaces_base/environment/ament_prefix_path.dsv
[0.698s] -- Up-to-date: /home/ros2/exam/install/demo_interfaces_base/share/demo_interfaces_base/environment/path.sh
[0.698s] -- Up-to-date: /home/ros2/exam/install/demo_interfaces_base/share/demo_interfaces_base/environment/path.dsv
[0.699s] -- Up-to-date: /home/ros2/exam/install/demo_interfaces_base/share/demo_interfaces_base/local_setup.bash
[0.699s] -- Up-to-date: /home/ros2/exam/install/demo_interfaces_base/share/demo_interfaces_base/local_setup.sh
[0.699s] -- Up-to-date: /home/ros2/exam/install/demo_interfaces_base/share/demo_interfaces_base/local_setup.zsh
[0.699s] -- Up-to-date: /home/ros2/exam/install/demo_interfaces_base/share/demo_interfaces_base/local_setup.dsv
[0.699s] -- Installing: /home/ros2/exam/install/demo_interfaces_base/share/demo_interfaces_base/package.dsv
[0.699s] -- Up-to-date: /home/ros2/exam/install/demo_interfaces_base/share/ament_index/resource_index/packages/demo_interfaces_base
[0.700s] -- Up-to-date: /home/ros2/exam/install/demo_interfaces_base/share/demo_interfaces_base/cmake/export_demo_interfaces_base__rosidl_generator_cExport.cmake
[0.700s] -- Up-to-date: /home/ros2/exam/install/demo_interfaces_base/share/demo_interfaces_base/cmake/export_demo_interfaces_base__rosidl_generator_cExport-noconfig.cmake
[0.700s] -- Up-to-date: /home/ros2/exam/install/demo_interfaces_base/share/demo_interfaces_base/cmake/export_demo_interfaces_base__rosidl_typesupport_fastrtps_cExport.cmake
[0.700s] -- Up-to-date: /home/ros2/exam/install/demo_interfaces_base/share/demo_interfaces_base/cmake/export_demo_interfaces_base__rosidl_typesupport_fastrtps_cExport-noconfig.cmake
[0.700s] -- Up-to-date: /home/ros2/exam/install/demo_interfaces_base/share/demo_interfaces_base/cmake/demo_interfaces_base__rosidl_typesupport_introspection_cExport.cmake
[0.701s] -- Up-to-date: /home/ros2/exam/install/demo_interfaces_base/share/demo_interfaces_base/cmake/demo_interfaces_base__rosidl_typesupport_introspection_cExport-noconfig.cmake
[0.701s] -- Up-to-date: /home/ros2/exam/install/demo_interfaces_base/share/demo_interfaces_base/cmake/demo_interfaces_base__rosidl_typesupport_cExport.cmake
[0.701s] -- Up-to-date: /home/ros2/exam/install/demo_interfaces_base/share/demo_interfaces_base/cmake/demo_interfaces_base__rosidl_typesupport_cExport-noconfig.cmake
[0.701s] -- Up-to-date: /home/ros2/exam/install/demo_interfaces_base/share/demo_interfaces_base/cmake/export_demo_interfaces_base__rosidl_generator_cppExport.cmake
[0.701s] -- Up-to-date: /home/ros2/exam/install/demo_interfaces_base/share/demo_interfaces_base/cmake/export_demo_interfaces_base__rosidl_typesupport_fastrtps_cppExport.cmake
[0.701s] -- Up-to-date: /home/ros2/exam/install/demo_interfaces_base/share/demo_interfaces_base/cmake/export_demo_interfaces_base__rosidl_typesupport_fastrtps_cppExport-noconfig.cmake
[0.701s] -- Up-to-date: /home/ros2/exam/install/demo_interfaces_base/share/demo_interfaces_base/cmake/demo_interfaces_base__rosidl_typesupport_introspection_cppExport.cmake
[0.701s] -- Up-to-date: /home/ros2/exam/install/demo_interfaces_base/share/demo_interfaces_base/cmake/demo_interfaces_base__rosidl_typesupport_introspection_cppExport-noconfig.cmake
[0.702s] -- Up-to-date: /home/ros2/exam/install/demo_interfaces_base/share/demo_interfaces_base/cmake/demo_interfaces_base__rosidl_typesupport_cppExport.cmake
[0.702s] -- Up-to-date: /home/ros2/exam/install/demo_interfaces_base/share/demo_interfaces_base/cmake/demo_interfaces_base__rosidl_typesupport_cppExport-noconfig.cmake
[0.702s] -- Up-to-date: /home/ros2/exam/install/demo_interfaces_base/share/demo_interfaces_base/cmake/export_demo_interfaces_base__rosidl_generator_pyExport.cmake
[0.702s] -- Up-to-date: /home/ros2/exam/install/demo_interfaces_base/share/demo_interfaces_base/cmake/export_demo_interfaces_base__rosidl_generator_pyExport-noconfig.cmake
[0.702s] -- Up-to-date: /home/ros2/exam/install/demo_interfaces_base/share/demo_interfaces_base/cmake/rosidl_cmake-extras.cmake
[0.703s] -- Up-to-date: /home/ros2/exam/install/demo_interfaces_base/share/demo_interfaces_base/cmake/ament_cmake_export_dependencies-extras.cmake
[0.703s] -- Up-to-date: /home/ros2/exam/install/demo_interfaces_base/share/demo_interfaces_base/cmake/ament_cmake_export_include_directories-extras.cmake
[0.703s] -- Up-to-date: /home/ros2/exam/install/demo_interfaces_base/share/demo_interfaces_base/cmake/ament_cmake_export_libraries-extras.cmake
[0.703s] -- Up-to-date: /home/ros2/exam/install/demo_interfaces_base/share/demo_interfaces_base/cmake/ament_cmake_export_targets-extras.cmake
[0.703s] -- Up-to-date: /home/ros2/exam/install/demo_interfaces_base/share/demo_interfaces_base/cmake/rosidl_cmake_export_typesupport_targets-extras.cmake
[0.703s] -- Up-to-date: /home/ros2/exam/install/demo_interfaces_base/share/demo_interfaces_base/cmake/rosidl_cmake_export_typesupport_libraries-extras.cmake
[0.703s] -- Up-to-date: /home/ros2/exam/install/demo_interfaces_base/share/demo_interfaces_base/cmake/demo_interfaces_baseConfig.cmake
[0.703s] -- Up-to-date: /home/ros2/exam/install/demo_interfaces_base/share/demo_interfaces_base/cmake/demo_interfaces_baseConfig-version.cmake
[0.703s] -- Up-to-date: /home/ros2/exam/install/demo_interfaces_base/share/demo_interfaces_base/package.xml
[0.706s] Invoked command in '/home/ros2/exam/build/demo_interfaces_base' returned '0': CMAKE_PREFIX_PATH=/opt/ros/humble /usr/bin/cmake --install /home/ros2/exam/build/demo_interfaces_base
