[0.045s] Invoking command in '/home/ros2/exam/build/cpp02_service': CMAKE_PREFIX_PATH=/home/ros2/exam/install/demo_interfaces_base:/home/ros2/exam/install/cpp02_service:/home/ros2/exam/install/cpp01_topic:/opt/ros/humble /usr/bin/cmake --build /home/ros2/exam/build/cpp02_service -- -j12 -l12
[0.113s] [35m[1mConsolidate compiler generated dependencies of target demo01_client[0m
[0.134s] [ 50%] Built target demo01_server
[0.140s] [100%] Built target demo01_client
[0.154s] Invoked command in '/home/ros2/exam/build/cpp02_service' returned '0': CMAKE_PREFIX_PATH=/home/ros2/exam/install/demo_interfaces_base:/home/ros2/exam/install/cpp02_service:/home/ros2/exam/install/cpp01_topic:/opt/ros/humble /usr/bin/cmake --build /home/ros2/exam/build/cpp02_service -- -j12 -l12
[0.157s] Invoking command in '/home/ros2/exam/build/cpp02_service': CMAKE_PREFIX_PATH=/home/ros2/exam/install/demo_interfaces_base:/home/ros2/exam/install/cpp02_service:/home/ros2/exam/install/cpp01_topic:/opt/ros/humble /usr/bin/cmake --install /home/ros2/exam/build/cpp02_service
[0.167s] -- Install configuration: ""
[0.167s] -- Up-to-date: /home/ros2/exam/install/cpp02_service/lib/cpp02_service/demo01_server
[0.168s] -- Up-to-date: /home/ros2/exam/install/cpp02_service/lib/cpp02_service/demo01_client
[0.168s] -- Up-to-date: /home/ros2/exam/install/cpp02_service/share/ament_index/resource_index/package_run_dependencies/cpp02_service
[0.168s] -- Up-to-date: /home/ros2/exam/install/cpp02_service/share/ament_index/resource_index/parent_prefix_path/cpp02_service
[0.168s] -- Up-to-date: /home/ros2/exam/install/cpp02_service/share/cpp02_service/environment/ament_prefix_path.sh
[0.169s] -- Up-to-date: /home/ros2/exam/install/cpp02_service/share/cpp02_service/environment/ament_prefix_path.dsv
[0.169s] -- Up-to-date: /home/ros2/exam/install/cpp02_service/share/cpp02_service/environment/path.sh
[0.169s] -- Up-to-date: /home/ros2/exam/install/cpp02_service/share/cpp02_service/environment/path.dsv
[0.169s] -- Up-to-date: /home/ros2/exam/install/cpp02_service/share/cpp02_service/local_setup.bash
[0.169s] -- Up-to-date: /home/ros2/exam/install/cpp02_service/share/cpp02_service/local_setup.sh
[0.169s] -- Up-to-date: /home/ros2/exam/install/cpp02_service/share/cpp02_service/local_setup.zsh
[0.169s] -- Up-to-date: /home/ros2/exam/install/cpp02_service/share/cpp02_service/local_setup.dsv
[0.170s] -- Installing: /home/ros2/exam/install/cpp02_service/share/cpp02_service/package.dsv
[0.170s] -- Up-to-date: /home/ros2/exam/install/cpp02_service/share/ament_index/resource_index/packages/cpp02_service
[0.170s] -- Up-to-date: /home/ros2/exam/install/cpp02_service/share/cpp02_service/cmake/cpp02_serviceConfig.cmake
[0.170s] -- Up-to-date: /home/ros2/exam/install/cpp02_service/share/cpp02_service/cmake/cpp02_serviceConfig-version.cmake
[0.170s] -- Up-to-date: /home/ros2/exam/install/cpp02_service/share/cpp02_service/package.xml
[0.172s] Invoked command in '/home/ros2/exam/build/cpp02_service' returned '0': CMAKE_PREFIX_PATH=/home/ros2/exam/install/demo_interfaces_base:/home/ros2/exam/install/cpp02_service:/home/ros2/exam/install/cpp01_topic:/opt/ros/humble /usr/bin/cmake --install /home/ros2/exam/build/cpp02_service
