[0.064s] Invoking command in '/home/ros2/ws01_plubing/build/cpp03_action': AMENT_PREFIX_PATH=/home/ros2/ws01_plubing/install/base_interfaces_demo:${AMENT_PREFIX_PATH} CMAKE_PREFIX_PATH=/home/ros2/ws01_plubing/install/base_interfaces_demo:/opt/ros/humble LD_LIBRARY_PATH=/home/ros2/ws01_plubing/install/base_interfaces_demo/lib:${LD_LIBRARY_PATH} PYTHONPATH=/home/ros2/ws01_plubing/install/base_interfaces_demo/local/lib/python3.10/dist-packages:${PYTHONPATH} /usr/bin/cmake --build /home/ros2/ws01_plubing/build/cpp03_action -- -j12 -l12
[0.131s] [35m[1mConsolidate compiler generated dependencies of target demo01_action_server[0m
[0.149s] [ 50%] Built target demo01_action_client
[0.155s] [100%] Built target demo01_action_server
[0.171s] Invoked command in '/home/ros2/ws01_plubing/build/cpp03_action' returned '0': AMENT_PREFIX_PATH=/home/ros2/ws01_plubing/install/base_interfaces_demo:${AMENT_PREFIX_PATH} CMAKE_PREFIX_PATH=/home/ros2/ws01_plubing/install/base_interfaces_demo:/opt/ros/humble LD_LIBRARY_PATH=/home/ros2/ws01_plubing/install/base_interfaces_demo/lib:${LD_LIBRARY_PATH} PYTHONPATH=/home/ros2/ws01_plubing/install/base_interfaces_demo/local/lib/python3.10/dist-packages:${PYTHONPATH} /usr/bin/cmake --build /home/ros2/ws01_plubing/build/cpp03_action -- -j12 -l12
[0.189s] Invoking command in '/home/ros2/ws01_plubing/build/cpp03_action': AMENT_PREFIX_PATH=/home/ros2/ws01_plubing/install/base_interfaces_demo:${AMENT_PREFIX_PATH} CMAKE_PREFIX_PATH=/home/ros2/ws01_plubing/install/base_interfaces_demo:/opt/ros/humble LD_LIBRARY_PATH=/home/ros2/ws01_plubing/install/base_interfaces_demo/lib:${LD_LIBRARY_PATH} PYTHONPATH=/home/ros2/ws01_plubing/install/base_interfaces_demo/local/lib/python3.10/dist-packages:${PYTHONPATH} /usr/bin/cmake --install /home/ros2/ws01_plubing/build/cpp03_action
[0.201s] -- Install configuration: ""
[0.202s] -- Up-to-date: /home/ros2/ws01_plubing/install/cpp03_action/lib/cpp03_action/demo01_action_server
[0.203s] -- Up-to-date: /home/ros2/ws01_plubing/install/cpp03_action/lib/cpp03_action/demo01_action_client
[0.203s] -- Up-to-date: /home/ros2/ws01_plubing/install/cpp03_action/share/ament_index/resource_index/package_run_dependencies/cpp03_action
[0.204s] -- Up-to-date: /home/ros2/ws01_plubing/install/cpp03_action/share/ament_index/resource_index/parent_prefix_path/cpp03_action
[0.204s] -- Up-to-date: /home/ros2/ws01_plubing/install/cpp03_action/share/cpp03_action/environment/ament_prefix_path.sh
[0.204s] -- Up-to-date: /home/ros2/ws01_plubing/install/cpp03_action/share/cpp03_action/environment/ament_prefix_path.dsv
[0.204s] -- Up-to-date: /home/ros2/ws01_plubing/install/cpp03_action/share/cpp03_action/environment/path.sh
[0.205s] -- Up-to-date: /home/ros2/ws01_plubing/install/cpp03_action/share/cpp03_action/environment/path.dsv
[0.205s] -- Up-to-date: /home/ros2/ws01_plubing/install/cpp03_action/share/cpp03_action/local_setup.bash
[0.205s] -- Up-to-date: /home/ros2/ws01_plubing/install/cpp03_action/share/cpp03_action/local_setup.sh
[0.205s] -- Up-to-date: /home/ros2/ws01_plubing/install/cpp03_action/share/cpp03_action/local_setup.zsh
[0.205s] -- Up-to-date: /home/ros2/ws01_plubing/install/cpp03_action/share/cpp03_action/local_setup.dsv
[0.205s] -- Installing: /home/ros2/ws01_plubing/install/cpp03_action/share/cpp03_action/package.dsv
[0.206s] -- Up-to-date: /home/ros2/ws01_plubing/install/cpp03_action/share/ament_index/resource_index/packages/cpp03_action
[0.206s] -- Up-to-date: /home/ros2/ws01_plubing/install/cpp03_action/share/cpp03_action/cmake/cpp03_actionConfig.cmake
[0.206s] -- Up-to-date: /home/ros2/ws01_plubing/install/cpp03_action/share/cpp03_action/cmake/cpp03_actionConfig-version.cmake
[0.206s] -- Up-to-date: /home/ros2/ws01_plubing/install/cpp03_action/share/cpp03_action/package.xml
[0.209s] Invoked command in '/home/ros2/ws01_plubing/build/cpp03_action' returned '0': AMENT_PREFIX_PATH=/home/ros2/ws01_plubing/install/base_interfaces_demo:${AMENT_PREFIX_PATH} CMAKE_PREFIX_PATH=/home/ros2/ws01_plubing/install/base_interfaces_demo:/opt/ros/humble LD_LIBRARY_PATH=/home/ros2/ws01_plubing/install/base_interfaces_demo/lib:${LD_LIBRARY_PATH} PYTHONPATH=/home/ros2/ws01_plubing/install/base_interfaces_demo/local/lib/python3.10/dist-packages:${PYTHONPATH} /usr/bin/cmake --install /home/ros2/ws01_plubing/build/cpp03_action
