[0.090s] Invoking command in '/home/ros2/exam/build/cpp06_exercise': AMENT_PREFIX_PATH=/home/ros2/exam/install/turtlesim:/home/ros2/exam/install/demo_interfaces_base:${AMENT_PREFIX_PATH} CMAKE_PREFIX_PATH=/home/ros2/exam/install/turtlesim:/home/ros2/exam/install/demo_interfaces_base:/opt/ros/humble LD_LIBRARY_PATH=/home/ros2/exam/install/turtlesim/lib:/home/ros2/exam/install/demo_interfaces_base/lib:${LD_LIBRARY_PATH} PYTHONPATH=/home/ros2/exam/install/turtlesim/local/lib/python3.10/dist-packages:/home/ros2/exam/install/demo_interfaces_base/local/lib/python3.10/dist-packages:${PYTHONPATH} /usr/bin/cmake --build /home/ros2/exam/build/cpp06_exercise -- -j12 -l12
[0.425s] -- Found ament_cmake: 1.3.12 (/opt/ros/humble/share/ament_cmake/cmake)
[0.648s] -- Found rclcpp: 16.0.14 (/opt/ros/humble/share/rclcpp/cmake)
[0.787s] -- Found rosidl_generator_c: 3.1.7 (/opt/ros/humble/share/rosidl_generator_c/cmake)
[0.790s] -- Found rosidl_adapter: 3.1.7 (/opt/ros/humble/share/rosidl_adapter/cmake)
[0.795s] -- Found rosidl_generator_cpp: 3.1.7 (/opt/ros/humble/share/rosidl_generator_cpp/cmake)
[0.808s] -- Using all available rosidl_typesupport_c: rosidl_typesupport_fastrtps_c;rosidl_typesupport_introspection_c
[0.825s] -- Using all available rosidl_typesupport_cpp: rosidl_typesupport_fastrtps_cpp;rosidl_typesupport_introspection_cpp
[1.161s] -- Found rmw_implementation_cmake: 6.1.2 (/opt/ros/humble/share/rmw_implementation_cmake/cmake)
[1.204s] -- Found rmw_fastrtps_cpp: 6.2.8 (/opt/ros/humble/share/rmw_fastrtps_cpp/cmake)
[1.754s] -- Using RMW implementation 'rmw_fastrtps_cpp' as default
[2.382s] -- Found rclpy: 3.3.17 (/opt/ros/humble/share/rclpy/cmake)
[2.382s] -- Found demo_interfaces_base: 0.0.0 (/home/ros2/exam/install/demo_interfaces_base/share/demo_interfaces_base/cmake)
[2.444s] -- Found turtlesim: 1.4.2 (/opt/ros/humble/share/turtlesim/cmake)
[2.590s] -- Found geometry_msgs: 4.9.0 (/opt/ros/humble/share/geometry_msgs/cmake)
[2.732s] -- Found rclcpp_action: 16.0.14 (/opt/ros/humble/share/rclcpp_action/cmake)
[2.797s] -- Found ament_lint_auto: 0.12.14 (/opt/ros/humble/share/ament_lint_auto/cmake)
[2.919s] -- Added test 'cppcheck' to perform static code analysis on C / C++ code
[2.920s] -- Configured cppcheck include dirs: $<BUILD_INTERFACE:/home/ros2/exam/cpp06_exercise/include>
[2.920s] -- Configured cppcheck exclude dirs and/or files: 
[2.921s] -- Added test 'flake8' to check Python code syntax and style conventions
[2.922s] -- Added test 'lint_cmake' to check CMake code style
[2.922s] -- Added test 'pep257' to check Python code against some of the docstring style conventions in PEP 257
[2.923s] -- Added test 'uncrustify' to check C / C++ code style
[2.924s] -- Configured uncrustify additional arguments: 
[2.924s] -- Added test 'xmllint' to check XML markup files
[2.937s] -- Configuring done
[3.068s] -- Generating done
[3.092s] -- Build files have been written to: /home/ros2/exam/build/cpp06_exercise
[3.146s] [35m[1mConsolidate compiler generated dependencies of target exer02_service[0m
[3.151s] [35m[1mConsolidate compiler generated dependencies of target exer02_client[0m
[3.151s] [35m[1mConsolidate compiler generated dependencies of target exer01_pub_sub[0m
[3.155s] [ 10%] [32mBuilding CXX object CMakeFiles/exer03_action_server.dir/src/exer03_action_server.cpp.o[0m
[3.155s] [ 20%] [32mBuilding CXX object CMakeFiles/exer03_action_client.dir/src/exer03_action_client.cpp.o[0m
[3.173s] [ 30%] [32mBuilding CXX object CMakeFiles/exer02_service.dir/src/exer02_service.cpp.o[0m
[3.176s] [ 40%] [32m[1mLinking CXX executable exer01_pub_sub[0m
[3.177s] [ 50%] [32mBuilding CXX object CMakeFiles/exer02_client.dir/src/exer02_client.cpp.o[0m
[4.443s] [ 60%] Built target exer01_pub_sub
[7.956s] [01m[K/home/ros2/exam/cpp06_exercise/src/exer03_action_client.cpp:[m[K In constructor ‘[01m[KRealtimeDistanceActionClient::RealtimeDistanceActionClient(const rclcpp::NodeOptions&)[m[K’:
[7.956s] [01m[K/home/ros2/exam/cpp06_exercise/src/exer03_action_client.cpp:7:70:[m[K [01;35m[Kwarning: [m[Kunused parameter ‘[01m[Koptions[m[K’ [[01;35m[K]8;;https://gcc.gnu.org/onlinedocs/gcc/Warning-Options.html#index-Wunused-parameter-Wunused-parameter]8;;[m[K]
[7.958s]     7 |     explicit RealtimeDistanceActionClient([01;35m[Kconst rclcpp::NodeOptions &options = rclcpp::NodeOptions()[m[K )
[7.959s]       |                                           [01;35m[K~~~~~~~~~~~~~~~~~~~~~~~~~~~^~~~~~~~~~~~~~~~~~~~~~~~~~~~~~~[m[K
[8.725s] [ 70%] [32m[1mLinking CXX executable exer03_action_server[0m
[8.848s] [ 80%] [32m[1mLinking CXX executable exer03_action_client[0m
[8.928s] [ 80%] Built target exer03_action_server
[9.026s] [ 80%] Built target exer03_action_client
[9.632s] [ 90%] [32m[1mLinking CXX executable exer02_client[0m
[9.830s] [ 90%] Built target exer02_client
[14.960s] [100%] [32m[1mLinking CXX executable exer02_service[0m
[15.452s] [100%] Built target exer02_service
[15.472s] Invoked command in '/home/ros2/exam/build/cpp06_exercise' returned '0': AMENT_PREFIX_PATH=/home/ros2/exam/install/turtlesim:/home/ros2/exam/install/demo_interfaces_base:${AMENT_PREFIX_PATH} CMAKE_PREFIX_PATH=/home/ros2/exam/install/turtlesim:/home/ros2/exam/install/demo_interfaces_base:/opt/ros/humble LD_LIBRARY_PATH=/home/ros2/exam/install/turtlesim/lib:/home/ros2/exam/install/demo_interfaces_base/lib:${LD_LIBRARY_PATH} PYTHONPATH=/home/ros2/exam/install/turtlesim/local/lib/python3.10/dist-packages:/home/ros2/exam/install/demo_interfaces_base/local/lib/python3.10/dist-packages:${PYTHONPATH} /usr/bin/cmake --build /home/ros2/exam/build/cpp06_exercise -- -j12 -l12
[15.529s] Invoking command in '/home/ros2/exam/build/cpp06_exercise': AMENT_PREFIX_PATH=/home/ros2/exam/install/turtlesim:/home/ros2/exam/install/demo_interfaces_base:${AMENT_PREFIX_PATH} CMAKE_PREFIX_PATH=/home/ros2/exam/install/turtlesim:/home/ros2/exam/install/demo_interfaces_base:/opt/ros/humble LD_LIBRARY_PATH=/home/ros2/exam/install/turtlesim/lib:/home/ros2/exam/install/demo_interfaces_base/lib:${LD_LIBRARY_PATH} PYTHONPATH=/home/ros2/exam/install/turtlesim/local/lib/python3.10/dist-packages:/home/ros2/exam/install/demo_interfaces_base/local/lib/python3.10/dist-packages:${PYTHONPATH} /usr/bin/cmake --install /home/ros2/exam/build/cpp06_exercise
[15.555s] -- Install configuration: ""
[15.576s] -- Installing: /home/ros2/exam/install/cpp06_exercise/lib/cpp06_exercise/exer01_pub_sub
[15.588s] -- Set runtime path of "/home/ros2/exam/install/cpp06_exercise/lib/cpp06_exercise/exer01_pub_sub" to ""
[15.602s] -- Installing: /home/ros2/exam/install/cpp06_exercise/lib/cpp06_exercise/exer02_client
[15.607s] -- Set runtime path of "/home/ros2/exam/install/cpp06_exercise/lib/cpp06_exercise/exer02_client" to ""
[15.620s] -- Installing: /home/ros2/exam/install/cpp06_exercise/lib/cpp06_exercise/exer02_service
[15.637s] -- Set runtime path of "/home/ros2/exam/install/cpp06_exercise/lib/cpp06_exercise/exer02_service" to ""
[15.637s] -- Installing: /home/ros2/exam/install/cpp06_exercise/lib/cpp06_exercise/exer03_action_client
[15.639s] -- Set runtime path of "/home/ros2/exam/install/cpp06_exercise/lib/cpp06_exercise/exer03_action_client" to ""
[15.639s] -- Installing: /home/ros2/exam/install/cpp06_exercise/lib/cpp06_exercise/exer03_action_server
[15.641s] -- Set runtime path of "/home/ros2/exam/install/cpp06_exercise/lib/cpp06_exercise/exer03_action_server" to ""
[15.641s] -- Up-to-date: /home/ros2/exam/install/cpp06_exercise/share/cpp06_exercise/launch
[15.642s] -- Up-to-date: /home/ros2/exam/install/cpp06_exercise/share/cpp06_exercise/launch/exer01_pub_sub_launch.py
[15.642s] -- Installing: /home/ros2/exam/install/cpp06_exercise/share/cpp06_exercise/launch/exer03_client_launch.py
[15.643s] -- Up-to-date: /home/ros2/exam/install/cpp06_exercise/share/cpp06_exercise/launch/exer02_service_launch.py
[15.643s] -- Up-to-date: /home/ros2/exam/install/cpp06_exercise/share/ament_index/resource_index/package_run_dependencies/cpp06_exercise
[15.643s] -- Installing: /home/ros2/exam/install/cpp06_exercise/share/ament_index/resource_index/parent_prefix_path/cpp06_exercise
[15.644s] -- Up-to-date: /home/ros2/exam/install/cpp06_exercise/share/cpp06_exercise/environment/ament_prefix_path.sh
[15.644s] -- Installing: /home/ros2/exam/install/cpp06_exercise/share/cpp06_exercise/environment/ament_prefix_path.dsv
[15.644s] -- Up-to-date: /home/ros2/exam/install/cpp06_exercise/share/cpp06_exercise/environment/path.sh
[15.645s] -- Installing: /home/ros2/exam/install/cpp06_exercise/share/cpp06_exercise/environment/path.dsv
[15.645s] -- Up-to-date: /home/ros2/exam/install/cpp06_exercise/share/cpp06_exercise/local_setup.bash
[15.646s] -- Up-to-date: /home/ros2/exam/install/cpp06_exercise/share/cpp06_exercise/local_setup.sh
[15.647s] -- Up-to-date: /home/ros2/exam/install/cpp06_exercise/share/cpp06_exercise/local_setup.zsh
[15.647s] -- Installing: /home/ros2/exam/install/cpp06_exercise/share/cpp06_exercise/local_setup.dsv
[15.647s] -- Installing: /home/ros2/exam/install/cpp06_exercise/share/cpp06_exercise/package.dsv
[15.647s] -- Up-to-date: /home/ros2/exam/install/cpp06_exercise/share/ament_index/resource_index/packages/cpp06_exercise
[15.647s] -- Up-to-date: /home/ros2/exam/install/cpp06_exercise/share/cpp06_exercise/cmake/cpp06_exerciseConfig.cmake
[15.647s] -- Up-to-date: /home/ros2/exam/install/cpp06_exercise/share/cpp06_exercise/cmake/cpp06_exerciseConfig-version.cmake
[15.648s] -- Up-to-date: /home/ros2/exam/install/cpp06_exercise/share/cpp06_exercise/package.xml
[15.651s] Invoked command in '/home/ros2/exam/build/cpp06_exercise' returned '0': AMENT_PREFIX_PATH=/home/ros2/exam/install/turtlesim:/home/ros2/exam/install/demo_interfaces_base:${AMENT_PREFIX_PATH} CMAKE_PREFIX_PATH=/home/ros2/exam/install/turtlesim:/home/ros2/exam/install/demo_interfaces_base:/opt/ros/humble LD_LIBRARY_PATH=/home/ros2/exam/install/turtlesim/lib:/home/ros2/exam/install/demo_interfaces_base/lib:${LD_LIBRARY_PATH} PYTHONPATH=/home/ros2/exam/install/turtlesim/local/lib/python3.10/dist-packages:/home/ros2/exam/install/demo_interfaces_base/local/lib/python3.10/dist-packages:${PYTHONPATH} /usr/bin/cmake --install /home/ros2/exam/build/cpp06_exercise
