[0.065s] Invoking command in '/home/ros2/exam/build/cpp01_topic': CMAKE_PREFIX_PATH=${CMAKE_PREFIX_PATH}:/opt/ros/humble /usr/bin/cmake --build /home/ros2/exam/build/cpp01_topic -- -j12 -l12
[0.167s] [35m[1mConsolidate compiler generated dependencies of target demo01_sub_str[0m
[0.197s] [ 50%] Built target demo01_pub_str
[0.207s] [ 75%] [32mBuilding CXX object CMakeFiles/demo01_sub_str.dir/src/demo01_sub_str.cpp.o[0m
[8.393s] [100%] [32m[1mLinking CXX executable demo01_sub_str[0m
[8.855s] [100%] Built target demo01_sub_str
[8.873s] Invoked command in '/home/ros2/exam/build/cpp01_topic' returned '0': CMAKE_PREFIX_PATH=${CMAKE_PREFIX_PATH}:/opt/ros/humble /usr/bin/cmake --build /home/ros2/exam/build/cpp01_topic -- -j12 -l12
[8.877s] Invoking command in '/home/ros2/exam/build/cpp01_topic': CMAKE_PREFIX_PATH=${CMAKE_PREFIX_PATH}:/opt/ros/humble /usr/bin/cmake --install /home/ros2/exam/build/cpp01_topic
[8.888s] -- Install configuration: ""
[8.889s] -- Installing: /home/ros2/exam/install/cpp01_topic/lib/cpp01_topic/demo01_pub_str
[8.890s] -- Set runtime path of "/home/ros2/exam/install/cpp01_topic/lib/cpp01_topic/demo01_pub_str" to ""
[8.891s] -- Installing: /home/ros2/exam/install/cpp01_topic/lib/cpp01_topic/demo01_sub_str
[8.896s] -- Set runtime path of "/home/ros2/exam/install/cpp01_topic/lib/cpp01_topic/demo01_sub_str" to ""
[8.896s] -- Up-to-date: /home/ros2/exam/install/cpp01_topic/share/ament_index/resource_index/package_run_dependencies/cpp01_topic
[8.896s] -- Up-to-date: /home/ros2/exam/install/cpp01_topic/share/ament_index/resource_index/parent_prefix_path/cpp01_topic
[8.896s] -- Up-to-date: /home/ros2/exam/install/cpp01_topic/share/cpp01_topic/environment/ament_prefix_path.sh
[8.897s] -- Up-to-date: /home/ros2/exam/install/cpp01_topic/share/cpp01_topic/environment/ament_prefix_path.dsv
[8.897s] -- Up-to-date: /home/ros2/exam/install/cpp01_topic/share/cpp01_topic/environment/path.sh
[8.897s] -- Up-to-date: /home/ros2/exam/install/cpp01_topic/share/cpp01_topic/environment/path.dsv
[8.897s] -- Up-to-date: /home/ros2/exam/install/cpp01_topic/share/cpp01_topic/local_setup.bash
[8.897s] -- Up-to-date: /home/ros2/exam/install/cpp01_topic/share/cpp01_topic/local_setup.sh
[8.897s] -- Up-to-date: /home/ros2/exam/install/cpp01_topic/share/cpp01_topic/local_setup.zsh
[8.897s] -- Up-to-date: /home/ros2/exam/install/cpp01_topic/share/cpp01_topic/local_setup.dsv
[8.897s] -- Installing: /home/ros2/exam/install/cpp01_topic/share/cpp01_topic/package.dsv
[8.897s] -- Up-to-date: /home/ros2/exam/install/cpp01_topic/share/ament_index/resource_index/packages/cpp01_topic
[8.897s] -- Up-to-date: /home/ros2/exam/install/cpp01_topic/share/cpp01_topic/cmake/cpp01_topicConfig.cmake
[8.897s] -- Up-to-date: /home/ros2/exam/install/cpp01_topic/share/cpp01_topic/cmake/cpp01_topicConfig-version.cmake
[8.897s] -- Up-to-date: /home/ros2/exam/install/cpp01_topic/share/cpp01_topic/package.xml
[8.900s] Invoked command in '/home/ros2/exam/build/cpp01_topic' returned '0': CMAKE_PREFIX_PATH=${CMAKE_PREFIX_PATH}:/opt/ros/humble /usr/bin/cmake --install /home/ros2/exam/build/cpp01_topic
