[0.027s] Invoking command in '/home/ros2/exam/build/cpp01_topic': CMAKE_PREFIX_PATH=/opt/ros/humble /usr/bin/cmake /home/ros2/exam/cpp01_topic -DCMAKE_INSTALL_PREFIX=/home/ros2/exam/install/cpp01_topic
[0.579s] -- The C compiler identification is GNU 11.4.0
[0.770s] -- The CXX compiler identification is GNU 11.4.0
[0.860s] -- Detecting C compiler ABI info
[1.040s] -- Detecting C compiler ABI info - done
[1.052s] -- Check for working C compiler: /usr/bin/cc - skipped
[1.056s] -- Detecting C compile features
[1.060s] -- Detecting C compile features - done
[1.078s] -- Detecting CXX compiler ABI info
[1.238s] -- Detecting CXX compiler ABI info - done
[1.247s] -- Check for working CXX compiler: /usr/bin/c++ - skipped
[1.247s] -- Detecting CXX compile features
[1.251s] -- Detecting CXX compile features - done
[1.261s] -- Found ament_cmake: 1.3.12 (/opt/ros/humble/share/ament_cmake/cmake)
[1.597s] -- Found Python3: /usr/bin/python3 (found version "3.10.12") found components: Interpreter 
[2.064s] -- Found rclcpp: 16.0.14 (/opt/ros/humble/share/rclcpp/cmake)
[2.381s] -- Found rosidl_generator_c: 3.1.7 (/opt/ros/humble/share/rosidl_generator_c/cmake)
[2.410s] -- Found rosidl_adapter: 3.1.7 (/opt/ros/humble/share/rosidl_adapter/cmake)
[2.490s] -- Found rosidl_generator_cpp: 3.1.7 (/opt/ros/humble/share/rosidl_generator_cpp/cmake)
[2.597s] -- Using all available rosidl_typesupport_c: rosidl_typesupport_fastrtps_c;rosidl_typesupport_introspection_c
[2.710s] -- Using all available rosidl_typesupport_cpp: rosidl_typesupport_fastrtps_cpp;rosidl_typesupport_introspection_cpp
[3.155s] -- Found rmw_implementation_cmake: 6.1.2 (/opt/ros/humble/share/rmw_implementation_cmake/cmake)
[3.200s] -- Found rmw_fastrtps_cpp: 6.2.8 (/opt/ros/humble/share/rmw_fastrtps_cpp/cmake)
[3.915s] -- Found OpenSSL: /usr/lib/x86_64-linux-gnu/libcrypto.so (found version "3.0.2")  
[4.009s] -- Found FastRTPS: /opt/ros/humble/include  
[4.128s] -- Using RMW implementation 'rmw_fastrtps_cpp' as default
[4.245s] -- Looking for pthread.h
[4.392s] -- Looking for pthread.h - found
[4.394s] -- Performing Test CMAKE_HAVE_LIBC_PTHREAD
[4.538s] -- Performing Test CMAKE_HAVE_LIBC_PTHREAD - Success
[4.539s] -- Found Threads: TRUE  
[5.050s] -- Found ament_lint_auto: 0.12.14 (/opt/ros/humble/share/ament_lint_auto/cmake)
[5.153s] -- Added test 'lint_cmake' to check CMake code style
[5.154s] -- Added test 'xmllint' to check XML markup files
[5.156s] -- Configuring done
[5.186s] -- Generating done
[5.202s] -- Build files have been written to: /home/ros2/exam/build/cpp01_topic
[5.218s] Invoked command in '/home/ros2/exam/build/cpp01_topic' returned '0': CMAKE_PREFIX_PATH=/opt/ros/humble /usr/bin/cmake /home/ros2/exam/cpp01_topic -DCMAKE_INSTALL_PREFIX=/home/ros2/exam/install/cpp01_topic
[5.221s] Invoking command in '/home/ros2/exam/build/cpp01_topic': CMAKE_PREFIX_PATH=/opt/ros/humble /usr/bin/cmake --build /home/ros2/exam/build/cpp01_topic -- -j12 -l12
[5.295s] Invoked command in '/home/ros2/exam/build/cpp01_topic' returned '0': CMAKE_PREFIX_PATH=/opt/ros/humble /usr/bin/cmake --build /home/ros2/exam/build/cpp01_topic -- -j12 -l12
[5.298s] Invoking command in '/home/ros2/exam/build/cpp01_topic': CMAKE_PREFIX_PATH=/opt/ros/humble /usr/bin/cmake --install /home/ros2/exam/build/cpp01_topic
[5.313s] -- Install configuration: ""
[5.314s] -- Installing: /home/ros2/exam/install/cpp01_topic/share/ament_index/resource_index/package_run_dependencies/cpp01_topic
[5.314s] -- Installing: /home/ros2/exam/install/cpp01_topic/share/ament_index/resource_index/parent_prefix_path/cpp01_topic
[5.315s] -- Installing: /home/ros2/exam/install/cpp01_topic/share/cpp01_topic/environment/ament_prefix_path.sh
[5.315s] -- Installing: /home/ros2/exam/install/cpp01_topic/share/cpp01_topic/environment/ament_prefix_path.dsv
[5.315s] -- Installing: /home/ros2/exam/install/cpp01_topic/share/cpp01_topic/environment/path.sh
[5.315s] -- Installing: /home/ros2/exam/install/cpp01_topic/share/cpp01_topic/environment/path.dsv
[5.315s] -- Installing: /home/ros2/exam/install/cpp01_topic/share/cpp01_topic/local_setup.bash
[5.316s] -- Installing: /home/ros2/exam/install/cpp01_topic/share/cpp01_topic/local_setup.sh
[5.316s] -- Installing: /home/ros2/exam/install/cpp01_topic/share/cpp01_topic/local_setup.zsh
[5.316s] -- Installing: /home/ros2/exam/install/cpp01_topic/share/cpp01_topic/local_setup.dsv
[5.316s] -- Installing: /home/ros2/exam/install/cpp01_topic/share/cpp01_topic/package.dsv
[5.316s] -- Installing: /home/ros2/exam/install/cpp01_topic/share/ament_index/resource_index/packages/cpp01_topic
[5.316s] -- Installing: /home/ros2/exam/install/cpp01_topic/share/cpp01_topic/cmake/cpp01_topicConfig.cmake
[5.317s] -- Installing: /home/ros2/exam/install/cpp01_topic/share/cpp01_topic/cmake/cpp01_topicConfig-version.cmake
[5.317s] -- Installing: /home/ros2/exam/install/cpp01_topic/share/cpp01_topic/package.xml
[5.319s] Invoked command in '/home/ros2/exam/build/cpp01_topic' returned '0': CMAKE_PREFIX_PATH=/opt/ros/humble /usr/bin/cmake --install /home/ros2/exam/build/cpp01_topic
