[4.162s] DEBUG:colcon:Command line arguments: ['/usr/bin/colcon', 'build', '--packages-select', 'cpp02_service']
[4.163s] DEBUG:colcon:Parsed command line arguments: Namespace(log_base=None, log_level=None, verb_name='build', build_base='build', install_base='install', merge_install=False, symlink_install=False, test_result_base=None, continue_on_error=False, executor='parallel', parallel_workers=12, event_handlers=None, ignore_user_meta=False, metas=['./colcon.meta'], base_paths=['.'], packages_ignore=None, packages_ignore_regex=None, paths=None, packages_up_to=None, packages_up_to_regex=None, packages_above=None, packages_above_and_dependencies=None, packages_above_depth=None, packages_select_by_dep=None, packages_skip_by_dep=None, packages_skip_up_to=None, packages_select_build_failed=False, packages_skip_build_finished=False, packages_select_test_failures=False, packages_skip_test_passed=False, packages_select=['cpp02_service'], packages_skip=None, packages_select_regex=None, packages_skip_regex=None, packages_start=None, packages_end=None, allow_overriding=[], cmake_args=None, cmake_target=None, cmake_target_skip_unavailable=False, cmake_clean_cache=False, cmake_clean_first=False, cmake_force_configure=False, ament_cmake_args=None, catkin_cmake_args=None, catkin_skip_building_tests=False, verb_parser=<colcon_defaults.argument_parser.defaults.DefaultArgumentsDecorator object at 0x7319053a6da0>, verb_extension=<colcon_core.verb.build.BuildVerb object at 0x7319053a6200>, main=<bound method BuildVerb.main of <colcon_core.verb.build.BuildVerb object at 0x7319053a6200>>)
[5.041s] Level 1:colcon.colcon_core.package_discovery:discover_packages(colcon_meta) check parameters
[5.042s] Level 1:colcon.colcon_core.package_discovery:discover_packages(recursive) check parameters
[5.042s] Level 1:colcon.colcon_core.package_discovery:discover_packages(ignore) check parameters
[5.042s] Level 1:colcon.colcon_core.package_discovery:discover_packages(path) check parameters
[5.042s] Level 1:colcon.colcon_core.package_discovery:discover_packages(colcon_meta) discover
[5.042s] Level 1:colcon.colcon_core.package_discovery:discover_packages(recursive) discover
[5.042s] INFO:colcon.colcon_core.package_discovery:Crawling recursively for packages in '/home/ros2/exam'
[5.042s] Level 1:colcon.colcon_core.package_identification:_identify(.) by extensions ['ignore', 'ignore_ament_install']
[5.042s] Level 1:colcon.colcon_core.package_identification:_identify(.) by extension 'ignore'
[5.042s] Level 1:colcon.colcon_core.package_identification:_identify(.) by extension 'ignore_ament_install'
[5.042s] Level 1:colcon.colcon_core.package_identification:_identify(.) by extensions ['colcon_pkg']
[5.042s] Level 1:colcon.colcon_core.package_identification:_identify(.) by extension 'colcon_pkg'
[5.042s] Level 1:colcon.colcon_core.package_identification:_identify(.) by extensions ['colcon_meta']
[5.042s] Level 1:colcon.colcon_core.package_identification:_identify(.) by extension 'colcon_meta'
[5.042s] Level 1:colcon.colcon_core.package_identification:_identify(.) by extensions ['ros']
[5.042s] Level 1:colcon.colcon_core.package_identification:_identify(.) by extension 'ros'
[5.061s] Level 1:colcon.colcon_core.package_identification:_identify(.) by extensions ['cmake', 'python']
[5.061s] Level 1:colcon.colcon_core.package_identification:_identify(.) by extension 'cmake'
[5.061s] Level 1:colcon.colcon_core.package_identification:_identify(.) by extension 'python'
[5.061s] Level 1:colcon.colcon_core.package_identification:_identify(.) by extensions ['python_setup_py']
[5.061s] Level 1:colcon.colcon_core.package_identification:_identify(.) by extension 'python_setup_py'
[5.061s] Level 1:colcon.colcon_core.package_identification:_identify(build) by extensions ['ignore', 'ignore_ament_install']
[5.062s] Level 1:colcon.colcon_core.package_identification:_identify(build) by extension 'ignore'
[5.062s] Level 1:colcon.colcon_core.package_identification:_identify(build) ignored
[5.062s] Level 1:colcon.colcon_core.package_identification:_identify(cpp01_topic) by extensions ['ignore', 'ignore_ament_install']
[5.062s] Level 1:colcon.colcon_core.package_identification:_identify(cpp01_topic) by extension 'ignore'
[5.062s] Level 1:colcon.colcon_core.package_identification:_identify(cpp01_topic) by extension 'ignore_ament_install'
[5.062s] Level 1:colcon.colcon_core.package_identification:_identify(cpp01_topic) by extensions ['colcon_pkg']
[5.063s] Level 1:colcon.colcon_core.package_identification:_identify(cpp01_topic) by extension 'colcon_pkg'
[5.063s] Level 1:colcon.colcon_core.package_identification:_identify(cpp01_topic) by extensions ['colcon_meta']
[5.063s] Level 1:colcon.colcon_core.package_identification:_identify(cpp01_topic) by extension 'colcon_meta'
[5.063s] Level 1:colcon.colcon_core.package_identification:_identify(cpp01_topic) by extensions ['ros']
[5.063s] Level 1:colcon.colcon_core.package_identification:_identify(cpp01_topic) by extension 'ros'
[5.069s] DEBUG:colcon.colcon_core.package_identification:Package 'cpp01_topic' with type 'ros.ament_cmake' and name 'cpp01_topic'
[5.069s] Level 1:colcon.colcon_core.package_identification:_identify(cpp02_service) by extensions ['ignore', 'ignore_ament_install']
[5.069s] Level 1:colcon.colcon_core.package_identification:_identify(cpp02_service) by extension 'ignore'
[5.069s] Level 1:colcon.colcon_core.package_identification:_identify(cpp02_service) by extension 'ignore_ament_install'
[5.069s] Level 1:colcon.colcon_core.package_identification:_identify(cpp02_service) by extensions ['colcon_pkg']
[5.069s] Level 1:colcon.colcon_core.package_identification:_identify(cpp02_service) by extension 'colcon_pkg'
[5.069s] Level 1:colcon.colcon_core.package_identification:_identify(cpp02_service) by extensions ['colcon_meta']
[5.069s] Level 1:colcon.colcon_core.package_identification:_identify(cpp02_service) by extension 'colcon_meta'
[5.070s] Level 1:colcon.colcon_core.package_identification:_identify(cpp02_service) by extensions ['ros']
[5.070s] Level 1:colcon.colcon_core.package_identification:_identify(cpp02_service) by extension 'ros'
[5.070s] DEBUG:colcon.colcon_core.package_identification:Package 'cpp02_service' with type 'ros.ament_cmake' and name 'cpp02_service'
[5.070s] Level 1:colcon.colcon_core.package_identification:_identify(demo_interfaces_base) by extensions ['ignore', 'ignore_ament_install']
[5.070s] Level 1:colcon.colcon_core.package_identification:_identify(demo_interfaces_base) by extension 'ignore'
[5.071s] Level 1:colcon.colcon_core.package_identification:_identify(demo_interfaces_base) by extension 'ignore_ament_install'
[5.071s] Level 1:colcon.colcon_core.package_identification:_identify(demo_interfaces_base) by extensions ['colcon_pkg']
[5.071s] Level 1:colcon.colcon_core.package_identification:_identify(demo_interfaces_base) by extension 'colcon_pkg'
[5.071s] Level 1:colcon.colcon_core.package_identification:_identify(demo_interfaces_base) by extensions ['colcon_meta']
[5.071s] Level 1:colcon.colcon_core.package_identification:_identify(demo_interfaces_base) by extension 'colcon_meta'
[5.071s] Level 1:colcon.colcon_core.package_identification:_identify(demo_interfaces_base) by extensions ['ros']
[5.071s] Level 1:colcon.colcon_core.package_identification:_identify(demo_interfaces_base) by extension 'ros'
[5.071s] DEBUG:colcon.colcon_core.package_identification:Package 'demo_interfaces_base' with type 'ros.ament_cmake' and name 'demo_interfaces_base'
[5.071s] Level 1:colcon.colcon_core.package_identification:_identify(install) by extensions ['ignore', 'ignore_ament_install']
[5.072s] Level 1:colcon.colcon_core.package_identification:_identify(install) by extension 'ignore'
[5.072s] Level 1:colcon.colcon_core.package_identification:_identify(install) ignored
[5.072s] Level 1:colcon.colcon_core.package_identification:_identify(log) by extensions ['ignore', 'ignore_ament_install']
[5.072s] Level 1:colcon.colcon_core.package_identification:_identify(log) by extension 'ignore'
[5.072s] Level 1:colcon.colcon_core.package_identification:_identify(log) ignored
[5.072s] Level 1:colcon.colcon_core.package_discovery:discover_packages(recursive) using defaults
[5.072s] Level 1:colcon.colcon_core.package_discovery:discover_packages(ignore) discover
[5.072s] Level 1:colcon.colcon_core.package_discovery:discover_packages(ignore) using defaults
[5.072s] Level 1:colcon.colcon_core.package_discovery:discover_packages(path) discover
[5.072s] Level 1:colcon.colcon_core.package_discovery:discover_packages(path) using defaults
[5.143s] INFO:colcon.colcon_core.package_selection:Skipping not selected package 'demo_interfaces_base' in 'demo_interfaces_base'
[5.143s] INFO:colcon.colcon_core.package_selection:Skipping not selected package 'cpp01_topic' in 'cpp01_topic'
[5.145s] Level 1:colcon.colcon_core.package_discovery:discover_packages(prefix_path) check parameters
[5.145s] Level 1:colcon.colcon_core.package_discovery:discover_packages(prefix_path) discover
[5.160s] DEBUG:colcon.colcon_installed_package_information.package_discovery:Found 271 installed packages in /opt/ros/humble
[5.163s] Level 1:colcon.colcon_core.package_discovery:discover_packages(prefix_path) using defaults
[5.221s] Level 5:colcon.colcon_core.verb:set package 'cpp02_service' build argument 'cmake_args' from command line to 'None'
[5.221s] Level 5:colcon.colcon_core.verb:set package 'cpp02_service' build argument 'cmake_target' from command line to 'None'
[5.221s] Level 5:colcon.colcon_core.verb:set package 'cpp02_service' build argument 'cmake_target_skip_unavailable' from command line to 'False'
[5.221s] Level 5:colcon.colcon_core.verb:set package 'cpp02_service' build argument 'cmake_clean_cache' from command line to 'False'
[5.221s] Level 5:colcon.colcon_core.verb:set package 'cpp02_service' build argument 'cmake_clean_first' from command line to 'False'
[5.221s] Level 5:colcon.colcon_core.verb:set package 'cpp02_service' build argument 'cmake_force_configure' from command line to 'False'
[5.221s] Level 5:colcon.colcon_core.verb:set package 'cpp02_service' build argument 'ament_cmake_args' from command line to 'None'
[5.221s] Level 5:colcon.colcon_core.verb:set package 'cpp02_service' build argument 'catkin_cmake_args' from command line to 'None'
[5.221s] Level 5:colcon.colcon_core.verb:set package 'cpp02_service' build argument 'catkin_skip_building_tests' from command line to 'False'
[5.221s] DEBUG:colcon.colcon_core.verb:Building package 'cpp02_service' with the following arguments: {'ament_cmake_args': None, 'build_base': '/home/ros2/exam/build/cpp02_service', 'catkin_cmake_args': None, 'catkin_skip_building_tests': False, 'cmake_args': None, 'cmake_clean_cache': False, 'cmake_clean_first': False, 'cmake_force_configure': False, 'cmake_target': None, 'cmake_target_skip_unavailable': False, 'install_base': '/home/ros2/exam/install/cpp02_service', 'merge_install': False, 'path': '/home/ros2/exam/cpp02_service', 'symlink_install': False, 'test_result_base': None}
[5.221s] INFO:colcon.colcon_core.executor:Executing jobs using 'parallel' executor
[5.224s] DEBUG:colcon.colcon_parallel_executor.executor.parallel:run_until_complete
[5.225s] INFO:colcon.colcon_ros.task.ament_cmake.build:Building ROS package in '/home/ros2/exam/cpp02_service' with build type 'ament_cmake'
[5.225s] INFO:colcon.colcon_cmake.task.cmake.build:Building CMake package in '/home/ros2/exam/cpp02_service'
[5.252s] INFO:colcon.colcon_core.plugin_system:Skipping extension 'colcon_core.shell.bat': Not used on non-Windows systems
[5.252s] INFO:colcon.colcon_core.shell:Skip shell extension 'powershell' for command environment: Not usable outside of PowerShell
[5.253s] DEBUG:colcon.colcon_core.shell:Skip shell extension 'dsv' for command environment
[5.280s] DEBUG:colcon.colcon_core.event_handler.log_command:Invoking command in '/home/ros2/exam/build/cpp02_service': AMENT_PREFIX_PATH=/home/ros2/exam/install/demo_interfaces_base:${AMENT_PREFIX_PATH} CMAKE_PREFIX_PATH=/home/ros2/exam/install/demo_interfaces_base:/opt/ros/humble LD_LIBRARY_PATH=/home/ros2/exam/install/demo_interfaces_base/lib:${LD_LIBRARY_PATH} PYTHONPATH=/home/ros2/exam/install/demo_interfaces_base/local/lib/python3.10/dist-packages:${PYTHONPATH} /usr/bin/cmake /home/ros2/exam/cpp02_service -DCMAKE_INSTALL_PREFIX=/home/ros2/exam/install/cpp02_service
[8.632s] DEBUG:colcon.colcon_core.event_handler.log_command:Invoked command in '/home/ros2/exam/build/cpp02_service' returned '0': AMENT_PREFIX_PATH=/home/ros2/exam/install/demo_interfaces_base:${AMENT_PREFIX_PATH} CMAKE_PREFIX_PATH=/home/ros2/exam/install/demo_interfaces_base:/opt/ros/humble LD_LIBRARY_PATH=/home/ros2/exam/install/demo_interfaces_base/lib:${LD_LIBRARY_PATH} PYTHONPATH=/home/ros2/exam/install/demo_interfaces_base/local/lib/python3.10/dist-packages:${PYTHONPATH} /usr/bin/cmake /home/ros2/exam/cpp02_service -DCMAKE_INSTALL_PREFIX=/home/ros2/exam/install/cpp02_service
[8.635s] DEBUG:colcon.colcon_core.event_handler.log_command:Invoking command in '/home/ros2/exam/build/cpp02_service': AMENT_PREFIX_PATH=/home/ros2/exam/install/demo_interfaces_base:${AMENT_PREFIX_PATH} CMAKE_PREFIX_PATH=/home/ros2/exam/install/demo_interfaces_base:/opt/ros/humble LD_LIBRARY_PATH=/home/ros2/exam/install/demo_interfaces_base/lib:${LD_LIBRARY_PATH} PYTHONPATH=/home/ros2/exam/install/demo_interfaces_base/local/lib/python3.10/dist-packages:${PYTHONPATH} /usr/bin/cmake --build /home/ros2/exam/build/cpp02_service -- -j12 -l12
[13.564s] DEBUG:colcon.colcon_core.event_handler.log_command:Invoked command in '/home/ros2/exam/build/cpp02_service' returned '0': AMENT_PREFIX_PATH=/home/ros2/exam/install/demo_interfaces_base:${AMENT_PREFIX_PATH} CMAKE_PREFIX_PATH=/home/ros2/exam/install/demo_interfaces_base:/opt/ros/humble LD_LIBRARY_PATH=/home/ros2/exam/install/demo_interfaces_base/lib:${LD_LIBRARY_PATH} PYTHONPATH=/home/ros2/exam/install/demo_interfaces_base/local/lib/python3.10/dist-packages:${PYTHONPATH} /usr/bin/cmake --build /home/ros2/exam/build/cpp02_service -- -j12 -l12
[13.586s] DEBUG:colcon.colcon_core.event_handler.log_command:Invoking command in '/home/ros2/exam/build/cpp02_service': AMENT_PREFIX_PATH=/home/ros2/exam/install/demo_interfaces_base:${AMENT_PREFIX_PATH} CMAKE_PREFIX_PATH=/home/ros2/exam/install/demo_interfaces_base:/opt/ros/humble LD_LIBRARY_PATH=/home/ros2/exam/install/demo_interfaces_base/lib:${LD_LIBRARY_PATH} PYTHONPATH=/home/ros2/exam/install/demo_interfaces_base/local/lib/python3.10/dist-packages:${PYTHONPATH} /usr/bin/cmake --install /home/ros2/exam/build/cpp02_service
[13.648s] Level 1:colcon.colcon_core.environment:create_environment_scripts_only(cpp02_service)
[13.649s] DEBUG:colcon.colcon_core.event_handler.log_command:Invoked command in '/home/ros2/exam/build/cpp02_service' returned '0': AMENT_PREFIX_PATH=/home/ros2/exam/install/demo_interfaces_base:${AMENT_PREFIX_PATH} CMAKE_PREFIX_PATH=/home/ros2/exam/install/demo_interfaces_base:/opt/ros/humble LD_LIBRARY_PATH=/home/ros2/exam/install/demo_interfaces_base/lib:${LD_LIBRARY_PATH} PYTHONPATH=/home/ros2/exam/install/demo_interfaces_base/local/lib/python3.10/dist-packages:${PYTHONPATH} /usr/bin/cmake --install /home/ros2/exam/build/cpp02_service
[13.676s] Level 1:colcon.colcon_core.environment:checking '/home/ros2/exam/install/cpp02_service' for CMake module files
[13.677s] Level 1:colcon.colcon_core.environment:checking '/home/ros2/exam/install/cpp02_service' for CMake config files
[13.677s] Level 1:colcon.colcon_core.shell:create_environment_hook('cpp02_service', 'cmake_prefix_path')
[13.678s] INFO:colcon.colcon_core.shell:Creating environment hook '/home/ros2/exam/install/cpp02_service/share/cpp02_service/hook/cmake_prefix_path.ps1'
[13.681s] INFO:colcon.colcon_core.shell:Creating environment descriptor '/home/ros2/exam/install/cpp02_service/share/cpp02_service/hook/cmake_prefix_path.dsv'
[13.683s] INFO:colcon.colcon_core.shell:Creating environment hook '/home/ros2/exam/install/cpp02_service/share/cpp02_service/hook/cmake_prefix_path.sh'
[13.686s] Level 1:colcon.colcon_core.environment:checking '/home/ros2/exam/install/cpp02_service/lib'
[13.686s] Level 1:colcon.colcon_core.environment:checking '/home/ros2/exam/install/cpp02_service/bin'
[13.686s] Level 1:colcon.colcon_core.environment:checking '/home/ros2/exam/install/cpp02_service/lib/pkgconfig/cpp02_service.pc'
[13.687s] Level 1:colcon.colcon_core.environment:checking '/home/ros2/exam/install/cpp02_service/lib/python3.10/site-packages'
[13.687s] Level 1:colcon.colcon_core.environment:checking '/home/ros2/exam/install/cpp02_service/bin'
[13.687s] INFO:colcon.colcon_core.shell:Creating package script '/home/ros2/exam/install/cpp02_service/share/cpp02_service/package.ps1'
[13.689s] INFO:colcon.colcon_core.shell:Creating package descriptor '/home/ros2/exam/install/cpp02_service/share/cpp02_service/package.dsv'
[13.692s] INFO:colcon.colcon_core.shell:Creating package script '/home/ros2/exam/install/cpp02_service/share/cpp02_service/package.sh'
[13.694s] INFO:colcon.colcon_core.shell:Creating package script '/home/ros2/exam/install/cpp02_service/share/cpp02_service/package.bash'
[13.697s] INFO:colcon.colcon_core.shell:Creating package script '/home/ros2/exam/install/cpp02_service/share/cpp02_service/package.zsh'
[13.699s] Level 1:colcon.colcon_core.environment:create_file_with_runtime_dependencies(/home/ros2/exam/install/cpp02_service/share/colcon-core/packages/cpp02_service)
[13.700s] Level 1:colcon.colcon_core.environment:create_environment_scripts_only(cpp02_service)
[13.700s] Level 1:colcon.colcon_core.environment:checking '/home/ros2/exam/install/cpp02_service' for CMake module files
[13.701s] Level 1:colcon.colcon_core.environment:checking '/home/ros2/exam/install/cpp02_service' for CMake config files
[13.701s] Level 1:colcon.colcon_core.shell:create_environment_hook('cpp02_service', 'cmake_prefix_path')
[13.701s] INFO:colcon.colcon_core.shell:Creating environment hook '/home/ros2/exam/install/cpp02_service/share/cpp02_service/hook/cmake_prefix_path.ps1'
[13.702s] INFO:colcon.colcon_core.shell:Creating environment descriptor '/home/ros2/exam/install/cpp02_service/share/cpp02_service/hook/cmake_prefix_path.dsv'
[13.703s] INFO:colcon.colcon_core.shell:Creating environment hook '/home/ros2/exam/install/cpp02_service/share/cpp02_service/hook/cmake_prefix_path.sh'
[13.704s] Level 1:colcon.colcon_core.environment:checking '/home/ros2/exam/install/cpp02_service/lib'
[13.704s] Level 1:colcon.colcon_core.environment:checking '/home/ros2/exam/install/cpp02_service/bin'
[13.704s] Level 1:colcon.colcon_core.environment:checking '/home/ros2/exam/install/cpp02_service/lib/pkgconfig/cpp02_service.pc'
[13.704s] Level 1:colcon.colcon_core.environment:checking '/home/ros2/exam/install/cpp02_service/lib/python3.10/site-packages'
[13.704s] Level 1:colcon.colcon_core.environment:checking '/home/ros2/exam/install/cpp02_service/bin'
[13.705s] INFO:colcon.colcon_core.shell:Creating package script '/home/ros2/exam/install/cpp02_service/share/cpp02_service/package.ps1'
[13.705s] INFO:colcon.colcon_core.shell:Creating package descriptor '/home/ros2/exam/install/cpp02_service/share/cpp02_service/package.dsv'
[13.706s] INFO:colcon.colcon_core.shell:Creating package script '/home/ros2/exam/install/cpp02_service/share/cpp02_service/package.sh'
[13.707s] INFO:colcon.colcon_core.shell:Creating package script '/home/ros2/exam/install/cpp02_service/share/cpp02_service/package.bash'
[13.707s] INFO:colcon.colcon_core.shell:Creating package script '/home/ros2/exam/install/cpp02_service/share/cpp02_service/package.zsh'
[13.708s] Level 1:colcon.colcon_core.environment:create_file_with_runtime_dependencies(/home/ros2/exam/install/cpp02_service/share/colcon-core/packages/cpp02_service)
[13.709s] DEBUG:colcon.colcon_parallel_executor.executor.parallel:closing loop
[13.710s] DEBUG:colcon.colcon_parallel_executor.executor.parallel:loop closed
[13.710s] DEBUG:colcon.colcon_parallel_executor.executor.parallel:run_until_complete finished with '0'
[13.710s] DEBUG:colcon.colcon_core.event_reactor:joining thread
[13.725s] INFO:colcon.colcon_core.plugin_system:Skipping extension 'colcon_notification.desktop_notification.terminal_notifier': Not used on non-Darwin systems
[13.725s] INFO:colcon.colcon_core.plugin_system:Skipping extension 'colcon_notification.desktop_notification.win32': Not used on non-Windows systems
[13.725s] INFO:colcon.colcon_notification.desktop_notification:Sending desktop notification using 'notify2'
[13.842s] DEBUG:colcon.colcon_core.event_reactor:joined thread
[13.842s] INFO:colcon.colcon_core.shell:Creating prefix script '/home/ros2/exam/install/local_setup.ps1'
[13.880s] INFO:colcon.colcon_core.shell:Creating prefix util module '/home/ros2/exam/install/_local_setup_util_ps1.py'
[13.883s] INFO:colcon.colcon_core.shell:Creating prefix chain script '/home/ros2/exam/install/setup.ps1'
[13.886s] INFO:colcon.colcon_core.shell:Creating prefix script '/home/ros2/exam/install/local_setup.sh'
[13.889s] INFO:colcon.colcon_core.shell:Creating prefix util module '/home/ros2/exam/install/_local_setup_util_sh.py'
[13.890s] INFO:colcon.colcon_core.shell:Creating prefix chain script '/home/ros2/exam/install/setup.sh'
[13.893s] INFO:colcon.colcon_core.shell:Creating prefix script '/home/ros2/exam/install/local_setup.bash'
[13.895s] INFO:colcon.colcon_core.shell:Creating prefix chain script '/home/ros2/exam/install/setup.bash'
[13.897s] INFO:colcon.colcon_core.shell:Creating prefix script '/home/ros2/exam/install/local_setup.zsh'
[13.899s] INFO:colcon.colcon_core.shell:Creating prefix chain script '/home/ros2/exam/install/setup.zsh'
