[0.019s] Invoking command in '/home/ros2/ws01_plubing/build/base_interfaces_demo': CMAKE_PREFIX_PATH=${CMAKE_PREFIX_PATH}:/opt/ros/humble /usr/bin/cmake /home/ros2/ws01_plubing/src/base_interfaces_demo -DCMAKE_INSTALL_PREFIX=/home/ros2/ws01_plubing/install/base_interfaces_demo
[0.107s] -- The C compiler identification is GNU 11.4.0
[0.191s] -- The CXX compiler identification is GNU 11.4.0
[0.202s] -- Detecting C compiler ABI info
[0.364s] -- Detecting C compiler ABI info - done
[0.372s] -- Check for working C compiler: /usr/bin/cc - skipped
[0.373s] -- Detecting C compile features
[0.373s] -- Detecting C compile features - done
[0.378s] -- Detecting CXX compiler ABI info
[0.514s] -- Detecting CXX compiler ABI info - done
[0.523s] -- Check for working CXX compiler: /usr/bin/c++ - skipped
[0.524s] -- Detecting CXX compile features
[0.524s] -- Detecting CXX compile features - done
[0.527s] -- Found ament_cmake: 1.3.12 (/opt/ros/humble/share/ament_cmake/cmake)
[0.749s] -- Found Python3: /usr/bin/python3 (found version "3.10.12") found components: Interpreter 
[0.864s] -- Found rosidl_default_generators: 1.2.0 (/opt/ros/humble/share/rosidl_default_generators/cmake)
[0.867s] -- Using all available rosidl_typesupport_c: rosidl_typesupport_fastrtps_c;rosidl_typesupport_introspection_c
[0.873s] -- Found rosidl_adapter: 3.1.7 (/opt/ros/humble/share/rosidl_adapter/cmake)
[0.906s] -- Using all available rosidl_typesupport_cpp: rosidl_typesupport_fastrtps_cpp;rosidl_typesupport_introspection_cpp
[1.147s] [31mCMake Error at /opt/ros/humble/share/rosidl_adapter/cmake/rosidl_adapt_interfaces.cmake:59 (message):
[1.147s]   execute_process(/usr/bin/python3 -m rosidl_adapter --package-name
[1.147s]   base_interfaces_demo --arguments-file
[1.147s]   /home/ros2/ws01_plubing/build/base_interfaces_demo/rosidl_adapter__arguments__base_interfaces_demo.json
[1.147s]   --output-dir
[1.147s]   /home/ros2/ws01_plubing/build/base_interfaces_demo/rosidl_adapter/base_interfaces_demo
[1.147s]   --output-file
[1.147s]   /home/ros2/ws01_plubing/build/base_interfaces_demo/rosidl_adapter/base_interfaces_demo.idls)
[1.147s]   returned error code 1:
[1.147s] 
[1.147s]   Error processing 'int num1' of 'base_interfaces_demo/AddInts_Request':
[1.147s]   ''int' is an invalid message name.  It should have the pattern
[1.147s]   '^[A-Z][A-Za-z0-9]*$''
[1.147s] 
[1.147s]   Traceback (most recent call last):
[1.147s] 
[1.148s]     File "/usr/lib/python3.10/runpy.py", line 196, in _run_module_as_main
[1.148s]       return _run_code(code, main_globals, None,
[1.148s]     File "/usr/lib/python3.10/runpy.py", line 86, in _run_code
[1.148s]       exec(code, run_globals)
[1.148s]     File "/opt/ros/humble/local/lib/python3.10/dist-packages/rosidl_adapter/__main__.py", line 19, in <module>
[1.148s]       sys.exit(main())
[1.148s]     File "/opt/ros/humble/local/lib/python3.10/dist-packages/rosidl_adapter/main.py", line 53, in main
[1.148s]       abs_idl_file = convert_to_idl(
[1.148s]     File "/opt/ros/humble/local/lib/python3.10/dist-packages/rosidl_adapter/__init__.py", line 24, in convert_to_idl
[1.148s]       return convert_srv_to_idl(
[1.148s]     File "/opt/ros/humble/local/lib/python3.10/dist-packages/rosidl_adapter/srv/__init__.py", line 28, in convert_srv_to_idl
[1.148s]       srv = parse_service_string(package_name, input_file.stem, content)
[1.148s]     File "/opt/ros/humble/local/lib/python3.10/dist-packages/rosidl_adapter/parser.py", line 859, in parse_service_string
[1.148s]       request_message = parse_message_string(
[1.148s]     File "/opt/ros/humble/local/lib/python3.10/dist-packages/rosidl_adapter/parser.py", line 520, in parse_message_string
[1.148s]       Type(type_string, context_package_name=pkg_name),
[1.149s]     File "/opt/ros/humble/local/lib/python3.10/dist-packages/rosidl_adapter/parser.py", line 277, in __init__
[1.149s]       super(Type, self).__init__(
[1.149s]     File "/opt/ros/humble/local/lib/python3.10/dist-packages/rosidl_adapter/parser.py", line 205, in __init__
[1.149s]       raise InvalidResourceName(
[1.149s] 
[1.149s]   rosidl_adapter.parser.InvalidResourceName: 'int' is an invalid message
[1.149s]   name.  It should have the pattern '^[A-Z][A-Za-z0-9]*$'
[1.149s] 
[1.149s] Call Stack (most recent call first):
[1.149s]   /opt/ros/humble/share/rosidl_cmake/cmake/rosidl_generate_interfaces.cmake:130 (rosidl_adapt_interfaces)
[1.149s]   CMakeLists.txt:15 (rosidl_generate_interfaces)
[1.149s] 
[1.149s] [0m
[1.149s] -- Configuring incomplete, errors occurred!
[1.149s] See also "/home/ros2/ws01_plubing/build/base_interfaces_demo/CMakeFiles/CMakeOutput.log".
[1.157s] Invoked command in '/home/ros2/ws01_plubing/build/base_interfaces_demo' returned '1': CMAKE_PREFIX_PATH=${CMAKE_PREFIX_PATH}:/opt/ros/humble /usr/bin/cmake /home/ros2/ws01_plubing/src/base_interfaces_demo -DCMAKE_INSTALL_PREFIX=/home/ros2/ws01_plubing/install/base_interfaces_demo
