[0.057s] Invoking command in '/home/ros2/ws01_plubing/build/base_interfaces_demo': CMAKE_PREFIX_PATH=${CMAKE_PREFIX_PATH}:/opt/ros/humble /usr/bin/cmake --build /home/ros2/ws01_plubing/build/base_interfaces_demo -- -j12 -l12
[0.151s] [ 12%] Built target base_interfaces_demo__cpp
[0.152s] [ 12%] Built target base_interfaces_demo__rosidl_generator_c
[0.172s] [ 12%] Built target ament_cmake_python_copy_base_interfaces_demo
[0.190s] [ 22%] Built target base_interfaces_demo__rosidl_typesupport_cpp
[0.192s] [ 32%] Built target base_interfaces_demo__rosidl_typesupport_c
[0.194s] [ 45%] Built target base_interfaces_demo__rosidl_typesupport_fastrtps_cpp
[0.194s] [ 51%] Built target base_interfaces_demo__rosidl_typesupport_introspection_c
[0.195s] [ 61%] Built target base_interfaces_demo__rosidl_typesupport_introspection_cpp
[0.196s] [ 70%] Built target base_interfaces_demo__rosidl_typesupport_fastrtps_c
[0.232s] [ 70%] Built target base_interfaces_demo
[0.271s] [ 74%] Built target base_interfaces_demo__py
[0.321s] [ 80%] Built target base_interfaces_demo__rosidl_generator_py
[0.366s] [ 87%] Built target base_interfaces_demo__rosidl_typesupport_fastrtps_c__pyext
[0.367s] [ 93%] Built target base_interfaces_demo__rosidl_typesupport_c__pyext
[0.376s] [100%] Built target base_interfaces_demo__rosidl_typesupport_introspection_c__pyext
[0.453s] running egg_info
[0.454s] writing base_interfaces_demo.egg-info/PKG-INFO
[0.454s] writing dependency_links to base_interfaces_demo.egg-info/dependency_links.txt
[0.455s] writing top-level names to base_interfaces_demo.egg-info/top_level.txt
[0.457s] reading manifest file 'base_interfaces_demo.egg-info/SOURCES.txt'
[0.458s] writing manifest file 'base_interfaces_demo.egg-info/SOURCES.txt'
[0.493s] [100%] Built target ament_cmake_python_build_base_interfaces_demo_egg
[0.514s] Invoked command in '/home/ros2/ws01_plubing/build/base_interfaces_demo' returned '0': CMAKE_PREFIX_PATH=${CMAKE_PREFIX_PATH}:/opt/ros/humble /usr/bin/cmake --build /home/ros2/ws01_plubing/build/base_interfaces_demo -- -j12 -l12
[0.537s] Invoking command in '/home/ros2/ws01_plubing/build/base_interfaces_demo': CMAKE_PREFIX_PATH=${CMAKE_PREFIX_PATH}:/opt/ros/humble /usr/bin/cmake --install /home/ros2/ws01_plubing/build/base_interfaces_demo
[0.548s] -- Install configuration: ""
[0.549s] -- Up-to-date: /home/ros2/ws01_plubing/install/base_interfaces_demo/share/ament_index/resource_index/rosidl_interfaces/base_interfaces_demo
[0.549s] -- Up-to-date: /home/ros2/ws01_plubing/install/base_interfaces_demo/include/base_interfaces_demo/base_interfaces_demo
[0.549s] -- Up-to-date: /home/ros2/ws01_plubing/install/base_interfaces_demo/include/base_interfaces_demo/base_interfaces_demo/msg
[0.550s] -- Up-to-date: /home/ros2/ws01_plubing/install/base_interfaces_demo/include/base_interfaces_demo/base_interfaces_demo/msg/rosidl_generator_c__visibility_control.h
[0.550s] -- Up-to-date: /home/ros2/ws01_plubing/install/base_interfaces_demo/include/base_interfaces_demo/base_interfaces_demo/msg/student.h
[0.550s] -- Up-to-date: /home/ros2/ws01_plubing/install/base_interfaces_demo/include/base_interfaces_demo/base_interfaces_demo/msg/detail
[0.550s] -- Up-to-date: /home/ros2/ws01_plubing/install/base_interfaces_demo/include/base_interfaces_demo/base_interfaces_demo/msg/detail/student__struct.h
[0.550s] -- Up-to-date: /home/ros2/ws01_plubing/install/base_interfaces_demo/include/base_interfaces_demo/base_interfaces_demo/msg/detail/student__functions.h
[0.550s] -- Up-to-date: /home/ros2/ws01_plubing/install/base_interfaces_demo/include/base_interfaces_demo/base_interfaces_demo/msg/detail/student__functions.c
[0.551s] -- Up-to-date: /home/ros2/ws01_plubing/install/base_interfaces_demo/include/base_interfaces_demo/base_interfaces_demo/msg/detail/student__type_support.h
[0.551s] -- Up-to-date: /home/ros2/ws01_plubing/install/base_interfaces_demo/share/base_interfaces_demo/environment/library_path.sh
[0.551s] -- Up-to-date: /home/ros2/ws01_plubing/install/base_interfaces_demo/share/base_interfaces_demo/environment/library_path.dsv
[0.551s] -- Up-to-date: /home/ros2/ws01_plubing/install/base_interfaces_demo/lib/libbase_interfaces_demo__rosidl_generator_c.so
[0.551s] -- Up-to-date: /home/ros2/ws01_plubing/install/base_interfaces_demo/include/base_interfaces_demo/base_interfaces_demo
[0.552s] -- Up-to-date: /home/ros2/ws01_plubing/install/base_interfaces_demo/include/base_interfaces_demo/base_interfaces_demo/msg
[0.552s] -- Up-to-date: /home/ros2/ws01_plubing/install/base_interfaces_demo/include/base_interfaces_demo/base_interfaces_demo/msg/detail
[0.552s] -- Up-to-date: /home/ros2/ws01_plubing/install/base_interfaces_demo/include/base_interfaces_demo/base_interfaces_demo/msg/detail/student__rosidl_typesupport_fastrtps_c.h
[0.553s] -- Up-to-date: /home/ros2/ws01_plubing/install/base_interfaces_demo/include/base_interfaces_demo/base_interfaces_demo/msg/rosidl_typesupport_fastrtps_c__visibility_control.h
[0.553s] -- Up-to-date: /home/ros2/ws01_plubing/install/base_interfaces_demo/lib/libbase_interfaces_demo__rosidl_typesupport_fastrtps_c.so
[0.553s] -- Up-to-date: /home/ros2/ws01_plubing/install/base_interfaces_demo/include/base_interfaces_demo/base_interfaces_demo
[0.553s] -- Up-to-date: /home/ros2/ws01_plubing/install/base_interfaces_demo/include/base_interfaces_demo/base_interfaces_demo/msg
[0.554s] -- Up-to-date: /home/ros2/ws01_plubing/install/base_interfaces_demo/include/base_interfaces_demo/base_interfaces_demo/msg/detail
[0.554s] -- Up-to-date: /home/ros2/ws01_plubing/install/base_interfaces_demo/include/base_interfaces_demo/base_interfaces_demo/msg/detail/student__rosidl_typesupport_introspection_c.h
[0.554s] -- Up-to-date: /home/ros2/ws01_plubing/install/base_interfaces_demo/include/base_interfaces_demo/base_interfaces_demo/msg/detail/student__type_support.c
[0.554s] -- Up-to-date: /home/ros2/ws01_plubing/install/base_interfaces_demo/include/base_interfaces_demo/base_interfaces_demo/msg/rosidl_typesupport_introspection_c__visibility_control.h
[0.554s] -- Up-to-date: /home/ros2/ws01_plubing/install/base_interfaces_demo/lib/libbase_interfaces_demo__rosidl_typesupport_introspection_c.so
[0.554s] -- Up-to-date: /home/ros2/ws01_plubing/install/base_interfaces_demo/lib/libbase_interfaces_demo__rosidl_typesupport_c.so
[0.555s] -- Up-to-date: /home/ros2/ws01_plubing/install/base_interfaces_demo/include/base_interfaces_demo/base_interfaces_demo
[0.555s] -- Up-to-date: /home/ros2/ws01_plubing/install/base_interfaces_demo/include/base_interfaces_demo/base_interfaces_demo/msg
[0.555s] -- Up-to-date: /home/ros2/ws01_plubing/install/base_interfaces_demo/include/base_interfaces_demo/base_interfaces_demo/msg/rosidl_generator_cpp__visibility_control.hpp
[0.555s] -- Up-to-date: /home/ros2/ws01_plubing/install/base_interfaces_demo/include/base_interfaces_demo/base_interfaces_demo/msg/detail
[0.556s] -- Up-to-date: /home/ros2/ws01_plubing/install/base_interfaces_demo/include/base_interfaces_demo/base_interfaces_demo/msg/detail/student__struct.hpp
[0.556s] -- Up-to-date: /home/ros2/ws01_plubing/install/base_interfaces_demo/include/base_interfaces_demo/base_interfaces_demo/msg/detail/student__traits.hpp
[0.556s] -- Up-to-date: /home/ros2/ws01_plubing/install/base_interfaces_demo/include/base_interfaces_demo/base_interfaces_demo/msg/detail/student__type_support.hpp
[0.556s] -- Up-to-date: /home/ros2/ws01_plubing/install/base_interfaces_demo/include/base_interfaces_demo/base_interfaces_demo/msg/detail/student__builder.hpp
[0.556s] -- Up-to-date: /home/ros2/ws01_plubing/install/base_interfaces_demo/include/base_interfaces_demo/base_interfaces_demo/msg/student.hpp
[0.556s] -- Up-to-date: /home/ros2/ws01_plubing/install/base_interfaces_demo/include/base_interfaces_demo/base_interfaces_demo
[0.556s] -- Up-to-date: /home/ros2/ws01_plubing/install/base_interfaces_demo/include/base_interfaces_demo/base_interfaces_demo/msg
[0.556s] -- Up-to-date: /home/ros2/ws01_plubing/install/base_interfaces_demo/include/base_interfaces_demo/base_interfaces_demo/msg/rosidl_typesupport_fastrtps_cpp__visibility_control.h
[0.556s] -- Up-to-date: /home/ros2/ws01_plubing/install/base_interfaces_demo/include/base_interfaces_demo/base_interfaces_demo/msg/detail
[0.557s] -- Up-to-date: /home/ros2/ws01_plubing/install/base_interfaces_demo/include/base_interfaces_demo/base_interfaces_demo/msg/detail/student__rosidl_typesupport_fastrtps_cpp.hpp
[0.557s] -- Up-to-date: /home/ros2/ws01_plubing/install/base_interfaces_demo/include/base_interfaces_demo/base_interfaces_demo/msg/detail/dds_fastrtps
[0.557s] -- Up-to-date: /home/ros2/ws01_plubing/install/base_interfaces_demo/lib/libbase_interfaces_demo__rosidl_typesupport_fastrtps_cpp.so
[0.557s] -- Up-to-date: /home/ros2/ws01_plubing/install/base_interfaces_demo/include/base_interfaces_demo/base_interfaces_demo
[0.557s] -- Up-to-date: /home/ros2/ws01_plubing/install/base_interfaces_demo/include/base_interfaces_demo/base_interfaces_demo/msg
[0.557s] -- Up-to-date: /home/ros2/ws01_plubing/install/base_interfaces_demo/include/base_interfaces_demo/base_interfaces_demo/msg/detail
[0.557s] -- Up-to-date: /home/ros2/ws01_plubing/install/base_interfaces_demo/include/base_interfaces_demo/base_interfaces_demo/msg/detail/student__type_support.cpp
[0.557s] -- Up-to-date: /home/ros2/ws01_plubing/install/base_interfaces_demo/include/base_interfaces_demo/base_interfaces_demo/msg/detail/student__rosidl_typesupport_introspection_cpp.hpp
[0.557s] -- Up-to-date: /home/ros2/ws01_plubing/install/base_interfaces_demo/lib/libbase_interfaces_demo__rosidl_typesupport_introspection_cpp.so
[0.557s] -- Up-to-date: /home/ros2/ws01_plubing/install/base_interfaces_demo/lib/libbase_interfaces_demo__rosidl_typesupport_cpp.so
[0.557s] -- Up-to-date: /home/ros2/ws01_plubing/install/base_interfaces_demo/share/base_interfaces_demo/environment/pythonpath.sh
[0.557s] -- Up-to-date: /home/ros2/ws01_plubing/install/base_interfaces_demo/share/base_interfaces_demo/environment/pythonpath.dsv
[0.557s] -- Up-to-date: /home/ros2/ws01_plubing/install/base_interfaces_demo/local/lib/python3.10/dist-packages/base_interfaces_demo-0.0.0-py3.10.egg-info
[0.557s] -- Installing: /home/ros2/ws01_plubing/install/base_interfaces_demo/local/lib/python3.10/dist-packages/base_interfaces_demo-0.0.0-py3.10.egg-info/PKG-INFO
[0.557s] -- Installing: /home/ros2/ws01_plubing/install/base_interfaces_demo/local/lib/python3.10/dist-packages/base_interfaces_demo-0.0.0-py3.10.egg-info/top_level.txt
[0.557s] -- Installing: /home/ros2/ws01_plubing/install/base_interfaces_demo/local/lib/python3.10/dist-packages/base_interfaces_demo-0.0.0-py3.10.egg-info/dependency_links.txt
[0.558s] -- Installing: /home/ros2/ws01_plubing/install/base_interfaces_demo/local/lib/python3.10/dist-packages/base_interfaces_demo-0.0.0-py3.10.egg-info/SOURCES.txt
[0.558s] -- Up-to-date: /home/ros2/ws01_plubing/install/base_interfaces_demo/local/lib/python3.10/dist-packages/base_interfaces_demo
[0.558s] -- Up-to-date: /home/ros2/ws01_plubing/install/base_interfaces_demo/local/lib/python3.10/dist-packages/base_interfaces_demo/base_interfaces_demo_s__rosidl_typesupport_fastrtps_c.cpython-310-x86_64-linux-gnu.so
[0.558s] -- Up-to-date: /home/ros2/ws01_plubing/install/base_interfaces_demo/local/lib/python3.10/dist-packages/base_interfaces_demo/msg
[0.558s] -- Up-to-date: /home/ros2/ws01_plubing/install/base_interfaces_demo/local/lib/python3.10/dist-packages/base_interfaces_demo/msg/_student_s.c
[0.558s] -- Up-to-date: /home/ros2/ws01_plubing/install/base_interfaces_demo/local/lib/python3.10/dist-packages/base_interfaces_demo/msg/_student.py
[0.558s] -- Up-to-date: /home/ros2/ws01_plubing/install/base_interfaces_demo/local/lib/python3.10/dist-packages/base_interfaces_demo/msg/__init__.py
[0.558s] -- Up-to-date: /home/ros2/ws01_plubing/install/base_interfaces_demo/local/lib/python3.10/dist-packages/base_interfaces_demo/_base_interfaces_demo_s.ep.rosidl_typesupport_c.c
[0.558s] -- Up-to-date: /home/ros2/ws01_plubing/install/base_interfaces_demo/local/lib/python3.10/dist-packages/base_interfaces_demo/libbase_interfaces_demo__rosidl_generator_py.so
[0.558s] -- Up-to-date: /home/ros2/ws01_plubing/install/base_interfaces_demo/local/lib/python3.10/dist-packages/base_interfaces_demo/_base_interfaces_demo_s.ep.rosidl_typesupport_fastrtps_c.c
[0.558s] -- Up-to-date: /home/ros2/ws01_plubing/install/base_interfaces_demo/local/lib/python3.10/dist-packages/base_interfaces_demo/__init__.py
[0.558s] -- Up-to-date: /home/ros2/ws01_plubing/install/base_interfaces_demo/local/lib/python3.10/dist-packages/base_interfaces_demo/base_interfaces_demo_s__rosidl_typesupport_introspection_c.cpython-310-x86_64-linux-gnu.so
[0.558s] -- Up-to-date: /home/ros2/ws01_plubing/install/base_interfaces_demo/local/lib/python3.10/dist-packages/base_interfaces_demo/_base_interfaces_demo_s.ep.rosidl_typesupport_introspection_c.c
[0.558s] -- Up-to-date: /home/ros2/ws01_plubing/install/base_interfaces_demo/local/lib/python3.10/dist-packages/base_interfaces_demo/base_interfaces_demo_s__rosidl_typesupport_c.cpython-310-x86_64-linux-gnu.so
[0.630s] Listing '/home/ros2/ws01_plubing/install/base_interfaces_demo/local/lib/python3.10/dist-packages/base_interfaces_demo'...
[0.630s] Listing '/home/ros2/ws01_plubing/install/base_interfaces_demo/local/lib/python3.10/dist-packages/base_interfaces_demo/msg'...
[0.634s] -- Up-to-date: /home/ros2/ws01_plubing/install/base_interfaces_demo/local/lib/python3.10/dist-packages/base_interfaces_demo/base_interfaces_demo_s__rosidl_typesupport_fastrtps_c.cpython-310-x86_64-linux-gnu.so
[0.635s] -- Up-to-date: /home/ros2/ws01_plubing/install/base_interfaces_demo/local/lib/python3.10/dist-packages/base_interfaces_demo/base_interfaces_demo_s__rosidl_typesupport_introspection_c.cpython-310-x86_64-linux-gnu.so
[0.636s] -- Up-to-date: /home/ros2/ws01_plubing/install/base_interfaces_demo/local/lib/python3.10/dist-packages/base_interfaces_demo/base_interfaces_demo_s__rosidl_typesupport_c.cpython-310-x86_64-linux-gnu.so
[0.636s] -- Up-to-date: /home/ros2/ws01_plubing/install/base_interfaces_demo/lib/libbase_interfaces_demo__rosidl_generator_py.so
[0.637s] -- Up-to-date: /home/ros2/ws01_plubing/install/base_interfaces_demo/share/base_interfaces_demo/msg/Student.idl
[0.637s] -- Up-to-date: /home/ros2/ws01_plubing/install/base_interfaces_demo/share/base_interfaces_demo/msg/Student.msg
[0.637s] -- Up-to-date: /home/ros2/ws01_plubing/install/base_interfaces_demo/share/ament_index/resource_index/package_run_dependencies/base_interfaces_demo
[0.638s] -- Up-to-date: /home/ros2/ws01_plubing/install/base_interfaces_demo/share/ament_index/resource_index/parent_prefix_path/base_interfaces_demo
[0.638s] -- Up-to-date: /home/ros2/ws01_plubing/install/base_interfaces_demo/share/base_interfaces_demo/environment/ament_prefix_path.sh
[0.638s] -- Up-to-date: /home/ros2/ws01_plubing/install/base_interfaces_demo/share/base_interfaces_demo/environment/ament_prefix_path.dsv
[0.638s] -- Up-to-date: /home/ros2/ws01_plubing/install/base_interfaces_demo/share/base_interfaces_demo/environment/path.sh
[0.638s] -- Up-to-date: /home/ros2/ws01_plubing/install/base_interfaces_demo/share/base_interfaces_demo/environment/path.dsv
[0.638s] -- Up-to-date: /home/ros2/ws01_plubing/install/base_interfaces_demo/share/base_interfaces_demo/local_setup.bash
[0.638s] -- Up-to-date: /home/ros2/ws01_plubing/install/base_interfaces_demo/share/base_interfaces_demo/local_setup.sh
[0.638s] -- Up-to-date: /home/ros2/ws01_plubing/install/base_interfaces_demo/share/base_interfaces_demo/local_setup.zsh
[0.639s] -- Up-to-date: /home/ros2/ws01_plubing/install/base_interfaces_demo/share/base_interfaces_demo/local_setup.dsv
[0.639s] -- Installing: /home/ros2/ws01_plubing/install/base_interfaces_demo/share/base_interfaces_demo/package.dsv
[0.639s] -- Up-to-date: /home/ros2/ws01_plubing/install/base_interfaces_demo/share/ament_index/resource_index/packages/base_interfaces_demo
[0.639s] -- Up-to-date: /home/ros2/ws01_plubing/install/base_interfaces_demo/share/base_interfaces_demo/cmake/export_base_interfaces_demo__rosidl_generator_cExport.cmake
[0.639s] -- Up-to-date: /home/ros2/ws01_plubing/install/base_interfaces_demo/share/base_interfaces_demo/cmake/export_base_interfaces_demo__rosidl_generator_cExport-noconfig.cmake
[0.640s] -- Up-to-date: /home/ros2/ws01_plubing/install/base_interfaces_demo/share/base_interfaces_demo/cmake/export_base_interfaces_demo__rosidl_typesupport_fastrtps_cExport.cmake
[0.640s] -- Up-to-date: /home/ros2/ws01_plubing/install/base_interfaces_demo/share/base_interfaces_demo/cmake/export_base_interfaces_demo__rosidl_typesupport_fastrtps_cExport-noconfig.cmake
[0.640s] -- Up-to-date: /home/ros2/ws01_plubing/install/base_interfaces_demo/share/base_interfaces_demo/cmake/base_interfaces_demo__rosidl_typesupport_introspection_cExport.cmake
[0.641s] -- Up-to-date: /home/ros2/ws01_plubing/install/base_interfaces_demo/share/base_interfaces_demo/cmake/base_interfaces_demo__rosidl_typesupport_introspection_cExport-noconfig.cmake
[0.641s] -- Up-to-date: /home/ros2/ws01_plubing/install/base_interfaces_demo/share/base_interfaces_demo/cmake/base_interfaces_demo__rosidl_typesupport_cExport.cmake
[0.641s] -- Up-to-date: /home/ros2/ws01_plubing/install/base_interfaces_demo/share/base_interfaces_demo/cmake/base_interfaces_demo__rosidl_typesupport_cExport-noconfig.cmake
[0.641s] -- Up-to-date: /home/ros2/ws01_plubing/install/base_interfaces_demo/share/base_interfaces_demo/cmake/export_base_interfaces_demo__rosidl_generator_cppExport.cmake
[0.642s] -- Up-to-date: /home/ros2/ws01_plubing/install/base_interfaces_demo/share/base_interfaces_demo/cmake/export_base_interfaces_demo__rosidl_typesupport_fastrtps_cppExport.cmake
[0.642s] -- Up-to-date: /home/ros2/ws01_plubing/install/base_interfaces_demo/share/base_interfaces_demo/cmake/export_base_interfaces_demo__rosidl_typesupport_fastrtps_cppExport-noconfig.cmake
[0.642s] -- Up-to-date: /home/ros2/ws01_plubing/install/base_interfaces_demo/share/base_interfaces_demo/cmake/base_interfaces_demo__rosidl_typesupport_introspection_cppExport.cmake
[0.642s] -- Up-to-date: /home/ros2/ws01_plubing/install/base_interfaces_demo/share/base_interfaces_demo/cmake/base_interfaces_demo__rosidl_typesupport_introspection_cppExport-noconfig.cmake
[0.642s] -- Up-to-date: /home/ros2/ws01_plubing/install/base_interfaces_demo/share/base_interfaces_demo/cmake/base_interfaces_demo__rosidl_typesupport_cppExport.cmake
[0.642s] -- Up-to-date: /home/ros2/ws01_plubing/install/base_interfaces_demo/share/base_interfaces_demo/cmake/base_interfaces_demo__rosidl_typesupport_cppExport-noconfig.cmake
[0.642s] -- Up-to-date: /home/ros2/ws01_plubing/install/base_interfaces_demo/share/base_interfaces_demo/cmake/export_base_interfaces_demo__rosidl_generator_pyExport.cmake
[0.642s] -- Up-to-date: /home/ros2/ws01_plubing/install/base_interfaces_demo/share/base_interfaces_demo/cmake/export_base_interfaces_demo__rosidl_generator_pyExport-noconfig.cmake
[0.642s] -- Up-to-date: /home/ros2/ws01_plubing/install/base_interfaces_demo/share/base_interfaces_demo/cmake/rosidl_cmake-extras.cmake
[0.642s] -- Up-to-date: /home/ros2/ws01_plubing/install/base_interfaces_demo/share/base_interfaces_demo/cmake/ament_cmake_export_include_directories-extras.cmake
[0.642s] -- Up-to-date: /home/ros2/ws01_plubing/install/base_interfaces_demo/share/base_interfaces_demo/cmake/ament_cmake_export_libraries-extras.cmake
[0.642s] -- Up-to-date: /home/ros2/ws01_plubing/install/base_interfaces_demo/share/base_interfaces_demo/cmake/ament_cmake_export_targets-extras.cmake
[0.642s] -- Up-to-date: /home/ros2/ws01_plubing/install/base_interfaces_demo/share/base_interfaces_demo/cmake/rosidl_cmake_export_typesupport_targets-extras.cmake
[0.642s] -- Up-to-date: /home/ros2/ws01_plubing/install/base_interfaces_demo/share/base_interfaces_demo/cmake/ament_cmake_export_dependencies-extras.cmake
[0.642s] -- Up-to-date: /home/ros2/ws01_plubing/install/base_interfaces_demo/share/base_interfaces_demo/cmake/rosidl_cmake_export_typesupport_libraries-extras.cmake
[0.643s] -- Up-to-date: /home/ros2/ws01_plubing/install/base_interfaces_demo/share/base_interfaces_demo/cmake/base_interfaces_demoConfig.cmake
[0.643s] -- Up-to-date: /home/ros2/ws01_plubing/install/base_interfaces_demo/share/base_interfaces_demo/cmake/base_interfaces_demoConfig-version.cmake
[0.643s] -- Up-to-date: /home/ros2/ws01_plubing/install/base_interfaces_demo/share/base_interfaces_demo/package.xml
[0.644s] Invoked command in '/home/ros2/ws01_plubing/build/base_interfaces_demo' returned '0': CMAKE_PREFIX_PATH=${CMAKE_PREFIX_PATH}:/opt/ros/humble /usr/bin/cmake --install /home/ros2/ws01_plubing/build/base_interfaces_demo
