[0.074s] Invoking command in '/home/ros2/ws01_plubing/build/cpp04_param': CMAKE_PREFIX_PATH=${CMAKE_PREFIX_PATH}:/opt/ros/humble /usr/bin/cmake --build /home/ros2/ws01_plubing/build/cpp04_param -- -j12 -l12
[0.214s] [35m[1mConsolidate compiler generated dependencies of target demo01_param_client[0m
[0.232s] [ 33%] Built target demo01_param
[0.237s] [ 66%] Built target demo01_param_server
[0.255s] [ 83%] [32mBuilding CXX object CMakeFiles/demo01_param_client.dir/src/demo01_param_client.cpp.o[0m
[4.508s] [100%] [32m[1mLinking CXX executable demo01_param_client[0m
[4.732s] [100%] Built target demo01_param_client
[4.752s] Invoked command in '/home/ros2/ws01_plubing/build/cpp04_param' returned '0': CMAKE_PREFIX_PATH=${CMAKE_PREFIX_PATH}:/opt/ros/humble /usr/bin/cmake --build /home/ros2/ws01_plubing/build/cpp04_param -- -j12 -l12
[4.782s] Invoking command in '/home/ros2/ws01_plubing/build/cpp04_param': CMAKE_PREFIX_PATH=${CMAKE_PREFIX_PATH}:/opt/ros/humble /usr/bin/cmake --install /home/ros2/ws01_plubing/build/cpp04_param
[4.807s] -- Install configuration: ""
[4.808s] -- Up-to-date: /home/ros2/ws01_plubing/install/cpp04_param/lib/cpp04_param/demo01_param
[4.809s] -- Up-to-date: /home/ros2/ws01_plubing/install/cpp04_param/lib/cpp04_param/demo01_param_server
[4.809s] -- Installing: /home/ros2/ws01_plubing/install/cpp04_param/lib/cpp04_param/demo01_param_client
[4.812s] -- Set runtime path of "/home/ros2/ws01_plubing/install/cpp04_param/lib/cpp04_param/demo01_param_client" to ""
[4.814s] -- Up-to-date: /home/ros2/ws01_plubing/install/cpp04_param/share/ament_index/resource_index/package_run_dependencies/cpp04_param
[4.814s] -- Up-to-date: /home/ros2/ws01_plubing/install/cpp04_param/share/ament_index/resource_index/parent_prefix_path/cpp04_param
[4.815s] -- Up-to-date: /home/ros2/ws01_plubing/install/cpp04_param/share/cpp04_param/environment/ament_prefix_path.sh
[4.815s] -- Up-to-date: /home/ros2/ws01_plubing/install/cpp04_param/share/cpp04_param/environment/ament_prefix_path.dsv
[4.815s] -- Up-to-date: /home/ros2/ws01_plubing/install/cpp04_param/share/cpp04_param/environment/path.sh
[4.815s] -- Up-to-date: /home/ros2/ws01_plubing/install/cpp04_param/share/cpp04_param/environment/path.dsv
[4.815s] -- Up-to-date: /home/ros2/ws01_plubing/install/cpp04_param/share/cpp04_param/local_setup.bash
[4.815s] -- Up-to-date: /home/ros2/ws01_plubing/install/cpp04_param/share/cpp04_param/local_setup.sh
[4.815s] -- Up-to-date: /home/ros2/ws01_plubing/install/cpp04_param/share/cpp04_param/local_setup.zsh
[4.815s] -- Up-to-date: /home/ros2/ws01_plubing/install/cpp04_param/share/cpp04_param/local_setup.dsv
[4.816s] -- Installing: /home/ros2/ws01_plubing/install/cpp04_param/share/cpp04_param/package.dsv
[4.816s] -- Up-to-date: /home/ros2/ws01_plubing/install/cpp04_param/share/ament_index/resource_index/packages/cpp04_param
[4.816s] -- Up-to-date: /home/ros2/ws01_plubing/install/cpp04_param/share/cpp04_param/cmake/cpp04_paramConfig.cmake
[4.816s] -- Up-to-date: /home/ros2/ws01_plubing/install/cpp04_param/share/cpp04_param/cmake/cpp04_paramConfig-version.cmake
[4.816s] -- Up-to-date: /home/ros2/ws01_plubing/install/cpp04_param/share/cpp04_param/package.xml
[4.818s] Invoked command in '/home/ros2/ws01_plubing/build/cpp04_param' returned '0': CMAKE_PREFIX_PATH=${CMAKE_PREFIX_PATH}:/opt/ros/humble /usr/bin/cmake --install /home/ros2/ws01_plubing/build/cpp04_param
