[0.142s] Invoking command in '/home/ros2/exam/build/cpp03_action': CMAKE_PREFIX_PATH=/home/ros2/exam/install/demo_interfaces_base:/home/ros2/exam/install/cpp06_exercise:/home/ros2/exam/install/turtlesim:/home/ros2/exam/install/cpp04_param:/home/ros2/exam/install/cpp03_action:/home/ros2/exam/install/cpp02_service:/home/ros2/exam/install/cpp01_topic:/home/ros2/exam/install/cpp05_time:/opt/ros/humble LD_LIBRARY_PATH=/home/ros2/exam/install/demo_interfaces_base/lib:/home/ros2/exam/install/turtlesim/lib:/opt/ros/humble/opt/rviz_ogre_vendor/lib:/opt/ros/humble/lib/x86_64-linux-gnu:/opt/ros/humble/lib /usr/bin/cmake --build /home/ros2/exam/build/cpp03_action -- -j12 -l12
[0.216s] -- Found ament_cmake: 1.3.12 (/opt/ros/humble/share/ament_cmake/cmake)
[0.384s] -- Found rclcpp: 16.0.14 (/opt/ros/humble/share/rclcpp/cmake)
[0.420s] -- Found rosidl_generator_c: 3.1.7 (/opt/ros/humble/share/rosidl_generator_c/cmake)
[0.422s] -- Found rosidl_adapter: 3.1.7 (/opt/ros/humble/share/rosidl_adapter/cmake)
[0.427s] -- Found rosidl_generator_cpp: 3.1.7 (/opt/ros/humble/share/rosidl_generator_cpp/cmake)
[0.437s] -- Using all available rosidl_typesupport_c: rosidl_typesupport_fastrtps_c;rosidl_typesupport_introspection_c
[0.499s] -- Using all available rosidl_typesupport_cpp: rosidl_typesupport_fastrtps_cpp;rosidl_typesupport_introspection_cpp
[0.533s] -- Found rmw_implementation_cmake: 6.1.2 (/opt/ros/humble/share/rmw_implementation_cmake/cmake)
[0.535s] -- Found rmw_fastrtps_cpp: 6.2.8 (/opt/ros/humble/share/rmw_fastrtps_cpp/cmake)
[0.650s] -- Using RMW implementation 'rmw_fastrtps_cpp' as default
[0.705s] -- Found demo_interfaces_base: 0.0.0 (/home/ros2/exam/install/demo_interfaces_base/share/demo_interfaces_base/cmake)
[0.739s] -- Found rclcpp_action: 16.0.14 (/opt/ros/humble/share/rclcpp_action/cmake)
[0.753s] -- Found ament_lint_auto: 0.12.14 (/opt/ros/humble/share/ament_lint_auto/cmake)
[0.857s] -- Added test 'cppcheck' to perform static code analysis on C / C++ code
[0.858s] -- Configured cppcheck include dirs: $<BUILD_INTERFACE:/home/ros2/exam/cpp03_action/include>
[0.858s] -- Configured cppcheck exclude dirs and/or files: 
[0.858s] -- Added test 'lint_cmake' to check CMake code style
[0.858s] -- Added test 'uncrustify' to check C / C++ code style
[0.858s] -- Configured uncrustify additional arguments: 
[0.858s] -- Added test 'xmllint' to check XML markup files
[0.859s] -- Configuring done
[0.886s] -- Generating done
[0.896s] -- Build files have been written to: /home/ros2/exam/build/cpp03_action
[0.948s] [35m[1mConsolidate compiler generated dependencies of target demo01_action_client[0m
[0.949s] [35m[1mConsolidate compiler generated dependencies of target demo01_action_server[0m
[0.996s] [ 25%] [32mBuilding CXX object CMakeFiles/demo01_action_server.dir/src/demo01_action_server.cpp.o[0m
[1.018s] [ 50%] [32mBuilding CXX object CMakeFiles/demo01_action_client.dir/src/demo01_action_client.cpp.o[0m
[7.692s] [ 75%] [32m[1mLinking CXX executable demo01_action_server[0m
[7.927s] [ 75%] Built target demo01_action_server
[7.940s] [100%] [32m[1mLinking CXX executable demo01_action_client[0m
[8.174s] [100%] Built target demo01_action_client
[8.193s] Invoked command in '/home/ros2/exam/build/cpp03_action' returned '0': CMAKE_PREFIX_PATH=/home/ros2/exam/install/demo_interfaces_base:/home/ros2/exam/install/cpp06_exercise:/home/ros2/exam/install/turtlesim:/home/ros2/exam/install/cpp04_param:/home/ros2/exam/install/cpp03_action:/home/ros2/exam/install/cpp02_service:/home/ros2/exam/install/cpp01_topic:/home/ros2/exam/install/cpp05_time:/opt/ros/humble LD_LIBRARY_PATH=/home/ros2/exam/install/demo_interfaces_base/lib:/home/ros2/exam/install/turtlesim/lib:/opt/ros/humble/opt/rviz_ogre_vendor/lib:/opt/ros/humble/lib/x86_64-linux-gnu:/opt/ros/humble/lib /usr/bin/cmake --build /home/ros2/exam/build/cpp03_action -- -j12 -l12
[8.196s] Invoking command in '/home/ros2/exam/build/cpp03_action': CMAKE_PREFIX_PATH=/home/ros2/exam/install/demo_interfaces_base:/home/ros2/exam/install/cpp06_exercise:/home/ros2/exam/install/turtlesim:/home/ros2/exam/install/cpp04_param:/home/ros2/exam/install/cpp03_action:/home/ros2/exam/install/cpp02_service:/home/ros2/exam/install/cpp01_topic:/home/ros2/exam/install/cpp05_time:/opt/ros/humble LD_LIBRARY_PATH=/home/ros2/exam/install/demo_interfaces_base/lib:/home/ros2/exam/install/turtlesim/lib:/opt/ros/humble/opt/rviz_ogre_vendor/lib:/opt/ros/humble/lib/x86_64-linux-gnu:/opt/ros/humble/lib /usr/bin/cmake --install /home/ros2/exam/build/cpp03_action
[8.208s] -- Install configuration: ""
[8.209s] -- Installing: /home/ros2/exam/install/cpp03_action/lib/cpp03_action/demo01_action_server
[8.210s] -- Set runtime path of "/home/ros2/exam/install/cpp03_action/lib/cpp03_action/demo01_action_server" to ""
[8.210s] -- Installing: /home/ros2/exam/install/cpp03_action/lib/cpp03_action/demo01_action_client
[8.212s] -- Set runtime path of "/home/ros2/exam/install/cpp03_action/lib/cpp03_action/demo01_action_client" to ""
[8.212s] -- Up-to-date: /home/ros2/exam/install/cpp03_action/share/ament_index/resource_index/package_run_dependencies/cpp03_action
[8.212s] -- Up-to-date: /home/ros2/exam/install/cpp03_action/share/ament_index/resource_index/parent_prefix_path/cpp03_action
[8.213s] -- Up-to-date: /home/ros2/exam/install/cpp03_action/share/cpp03_action/environment/ament_prefix_path.sh
[8.213s] -- Installing: /home/ros2/exam/install/cpp03_action/share/cpp03_action/environment/ament_prefix_path.dsv
[8.213s] -- Up-to-date: /home/ros2/exam/install/cpp03_action/share/cpp03_action/environment/path.sh
[8.213s] -- Installing: /home/ros2/exam/install/cpp03_action/share/cpp03_action/environment/path.dsv
[8.213s] -- Up-to-date: /home/ros2/exam/install/cpp03_action/share/cpp03_action/local_setup.bash
[8.214s] -- Up-to-date: /home/ros2/exam/install/cpp03_action/share/cpp03_action/local_setup.sh
[8.214s] -- Up-to-date: /home/ros2/exam/install/cpp03_action/share/cpp03_action/local_setup.zsh
[8.214s] -- Installing: /home/ros2/exam/install/cpp03_action/share/cpp03_action/local_setup.dsv
[8.214s] -- Installing: /home/ros2/exam/install/cpp03_action/share/cpp03_action/package.dsv
[8.214s] -- Up-to-date: /home/ros2/exam/install/cpp03_action/share/ament_index/resource_index/packages/cpp03_action
[8.214s] -- Up-to-date: /home/ros2/exam/install/cpp03_action/share/cpp03_action/cmake/cpp03_actionConfig.cmake
[8.214s] -- Up-to-date: /home/ros2/exam/install/cpp03_action/share/cpp03_action/cmake/cpp03_actionConfig-version.cmake
[8.215s] -- Up-to-date: /home/ros2/exam/install/cpp03_action/share/cpp03_action/package.xml
[8.217s] Invoked command in '/home/ros2/exam/build/cpp03_action' returned '0': CMAKE_PREFIX_PATH=/home/ros2/exam/install/demo_interfaces_base:/home/ros2/exam/install/cpp06_exercise:/home/ros2/exam/install/turtlesim:/home/ros2/exam/install/cpp04_param:/home/ros2/exam/install/cpp03_action:/home/ros2/exam/install/cpp02_service:/home/ros2/exam/install/cpp01_topic:/home/ros2/exam/install/cpp05_time:/opt/ros/humble LD_LIBRARY_PATH=/home/ros2/exam/install/demo_interfaces_base/lib:/home/ros2/exam/install/turtlesim/lib:/opt/ros/humble/opt/rviz_ogre_vendor/lib:/opt/ros/humble/lib/x86_64-linux-gnu:/opt/ros/humble/lib /usr/bin/cmake --install /home/ros2/exam/build/cpp03_action
