[0.095s] DEBUG:colcon:Command line arguments: ['/usr/bin/colcon', 'build']
[0.095s] DEBUG:colcon:Parsed command line arguments: Namespace(log_base=None, log_level=None, verb_name='build', build_base='build', install_base='install', merge_install=False, symlink_install=False, test_result_base=None, continue_on_error=False, executor='parallel', parallel_workers=12, event_handlers=None, ignore_user_meta=False, metas=['./colcon.meta'], base_paths=['.'], packages_ignore=None, packages_ignore_regex=None, paths=None, packages_up_to=None, packages_up_to_regex=None, packages_above=None, packages_above_and_dependencies=None, packages_above_depth=None, packages_select_by_dep=None, packages_skip_by_dep=None, packages_skip_up_to=None, packages_select_build_failed=False, packages_skip_build_finished=False, packages_select_test_failures=False, packages_skip_test_passed=False, packages_select=None, packages_skip=None, packages_select_regex=None, packages_skip_regex=None, packages_start=None, packages_end=None, allow_overriding=[], cmake_args=None, cmake_target=None, cmake_target_skip_unavailable=False, cmake_clean_cache=False, cmake_clean_first=False, cmake_force_configure=False, ament_cmake_args=None, catkin_cmake_args=None, catkin_skip_building_tests=False, verb_parser=<colcon_defaults.argument_parser.defaults.DefaultArgumentsDecorator object at 0x7344d2a02fb0>, verb_extension=<colcon_core.verb.build.BuildVerb object at 0x7344d2a02410>, main=<bound method BuildVerb.main of <colcon_core.verb.build.BuildVerb object at 0x7344d2a02410>>)
[0.232s] Level 1:colcon.colcon_core.package_discovery:discover_packages(colcon_meta) check parameters
[0.233s] Level 1:colcon.colcon_core.package_discovery:discover_packages(recursive) check parameters
[0.233s] Level 1:colcon.colcon_core.package_discovery:discover_packages(ignore) check parameters
[0.233s] Level 1:colcon.colcon_core.package_discovery:discover_packages(path) check parameters
[0.233s] Level 1:colcon.colcon_core.package_discovery:discover_packages(colcon_meta) discover
[0.233s] Level 1:colcon.colcon_core.package_discovery:discover_packages(recursive) discover
[0.233s] INFO:colcon.colcon_core.package_discovery:Crawling recursively for packages in '/home/ros2/exam'
[0.233s] Level 1:colcon.colcon_core.package_identification:_identify(.) by extensions ['ignore', 'ignore_ament_install']
[0.233s] Level 1:colcon.colcon_core.package_identification:_identify(.) by extension 'ignore'
[0.233s] Level 1:colcon.colcon_core.package_identification:_identify(.) by extension 'ignore_ament_install'
[0.234s] Level 1:colcon.colcon_core.package_identification:_identify(.) by extensions ['colcon_pkg']
[0.234s] Level 1:colcon.colcon_core.package_identification:_identify(.) by extension 'colcon_pkg'
[0.234s] Level 1:colcon.colcon_core.package_identification:_identify(.) by extensions ['colcon_meta']
[0.234s] Level 1:colcon.colcon_core.package_identification:_identify(.) by extension 'colcon_meta'
[0.234s] Level 1:colcon.colcon_core.package_identification:_identify(.) by extensions ['ros']
[0.234s] Level 1:colcon.colcon_core.package_identification:_identify(.) by extension 'ros'
[0.245s] Level 1:colcon.colcon_core.package_identification:_identify(.) by extensions ['cmake', 'python']
[0.245s] Level 1:colcon.colcon_core.package_identification:_identify(.) by extension 'cmake'
[0.245s] Level 1:colcon.colcon_core.package_identification:_identify(.) by extension 'python'
[0.245s] Level 1:colcon.colcon_core.package_identification:_identify(.) by extensions ['python_setup_py']
[0.245s] Level 1:colcon.colcon_core.package_identification:_identify(.) by extension 'python_setup_py'
[0.245s] Level 1:colcon.colcon_core.package_identification:_identify(build) by extensions ['ignore', 'ignore_ament_install']
[0.245s] Level 1:colcon.colcon_core.package_identification:_identify(build) by extension 'ignore'
[0.245s] Level 1:colcon.colcon_core.package_identification:_identify(build) ignored
[0.245s] Level 1:colcon.colcon_core.package_identification:_identify(cpp01_topic) by extensions ['ignore', 'ignore_ament_install']
[0.245s] Level 1:colcon.colcon_core.package_identification:_identify(cpp01_topic) by extension 'ignore'
[0.245s] Level 1:colcon.colcon_core.package_identification:_identify(cpp01_topic) by extension 'ignore_ament_install'
[0.245s] Level 1:colcon.colcon_core.package_identification:_identify(cpp01_topic) by extensions ['colcon_pkg']
[0.245s] Level 1:colcon.colcon_core.package_identification:_identify(cpp01_topic) by extension 'colcon_pkg'
[0.245s] Level 1:colcon.colcon_core.package_identification:_identify(cpp01_topic) by extensions ['colcon_meta']
[0.245s] Level 1:colcon.colcon_core.package_identification:_identify(cpp01_topic) by extension 'colcon_meta'
[0.246s] Level 1:colcon.colcon_core.package_identification:_identify(cpp01_topic) by extensions ['ros']
[0.246s] Level 1:colcon.colcon_core.package_identification:_identify(cpp01_topic) by extension 'ros'
[0.248s] DEBUG:colcon.colcon_core.package_identification:Package 'cpp01_topic' with type 'ros.ament_cmake' and name 'cpp01_topic'
[0.248s] Level 1:colcon.colcon_core.package_identification:_identify(cpp02_service) by extensions ['ignore', 'ignore_ament_install']
[0.248s] Level 1:colcon.colcon_core.package_identification:_identify(cpp02_service) by extension 'ignore'
[0.248s] Level 1:colcon.colcon_core.package_identification:_identify(cpp02_service) by extension 'ignore_ament_install'
[0.248s] Level 1:colcon.colcon_core.package_identification:_identify(cpp02_service) by extensions ['colcon_pkg']
[0.248s] Level 1:colcon.colcon_core.package_identification:_identify(cpp02_service) by extension 'colcon_pkg'
[0.248s] Level 1:colcon.colcon_core.package_identification:_identify(cpp02_service) by extensions ['colcon_meta']
[0.248s] Level 1:colcon.colcon_core.package_identification:_identify(cpp02_service) by extension 'colcon_meta'
[0.248s] Level 1:colcon.colcon_core.package_identification:_identify(cpp02_service) by extensions ['ros']
[0.248s] Level 1:colcon.colcon_core.package_identification:_identify(cpp02_service) by extension 'ros'
[0.248s] DEBUG:colcon.colcon_core.package_identification:Package 'cpp02_service' with type 'ros.ament_cmake' and name 'cpp02_service'
[0.249s] Level 1:colcon.colcon_core.package_identification:_identify(cpp04_param) by extensions ['ignore', 'ignore_ament_install']
[0.249s] Level 1:colcon.colcon_core.package_identification:_identify(cpp04_param) by extension 'ignore'
[0.249s] Level 1:colcon.colcon_core.package_identification:_identify(cpp04_param) by extension 'ignore_ament_install'
[0.249s] Level 1:colcon.colcon_core.package_identification:_identify(cpp04_param) by extensions ['colcon_pkg']
[0.249s] Level 1:colcon.colcon_core.package_identification:_identify(cpp04_param) by extension 'colcon_pkg'
[0.249s] Level 1:colcon.colcon_core.package_identification:_identify(cpp04_param) by extensions ['colcon_meta']
[0.249s] Level 1:colcon.colcon_core.package_identification:_identify(cpp04_param) by extension 'colcon_meta'
[0.249s] Level 1:colcon.colcon_core.package_identification:_identify(cpp04_param) by extensions ['ros']
[0.249s] Level 1:colcon.colcon_core.package_identification:_identify(cpp04_param) by extension 'ros'
[0.250s] DEBUG:colcon.colcon_core.package_identification:Package 'cpp04_param' with type 'ros.ament_cmake' and name 'cpp04_param'
[0.250s] Level 1:colcon.colcon_core.package_identification:_identify(demo_interfaces_base) by extensions ['ignore', 'ignore_ament_install']
[0.250s] Level 1:colcon.colcon_core.package_identification:_identify(demo_interfaces_base) by extension 'ignore'
[0.250s] Level 1:colcon.colcon_core.package_identification:_identify(demo_interfaces_base) by extension 'ignore_ament_install'
[0.250s] Level 1:colcon.colcon_core.package_identification:_identify(demo_interfaces_base) by extensions ['colcon_pkg']
[0.250s] Level 1:colcon.colcon_core.package_identification:_identify(demo_interfaces_base) by extension 'colcon_pkg'
[0.250s] Level 1:colcon.colcon_core.package_identification:_identify(demo_interfaces_base) by extensions ['colcon_meta']
[0.250s] Level 1:colcon.colcon_core.package_identification:_identify(demo_interfaces_base) by extension 'colcon_meta'
[0.250s] Level 1:colcon.colcon_core.package_identification:_identify(demo_interfaces_base) by extensions ['ros']
[0.250s] Level 1:colcon.colcon_core.package_identification:_identify(demo_interfaces_base) by extension 'ros'
[0.251s] DEBUG:colcon.colcon_core.package_identification:Package 'demo_interfaces_base' with type 'ros.ament_cmake' and name 'demo_interfaces_base'
[0.251s] Level 1:colcon.colcon_core.package_identification:_identify(install) by extensions ['ignore', 'ignore_ament_install']
[0.251s] Level 1:colcon.colcon_core.package_identification:_identify(install) by extension 'ignore'
[0.251s] Level 1:colcon.colcon_core.package_identification:_identify(install) ignored
[0.252s] Level 1:colcon.colcon_core.package_identification:_identify(log) by extensions ['ignore', 'ignore_ament_install']
[0.252s] Level 1:colcon.colcon_core.package_identification:_identify(log) by extension 'ignore'
[0.252s] Level 1:colcon.colcon_core.package_identification:_identify(log) ignored
[0.252s] Level 1:colcon.colcon_core.package_discovery:discover_packages(recursive) using defaults
[0.252s] Level 1:colcon.colcon_core.package_discovery:discover_packages(ignore) discover
[0.252s] Level 1:colcon.colcon_core.package_discovery:discover_packages(ignore) using defaults
[0.252s] Level 1:colcon.colcon_core.package_discovery:discover_packages(path) discover
[0.252s] Level 1:colcon.colcon_core.package_discovery:discover_packages(path) using defaults
[0.270s] Level 1:colcon.colcon_core.package_discovery:discover_packages(prefix_path) check parameters
[0.270s] Level 1:colcon.colcon_core.package_discovery:discover_packages(prefix_path) discover
[0.271s] DEBUG:colcon.colcon_installed_package_information.package_discovery:Found 4 installed packages in /home/ros2/exam/install
[0.273s] DEBUG:colcon.colcon_installed_package_information.package_discovery:Found 271 installed packages in /opt/ros/humble
[0.275s] Level 1:colcon.colcon_core.package_discovery:discover_packages(prefix_path) using defaults
[0.324s] Level 5:colcon.colcon_core.verb:set package 'demo_interfaces_base' build argument 'cmake_args' from command line to 'None'
[0.324s] Level 5:colcon.colcon_core.verb:set package 'demo_interfaces_base' build argument 'cmake_target' from command line to 'None'
[0.324s] Level 5:colcon.colcon_core.verb:set package 'demo_interfaces_base' build argument 'cmake_target_skip_unavailable' from command line to 'False'
[0.324s] Level 5:colcon.colcon_core.verb:set package 'demo_interfaces_base' build argument 'cmake_clean_cache' from command line to 'False'
[0.324s] Level 5:colcon.colcon_core.verb:set package 'demo_interfaces_base' build argument 'cmake_clean_first' from command line to 'False'
[0.324s] Level 5:colcon.colcon_core.verb:set package 'demo_interfaces_base' build argument 'cmake_force_configure' from command line to 'False'
[0.324s] Level 5:colcon.colcon_core.verb:set package 'demo_interfaces_base' build argument 'ament_cmake_args' from command line to 'None'
[0.324s] Level 5:colcon.colcon_core.verb:set package 'demo_interfaces_base' build argument 'catkin_cmake_args' from command line to 'None'
[0.324s] Level 5:colcon.colcon_core.verb:set package 'demo_interfaces_base' build argument 'catkin_skip_building_tests' from command line to 'False'
[0.324s] DEBUG:colcon.colcon_core.verb:Building package 'demo_interfaces_base' with the following arguments: {'ament_cmake_args': None, 'build_base': '/home/ros2/exam/build/demo_interfaces_base', 'catkin_cmake_args': None, 'catkin_skip_building_tests': False, 'cmake_args': None, 'cmake_clean_cache': False, 'cmake_clean_first': False, 'cmake_force_configure': False, 'cmake_target': None, 'cmake_target_skip_unavailable': False, 'install_base': '/home/ros2/exam/install/demo_interfaces_base', 'merge_install': False, 'path': '/home/ros2/exam/demo_interfaces_base', 'symlink_install': False, 'test_result_base': None}
[0.324s] Level 5:colcon.colcon_core.verb:set package 'cpp01_topic' build argument 'cmake_args' from command line to 'None'
[0.324s] Level 5:colcon.colcon_core.verb:set package 'cpp01_topic' build argument 'cmake_target' from command line to 'None'
[0.324s] Level 5:colcon.colcon_core.verb:set package 'cpp01_topic' build argument 'cmake_target_skip_unavailable' from command line to 'False'
[0.324s] Level 5:colcon.colcon_core.verb:set package 'cpp01_topic' build argument 'cmake_clean_cache' from command line to 'False'
[0.324s] Level 5:colcon.colcon_core.verb:set package 'cpp01_topic' build argument 'cmake_clean_first' from command line to 'False'
[0.324s] Level 5:colcon.colcon_core.verb:set package 'cpp01_topic' build argument 'cmake_force_configure' from command line to 'False'
[0.324s] Level 5:colcon.colcon_core.verb:set package 'cpp01_topic' build argument 'ament_cmake_args' from command line to 'None'
[0.324s] Level 5:colcon.colcon_core.verb:set package 'cpp01_topic' build argument 'catkin_cmake_args' from command line to 'None'
[0.324s] Level 5:colcon.colcon_core.verb:set package 'cpp01_topic' build argument 'catkin_skip_building_tests' from command line to 'False'
[0.324s] DEBUG:colcon.colcon_core.verb:Building package 'cpp01_topic' with the following arguments: {'ament_cmake_args': None, 'build_base': '/home/ros2/exam/build/cpp01_topic', 'catkin_cmake_args': None, 'catkin_skip_building_tests': False, 'cmake_args': None, 'cmake_clean_cache': False, 'cmake_clean_first': False, 'cmake_force_configure': False, 'cmake_target': None, 'cmake_target_skip_unavailable': False, 'install_base': '/home/ros2/exam/install/cpp01_topic', 'merge_install': False, 'path': '/home/ros2/exam/cpp01_topic', 'symlink_install': False, 'test_result_base': None}
[0.325s] Level 5:colcon.colcon_core.verb:set package 'cpp02_service' build argument 'cmake_args' from command line to 'None'
[0.325s] Level 5:colcon.colcon_core.verb:set package 'cpp02_service' build argument 'cmake_target' from command line to 'None'
[0.325s] Level 5:colcon.colcon_core.verb:set package 'cpp02_service' build argument 'cmake_target_skip_unavailable' from command line to 'False'
[0.325s] Level 5:colcon.colcon_core.verb:set package 'cpp02_service' build argument 'cmake_clean_cache' from command line to 'False'
[0.325s] Level 5:colcon.colcon_core.verb:set package 'cpp02_service' build argument 'cmake_clean_first' from command line to 'False'
[0.325s] Level 5:colcon.colcon_core.verb:set package 'cpp02_service' build argument 'cmake_force_configure' from command line to 'False'
[0.325s] Level 5:colcon.colcon_core.verb:set package 'cpp02_service' build argument 'ament_cmake_args' from command line to 'None'
[0.325s] Level 5:colcon.colcon_core.verb:set package 'cpp02_service' build argument 'catkin_cmake_args' from command line to 'None'
[0.325s] Level 5:colcon.colcon_core.verb:set package 'cpp02_service' build argument 'catkin_skip_building_tests' from command line to 'False'
[0.325s] DEBUG:colcon.colcon_core.verb:Building package 'cpp02_service' with the following arguments: {'ament_cmake_args': None, 'build_base': '/home/ros2/exam/build/cpp02_service', 'catkin_cmake_args': None, 'catkin_skip_building_tests': False, 'cmake_args': None, 'cmake_clean_cache': False, 'cmake_clean_first': False, 'cmake_force_configure': False, 'cmake_target': None, 'cmake_target_skip_unavailable': False, 'install_base': '/home/ros2/exam/install/cpp02_service', 'merge_install': False, 'path': '/home/ros2/exam/cpp02_service', 'symlink_install': False, 'test_result_base': None}
[0.325s] Level 5:colcon.colcon_core.verb:set package 'cpp04_param' build argument 'cmake_args' from command line to 'None'
[0.325s] Level 5:colcon.colcon_core.verb:set package 'cpp04_param' build argument 'cmake_target' from command line to 'None'
[0.325s] Level 5:colcon.colcon_core.verb:set package 'cpp04_param' build argument 'cmake_target_skip_unavailable' from command line to 'False'
[0.325s] Level 5:colcon.colcon_core.verb:set package 'cpp04_param' build argument 'cmake_clean_cache' from command line to 'False'
[0.325s] Level 5:colcon.colcon_core.verb:set package 'cpp04_param' build argument 'cmake_clean_first' from command line to 'False'
[0.325s] Level 5:colcon.colcon_core.verb:set package 'cpp04_param' build argument 'cmake_force_configure' from command line to 'False'
[0.325s] Level 5:colcon.colcon_core.verb:set package 'cpp04_param' build argument 'ament_cmake_args' from command line to 'None'
[0.325s] Level 5:colcon.colcon_core.verb:set package 'cpp04_param' build argument 'catkin_cmake_args' from command line to 'None'
[0.325s] Level 5:colcon.colcon_core.verb:set package 'cpp04_param' build argument 'catkin_skip_building_tests' from command line to 'False'
[0.325s] DEBUG:colcon.colcon_core.verb:Building package 'cpp04_param' with the following arguments: {'ament_cmake_args': None, 'build_base': '/home/ros2/exam/build/cpp04_param', 'catkin_cmake_args': None, 'catkin_skip_building_tests': False, 'cmake_args': None, 'cmake_clean_cache': False, 'cmake_clean_first': False, 'cmake_force_configure': False, 'cmake_target': None, 'cmake_target_skip_unavailable': False, 'install_base': '/home/ros2/exam/install/cpp04_param', 'merge_install': False, 'path': '/home/ros2/exam/cpp04_param', 'symlink_install': False, 'test_result_base': None}
[0.325s] INFO:colcon.colcon_core.executor:Executing jobs using 'parallel' executor
[0.327s] DEBUG:colcon.colcon_parallel_executor.executor.parallel:run_until_complete
[0.327s] INFO:colcon.colcon_ros.task.ament_cmake.build:Building ROS package in '/home/ros2/exam/demo_interfaces_base' with build type 'ament_cmake'
[0.327s] INFO:colcon.colcon_cmake.task.cmake.build:Building CMake package in '/home/ros2/exam/demo_interfaces_base'
[0.331s] INFO:colcon.colcon_core.plugin_system:Skipping extension 'colcon_core.shell.bat': Not used on non-Windows systems
[0.332s] INFO:colcon.colcon_core.shell:Skip shell extension 'powershell' for command environment: Not usable outside of PowerShell
[0.332s] DEBUG:colcon.colcon_core.shell:Skip shell extension 'dsv' for command environment
[0.352s] DEBUG:colcon.colcon_core.event_handler.log_command:Invoking command in '/home/ros2/exam/build/demo_interfaces_base': CMAKE_PREFIX_PATH=${CMAKE_PREFIX_PATH}:/opt/ros/humble /usr/bin/cmake --build /home/ros2/exam/build/demo_interfaces_base -- -j12 -l12
[0.906s] DEBUG:colcon.colcon_core.event_handler.log_command:Invoked command in '/home/ros2/exam/build/demo_interfaces_base' returned '0': CMAKE_PREFIX_PATH=${CMAKE_PREFIX_PATH}:/opt/ros/humble /usr/bin/cmake --build /home/ros2/exam/build/demo_interfaces_base -- -j12 -l12
[0.936s] DEBUG:colcon.colcon_core.event_handler.log_command:Invoking command in '/home/ros2/exam/build/demo_interfaces_base': CMAKE_PREFIX_PATH=${CMAKE_PREFIX_PATH}:/opt/ros/humble /usr/bin/cmake --install /home/ros2/exam/build/demo_interfaces_base
[1.035s] Level 1:colcon.colcon_core.environment:create_environment_scripts_only(demo_interfaces_base)
[1.036s] DEBUG:colcon.colcon_core.event_handler.log_command:Invoked command in '/home/ros2/exam/build/demo_interfaces_base' returned '0': CMAKE_PREFIX_PATH=${CMAKE_PREFIX_PATH}:/opt/ros/humble /usr/bin/cmake --install /home/ros2/exam/build/demo_interfaces_base
[1.039s] Level 1:colcon.colcon_core.environment:checking '/home/ros2/exam/install/demo_interfaces_base' for CMake module files
[1.040s] Level 1:colcon.colcon_core.environment:checking '/home/ros2/exam/install/demo_interfaces_base' for CMake config files
[1.040s] Level 1:colcon.colcon_core.shell:create_environment_hook('demo_interfaces_base', 'cmake_prefix_path')
[1.041s] INFO:colcon.colcon_core.shell:Creating environment hook '/home/ros2/exam/install/demo_interfaces_base/share/demo_interfaces_base/hook/cmake_prefix_path.ps1'
[1.042s] INFO:colcon.colcon_core.shell:Creating environment descriptor '/home/ros2/exam/install/demo_interfaces_base/share/demo_interfaces_base/hook/cmake_prefix_path.dsv'
[1.043s] INFO:colcon.colcon_core.shell:Creating environment hook '/home/ros2/exam/install/demo_interfaces_base/share/demo_interfaces_base/hook/cmake_prefix_path.sh'
[1.045s] Level 1:colcon.colcon_core.environment:checking '/home/ros2/exam/install/demo_interfaces_base/lib'
[1.045s] Level 1:colcon.colcon_core.shell:create_environment_hook('demo_interfaces_base', 'ld_library_path_lib')
[1.046s] INFO:colcon.colcon_core.shell:Creating environment hook '/home/ros2/exam/install/demo_interfaces_base/share/demo_interfaces_base/hook/ld_library_path_lib.ps1'
[1.046s] INFO:colcon.colcon_core.shell:Creating environment descriptor '/home/ros2/exam/install/demo_interfaces_base/share/demo_interfaces_base/hook/ld_library_path_lib.dsv'
[1.047s] INFO:colcon.colcon_core.shell:Creating environment hook '/home/ros2/exam/install/demo_interfaces_base/share/demo_interfaces_base/hook/ld_library_path_lib.sh'
[1.048s] Level 1:colcon.colcon_core.environment:checking '/home/ros2/exam/install/demo_interfaces_base/bin'
[1.048s] Level 1:colcon.colcon_core.environment:checking '/home/ros2/exam/install/demo_interfaces_base/lib/pkgconfig/demo_interfaces_base.pc'
[1.048s] Level 1:colcon.colcon_core.environment:checking '/home/ros2/exam/install/demo_interfaces_base/lib/python3.10/site-packages'
[1.049s] Level 1:colcon.colcon_core.environment:checking '/home/ros2/exam/install/demo_interfaces_base/bin'
[1.049s] INFO:colcon.colcon_core.shell:Creating package script '/home/ros2/exam/install/demo_interfaces_base/share/demo_interfaces_base/package.ps1'
[1.050s] INFO:colcon.colcon_core.shell:Creating package descriptor '/home/ros2/exam/install/demo_interfaces_base/share/demo_interfaces_base/package.dsv'
[1.052s] INFO:colcon.colcon_core.shell:Creating package script '/home/ros2/exam/install/demo_interfaces_base/share/demo_interfaces_base/package.sh'
[1.053s] INFO:colcon.colcon_core.shell:Creating package script '/home/ros2/exam/install/demo_interfaces_base/share/demo_interfaces_base/package.bash'
[1.055s] INFO:colcon.colcon_core.shell:Creating package script '/home/ros2/exam/install/demo_interfaces_base/share/demo_interfaces_base/package.zsh'
[1.056s] Level 1:colcon.colcon_core.environment:create_file_with_runtime_dependencies(/home/ros2/exam/install/demo_interfaces_base/share/colcon-core/packages/demo_interfaces_base)
[1.057s] Level 1:colcon.colcon_core.environment:create_environment_scripts_only(demo_interfaces_base)
[1.057s] Level 1:colcon.colcon_core.environment:checking '/home/ros2/exam/install/demo_interfaces_base' for CMake module files
[1.058s] Level 1:colcon.colcon_core.environment:checking '/home/ros2/exam/install/demo_interfaces_base' for CMake config files
[1.059s] Level 1:colcon.colcon_core.shell:create_environment_hook('demo_interfaces_base', 'cmake_prefix_path')
[1.059s] INFO:colcon.colcon_core.shell:Creating environment hook '/home/ros2/exam/install/demo_interfaces_base/share/demo_interfaces_base/hook/cmake_prefix_path.ps1'
[1.060s] INFO:colcon.colcon_core.shell:Creating environment descriptor '/home/ros2/exam/install/demo_interfaces_base/share/demo_interfaces_base/hook/cmake_prefix_path.dsv'
[1.061s] INFO:colcon.colcon_core.shell:Creating environment hook '/home/ros2/exam/install/demo_interfaces_base/share/demo_interfaces_base/hook/cmake_prefix_path.sh'
[1.062s] Level 1:colcon.colcon_core.environment:checking '/home/ros2/exam/install/demo_interfaces_base/lib'
[1.062s] Level 1:colcon.colcon_core.shell:create_environment_hook('demo_interfaces_base', 'ld_library_path_lib')
[1.062s] INFO:colcon.colcon_core.shell:Creating environment hook '/home/ros2/exam/install/demo_interfaces_base/share/demo_interfaces_base/hook/ld_library_path_lib.ps1'
[1.063s] INFO:colcon.colcon_core.shell:Creating environment descriptor '/home/ros2/exam/install/demo_interfaces_base/share/demo_interfaces_base/hook/ld_library_path_lib.dsv'
[1.063s] INFO:colcon.colcon_core.shell:Creating environment hook '/home/ros2/exam/install/demo_interfaces_base/share/demo_interfaces_base/hook/ld_library_path_lib.sh'
[1.064s] Level 1:colcon.colcon_core.environment:checking '/home/ros2/exam/install/demo_interfaces_base/bin'
[1.064s] Level 1:colcon.colcon_core.environment:checking '/home/ros2/exam/install/demo_interfaces_base/lib/pkgconfig/demo_interfaces_base.pc'
[1.064s] Level 1:colcon.colcon_core.environment:checking '/home/ros2/exam/install/demo_interfaces_base/lib/python3.10/site-packages'
[1.064s] Level 1:colcon.colcon_core.environment:checking '/home/ros2/exam/install/demo_interfaces_base/bin'
[1.065s] INFO:colcon.colcon_core.shell:Creating package script '/home/ros2/exam/install/demo_interfaces_base/share/demo_interfaces_base/package.ps1'
[1.066s] INFO:colcon.colcon_core.shell:Creating package descriptor '/home/ros2/exam/install/demo_interfaces_base/share/demo_interfaces_base/package.dsv'
[1.067s] INFO:colcon.colcon_core.shell:Creating package script '/home/ros2/exam/install/demo_interfaces_base/share/demo_interfaces_base/package.sh'
[1.069s] INFO:colcon.colcon_core.shell:Creating package script '/home/ros2/exam/install/demo_interfaces_base/share/demo_interfaces_base/package.bash'
[1.070s] INFO:colcon.colcon_core.shell:Creating package script '/home/ros2/exam/install/demo_interfaces_base/share/demo_interfaces_base/package.zsh'
[1.071s] Level 1:colcon.colcon_core.environment:create_file_with_runtime_dependencies(/home/ros2/exam/install/demo_interfaces_base/share/colcon-core/packages/demo_interfaces_base)
[1.072s] INFO:colcon.colcon_ros.task.ament_cmake.build:Building ROS package in '/home/ros2/exam/cpp01_topic' with build type 'ament_cmake'
[1.073s] INFO:colcon.colcon_cmake.task.cmake.build:Building CMake package in '/home/ros2/exam/cpp01_topic'
[1.073s] INFO:colcon.colcon_core.shell:Skip shell extension 'powershell' for command environment: Not usable outside of PowerShell
[1.073s] DEBUG:colcon.colcon_core.shell:Skip shell extension 'dsv' for command environment
[1.080s] INFO:colcon.colcon_ros.task.ament_cmake.build:Building ROS package in '/home/ros2/exam/cpp02_service' with build type 'ament_cmake'
[1.081s] INFO:colcon.colcon_cmake.task.cmake.build:Building CMake package in '/home/ros2/exam/cpp02_service'
[1.081s] INFO:colcon.colcon_core.shell:Skip shell extension 'powershell' for command environment: Not usable outside of PowerShell
[1.081s] DEBUG:colcon.colcon_core.shell:Skip shell extension 'dsv' for command environment
[1.087s] INFO:colcon.colcon_ros.task.ament_cmake.build:Building ROS package in '/home/ros2/exam/cpp04_param' with build type 'ament_cmake'
[1.088s] INFO:colcon.colcon_cmake.task.cmake.build:Building CMake package in '/home/ros2/exam/cpp04_param'
[1.088s] INFO:colcon.colcon_core.shell:Skip shell extension 'powershell' for command environment: Not usable outside of PowerShell
[1.088s] DEBUG:colcon.colcon_core.shell:Skip shell extension 'dsv' for command environment
[1.142s] DEBUG:colcon.colcon_core.event_handler.log_command:Invoking command in '/home/ros2/exam/build/cpp01_topic': CMAKE_PREFIX_PATH=/home/ros2/exam/install/demo_interfaces_base:/home/ros2/exam/install/cpp04_param:/home/ros2/exam/install/cpp02_service:/home/ros2/exam/install/cpp01_topic:/opt/ros/humble /usr/bin/cmake --build /home/ros2/exam/build/cpp01_topic -- -j12 -l12
[1.151s] DEBUG:colcon.colcon_core.event_handler.log_command:Invoking command in '/home/ros2/exam/build/cpp02_service': CMAKE_PREFIX_PATH=/home/ros2/exam/install/demo_interfaces_base:/home/ros2/exam/install/cpp04_param:/home/ros2/exam/install/cpp02_service:/home/ros2/exam/install/cpp01_topic:/opt/ros/humble /usr/bin/cmake --build /home/ros2/exam/build/cpp02_service -- -j12 -l12
[1.158s] DEBUG:colcon.colcon_core.event_handler.log_command:Invoking command in '/home/ros2/exam/build/cpp04_param': CMAKE_PREFIX_PATH=/home/ros2/exam/install/demo_interfaces_base:/home/ros2/exam/install/cpp04_param:/home/ros2/exam/install/cpp02_service:/home/ros2/exam/install/cpp01_topic:/opt/ros/humble /usr/bin/cmake --build /home/ros2/exam/build/cpp04_param -- -j12 -l12
[1.249s] DEBUG:colcon.colcon_core.event_handler.log_command:Invoked command in '/home/ros2/exam/build/cpp02_service' returned '0': CMAKE_PREFIX_PATH=/home/ros2/exam/install/demo_interfaces_base:/home/ros2/exam/install/cpp04_param:/home/ros2/exam/install/cpp02_service:/home/ros2/exam/install/cpp01_topic:/opt/ros/humble /usr/bin/cmake --build /home/ros2/exam/build/cpp02_service -- -j12 -l12
[1.255s] DEBUG:colcon.colcon_core.event_handler.log_command:Invoking command in '/home/ros2/exam/build/cpp02_service': CMAKE_PREFIX_PATH=/home/ros2/exam/install/demo_interfaces_base:/home/ros2/exam/install/cpp04_param:/home/ros2/exam/install/cpp02_service:/home/ros2/exam/install/cpp01_topic:/opt/ros/humble /usr/bin/cmake --install /home/ros2/exam/build/cpp02_service
[1.256s] DEBUG:colcon.colcon_core.event_handler.log_command:Invoked command in '/home/ros2/exam/build/cpp01_topic' returned '0': CMAKE_PREFIX_PATH=/home/ros2/exam/install/demo_interfaces_base:/home/ros2/exam/install/cpp04_param:/home/ros2/exam/install/cpp02_service:/home/ros2/exam/install/cpp01_topic:/opt/ros/humble /usr/bin/cmake --build /home/ros2/exam/build/cpp01_topic -- -j12 -l12
[1.260s] DEBUG:colcon.colcon_core.event_handler.log_command:Invoking command in '/home/ros2/exam/build/cpp01_topic': CMAKE_PREFIX_PATH=/home/ros2/exam/install/demo_interfaces_base:/home/ros2/exam/install/cpp04_param:/home/ros2/exam/install/cpp02_service:/home/ros2/exam/install/cpp01_topic:/opt/ros/humble /usr/bin/cmake --install /home/ros2/exam/build/cpp01_topic
[1.270s] Level 1:colcon.colcon_core.environment:create_environment_scripts_only(cpp02_service)
[1.270s] DEBUG:colcon.colcon_core.event_handler.log_command:Invoked command in '/home/ros2/exam/build/cpp02_service' returned '0': CMAKE_PREFIX_PATH=/home/ros2/exam/install/demo_interfaces_base:/home/ros2/exam/install/cpp04_param:/home/ros2/exam/install/cpp02_service:/home/ros2/exam/install/cpp01_topic:/opt/ros/humble /usr/bin/cmake --install /home/ros2/exam/build/cpp02_service
[1.271s] Level 1:colcon.colcon_core.environment:checking '/home/ros2/exam/install/cpp02_service' for CMake module files
[1.272s] Level 1:colcon.colcon_core.environment:checking '/home/ros2/exam/install/cpp02_service' for CMake config files
[1.272s] Level 1:colcon.colcon_core.shell:create_environment_hook('cpp02_service', 'cmake_prefix_path')
[1.272s] INFO:colcon.colcon_core.shell:Creating environment hook '/home/ros2/exam/install/cpp02_service/share/cpp02_service/hook/cmake_prefix_path.ps1'
[1.273s] INFO:colcon.colcon_core.shell:Creating environment descriptor '/home/ros2/exam/install/cpp02_service/share/cpp02_service/hook/cmake_prefix_path.dsv'
[1.275s] INFO:colcon.colcon_core.shell:Creating environment hook '/home/ros2/exam/install/cpp02_service/share/cpp02_service/hook/cmake_prefix_path.sh'
[1.277s] Level 1:colcon.colcon_core.environment:checking '/home/ros2/exam/install/cpp02_service/lib'
[1.277s] Level 1:colcon.colcon_core.environment:checking '/home/ros2/exam/install/cpp02_service/bin'
[1.277s] Level 1:colcon.colcon_core.environment:checking '/home/ros2/exam/install/cpp02_service/lib/pkgconfig/cpp02_service.pc'
[1.278s] Level 1:colcon.colcon_core.environment:checking '/home/ros2/exam/install/cpp02_service/lib/python3.10/site-packages'
[1.279s] Level 1:colcon.colcon_core.environment:checking '/home/ros2/exam/install/cpp02_service/bin'
[1.279s] INFO:colcon.colcon_core.shell:Creating package script '/home/ros2/exam/install/cpp02_service/share/cpp02_service/package.ps1'
[1.281s] INFO:colcon.colcon_core.shell:Creating package descriptor '/home/ros2/exam/install/cpp02_service/share/cpp02_service/package.dsv'
[1.284s] INFO:colcon.colcon_core.shell:Creating package script '/home/ros2/exam/install/cpp02_service/share/cpp02_service/package.sh'
[1.285s] INFO:colcon.colcon_core.shell:Creating package script '/home/ros2/exam/install/cpp02_service/share/cpp02_service/package.bash'
[1.286s] INFO:colcon.colcon_core.shell:Creating package script '/home/ros2/exam/install/cpp02_service/share/cpp02_service/package.zsh'
[1.286s] Level 1:colcon.colcon_core.environment:create_file_with_runtime_dependencies(/home/ros2/exam/install/cpp02_service/share/colcon-core/packages/cpp02_service)
[1.287s] Level 1:colcon.colcon_core.environment:create_environment_scripts_only(cpp02_service)
[1.287s] Level 1:colcon.colcon_core.environment:checking '/home/ros2/exam/install/cpp02_service' for CMake module files
[1.288s] Level 1:colcon.colcon_core.environment:checking '/home/ros2/exam/install/cpp02_service' for CMake config files
[1.288s] Level 1:colcon.colcon_core.shell:create_environment_hook('cpp02_service', 'cmake_prefix_path')
[1.288s] INFO:colcon.colcon_core.shell:Creating environment hook '/home/ros2/exam/install/cpp02_service/share/cpp02_service/hook/cmake_prefix_path.ps1'
[1.289s] INFO:colcon.colcon_core.shell:Creating environment descriptor '/home/ros2/exam/install/cpp02_service/share/cpp02_service/hook/cmake_prefix_path.dsv'
[1.289s] INFO:colcon.colcon_core.shell:Creating environment hook '/home/ros2/exam/install/cpp02_service/share/cpp02_service/hook/cmake_prefix_path.sh'
[1.290s] Level 1:colcon.colcon_core.environment:checking '/home/ros2/exam/install/cpp02_service/lib'
[1.290s] Level 1:colcon.colcon_core.environment:checking '/home/ros2/exam/install/cpp02_service/bin'
[1.290s] Level 1:colcon.colcon_core.environment:checking '/home/ros2/exam/install/cpp02_service/lib/pkgconfig/cpp02_service.pc'
[1.290s] Level 1:colcon.colcon_core.environment:checking '/home/ros2/exam/install/cpp02_service/lib/python3.10/site-packages'
[1.291s] Level 1:colcon.colcon_core.environment:checking '/home/ros2/exam/install/cpp02_service/bin'
[1.291s] INFO:colcon.colcon_core.shell:Creating package script '/home/ros2/exam/install/cpp02_service/share/cpp02_service/package.ps1'
[1.292s] INFO:colcon.colcon_core.shell:Creating package descriptor '/home/ros2/exam/install/cpp02_service/share/cpp02_service/package.dsv'
[1.293s] INFO:colcon.colcon_core.shell:Creating package script '/home/ros2/exam/install/cpp02_service/share/cpp02_service/package.sh'
[1.293s] INFO:colcon.colcon_core.shell:Creating package script '/home/ros2/exam/install/cpp02_service/share/cpp02_service/package.bash'
[1.294s] INFO:colcon.colcon_core.shell:Creating package script '/home/ros2/exam/install/cpp02_service/share/cpp02_service/package.zsh'
[1.294s] Level 1:colcon.colcon_core.environment:create_file_with_runtime_dependencies(/home/ros2/exam/install/cpp02_service/share/colcon-core/packages/cpp02_service)
[1.297s] Level 1:colcon.colcon_core.environment:create_environment_scripts_only(cpp01_topic)
[1.298s] Level 1:colcon.colcon_core.environment:checking '/home/ros2/exam/install/cpp01_topic' for CMake module files
[1.300s] DEBUG:colcon.colcon_core.event_handler.log_command:Invoked command in '/home/ros2/exam/build/cpp01_topic' returned '0': CMAKE_PREFIX_PATH=/home/ros2/exam/install/demo_interfaces_base:/home/ros2/exam/install/cpp04_param:/home/ros2/exam/install/cpp02_service:/home/ros2/exam/install/cpp01_topic:/opt/ros/humble /usr/bin/cmake --install /home/ros2/exam/build/cpp01_topic
[1.300s] Level 1:colcon.colcon_core.environment:checking '/home/ros2/exam/install/cpp01_topic' for CMake config files
[1.301s] Level 1:colcon.colcon_core.shell:create_environment_hook('cpp01_topic', 'cmake_prefix_path')
[1.301s] INFO:colcon.colcon_core.shell:Creating environment hook '/home/ros2/exam/install/cpp01_topic/share/cpp01_topic/hook/cmake_prefix_path.ps1'
[1.302s] INFO:colcon.colcon_core.shell:Creating environment descriptor '/home/ros2/exam/install/cpp01_topic/share/cpp01_topic/hook/cmake_prefix_path.dsv'
[1.303s] INFO:colcon.colcon_core.shell:Creating environment hook '/home/ros2/exam/install/cpp01_topic/share/cpp01_topic/hook/cmake_prefix_path.sh'
[1.304s] Level 1:colcon.colcon_core.environment:checking '/home/ros2/exam/install/cpp01_topic/lib'
[1.304s] Level 1:colcon.colcon_core.environment:checking '/home/ros2/exam/install/cpp01_topic/bin'
[1.304s] Level 1:colcon.colcon_core.environment:checking '/home/ros2/exam/install/cpp01_topic/lib/pkgconfig/cpp01_topic.pc'
[1.304s] Level 1:colcon.colcon_core.environment:checking '/home/ros2/exam/install/cpp01_topic/lib/python3.10/site-packages'
[1.305s] Level 1:colcon.colcon_core.environment:checking '/home/ros2/exam/install/cpp01_topic/bin'
[1.305s] INFO:colcon.colcon_core.shell:Creating package script '/home/ros2/exam/install/cpp01_topic/share/cpp01_topic/package.ps1'
[1.306s] INFO:colcon.colcon_core.shell:Creating package descriptor '/home/ros2/exam/install/cpp01_topic/share/cpp01_topic/package.dsv'
[1.307s] INFO:colcon.colcon_core.shell:Creating package script '/home/ros2/exam/install/cpp01_topic/share/cpp01_topic/package.sh'
[1.308s] INFO:colcon.colcon_core.shell:Creating package script '/home/ros2/exam/install/cpp01_topic/share/cpp01_topic/package.bash'
[1.309s] INFO:colcon.colcon_core.shell:Creating package script '/home/ros2/exam/install/cpp01_topic/share/cpp01_topic/package.zsh'
[1.309s] Level 1:colcon.colcon_core.environment:create_file_with_runtime_dependencies(/home/ros2/exam/install/cpp01_topic/share/colcon-core/packages/cpp01_topic)
[1.310s] Level 1:colcon.colcon_core.environment:create_environment_scripts_only(cpp01_topic)
[1.310s] Level 1:colcon.colcon_core.environment:checking '/home/ros2/exam/install/cpp01_topic' for CMake module files
[1.311s] Level 1:colcon.colcon_core.environment:checking '/home/ros2/exam/install/cpp01_topic' for CMake config files
[1.311s] Level 1:colcon.colcon_core.shell:create_environment_hook('cpp01_topic', 'cmake_prefix_path')
[1.312s] INFO:colcon.colcon_core.shell:Creating environment hook '/home/ros2/exam/install/cpp01_topic/share/cpp01_topic/hook/cmake_prefix_path.ps1'
[1.312s] INFO:colcon.colcon_core.shell:Creating environment descriptor '/home/ros2/exam/install/cpp01_topic/share/cpp01_topic/hook/cmake_prefix_path.dsv'
[1.313s] INFO:colcon.colcon_core.shell:Creating environment hook '/home/ros2/exam/install/cpp01_topic/share/cpp01_topic/hook/cmake_prefix_path.sh'
[1.314s] Level 1:colcon.colcon_core.environment:checking '/home/ros2/exam/install/cpp01_topic/lib'
[1.314s] Level 1:colcon.colcon_core.environment:checking '/home/ros2/exam/install/cpp01_topic/bin'
[1.314s] Level 1:colcon.colcon_core.environment:checking '/home/ros2/exam/install/cpp01_topic/lib/pkgconfig/cpp01_topic.pc'
[1.314s] Level 1:colcon.colcon_core.environment:checking '/home/ros2/exam/install/cpp01_topic/lib/python3.10/site-packages'
[1.315s] Level 1:colcon.colcon_core.environment:checking '/home/ros2/exam/install/cpp01_topic/bin'
[1.315s] INFO:colcon.colcon_core.shell:Creating package script '/home/ros2/exam/install/cpp01_topic/share/cpp01_topic/package.ps1'
[1.316s] INFO:colcon.colcon_core.shell:Creating package descriptor '/home/ros2/exam/install/cpp01_topic/share/cpp01_topic/package.dsv'
[1.317s] INFO:colcon.colcon_core.shell:Creating package script '/home/ros2/exam/install/cpp01_topic/share/cpp01_topic/package.sh'
[1.318s] INFO:colcon.colcon_core.shell:Creating package script '/home/ros2/exam/install/cpp01_topic/share/cpp01_topic/package.bash'
[1.319s] INFO:colcon.colcon_core.shell:Creating package script '/home/ros2/exam/install/cpp01_topic/share/cpp01_topic/package.zsh'
[1.320s] Level 1:colcon.colcon_core.environment:create_file_with_runtime_dependencies(/home/ros2/exam/install/cpp01_topic/share/colcon-core/packages/cpp01_topic)
[5.054s] DEBUG:colcon.colcon_core.event_handler.log_command:Invoked command in '/home/ros2/exam/build/cpp04_param' returned '0': CMAKE_PREFIX_PATH=/home/ros2/exam/install/demo_interfaces_base:/home/ros2/exam/install/cpp04_param:/home/ros2/exam/install/cpp02_service:/home/ros2/exam/install/cpp01_topic:/opt/ros/humble /usr/bin/cmake --build /home/ros2/exam/build/cpp04_param -- -j12 -l12
[5.056s] DEBUG:colcon.colcon_core.event_handler.log_command:Invoking command in '/home/ros2/exam/build/cpp04_param': CMAKE_PREFIX_PATH=/home/ros2/exam/install/demo_interfaces_base:/home/ros2/exam/install/cpp04_param:/home/ros2/exam/install/cpp02_service:/home/ros2/exam/install/cpp01_topic:/opt/ros/humble /usr/bin/cmake --install /home/ros2/exam/build/cpp04_param
[5.067s] Level 1:colcon.colcon_core.environment:create_environment_scripts_only(cpp04_param)
[5.068s] Level 1:colcon.colcon_core.environment:checking '/home/ros2/exam/install/cpp04_param' for CMake module files
[5.069s] DEBUG:colcon.colcon_core.event_handler.log_command:Invoked command in '/home/ros2/exam/build/cpp04_param' returned '0': CMAKE_PREFIX_PATH=/home/ros2/exam/install/demo_interfaces_base:/home/ros2/exam/install/cpp04_param:/home/ros2/exam/install/cpp02_service:/home/ros2/exam/install/cpp01_topic:/opt/ros/humble /usr/bin/cmake --install /home/ros2/exam/build/cpp04_param
[5.069s] Level 1:colcon.colcon_core.environment:checking '/home/ros2/exam/install/cpp04_param' for CMake config files
[5.069s] Level 1:colcon.colcon_core.shell:create_environment_hook('cpp04_param', 'cmake_prefix_path')
[5.070s] INFO:colcon.colcon_core.shell:Creating environment hook '/home/ros2/exam/install/cpp04_param/share/cpp04_param/hook/cmake_prefix_path.ps1'
[5.071s] INFO:colcon.colcon_core.shell:Creating environment descriptor '/home/ros2/exam/install/cpp04_param/share/cpp04_param/hook/cmake_prefix_path.dsv'
[5.071s] INFO:colcon.colcon_core.shell:Creating environment hook '/home/ros2/exam/install/cpp04_param/share/cpp04_param/hook/cmake_prefix_path.sh'
[5.072s] Level 1:colcon.colcon_core.environment:checking '/home/ros2/exam/install/cpp04_param/lib'
[5.072s] Level 1:colcon.colcon_core.environment:checking '/home/ros2/exam/install/cpp04_param/bin'
[5.073s] Level 1:colcon.colcon_core.environment:checking '/home/ros2/exam/install/cpp04_param/lib/pkgconfig/cpp04_param.pc'
[5.073s] Level 1:colcon.colcon_core.environment:checking '/home/ros2/exam/install/cpp04_param/lib/python3.10/site-packages'
[5.073s] Level 1:colcon.colcon_core.environment:checking '/home/ros2/exam/install/cpp04_param/bin'
[5.073s] INFO:colcon.colcon_core.shell:Creating package script '/home/ros2/exam/install/cpp04_param/share/cpp04_param/package.ps1'
[5.074s] INFO:colcon.colcon_core.shell:Creating package descriptor '/home/ros2/exam/install/cpp04_param/share/cpp04_param/package.dsv'
[5.075s] INFO:colcon.colcon_core.shell:Creating package script '/home/ros2/exam/install/cpp04_param/share/cpp04_param/package.sh'
[5.076s] INFO:colcon.colcon_core.shell:Creating package script '/home/ros2/exam/install/cpp04_param/share/cpp04_param/package.bash'
[5.076s] INFO:colcon.colcon_core.shell:Creating package script '/home/ros2/exam/install/cpp04_param/share/cpp04_param/package.zsh'
[5.077s] Level 1:colcon.colcon_core.environment:create_file_with_runtime_dependencies(/home/ros2/exam/install/cpp04_param/share/colcon-core/packages/cpp04_param)
[5.079s] Level 1:colcon.colcon_core.environment:create_environment_scripts_only(cpp04_param)
[5.079s] Level 1:colcon.colcon_core.environment:checking '/home/ros2/exam/install/cpp04_param' for CMake module files
[5.080s] Level 1:colcon.colcon_core.environment:checking '/home/ros2/exam/install/cpp04_param' for CMake config files
[5.080s] Level 1:colcon.colcon_core.shell:create_environment_hook('cpp04_param', 'cmake_prefix_path')
[5.080s] INFO:colcon.colcon_core.shell:Creating environment hook '/home/ros2/exam/install/cpp04_param/share/cpp04_param/hook/cmake_prefix_path.ps1'
[5.081s] INFO:colcon.colcon_core.shell:Creating environment descriptor '/home/ros2/exam/install/cpp04_param/share/cpp04_param/hook/cmake_prefix_path.dsv'
[5.082s] INFO:colcon.colcon_core.shell:Creating environment hook '/home/ros2/exam/install/cpp04_param/share/cpp04_param/hook/cmake_prefix_path.sh'
[5.084s] Level 1:colcon.colcon_core.environment:checking '/home/ros2/exam/install/cpp04_param/lib'
[5.084s] Level 1:colcon.colcon_core.environment:checking '/home/ros2/exam/install/cpp04_param/bin'
[5.084s] Level 1:colcon.colcon_core.environment:checking '/home/ros2/exam/install/cpp04_param/lib/pkgconfig/cpp04_param.pc'
[5.085s] Level 1:colcon.colcon_core.environment:checking '/home/ros2/exam/install/cpp04_param/lib/python3.10/site-packages'
[5.085s] Level 1:colcon.colcon_core.environment:checking '/home/ros2/exam/install/cpp04_param/bin'
[5.085s] INFO:colcon.colcon_core.shell:Creating package script '/home/ros2/exam/install/cpp04_param/share/cpp04_param/package.ps1'
[5.086s] INFO:colcon.colcon_core.shell:Creating package descriptor '/home/ros2/exam/install/cpp04_param/share/cpp04_param/package.dsv'
[5.087s] INFO:colcon.colcon_core.shell:Creating package script '/home/ros2/exam/install/cpp04_param/share/cpp04_param/package.sh'
[5.088s] INFO:colcon.colcon_core.shell:Creating package script '/home/ros2/exam/install/cpp04_param/share/cpp04_param/package.bash'
[5.089s] INFO:colcon.colcon_core.shell:Creating package script '/home/ros2/exam/install/cpp04_param/share/cpp04_param/package.zsh'
[5.089s] Level 1:colcon.colcon_core.environment:create_file_with_runtime_dependencies(/home/ros2/exam/install/cpp04_param/share/colcon-core/packages/cpp04_param)
[5.090s] DEBUG:colcon.colcon_parallel_executor.executor.parallel:closing loop
[5.091s] DEBUG:colcon.colcon_parallel_executor.executor.parallel:loop closed
[5.091s] DEBUG:colcon.colcon_parallel_executor.executor.parallel:run_until_complete finished with '0'
[5.091s] DEBUG:colcon.colcon_core.event_reactor:joining thread
[5.098s] INFO:colcon.colcon_core.plugin_system:Skipping extension 'colcon_notification.desktop_notification.terminal_notifier': Not used on non-Darwin systems
[5.098s] INFO:colcon.colcon_core.plugin_system:Skipping extension 'colcon_notification.desktop_notification.win32': Not used on non-Windows systems
[5.099s] INFO:colcon.colcon_notification.desktop_notification:Sending desktop notification using 'notify2'
[5.119s] DEBUG:colcon.colcon_core.event_reactor:joined thread
[5.120s] INFO:colcon.colcon_core.shell:Creating prefix script '/home/ros2/exam/install/local_setup.ps1'
[5.122s] INFO:colcon.colcon_core.shell:Creating prefix util module '/home/ros2/exam/install/_local_setup_util_ps1.py'
[5.124s] INFO:colcon.colcon_core.shell:Creating prefix chain script '/home/ros2/exam/install/setup.ps1'
[5.126s] INFO:colcon.colcon_core.shell:Creating prefix script '/home/ros2/exam/install/local_setup.sh'
[5.127s] INFO:colcon.colcon_core.shell:Creating prefix util module '/home/ros2/exam/install/_local_setup_util_sh.py'
[5.128s] INFO:colcon.colcon_core.shell:Creating prefix chain script '/home/ros2/exam/install/setup.sh'
[5.129s] INFO:colcon.colcon_core.shell:Creating prefix script '/home/ros2/exam/install/local_setup.bash'
[5.130s] INFO:colcon.colcon_core.shell:Creating prefix chain script '/home/ros2/exam/install/setup.bash'
[5.132s] INFO:colcon.colcon_core.shell:Creating prefix script '/home/ros2/exam/install/local_setup.zsh'
[5.133s] INFO:colcon.colcon_core.shell:Creating prefix chain script '/home/ros2/exam/install/setup.zsh'
