[0.065s] Invoking command in '/home/ros2/exam/build/demo_interfaces_base': CMAKE_PREFIX_PATH=${CMAKE_PREFIX_PATH}:/opt/ros/humble /usr/bin/cmake /home/ros2/exam/demo_interfaces_base -DCMAKE_INSTALL_PREFIX=/home/ros2/exam/install/demo_interfaces_base
[0.428s] -- The C compiler identification is GNU 11.4.0
[0.625s] -- The CXX compiler identification is GNU 11.4.0
[0.653s] -- Detecting C compiler ABI info
[0.891s] -- Detecting C compiler ABI info - done
[0.902s] -- Check for working C compiler: /usr/bin/cc - skipped
[0.902s] -- Detecting C compile features
[0.905s] -- Detecting C compile features - done
[0.912s] -- Detecting CXX compiler ABI info
[1.101s] -- Detecting CXX compiler ABI info - done
[1.112s] -- Check for working CXX compiler: /usr/bin/c++ - skipped
[1.113s] -- Detecting CXX compile features
[1.113s] -- Detecting CXX compile features - done
[1.150s] -- Found ament_cmake: 1.3.12 (/opt/ros/humble/share/ament_cmake/cmake)
[1.496s] -- Found Python3: /usr/bin/python3 (found version "3.10.12") found components: Interpreter 
[1.635s] -- Found rosidl_default_generators: 1.2.0 (/opt/ros/humble/share/rosidl_default_generators/cmake)
[1.640s] -- Using all available rosidl_typesupport_c: rosidl_typesupport_fastrtps_c;rosidl_typesupport_introspection_c
[1.650s] -- Found rosidl_adapter: 3.1.7 (/opt/ros/humble/share/rosidl_adapter/cmake)
[1.711s] -- Using all available rosidl_typesupport_cpp: rosidl_typesupport_fastrtps_cpp;rosidl_typesupport_introspection_cpp
[2.236s] -- Found ament_cmake_ros: 0.10.0 (/opt/ros/humble/share/ament_cmake_ros/cmake)
[2.488s] -- Using all available rosidl_typesupport_c: rosidl_typesupport_fastrtps_c;rosidl_typesupport_introspection_c
[2.810s] -- Using all available rosidl_typesupport_cpp: rosidl_typesupport_fastrtps_cpp;rosidl_typesupport_introspection_cpp
[2.841s] -- Found PythonInterp: /usr/bin/python3 (found suitable version "3.10.12", minimum required is "3.6") 
[2.843s] -- Found python_cmake_module: 0.10.0 (/opt/ros/humble/share/python_cmake_module/cmake)
[2.879s] -- Found PythonLibs: /usr/lib/x86_64-linux-gnu/libpython3.10.so (found suitable version "3.10.12", minimum required is "3.5") 
[2.879s] -- Using PYTHON_EXECUTABLE: /usr/bin/python3
[2.879s] -- Using PYTHON_INCLUDE_DIRS: /usr/include/python3.10
[2.879s] -- Using PYTHON_LIBRARIES: /usr/lib/x86_64-linux-gnu/libpython3.10.so
[2.909s] -- Found PythonExtra: .so  
[2.966s] -- Found ament_lint_auto: 0.12.14 (/opt/ros/humble/share/ament_lint_auto/cmake)
[2.982s] -- Added test 'lint_cmake' to check CMake code style
[2.983s] -- Added test 'xmllint' to check XML markup files
[2.987s] -- Configuring done
[3.039s] -- Generating done
[3.052s] -- Build files have been written to: /home/ros2/exam/build/demo_interfaces_base
[3.060s] Invoked command in '/home/ros2/exam/build/demo_interfaces_base' returned '0': CMAKE_PREFIX_PATH=${CMAKE_PREFIX_PATH}:/opt/ros/humble /usr/bin/cmake /home/ros2/exam/demo_interfaces_base -DCMAKE_INSTALL_PREFIX=/home/ros2/exam/install/demo_interfaces_base
[3.062s] Invoking command in '/home/ros2/exam/build/demo_interfaces_base': CMAKE_PREFIX_PATH=${CMAKE_PREFIX_PATH}:/opt/ros/humble /usr/bin/cmake --build /home/ros2/exam/build/demo_interfaces_base -- -j12 -l12
[3.130s] [  1%] [34m[1mGenerating C code for ROS interfaces[0m
[3.138s] [  3%] [34m[1mGenerating C++ code for ROS interfaces[0m
[3.149s] [  3%] Built target ament_cmake_python_copy_demo_interfaces_base
[3.456s] running egg_info
[3.456s] creating demo_interfaces_base.egg-info
[3.457s] writing demo_interfaces_base.egg-info/PKG-INFO
[3.457s] writing dependency_links to demo_interfaces_base.egg-info/dependency_links.txt
[3.457s] writing top-level names to demo_interfaces_base.egg-info/top_level.txt
[3.457s] writing manifest file 'demo_interfaces_base.egg-info/SOURCES.txt'
[3.502s] reading manifest file 'demo_interfaces_base.egg-info/SOURCES.txt'
[3.502s] writing manifest file 'demo_interfaces_base.egg-info/SOURCES.txt'
[3.545s] [  3%] Built target ament_cmake_python_build_demo_interfaces_base_egg
[4.220s] [  4%] [32mBuilding C object CMakeFiles/demo_interfaces_base__rosidl_generator_c.dir/rosidl_generator_c/demo_interfaces_base/msg/detail/student__functions.c.o[0m
[4.220s] [  6%] [32mBuilding C object CMakeFiles/demo_interfaces_base__rosidl_generator_c.dir/rosidl_generator_c/demo_interfaces_base/srv/detail/calculation__functions.c.o[0m
[4.222s] [  7%] [32mBuilding C object CMakeFiles/demo_interfaces_base__rosidl_generator_c.dir/rosidl_generator_c/demo_interfaces_base/srv/detail/distance__functions.c.o[0m
[4.236s] [  9%] [32mBuilding C object CMakeFiles/demo_interfaces_base__rosidl_generator_c.dir/rosidl_generator_c/demo_interfaces_base/action/detail/action__functions.c.o[0m
[4.246s] [ 11%] [32mBuilding C object CMakeFiles/demo_interfaces_base__rosidl_generator_c.dir/rosidl_generator_c/demo_interfaces_base/action/detail/real_time_distance__functions.c.o[0m
[4.262s] [ 11%] Built target demo_interfaces_base__cpp
[4.305s] [ 12%] [34m[1mGenerating C++ type support dispatch for ROS interfaces[0m
[4.305s] [ 14%] [34m[1mGenerating C++ type support for eProsima Fast-RTPS[0m
[4.305s] [ 15%] [34m[1mGenerating C++ introspection for ROS interfaces[0m
[4.461s] [ 17%] [32m[1mLinking C shared library libdemo_interfaces_base__rosidl_generator_c.so[0m
[4.524s] [ 17%] Built target demo_interfaces_base__rosidl_generator_c
[4.545s] [ 19%] [34m[1mGenerating C type support for eProsima Fast-RTPS[0m
[4.546s] [ 22%] [34m[1mGenerating C introspection for ROS interfaces[0m
[4.548s] [ 22%] [34m[1mGenerating C type support dispatch for ROS interfaces[0m
[5.044s] [ 23%] [32mBuilding CXX object CMakeFiles/demo_interfaces_base__rosidl_typesupport_cpp.dir/rosidl_typesupport_cpp/demo_interfaces_base/msg/student__type_support.cpp.o[0m
[5.044s] [ 25%] [32mBuilding CXX object CMakeFiles/demo_interfaces_base__rosidl_typesupport_cpp.dir/rosidl_typesupport_cpp/demo_interfaces_base/srv/distance__type_support.cpp.o[0m
[5.048s] [ 26%] [32mBuilding CXX object CMakeFiles/demo_interfaces_base__rosidl_typesupport_cpp.dir/rosidl_typesupport_cpp/demo_interfaces_base/srv/calculation__type_support.cpp.o[0m
[5.069s] [ 28%] [32mBuilding CXX object CMakeFiles/demo_interfaces_base__rosidl_typesupport_cpp.dir/rosidl_typesupport_cpp/demo_interfaces_base/action/action__type_support.cpp.o[0m
[5.070s] [ 30%] [32mBuilding CXX object CMakeFiles/demo_interfaces_base__rosidl_typesupport_cpp.dir/rosidl_typesupport_cpp/demo_interfaces_base/action/real_time_distance__type_support.cpp.o[0m
[5.513s] [ 31%] [32mBuilding CXX object CMakeFiles/demo_interfaces_base__rosidl_typesupport_introspection_cpp.dir/rosidl_typesupport_introspection_cpp/demo_interfaces_base/msg/detail/student__type_support.cpp.o[0m
[5.527s] [ 33%] [32mBuilding CXX object CMakeFiles/demo_interfaces_base__rosidl_typesupport_c.dir/rosidl_typesupport_c/demo_interfaces_base/srv/distance__type_support.cpp.o[0m
[5.527s] [ 34%] [32mBuilding CXX object CMakeFiles/demo_interfaces_base__rosidl_typesupport_c.dir/rosidl_typesupport_c/demo_interfaces_base/msg/student__type_support.cpp.o[0m
[5.542s] [ 36%] [32mBuilding CXX object CMakeFiles/demo_interfaces_base__rosidl_typesupport_c.dir/rosidl_typesupport_c/demo_interfaces_base/srv/calculation__type_support.cpp.o[0m
[5.674s] [ 38%] [32mBuilding CXX object CMakeFiles/demo_interfaces_base__rosidl_typesupport_c.dir/rosidl_typesupport_c/demo_interfaces_base/action/action__type_support.cpp.o[0m
[5.708s] [ 39%] [32mBuilding CXX object CMakeFiles/demo_interfaces_base__rosidl_typesupport_c.dir/rosidl_typesupport_c/demo_interfaces_base/action/real_time_distance__type_support.cpp.o[0m
[5.715s] [ 41%] [32mBuilding CXX object CMakeFiles/demo_interfaces_base__rosidl_typesupport_introspection_cpp.dir/rosidl_typesupport_introspection_cpp/demo_interfaces_base/srv/detail/calculation__type_support.cpp.o[0m
[5.973s] [ 42%] [32mBuilding CXX object CMakeFiles/demo_interfaces_base__rosidl_typesupport_introspection_cpp.dir/rosidl_typesupport_introspection_cpp/demo_interfaces_base/srv/detail/distance__type_support.cpp.o[0m
[5.973s] [ 44%] [32mBuilding CXX object CMakeFiles/demo_interfaces_base__rosidl_typesupport_introspection_cpp.dir/rosidl_typesupport_introspection_cpp/demo_interfaces_base/action/detail/action__type_support.cpp.o[0m
[5.982s] [ 46%] [32m[1mLinking CXX shared library libdemo_interfaces_base__rosidl_typesupport_c.so[0m
[6.063s] [ 47%] [32mBuilding CXX object CMakeFiles/demo_interfaces_base__rosidl_typesupport_introspection_cpp.dir/rosidl_typesupport_introspection_cpp/demo_interfaces_base/action/detail/real_time_distance__type_support.cpp.o[0m
[6.150s] [ 49%] [32mBuilding CXX object CMakeFiles/demo_interfaces_base__rosidl_typesupport_fastrtps_cpp.dir/rosidl_typesupport_fastrtps_cpp/demo_interfaces_base/msg/detail/dds_fastrtps/student__type_support.cpp.o[0m
[6.245s] [ 49%] Built target demo_interfaces_base__rosidl_typesupport_c
[6.263s] [ 50%] [32mBuilding CXX object CMakeFiles/demo_interfaces_base__rosidl_typesupport_fastrtps_cpp.dir/rosidl_typesupport_fastrtps_cpp/demo_interfaces_base/srv/detail/dds_fastrtps/calculation__type_support.cpp.o[0m
[6.280s] [ 52%] [32mBuilding CXX object CMakeFiles/demo_interfaces_base__rosidl_typesupport_fastrtps_cpp.dir/rosidl_typesupport_fastrtps_cpp/demo_interfaces_base/srv/detail/dds_fastrtps/distance__type_support.cpp.o[0m
[6.550s] [ 53%] [32mBuilding C object CMakeFiles/demo_interfaces_base__rosidl_typesupport_introspection_c.dir/rosidl_typesupport_introspection_c/demo_interfaces_base/msg/detail/student__type_support.c.o[0m
[6.730s] [ 55%] [32mBuilding C object CMakeFiles/demo_interfaces_base__rosidl_typesupport_introspection_c.dir/rosidl_typesupport_introspection_c/demo_interfaces_base/srv/detail/calculation__type_support.c.o[0m
[6.812s] [ 57%] [32mBuilding C object CMakeFiles/demo_interfaces_base__rosidl_typesupport_introspection_c.dir/rosidl_typesupport_introspection_c/demo_interfaces_base/srv/detail/distance__type_support.c.o[0m
[6.880s] [ 58%] [32mBuilding CXX object CMakeFiles/demo_interfaces_base__rosidl_typesupport_fastrtps_cpp.dir/rosidl_typesupport_fastrtps_cpp/demo_interfaces_base/action/detail/dds_fastrtps/action__type_support.cpp.o[0m
[6.910s] [ 60%] [32mBuilding CXX object CMakeFiles/demo_interfaces_base__rosidl_typesupport_fastrtps_c.dir/rosidl_typesupport_fastrtps_c/demo_interfaces_base/msg/detail/student__type_support_c.cpp.o[0m
[6.980s] [ 61%] [32mBuilding C object CMakeFiles/demo_interfaces_base__rosidl_typesupport_introspection_c.dir/rosidl_typesupport_introspection_c/demo_interfaces_base/action/detail/action__type_support.c.o[0m
[7.157s] [ 63%] [32mBuilding CXX object CMakeFiles/demo_interfaces_base__rosidl_typesupport_fastrtps_cpp.dir/rosidl_typesupport_fastrtps_cpp/demo_interfaces_base/action/detail/dds_fastrtps/real_time_distance__type_support.cpp.o[0m
[7.216s] [ 66%] [32mBuilding CXX object CMakeFiles/demo_interfaces_base__rosidl_typesupport_fastrtps_c.dir/rosidl_typesupport_fastrtps_c/demo_interfaces_base/srv/detail/calculation__type_support_c.cpp.o[0m
[7.217s] [ 66%] [32mBuilding C object CMakeFiles/demo_interfaces_base__rosidl_typesupport_introspection_c.dir/rosidl_typesupport_introspection_c/demo_interfaces_base/action/detail/real_time_distance__type_support.c.o[0m
[7.326s] [ 68%] [32m[1mLinking C shared library libdemo_interfaces_base__rosidl_typesupport_introspection_c.so[0m
[7.384s] [ 69%] [32mBuilding CXX object CMakeFiles/demo_interfaces_base__rosidl_typesupport_fastrtps_c.dir/rosidl_typesupport_fastrtps_c/demo_interfaces_base/srv/detail/distance__type_support_c.cpp.o[0m
[7.410s] [ 71%] [32m[1mLinking CXX shared library libdemo_interfaces_base__rosidl_typesupport_cpp.so[0m
[7.452s] [ 71%] Built target demo_interfaces_base__rosidl_typesupport_introspection_c
[7.494s] [ 73%] [32mBuilding CXX object CMakeFiles/demo_interfaces_base__rosidl_typesupport_fastrtps_c.dir/rosidl_typesupport_fastrtps_c/demo_interfaces_base/action/detail/action__type_support_c.cpp.o[0m
[7.606s] [ 73%] Built target demo_interfaces_base__rosidl_typesupport_cpp
[7.653s] [ 74%] [32mBuilding CXX object CMakeFiles/demo_interfaces_base__rosidl_typesupport_fastrtps_c.dir/rosidl_typesupport_fastrtps_c/demo_interfaces_base/action/detail/real_time_distance__type_support_c.cpp.o[0m
[8.680s] [ 76%] [32m[1mLinking CXX shared library libdemo_interfaces_base__rosidl_typesupport_introspection_cpp.so[0m
[9.142s] [ 76%] Built target demo_interfaces_base__rosidl_typesupport_introspection_cpp
[9.256s] [ 77%] [32m[1mLinking CXX shared library libdemo_interfaces_base__rosidl_typesupport_fastrtps_cpp.so[0m
[9.310s] [ 79%] [32m[1mLinking CXX shared library libdemo_interfaces_base__rosidl_typesupport_fastrtps_c.so[0m
[9.529s] [ 79%] Built target demo_interfaces_base__rosidl_typesupport_fastrtps_cpp
[9.575s] [ 79%] Built target demo_interfaces_base__rosidl_typesupport_fastrtps_c
[9.668s] [ 79%] Built target demo_interfaces_base
[9.767s] [ 80%] [34m[1mGenerating Python code for ROS interfaces[0m
[13.425s] [ 80%] Built target demo_interfaces_base__py
[13.480s] [ 82%] [32mBuilding C object CMakeFiles/demo_interfaces_base__rosidl_generator_py.dir/rosidl_generator_py/demo_interfaces_base/msg/_student_s.c.o[0m
[13.493s] [ 84%] [32mBuilding C object CMakeFiles/demo_interfaces_base__rosidl_generator_py.dir/rosidl_generator_py/demo_interfaces_base/srv/_calculation_s.c.o[0m
[13.493s] [ 85%] [32mBuilding C object CMakeFiles/demo_interfaces_base__rosidl_generator_py.dir/rosidl_generator_py/demo_interfaces_base/action/_action_s.c.o[0m
[13.494s] [ 87%] [32mBuilding C object CMakeFiles/demo_interfaces_base__rosidl_generator_py.dir/rosidl_generator_py/demo_interfaces_base/srv/_distance_s.c.o[0m
[13.499s] [ 88%] [32mBuilding C object CMakeFiles/demo_interfaces_base__rosidl_generator_py.dir/rosidl_generator_py/demo_interfaces_base/action/_real_time_distance_s.c.o[0m
[13.979s] [ 90%] [32m[1mLinking C shared library rosidl_generator_py/demo_interfaces_base/libdemo_interfaces_base__rosidl_generator_py.so[0m
[14.080s] [ 90%] Built target demo_interfaces_base__rosidl_generator_py
[14.158s] [ 92%] [32mBuilding C object CMakeFiles/demo_interfaces_base__rosidl_typesupport_introspection_c__pyext.dir/rosidl_generator_py/demo_interfaces_base/_demo_interfaces_base_s.ep.rosidl_typesupport_introspection_c.c.o[0m
[14.159s] [ 93%] [32mBuilding C object CMakeFiles/demo_interfaces_base__rosidl_typesupport_fastrtps_c__pyext.dir/rosidl_generator_py/demo_interfaces_base/_demo_interfaces_base_s.ep.rosidl_typesupport_fastrtps_c.c.o[0m
[14.179s] [ 95%] [32mBuilding C object CMakeFiles/demo_interfaces_base__rosidl_typesupport_c__pyext.dir/rosidl_generator_py/demo_interfaces_base/_demo_interfaces_base_s.ep.rosidl_typesupport_c.c.o[0m
[14.549s] [ 96%] [32m[1mLinking C shared library rosidl_generator_py/demo_interfaces_base/demo_interfaces_base_s__rosidl_typesupport_c.cpython-310-x86_64-linux-gnu.so[0m
[14.580s] [ 98%] [32m[1mLinking C shared library rosidl_generator_py/demo_interfaces_base/demo_interfaces_base_s__rosidl_typesupport_fastrtps_c.cpython-310-x86_64-linux-gnu.so[0m
[14.658s] [100%] [32m[1mLinking C shared library rosidl_generator_py/demo_interfaces_base/demo_interfaces_base_s__rosidl_typesupport_introspection_c.cpython-310-x86_64-linux-gnu.so[0m
[14.710s] [100%] Built target demo_interfaces_base__rosidl_typesupport_c__pyext
[14.714s] [100%] Built target demo_interfaces_base__rosidl_typesupport_fastrtps_c__pyext
[14.759s] [100%] Built target demo_interfaces_base__rosidl_typesupport_introspection_c__pyext
[14.790s] Invoked command in '/home/ros2/exam/build/demo_interfaces_base' returned '0': CMAKE_PREFIX_PATH=${CMAKE_PREFIX_PATH}:/opt/ros/humble /usr/bin/cmake --build /home/ros2/exam/build/demo_interfaces_base -- -j12 -l12
[14.792s] Invoking command in '/home/ros2/exam/build/demo_interfaces_base': CMAKE_PREFIX_PATH=${CMAKE_PREFIX_PATH}:/opt/ros/humble /usr/bin/cmake --install /home/ros2/exam/build/demo_interfaces_base
[14.811s] -- Install configuration: ""
[14.812s] -- Installing: /home/ros2/exam/install/demo_interfaces_base/share/ament_index/resource_index/rosidl_interfaces/demo_interfaces_base
[14.817s] -- Installing: /home/ros2/exam/install/demo_interfaces_base/include/demo_interfaces_base/demo_interfaces_base
[14.820s] -- Installing: /home/ros2/exam/install/demo_interfaces_base/include/demo_interfaces_base/demo_interfaces_base/msg
[14.820s] -- Installing: /home/ros2/exam/install/demo_interfaces_base/include/demo_interfaces_base/demo_interfaces_base/msg/rosidl_generator_c__visibility_control.h
[14.822s] -- Installing: /home/ros2/exam/install/demo_interfaces_base/include/demo_interfaces_base/demo_interfaces_base/msg/student.h
[14.822s] -- Installing: /home/ros2/exam/install/demo_interfaces_base/include/demo_interfaces_base/demo_interfaces_base/msg/detail
[14.822s] -- Installing: /home/ros2/exam/install/demo_interfaces_base/include/demo_interfaces_base/demo_interfaces_base/msg/detail/student__struct.h
[14.822s] -- Installing: /home/ros2/exam/install/demo_interfaces_base/include/demo_interfaces_base/demo_interfaces_base/msg/detail/student__functions.h
[14.822s] -- Installing: /home/ros2/exam/install/demo_interfaces_base/include/demo_interfaces_base/demo_interfaces_base/msg/detail/student__functions.c
[14.822s] -- Installing: /home/ros2/exam/install/demo_interfaces_base/include/demo_interfaces_base/demo_interfaces_base/msg/detail/student__type_support.h
[14.823s] -- Installing: /home/ros2/exam/install/demo_interfaces_base/include/demo_interfaces_base/demo_interfaces_base/srv
[14.823s] -- Installing: /home/ros2/exam/install/demo_interfaces_base/include/demo_interfaces_base/demo_interfaces_base/srv/calculation.h
[14.823s] -- Installing: /home/ros2/exam/install/demo_interfaces_base/include/demo_interfaces_base/demo_interfaces_base/srv/detail
[14.823s] -- Installing: /home/ros2/exam/install/demo_interfaces_base/include/demo_interfaces_base/demo_interfaces_base/srv/detail/calculation__functions.c
[14.823s] -- Installing: /home/ros2/exam/install/demo_interfaces_base/include/demo_interfaces_base/demo_interfaces_base/srv/detail/distance__functions.h
[14.823s] -- Installing: /home/ros2/exam/install/demo_interfaces_base/include/demo_interfaces_base/demo_interfaces_base/srv/detail/distance__functions.c
[14.823s] -- Installing: /home/ros2/exam/install/demo_interfaces_base/include/demo_interfaces_base/demo_interfaces_base/srv/detail/calculation__type_support.h
[14.823s] -- Installing: /home/ros2/exam/install/demo_interfaces_base/include/demo_interfaces_base/demo_interfaces_base/srv/detail/calculation__struct.h
[14.823s] -- Installing: /home/ros2/exam/install/demo_interfaces_base/include/demo_interfaces_base/demo_interfaces_base/srv/detail/distance__type_support.h
[14.824s] -- Installing: /home/ros2/exam/install/demo_interfaces_base/include/demo_interfaces_base/demo_interfaces_base/srv/detail/calculation__functions.h
[14.824s] -- Installing: /home/ros2/exam/install/demo_interfaces_base/include/demo_interfaces_base/demo_interfaces_base/srv/detail/distance__struct.h
[14.824s] -- Installing: /home/ros2/exam/install/demo_interfaces_base/include/demo_interfaces_base/demo_interfaces_base/srv/distance.h
[14.824s] -- Installing: /home/ros2/exam/install/demo_interfaces_base/include/demo_interfaces_base/demo_interfaces_base/action
[14.824s] -- Installing: /home/ros2/exam/install/demo_interfaces_base/include/demo_interfaces_base/demo_interfaces_base/action/action.h
[14.824s] -- Installing: /home/ros2/exam/install/demo_interfaces_base/include/demo_interfaces_base/demo_interfaces_base/action/detail
[14.824s] -- Installing: /home/ros2/exam/install/demo_interfaces_base/include/demo_interfaces_base/demo_interfaces_base/action/detail/real_time_distance__functions.c
[14.825s] -- Installing: /home/ros2/exam/install/demo_interfaces_base/include/demo_interfaces_base/demo_interfaces_base/action/detail/action__functions.h
[14.825s] -- Installing: /home/ros2/exam/install/demo_interfaces_base/include/demo_interfaces_base/demo_interfaces_base/action/detail/action__functions.c
[14.825s] -- Installing: /home/ros2/exam/install/demo_interfaces_base/include/demo_interfaces_base/demo_interfaces_base/action/detail/real_time_distance__type_support.h
[14.825s] -- Installing: /home/ros2/exam/install/demo_interfaces_base/include/demo_interfaces_base/demo_interfaces_base/action/detail/real_time_distance__functions.h
[14.835s] -- Installing: /home/ros2/exam/install/demo_interfaces_base/include/demo_interfaces_base/demo_interfaces_base/action/detail/real_time_distance__struct.h
[14.837s] -- Installing: /home/ros2/exam/install/demo_interfaces_base/include/demo_interfaces_base/demo_interfaces_base/action/detail/action__struct.h
[14.837s] -- Installing: /home/ros2/exam/install/demo_interfaces_base/include/demo_interfaces_base/demo_interfaces_base/action/detail/action__type_support.h
[14.837s] -- Installing: /home/ros2/exam/install/demo_interfaces_base/include/demo_interfaces_base/demo_interfaces_base/action/real_time_distance.h
[14.838s] -- Installing: /home/ros2/exam/install/demo_interfaces_base/share/demo_interfaces_base/environment/library_path.sh
[14.838s] -- Installing: /home/ros2/exam/install/demo_interfaces_base/share/demo_interfaces_base/environment/library_path.dsv
[14.838s] -- Installing: /home/ros2/exam/install/demo_interfaces_base/lib/libdemo_interfaces_base__rosidl_generator_c.so
[14.838s] -- Set runtime path of "/home/ros2/exam/install/demo_interfaces_base/lib/libdemo_interfaces_base__rosidl_generator_c.so" to ""
[14.838s] -- Up-to-date: /home/ros2/exam/install/demo_interfaces_base/include/demo_interfaces_base/demo_interfaces_base
[14.838s] -- Up-to-date: /home/ros2/exam/install/demo_interfaces_base/include/demo_interfaces_base/demo_interfaces_base/msg
[14.838s] -- Up-to-date: /home/ros2/exam/install/demo_interfaces_base/include/demo_interfaces_base/demo_interfaces_base/msg/detail
[14.838s] -- Installing: /home/ros2/exam/install/demo_interfaces_base/include/demo_interfaces_base/demo_interfaces_base/msg/detail/student__rosidl_typesupport_fastrtps_c.h
[14.838s] -- Installing: /home/ros2/exam/install/demo_interfaces_base/include/demo_interfaces_base/demo_interfaces_base/msg/rosidl_typesupport_fastrtps_c__visibility_control.h
[14.838s] -- Up-to-date: /home/ros2/exam/install/demo_interfaces_base/include/demo_interfaces_base/demo_interfaces_base/srv
[14.839s] -- Up-to-date: /home/ros2/exam/install/demo_interfaces_base/include/demo_interfaces_base/demo_interfaces_base/srv/detail
[14.839s] -- Installing: /home/ros2/exam/install/demo_interfaces_base/include/demo_interfaces_base/demo_interfaces_base/srv/detail/calculation__rosidl_typesupport_fastrtps_c.h
[14.839s] -- Installing: /home/ros2/exam/install/demo_interfaces_base/include/demo_interfaces_base/demo_interfaces_base/srv/detail/distance__rosidl_typesupport_fastrtps_c.h
[14.839s] -- Up-to-date: /home/ros2/exam/install/demo_interfaces_base/include/demo_interfaces_base/demo_interfaces_base/action
[14.839s] -- Up-to-date: /home/ros2/exam/install/demo_interfaces_base/include/demo_interfaces_base/demo_interfaces_base/action/detail
[14.839s] -- Installing: /home/ros2/exam/install/demo_interfaces_base/include/demo_interfaces_base/demo_interfaces_base/action/detail/action__rosidl_typesupport_fastrtps_c.h
[14.840s] -- Installing: /home/ros2/exam/install/demo_interfaces_base/include/demo_interfaces_base/demo_interfaces_base/action/detail/real_time_distance__rosidl_typesupport_fastrtps_c.h
[14.840s] -- Installing: /home/ros2/exam/install/demo_interfaces_base/lib/libdemo_interfaces_base__rosidl_typesupport_fastrtps_c.so
[14.844s] -- Set runtime path of "/home/ros2/exam/install/demo_interfaces_base/lib/libdemo_interfaces_base__rosidl_typesupport_fastrtps_c.so" to ""
[14.845s] -- Up-to-date: /home/ros2/exam/install/demo_interfaces_base/include/demo_interfaces_base/demo_interfaces_base
[14.845s] -- Up-to-date: /home/ros2/exam/install/demo_interfaces_base/include/demo_interfaces_base/demo_interfaces_base/msg
[14.850s] -- Up-to-date: /home/ros2/exam/install/demo_interfaces_base/include/demo_interfaces_base/demo_interfaces_base/msg/detail
[14.850s] -- Installing: /home/ros2/exam/install/demo_interfaces_base/include/demo_interfaces_base/demo_interfaces_base/msg/detail/student__rosidl_typesupport_introspection_c.h
[14.850s] -- Installing: /home/ros2/exam/install/demo_interfaces_base/include/demo_interfaces_base/demo_interfaces_base/msg/detail/student__type_support.c
[14.850s] -- Installing: /home/ros2/exam/install/demo_interfaces_base/include/demo_interfaces_base/demo_interfaces_base/msg/rosidl_typesupport_introspection_c__visibility_control.h
[14.851s] -- Up-to-date: /home/ros2/exam/install/demo_interfaces_base/include/demo_interfaces_base/demo_interfaces_base/srv
[14.851s] -- Up-to-date: /home/ros2/exam/install/demo_interfaces_base/include/demo_interfaces_base/demo_interfaces_base/srv/detail
[14.851s] -- Installing: /home/ros2/exam/install/demo_interfaces_base/include/demo_interfaces_base/demo_interfaces_base/srv/detail/calculation__rosidl_typesupport_introspection_c.h
[14.851s] -- Installing: /home/ros2/exam/install/demo_interfaces_base/include/demo_interfaces_base/demo_interfaces_base/srv/detail/distance__rosidl_typesupport_introspection_c.h
[14.851s] -- Installing: /home/ros2/exam/install/demo_interfaces_base/include/demo_interfaces_base/demo_interfaces_base/srv/detail/calculation__type_support.c
[14.851s] -- Installing: /home/ros2/exam/install/demo_interfaces_base/include/demo_interfaces_base/demo_interfaces_base/srv/detail/distance__type_support.c
[14.852s] -- Up-to-date: /home/ros2/exam/install/demo_interfaces_base/include/demo_interfaces_base/demo_interfaces_base/action
[14.852s] -- Up-to-date: /home/ros2/exam/install/demo_interfaces_base/include/demo_interfaces_base/demo_interfaces_base/action/detail
[14.852s] -- Installing: /home/ros2/exam/install/demo_interfaces_base/include/demo_interfaces_base/demo_interfaces_base/action/detail/action__rosidl_typesupport_introspection_c.h
[14.852s] -- Installing: /home/ros2/exam/install/demo_interfaces_base/include/demo_interfaces_base/demo_interfaces_base/action/detail/real_time_distance__rosidl_typesupport_introspection_c.h
[14.852s] -- Installing: /home/ros2/exam/install/demo_interfaces_base/include/demo_interfaces_base/demo_interfaces_base/action/detail/real_time_distance__type_support.c
[14.852s] -- Installing: /home/ros2/exam/install/demo_interfaces_base/include/demo_interfaces_base/demo_interfaces_base/action/detail/action__type_support.c
[14.853s] -- Installing: /home/ros2/exam/install/demo_interfaces_base/lib/libdemo_interfaces_base__rosidl_typesupport_introspection_c.so
[14.853s] -- Set runtime path of "/home/ros2/exam/install/demo_interfaces_base/lib/libdemo_interfaces_base__rosidl_typesupport_introspection_c.so" to ""
[14.853s] -- Installing: /home/ros2/exam/install/demo_interfaces_base/lib/libdemo_interfaces_base__rosidl_typesupport_c.so
[14.853s] -- Set runtime path of "/home/ros2/exam/install/demo_interfaces_base/lib/libdemo_interfaces_base__rosidl_typesupport_c.so" to ""
[14.853s] -- Up-to-date: /home/ros2/exam/install/demo_interfaces_base/include/demo_interfaces_base/demo_interfaces_base
[14.853s] -- Up-to-date: /home/ros2/exam/install/demo_interfaces_base/include/demo_interfaces_base/demo_interfaces_base/msg
[14.853s] -- Installing: /home/ros2/exam/install/demo_interfaces_base/include/demo_interfaces_base/demo_interfaces_base/msg/rosidl_generator_cpp__visibility_control.hpp
[14.853s] -- Up-to-date: /home/ros2/exam/install/demo_interfaces_base/include/demo_interfaces_base/demo_interfaces_base/msg/detail
[14.853s] -- Installing: /home/ros2/exam/install/demo_interfaces_base/include/demo_interfaces_base/demo_interfaces_base/msg/detail/student__struct.hpp
[14.853s] -- Installing: /home/ros2/exam/install/demo_interfaces_base/include/demo_interfaces_base/demo_interfaces_base/msg/detail/student__traits.hpp
[14.853s] -- Installing: /home/ros2/exam/install/demo_interfaces_base/include/demo_interfaces_base/demo_interfaces_base/msg/detail/student__type_support.hpp
[14.857s] -- Installing: /home/ros2/exam/install/demo_interfaces_base/include/demo_interfaces_base/demo_interfaces_base/msg/detail/student__builder.hpp
[14.858s] -- Installing: /home/ros2/exam/install/demo_interfaces_base/include/demo_interfaces_base/demo_interfaces_base/msg/student.hpp
[14.858s] -- Up-to-date: /home/ros2/exam/install/demo_interfaces_base/include/demo_interfaces_base/demo_interfaces_base/srv
[14.859s] -- Installing: /home/ros2/exam/install/demo_interfaces_base/include/demo_interfaces_base/demo_interfaces_base/srv/calculation.hpp
[14.859s] -- Up-to-date: /home/ros2/exam/install/demo_interfaces_base/include/demo_interfaces_base/demo_interfaces_base/srv/detail
[14.859s] -- Installing: /home/ros2/exam/install/demo_interfaces_base/include/demo_interfaces_base/demo_interfaces_base/srv/detail/calculation__traits.hpp
[14.859s] -- Installing: /home/ros2/exam/install/demo_interfaces_base/include/demo_interfaces_base/demo_interfaces_base/srv/detail/calculation__type_support.hpp
[14.859s] -- Installing: /home/ros2/exam/install/demo_interfaces_base/include/demo_interfaces_base/demo_interfaces_base/srv/detail/distance__type_support.hpp
[14.860s] -- Installing: /home/ros2/exam/install/demo_interfaces_base/include/demo_interfaces_base/demo_interfaces_base/srv/detail/distance__struct.hpp
[14.860s] -- Installing: /home/ros2/exam/install/demo_interfaces_base/include/demo_interfaces_base/demo_interfaces_base/srv/detail/distance__traits.hpp
[14.860s] -- Installing: /home/ros2/exam/install/demo_interfaces_base/include/demo_interfaces_base/demo_interfaces_base/srv/detail/distance__builder.hpp
[14.860s] -- Installing: /home/ros2/exam/install/demo_interfaces_base/include/demo_interfaces_base/demo_interfaces_base/srv/detail/calculation__struct.hpp
[14.860s] -- Installing: /home/ros2/exam/install/demo_interfaces_base/include/demo_interfaces_base/demo_interfaces_base/srv/detail/calculation__builder.hpp
[14.860s] -- Installing: /home/ros2/exam/install/demo_interfaces_base/include/demo_interfaces_base/demo_interfaces_base/srv/distance.hpp
[14.863s] -- Up-to-date: /home/ros2/exam/install/demo_interfaces_base/include/demo_interfaces_base/demo_interfaces_base/action
[14.863s] -- Installing: /home/ros2/exam/install/demo_interfaces_base/include/demo_interfaces_base/demo_interfaces_base/action/real_time_distance.hpp
[14.864s] -- Up-to-date: /home/ros2/exam/install/demo_interfaces_base/include/demo_interfaces_base/demo_interfaces_base/action/detail
[14.864s] -- Installing: /home/ros2/exam/install/demo_interfaces_base/include/demo_interfaces_base/demo_interfaces_base/action/detail/action__type_support.hpp
[14.864s] -- Installing: /home/ros2/exam/install/demo_interfaces_base/include/demo_interfaces_base/demo_interfaces_base/action/detail/real_time_distance__builder.hpp
[14.864s] -- Installing: /home/ros2/exam/install/demo_interfaces_base/include/demo_interfaces_base/demo_interfaces_base/action/detail/action__traits.hpp
[14.865s] -- Installing: /home/ros2/exam/install/demo_interfaces_base/include/demo_interfaces_base/demo_interfaces_base/action/detail/action__builder.hpp
[14.865s] -- Installing: /home/ros2/exam/install/demo_interfaces_base/include/demo_interfaces_base/demo_interfaces_base/action/detail/real_time_distance__type_support.hpp
[14.865s] -- Installing: /home/ros2/exam/install/demo_interfaces_base/include/demo_interfaces_base/demo_interfaces_base/action/detail/real_time_distance__traits.hpp
[14.865s] -- Installing: /home/ros2/exam/install/demo_interfaces_base/include/demo_interfaces_base/demo_interfaces_base/action/detail/action__struct.hpp
[14.865s] -- Installing: /home/ros2/exam/install/demo_interfaces_base/include/demo_interfaces_base/demo_interfaces_base/action/detail/real_time_distance__struct.hpp
[14.865s] -- Installing: /home/ros2/exam/install/demo_interfaces_base/include/demo_interfaces_base/demo_interfaces_base/action/action.hpp
[14.865s] -- Up-to-date: /home/ros2/exam/install/demo_interfaces_base/include/demo_interfaces_base/demo_interfaces_base
[14.865s] -- Up-to-date: /home/ros2/exam/install/demo_interfaces_base/include/demo_interfaces_base/demo_interfaces_base/msg
[14.865s] -- Installing: /home/ros2/exam/install/demo_interfaces_base/include/demo_interfaces_base/demo_interfaces_base/msg/rosidl_typesupport_fastrtps_cpp__visibility_control.h
[14.866s] -- Up-to-date: /home/ros2/exam/install/demo_interfaces_base/include/demo_interfaces_base/demo_interfaces_base/msg/detail
[14.866s] -- Installing: /home/ros2/exam/install/demo_interfaces_base/include/demo_interfaces_base/demo_interfaces_base/msg/detail/student__rosidl_typesupport_fastrtps_cpp.hpp
[14.866s] -- Installing: /home/ros2/exam/install/demo_interfaces_base/include/demo_interfaces_base/demo_interfaces_base/msg/detail/dds_fastrtps
[14.866s] -- Up-to-date: /home/ros2/exam/install/demo_interfaces_base/include/demo_interfaces_base/demo_interfaces_base/srv
[14.866s] -- Up-to-date: /home/ros2/exam/install/demo_interfaces_base/include/demo_interfaces_base/demo_interfaces_base/srv/detail
[14.866s] -- Installing: /home/ros2/exam/install/demo_interfaces_base/include/demo_interfaces_base/demo_interfaces_base/srv/detail/dds_fastrtps
[14.866s] -- Installing: /home/ros2/exam/install/demo_interfaces_base/include/demo_interfaces_base/demo_interfaces_base/srv/detail/distance__rosidl_typesupport_fastrtps_cpp.hpp
[14.867s] -- Installing: /home/ros2/exam/install/demo_interfaces_base/include/demo_interfaces_base/demo_interfaces_base/srv/detail/calculation__rosidl_typesupport_fastrtps_cpp.hpp
[14.867s] -- Up-to-date: /home/ros2/exam/install/demo_interfaces_base/include/demo_interfaces_base/demo_interfaces_base/action
[14.867s] -- Up-to-date: /home/ros2/exam/install/demo_interfaces_base/include/demo_interfaces_base/demo_interfaces_base/action/detail
[14.867s] -- Installing: /home/ros2/exam/install/demo_interfaces_base/include/demo_interfaces_base/demo_interfaces_base/action/detail/action__rosidl_typesupport_fastrtps_cpp.hpp
[14.867s] -- Installing: /home/ros2/exam/install/demo_interfaces_base/include/demo_interfaces_base/demo_interfaces_base/action/detail/dds_fastrtps
[14.867s] -- Installing: /home/ros2/exam/install/demo_interfaces_base/include/demo_interfaces_base/demo_interfaces_base/action/detail/real_time_distance__rosidl_typesupport_fastrtps_cpp.hpp
[14.867s] -- Installing: /home/ros2/exam/install/demo_interfaces_base/lib/libdemo_interfaces_base__rosidl_typesupport_fastrtps_cpp.so
[14.868s] -- Set runtime path of "/home/ros2/exam/install/demo_interfaces_base/lib/libdemo_interfaces_base__rosidl_typesupport_fastrtps_cpp.so" to ""
[14.868s] -- Up-to-date: /home/ros2/exam/install/demo_interfaces_base/include/demo_interfaces_base/demo_interfaces_base
[14.871s] -- Up-to-date: /home/ros2/exam/install/demo_interfaces_base/include/demo_interfaces_base/demo_interfaces_base/msg
[14.871s] -- Up-to-date: /home/ros2/exam/install/demo_interfaces_base/include/demo_interfaces_base/demo_interfaces_base/msg/detail
[14.871s] -- Installing: /home/ros2/exam/install/demo_interfaces_base/include/demo_interfaces_base/demo_interfaces_base/msg/detail/student__type_support.cpp
[14.871s] -- Installing: /home/ros2/exam/install/demo_interfaces_base/include/demo_interfaces_base/demo_interfaces_base/msg/detail/student__rosidl_typesupport_introspection_cpp.hpp
[14.871s] -- Up-to-date: /home/ros2/exam/install/demo_interfaces_base/include/demo_interfaces_base/demo_interfaces_base/srv
[14.871s] -- Up-to-date: /home/ros2/exam/install/demo_interfaces_base/include/demo_interfaces_base/demo_interfaces_base/srv/detail
[14.872s] -- Installing: /home/ros2/exam/install/demo_interfaces_base/include/demo_interfaces_base/demo_interfaces_base/srv/detail/calculation__type_support.cpp
[14.872s] -- Installing: /home/ros2/exam/install/demo_interfaces_base/include/demo_interfaces_base/demo_interfaces_base/srv/detail/distance__rosidl_typesupport_introspection_cpp.hpp
[14.872s] -- Installing: /home/ros2/exam/install/demo_interfaces_base/include/demo_interfaces_base/demo_interfaces_base/srv/detail/calculation__rosidl_typesupport_introspection_cpp.hpp
[14.872s] -- Installing: /home/ros2/exam/install/demo_interfaces_base/include/demo_interfaces_base/demo_interfaces_base/srv/detail/distance__type_support.cpp
[14.872s] -- Up-to-date: /home/ros2/exam/install/demo_interfaces_base/include/demo_interfaces_base/demo_interfaces_base/action
[14.872s] -- Up-to-date: /home/ros2/exam/install/demo_interfaces_base/include/demo_interfaces_base/demo_interfaces_base/action/detail
[14.872s] -- Installing: /home/ros2/exam/install/demo_interfaces_base/include/demo_interfaces_base/demo_interfaces_base/action/detail/real_time_distance__type_support.cpp
[14.872s] -- Installing: /home/ros2/exam/install/demo_interfaces_base/include/demo_interfaces_base/demo_interfaces_base/action/detail/action__type_support.cpp
[14.872s] -- Installing: /home/ros2/exam/install/demo_interfaces_base/include/demo_interfaces_base/demo_interfaces_base/action/detail/real_time_distance__rosidl_typesupport_introspection_cpp.hpp
[14.872s] -- Installing: /home/ros2/exam/install/demo_interfaces_base/include/demo_interfaces_base/demo_interfaces_base/action/detail/action__rosidl_typesupport_introspection_cpp.hpp
[14.872s] -- Installing: /home/ros2/exam/install/demo_interfaces_base/lib/libdemo_interfaces_base__rosidl_typesupport_introspection_cpp.so
[14.872s] -- Set runtime path of "/home/ros2/exam/install/demo_interfaces_base/lib/libdemo_interfaces_base__rosidl_typesupport_introspection_cpp.so" to ""
[14.873s] -- Installing: /home/ros2/exam/install/demo_interfaces_base/lib/libdemo_interfaces_base__rosidl_typesupport_cpp.so
[14.873s] -- Set runtime path of "/home/ros2/exam/install/demo_interfaces_base/lib/libdemo_interfaces_base__rosidl_typesupport_cpp.so" to ""
[14.873s] -- Installing: /home/ros2/exam/install/demo_interfaces_base/share/demo_interfaces_base/environment/pythonpath.sh
[14.873s] -- Installing: /home/ros2/exam/install/demo_interfaces_base/share/demo_interfaces_base/environment/pythonpath.dsv
[14.873s] -- Installing: /home/ros2/exam/install/demo_interfaces_base/local/lib/python3.10/dist-packages/demo_interfaces_base-0.0.0-py3.10.egg-info
[14.873s] -- Installing: /home/ros2/exam/install/demo_interfaces_base/local/lib/python3.10/dist-packages/demo_interfaces_base-0.0.0-py3.10.egg-info/PKG-INFO
[14.873s] -- Installing: /home/ros2/exam/install/demo_interfaces_base/local/lib/python3.10/dist-packages/demo_interfaces_base-0.0.0-py3.10.egg-info/top_level.txt
[14.873s] -- Installing: /home/ros2/exam/install/demo_interfaces_base/local/lib/python3.10/dist-packages/demo_interfaces_base-0.0.0-py3.10.egg-info/dependency_links.txt
[14.873s] -- Installing: /home/ros2/exam/install/demo_interfaces_base/local/lib/python3.10/dist-packages/demo_interfaces_base-0.0.0-py3.10.egg-info/SOURCES.txt
[14.873s] -- Installing: /home/ros2/exam/install/demo_interfaces_base/local/lib/python3.10/dist-packages/demo_interfaces_base
[14.874s] -- Installing: /home/ros2/exam/install/demo_interfaces_base/local/lib/python3.10/dist-packages/demo_interfaces_base/msg
[14.874s] -- Installing: /home/ros2/exam/install/demo_interfaces_base/local/lib/python3.10/dist-packages/demo_interfaces_base/msg/_student_s.c
[14.874s] -- Installing: /home/ros2/exam/install/demo_interfaces_base/local/lib/python3.10/dist-packages/demo_interfaces_base/msg/_student.py
[14.874s] -- Installing: /home/ros2/exam/install/demo_interfaces_base/local/lib/python3.10/dist-packages/demo_interfaces_base/msg/__init__.py
[14.874s] -- Installing: /home/ros2/exam/install/demo_interfaces_base/local/lib/python3.10/dist-packages/demo_interfaces_base/srv
[14.874s] -- Installing: /home/ros2/exam/install/demo_interfaces_base/local/lib/python3.10/dist-packages/demo_interfaces_base/srv/_distance_s.c
[14.874s] -- Installing: /home/ros2/exam/install/demo_interfaces_base/local/lib/python3.10/dist-packages/demo_interfaces_base/srv/_distance.py
[14.874s] -- Installing: /home/ros2/exam/install/demo_interfaces_base/local/lib/python3.10/dist-packages/demo_interfaces_base/srv/__init__.py
[14.874s] -- Installing: /home/ros2/exam/install/demo_interfaces_base/local/lib/python3.10/dist-packages/demo_interfaces_base/srv/_calculation_s.c
[14.874s] -- Installing: /home/ros2/exam/install/demo_interfaces_base/local/lib/python3.10/dist-packages/demo_interfaces_base/srv/_calculation.py
[14.874s] -- Installing: /home/ros2/exam/install/demo_interfaces_base/local/lib/python3.10/dist-packages/demo_interfaces_base/demo_interfaces_base_s__rosidl_typesupport_introspection_c.cpython-310-x86_64-linux-gnu.so
[14.875s] -- Installing: /home/ros2/exam/install/demo_interfaces_base/local/lib/python3.10/dist-packages/demo_interfaces_base/libdemo_interfaces_base__rosidl_generator_py.so
[14.875s] -- Installing: /home/ros2/exam/install/demo_interfaces_base/local/lib/python3.10/dist-packages/demo_interfaces_base/__init__.py
[14.880s] -- Installing: /home/ros2/exam/install/demo_interfaces_base/local/lib/python3.10/dist-packages/demo_interfaces_base/action
[14.880s] -- Installing: /home/ros2/exam/install/demo_interfaces_base/local/lib/python3.10/dist-packages/demo_interfaces_base/action/_action_s.c
[14.880s] -- Installing: /home/ros2/exam/install/demo_interfaces_base/local/lib/python3.10/dist-packages/demo_interfaces_base/action/__init__.py
[14.880s] -- Installing: /home/ros2/exam/install/demo_interfaces_base/local/lib/python3.10/dist-packages/demo_interfaces_base/action/_real_time_distance.py
[14.880s] -- Installing: /home/ros2/exam/install/demo_interfaces_base/local/lib/python3.10/dist-packages/demo_interfaces_base/action/_action.py
[14.880s] -- Installing: /home/ros2/exam/install/demo_interfaces_base/local/lib/python3.10/dist-packages/demo_interfaces_base/action/_real_time_distance_s.c
[14.881s] -- Installing: /home/ros2/exam/install/demo_interfaces_base/local/lib/python3.10/dist-packages/demo_interfaces_base/demo_interfaces_base_s__rosidl_typesupport_c.cpython-310-x86_64-linux-gnu.so
[14.881s] -- Installing: /home/ros2/exam/install/demo_interfaces_base/local/lib/python3.10/dist-packages/demo_interfaces_base/_demo_interfaces_base_s.ep.rosidl_typesupport_introspection_c.c
[14.881s] -- Installing: /home/ros2/exam/install/demo_interfaces_base/local/lib/python3.10/dist-packages/demo_interfaces_base/_demo_interfaces_base_s.ep.rosidl_typesupport_c.c
[14.881s] -- Installing: /home/ros2/exam/install/demo_interfaces_base/local/lib/python3.10/dist-packages/demo_interfaces_base/demo_interfaces_base_s__rosidl_typesupport_fastrtps_c.cpython-310-x86_64-linux-gnu.so
[14.881s] -- Installing: /home/ros2/exam/install/demo_interfaces_base/local/lib/python3.10/dist-packages/demo_interfaces_base/_demo_interfaces_base_s.ep.rosidl_typesupport_fastrtps_c.c
[14.977s] Listing '/home/ros2/exam/install/demo_interfaces_base/local/lib/python3.10/dist-packages/demo_interfaces_base'...
[14.979s] Compiling '/home/ros2/exam/install/demo_interfaces_base/local/lib/python3.10/dist-packages/demo_interfaces_base/__init__.py'...
[14.979s] Listing '/home/ros2/exam/install/demo_interfaces_base/local/lib/python3.10/dist-packages/demo_interfaces_base/action'...
[14.979s] Compiling '/home/ros2/exam/install/demo_interfaces_base/local/lib/python3.10/dist-packages/demo_interfaces_base/action/__init__.py'...
[14.979s] Compiling '/home/ros2/exam/install/demo_interfaces_base/local/lib/python3.10/dist-packages/demo_interfaces_base/action/_action.py'...
[14.979s] Compiling '/home/ros2/exam/install/demo_interfaces_base/local/lib/python3.10/dist-packages/demo_interfaces_base/action/_real_time_distance.py'...
[14.980s] Listing '/home/ros2/exam/install/demo_interfaces_base/local/lib/python3.10/dist-packages/demo_interfaces_base/msg'...
[14.980s] Compiling '/home/ros2/exam/install/demo_interfaces_base/local/lib/python3.10/dist-packages/demo_interfaces_base/msg/__init__.py'...
[14.980s] Compiling '/home/ros2/exam/install/demo_interfaces_base/local/lib/python3.10/dist-packages/demo_interfaces_base/msg/_student.py'...
[14.980s] Listing '/home/ros2/exam/install/demo_interfaces_base/local/lib/python3.10/dist-packages/demo_interfaces_base/srv'...
[14.980s] Compiling '/home/ros2/exam/install/demo_interfaces_base/local/lib/python3.10/dist-packages/demo_interfaces_base/srv/__init__.py'...
[14.980s] Compiling '/home/ros2/exam/install/demo_interfaces_base/local/lib/python3.10/dist-packages/demo_interfaces_base/srv/_calculation.py'...
[14.980s] Compiling '/home/ros2/exam/install/demo_interfaces_base/local/lib/python3.10/dist-packages/demo_interfaces_base/srv/_distance.py'...
[14.990s] -- Installing: /home/ros2/exam/install/demo_interfaces_base/local/lib/python3.10/dist-packages/demo_interfaces_base/demo_interfaces_base_s__rosidl_typesupport_fastrtps_c.cpython-310-x86_64-linux-gnu.so
[14.991s] -- Set runtime path of "/home/ros2/exam/install/demo_interfaces_base/local/lib/python3.10/dist-packages/demo_interfaces_base/demo_interfaces_base_s__rosidl_typesupport_fastrtps_c.cpython-310-x86_64-linux-gnu.so" to ""
[14.994s] -- Installing: /home/ros2/exam/install/demo_interfaces_base/local/lib/python3.10/dist-packages/demo_interfaces_base/demo_interfaces_base_s__rosidl_typesupport_introspection_c.cpython-310-x86_64-linux-gnu.so
[14.994s] -- Set runtime path of "/home/ros2/exam/install/demo_interfaces_base/local/lib/python3.10/dist-packages/demo_interfaces_base/demo_interfaces_base_s__rosidl_typesupport_introspection_c.cpython-310-x86_64-linux-gnu.so" to ""
[14.994s] -- Installing: /home/ros2/exam/install/demo_interfaces_base/local/lib/python3.10/dist-packages/demo_interfaces_base/demo_interfaces_base_s__rosidl_typesupport_c.cpython-310-x86_64-linux-gnu.so
[14.994s] -- Set runtime path of "/home/ros2/exam/install/demo_interfaces_base/local/lib/python3.10/dist-packages/demo_interfaces_base/demo_interfaces_base_s__rosidl_typesupport_c.cpython-310-x86_64-linux-gnu.so" to ""
[14.995s] -- Installing: /home/ros2/exam/install/demo_interfaces_base/lib/libdemo_interfaces_base__rosidl_generator_py.so
[14.996s] -- Set runtime path of "/home/ros2/exam/install/demo_interfaces_base/lib/libdemo_interfaces_base__rosidl_generator_py.so" to ""
[14.996s] -- Installing: /home/ros2/exam/install/demo_interfaces_base/share/demo_interfaces_base/msg/Student.idl
[14.996s] -- Installing: /home/ros2/exam/install/demo_interfaces_base/share/demo_interfaces_base/srv/Calculation.idl
[14.998s] -- Installing: /home/ros2/exam/install/demo_interfaces_base/share/demo_interfaces_base/srv/Distance.idl
[14.998s] -- Installing: /home/ros2/exam/install/demo_interfaces_base/share/demo_interfaces_base/action/Action.idl
[15.000s] -- Installing: /home/ros2/exam/install/demo_interfaces_base/share/demo_interfaces_base/action/RealTimeDistance.idl
[15.000s] -- Installing: /home/ros2/exam/install/demo_interfaces_base/share/demo_interfaces_base/msg/Student.msg
[15.000s] -- Installing: /home/ros2/exam/install/demo_interfaces_base/share/demo_interfaces_base/srv/Calculation.srv
[15.001s] -- Installing: /home/ros2/exam/install/demo_interfaces_base/share/demo_interfaces_base/srv/Calculation_Request.msg
[15.001s] -- Installing: /home/ros2/exam/install/demo_interfaces_base/share/demo_interfaces_base/srv/Calculation_Response.msg
[15.001s] -- Installing: /home/ros2/exam/install/demo_interfaces_base/share/demo_interfaces_base/srv/Distance.srv
[15.001s] -- Installing: /home/ros2/exam/install/demo_interfaces_base/share/demo_interfaces_base/srv/Distance_Request.msg
[15.001s] -- Installing: /home/ros2/exam/install/demo_interfaces_base/share/demo_interfaces_base/srv/Distance_Response.msg
[15.001s] -- Installing: /home/ros2/exam/install/demo_interfaces_base/share/demo_interfaces_base/action/Action.action
[15.001s] -- Installing: /home/ros2/exam/install/demo_interfaces_base/share/demo_interfaces_base/action/RealTimeDistance.action
[15.001s] -- Installing: /home/ros2/exam/install/demo_interfaces_base/share/ament_index/resource_index/package_run_dependencies/demo_interfaces_base
[15.004s] -- Installing: /home/ros2/exam/install/demo_interfaces_base/share/ament_index/resource_index/parent_prefix_path/demo_interfaces_base
[15.005s] -- Installing: /home/ros2/exam/install/demo_interfaces_base/share/demo_interfaces_base/environment/ament_prefix_path.sh
[15.005s] -- Installing: /home/ros2/exam/install/demo_interfaces_base/share/demo_interfaces_base/environment/ament_prefix_path.dsv
[15.005s] -- Installing: /home/ros2/exam/install/demo_interfaces_base/share/demo_interfaces_base/environment/path.sh
[15.005s] -- Installing: /home/ros2/exam/install/demo_interfaces_base/share/demo_interfaces_base/environment/path.dsv
[15.005s] -- Installing: /home/ros2/exam/install/demo_interfaces_base/share/demo_interfaces_base/local_setup.bash
[15.005s] -- Installing: /home/ros2/exam/install/demo_interfaces_base/share/demo_interfaces_base/local_setup.sh
[15.005s] -- Installing: /home/ros2/exam/install/demo_interfaces_base/share/demo_interfaces_base/local_setup.zsh
[15.005s] -- Installing: /home/ros2/exam/install/demo_interfaces_base/share/demo_interfaces_base/local_setup.dsv
[15.006s] -- Installing: /home/ros2/exam/install/demo_interfaces_base/share/demo_interfaces_base/package.dsv
[15.008s] -- Installing: /home/ros2/exam/install/demo_interfaces_base/share/ament_index/resource_index/packages/demo_interfaces_base
[15.010s] -- Installing: /home/ros2/exam/install/demo_interfaces_base/share/demo_interfaces_base/cmake/export_demo_interfaces_base__rosidl_generator_cExport.cmake
[15.014s] -- Installing: /home/ros2/exam/install/demo_interfaces_base/share/demo_interfaces_base/cmake/export_demo_interfaces_base__rosidl_generator_cExport-noconfig.cmake
[15.015s] -- Installing: /home/ros2/exam/install/demo_interfaces_base/share/demo_interfaces_base/cmake/export_demo_interfaces_base__rosidl_typesupport_fastrtps_cExport.cmake
[15.015s] -- Installing: /home/ros2/exam/install/demo_interfaces_base/share/demo_interfaces_base/cmake/export_demo_interfaces_base__rosidl_typesupport_fastrtps_cExport-noconfig.cmake
[15.015s] -- Installing: /home/ros2/exam/install/demo_interfaces_base/share/demo_interfaces_base/cmake/demo_interfaces_base__rosidl_typesupport_introspection_cExport.cmake
[15.016s] -- Installing: /home/ros2/exam/install/demo_interfaces_base/share/demo_interfaces_base/cmake/demo_interfaces_base__rosidl_typesupport_introspection_cExport-noconfig.cmake
[15.016s] -- Installing: /home/ros2/exam/install/demo_interfaces_base/share/demo_interfaces_base/cmake/demo_interfaces_base__rosidl_typesupport_cExport.cmake
[15.016s] -- Installing: /home/ros2/exam/install/demo_interfaces_base/share/demo_interfaces_base/cmake/demo_interfaces_base__rosidl_typesupport_cExport-noconfig.cmake
[15.018s] -- Installing: /home/ros2/exam/install/demo_interfaces_base/share/demo_interfaces_base/cmake/export_demo_interfaces_base__rosidl_generator_cppExport.cmake
[15.018s] -- Installing: /home/ros2/exam/install/demo_interfaces_base/share/demo_interfaces_base/cmake/export_demo_interfaces_base__rosidl_typesupport_fastrtps_cppExport.cmake
[15.018s] -- Installing: /home/ros2/exam/install/demo_interfaces_base/share/demo_interfaces_base/cmake/export_demo_interfaces_base__rosidl_typesupport_fastrtps_cppExport-noconfig.cmake
[15.018s] -- Installing: /home/ros2/exam/install/demo_interfaces_base/share/demo_interfaces_base/cmake/demo_interfaces_base__rosidl_typesupport_introspection_cppExport.cmake
[15.019s] -- Installing: /home/ros2/exam/install/demo_interfaces_base/share/demo_interfaces_base/cmake/demo_interfaces_base__rosidl_typesupport_introspection_cppExport-noconfig.cmake
[15.019s] -- Installing: /home/ros2/exam/install/demo_interfaces_base/share/demo_interfaces_base/cmake/demo_interfaces_base__rosidl_typesupport_cppExport.cmake
[15.019s] -- Installing: /home/ros2/exam/install/demo_interfaces_base/share/demo_interfaces_base/cmake/demo_interfaces_base__rosidl_typesupport_cppExport-noconfig.cmake
[15.019s] -- Installing: /home/ros2/exam/install/demo_interfaces_base/share/demo_interfaces_base/cmake/export_demo_interfaces_base__rosidl_generator_pyExport.cmake
[15.019s] -- Installing: /home/ros2/exam/install/demo_interfaces_base/share/demo_interfaces_base/cmake/export_demo_interfaces_base__rosidl_generator_pyExport-noconfig.cmake
[15.020s] -- Installing: /home/ros2/exam/install/demo_interfaces_base/share/demo_interfaces_base/cmake/rosidl_cmake-extras.cmake
[15.020s] -- Installing: /home/ros2/exam/install/demo_interfaces_base/share/demo_interfaces_base/cmake/ament_cmake_export_dependencies-extras.cmake
[15.020s] -- Installing: /home/ros2/exam/install/demo_interfaces_base/share/demo_interfaces_base/cmake/ament_cmake_export_include_directories-extras.cmake
[15.025s] -- Installing: /home/ros2/exam/install/demo_interfaces_base/share/demo_interfaces_base/cmake/ament_cmake_export_libraries-extras.cmake
[15.030s] -- Installing: /home/ros2/exam/install/demo_interfaces_base/share/demo_interfaces_base/cmake/ament_cmake_export_targets-extras.cmake
[15.036s] -- Installing: /home/ros2/exam/install/demo_interfaces_base/share/demo_interfaces_base/cmake/rosidl_cmake_export_typesupport_targets-extras.cmake
[15.036s] -- Installing: /home/ros2/exam/install/demo_interfaces_base/share/demo_interfaces_base/cmake/rosidl_cmake_export_typesupport_libraries-extras.cmake
[15.036s] -- Installing: /home/ros2/exam/install/demo_interfaces_base/share/demo_interfaces_base/cmake/demo_interfaces_baseConfig.cmake
[15.036s] -- Installing: /home/ros2/exam/install/demo_interfaces_base/share/demo_interfaces_base/cmake/demo_interfaces_baseConfig-version.cmake
[15.036s] -- Installing: /home/ros2/exam/install/demo_interfaces_base/share/demo_interfaces_base/package.xml
[15.037s] Invoked command in '/home/ros2/exam/build/demo_interfaces_base' returned '0': CMAKE_PREFIX_PATH=${CMAKE_PREFIX_PATH}:/opt/ros/humble /usr/bin/cmake --install /home/ros2/exam/build/demo_interfaces_base
