[0.077s] Invoking command in '/home/ros2/exam/build/cpp04_param': AMENT_PREFIX_PATH=/home/ros2/exam/install/demo_interfaces_base:${AMENT_PREFIX_PATH} CMAKE_PREFIX_PATH=/home/ros2/exam/install/demo_interfaces_base:/opt/ros/humble LD_LIBRARY_PATH=/home/ros2/exam/install/demo_interfaces_base/lib:${LD_LIBRARY_PATH} PYTHONPATH=/home/ros2/exam/install/demo_interfaces_base/local/lib/python3.10/dist-packages:${PYTHONPATH} /usr/bin/cmake --build /home/ros2/exam/build/cpp04_param -- -j12 -l12
[0.158s] [ 50%] Built target demo01_param_server
[0.160s] [100%] Built target demo01_param_client
[0.211s] Invoked command in '/home/ros2/exam/build/cpp04_param' returned '0': AMENT_PREFIX_PATH=/home/ros2/exam/install/demo_interfaces_base:${AMENT_PREFIX_PATH} CMAKE_PREFIX_PATH=/home/ros2/exam/install/demo_interfaces_base:/opt/ros/humble LD_LIBRARY_PATH=/home/ros2/exam/install/demo_interfaces_base/lib:${LD_LIBRARY_PATH} PYTHONPATH=/home/ros2/exam/install/demo_interfaces_base/local/lib/python3.10/dist-packages:${PYTHONPATH} /usr/bin/cmake --build /home/ros2/exam/build/cpp04_param -- -j12 -l12
[0.214s] Invoking command in '/home/ros2/exam/build/cpp04_param': AMENT_PREFIX_PATH=/home/ros2/exam/install/demo_interfaces_base:${AMENT_PREFIX_PATH} CMAKE_PREFIX_PATH=/home/ros2/exam/install/demo_interfaces_base:/opt/ros/humble LD_LIBRARY_PATH=/home/ros2/exam/install/demo_interfaces_base/lib:${LD_LIBRARY_PATH} PYTHONPATH=/home/ros2/exam/install/demo_interfaces_base/local/lib/python3.10/dist-packages:${PYTHONPATH} /usr/bin/cmake --install /home/ros2/exam/build/cpp04_param
[0.231s] -- Install configuration: ""
[0.231s] -- Up-to-date: /home/ros2/exam/install/cpp04_param/lib/cpp04_param/demo01_param_server
[0.231s] -- Up-to-date: /home/ros2/exam/install/cpp04_param/lib/cpp04_param/demo01_param_client
[0.232s] -- Up-to-date: /home/ros2/exam/install/cpp04_param/share/ament_index/resource_index/package_run_dependencies/cpp04_param
[0.232s] -- Up-to-date: /home/ros2/exam/install/cpp04_param/share/ament_index/resource_index/parent_prefix_path/cpp04_param
[0.234s] -- Up-to-date: /home/ros2/exam/install/cpp04_param/share/cpp04_param/environment/ament_prefix_path.sh
[0.235s] -- Up-to-date: /home/ros2/exam/install/cpp04_param/share/cpp04_param/environment/ament_prefix_path.dsv
[0.236s] -- Up-to-date: /home/ros2/exam/install/cpp04_param/share/cpp04_param/environment/path.sh
[0.237s] -- Up-to-date: /home/ros2/exam/install/cpp04_param/share/cpp04_param/environment/path.dsv
[0.237s] -- Up-to-date: /home/ros2/exam/install/cpp04_param/share/cpp04_param/local_setup.bash
[0.237s] -- Up-to-date: /home/ros2/exam/install/cpp04_param/share/cpp04_param/local_setup.sh
[0.237s] -- Up-to-date: /home/ros2/exam/install/cpp04_param/share/cpp04_param/local_setup.zsh
[0.238s] -- Up-to-date: /home/ros2/exam/install/cpp04_param/share/cpp04_param/local_setup.dsv
[0.238s] -- Installing: /home/ros2/exam/install/cpp04_param/share/cpp04_param/package.dsv
[0.241s] -- Up-to-date: /home/ros2/exam/install/cpp04_param/share/ament_index/resource_index/packages/cpp04_param
[0.241s] -- Up-to-date: /home/ros2/exam/install/cpp04_param/share/cpp04_param/cmake/cpp04_paramConfig.cmake
[0.241s] -- Up-to-date: /home/ros2/exam/install/cpp04_param/share/cpp04_param/cmake/cpp04_paramConfig-version.cmake
[0.241s] -- Up-to-date: /home/ros2/exam/install/cpp04_param/share/cpp04_param/package.xml
[0.267s] Invoked command in '/home/ros2/exam/build/cpp04_param' returned '0': AMENT_PREFIX_PATH=/home/ros2/exam/install/demo_interfaces_base:${AMENT_PREFIX_PATH} CMAKE_PREFIX_PATH=/home/ros2/exam/install/demo_interfaces_base:/opt/ros/humble LD_LIBRARY_PATH=/home/ros2/exam/install/demo_interfaces_base/lib:${LD_LIBRARY_PATH} PYTHONPATH=/home/ros2/exam/install/demo_interfaces_base/local/lib/python3.10/dist-packages:${PYTHONPATH} /usr/bin/cmake --install /home/ros2/exam/build/cpp04_param
