[0.025s] Invoking command in '/home/ros2/ws01_plubing/build/cpp03_action': CMAKE_PREFIX_PATH=/home/ros2/ws01_plubing/install/base_interfaces_demo:/home/ros2/ws01_plubing/install/cpp02_service:/home/ros2/ws01_plubing/install/cpp01_topic:/opt/ros/humble /usr/bin/cmake /home/ros2/ws01_plubing/src/cpp03_action -DCMAKE_INSTALL_PREFIX=/home/ros2/ws01_plubing/install/cpp03_action
[0.041s] -- Found ament_cmake: 1.3.12 (/opt/ros/humble/share/ament_cmake/cmake)
[0.187s] -- Found rclcpp: 16.0.14 (/opt/ros/humble/share/rclcpp/cmake)
[0.214s] -- Found rosidl_generator_c: 3.1.7 (/opt/ros/humble/share/rosidl_generator_c/cmake)
[0.216s] -- Found rosidl_adapter: 3.1.7 (/opt/ros/humble/share/rosidl_adapter/cmake)
[0.222s] -- Found rosidl_generator_cpp: 3.1.7 (/opt/ros/humble/share/rosidl_generator_cpp/cmake)
[0.231s] -- Using all available rosidl_typesupport_c: rosidl_typesupport_fastrtps_c;rosidl_typesupport_introspection_c
[0.240s] -- Using all available rosidl_typesupport_cpp: rosidl_typesupport_fastrtps_cpp;rosidl_typesupport_introspection_cpp
[0.277s] -- Found rmw_implementation_cmake: 6.1.2 (/opt/ros/humble/share/rmw_implementation_cmake/cmake)
[0.280s] -- Found rmw_fastrtps_cpp: 6.2.8 (/opt/ros/humble/share/rmw_fastrtps_cpp/cmake)
[0.383s] -- Using RMW implementation 'rmw_fastrtps_cpp' as default
[0.425s] -- Found rclcpp_action: 16.0.14 (/opt/ros/humble/share/rclcpp_action/cmake)
[0.454s] -- Found base_interfaces_demo: 0.0.0 (/home/ros2/ws01_plubing/install/base_interfaces_demo/share/base_interfaces_demo/cmake)
[0.465s] [31mCMake Error at /opt/ros/humble/share/ament_cmake_target_dependencies/cmake/ament_target_dependencies.cmake:42 (message):
[0.465s]   ament_target_dependencies() the first argument must be a valid target name
[0.465s] Call Stack (most recent call first):
[0.465s]   CMakeLists.txt:23 (ament_target_dependencies)
[0.465s] 
[0.465s] [0m
[0.465s] -- Configuring incomplete, errors occurred!
[0.465s] See also "/home/ros2/ws01_plubing/build/cpp03_action/CMakeFiles/CMakeOutput.log".
[0.472s] Invoked command in '/home/ros2/ws01_plubing/build/cpp03_action' returned '1': CMAKE_PREFIX_PATH=/home/ros2/ws01_plubing/install/base_interfaces_demo:/home/ros2/ws01_plubing/install/cpp02_service:/home/ros2/ws01_plubing/install/cpp01_topic:/opt/ros/humble /usr/bin/cmake /home/ros2/ws01_plubing/src/cpp03_action -DCMAKE_INSTALL_PREFIX=/home/ros2/ws01_plubing/install/cpp03_action
