[0.070s] Invoking command in '/home/ros2/exam/build/cpp01_topic': CMAKE_PREFIX_PATH=${CMAKE_PREFIX_PATH}:/opt/ros/humble /usr/bin/cmake --build /home/ros2/exam/build/cpp01_topic -- -j12 -l12
[0.114s] -- Found ament_cmake: 1.3.12 (/opt/ros/humble/share/ament_cmake/cmake)
[0.299s] -- Found rclcpp: 16.0.14 (/opt/ros/humble/share/rclcpp/cmake)
[0.340s] -- Found rosidl_generator_c: 3.1.7 (/opt/ros/humble/share/rosidl_generator_c/cmake)
[0.342s] -- Found rosidl_adapter: 3.1.7 (/opt/ros/humble/share/rosidl_adapter/cmake)
[0.348s] -- Found rosidl_generator_cpp: 3.1.7 (/opt/ros/humble/share/rosidl_generator_cpp/cmake)
[0.358s] -- Using all available rosidl_typesupport_c: rosidl_typesupport_fastrtps_c;rosidl_typesupport_introspection_c
[0.373s] -- Using all available rosidl_typesupport_cpp: rosidl_typesupport_fastrtps_cpp;rosidl_typesupport_introspection_cpp
[0.401s] -- Found rmw_implementation_cmake: 6.1.2 (/opt/ros/humble/share/rmw_implementation_cmake/cmake)
[0.402s] -- Found rmw_fastrtps_cpp: 6.2.8 (/opt/ros/humble/share/rmw_fastrtps_cpp/cmake)
[0.522s] -- Using RMW implementation 'rmw_fastrtps_cpp' as default
[0.577s] [31mCMake Error at CMakeLists.txt:12 (find_package):
[0.577s]   By not providing "Findbase_interfaces_demo.cmake" in CMAKE_MODULE_PATH this
[0.577s]   project has asked CMake to find a package configuration file provided by
[0.577s]   "base_interfaces_demo", but CMake did not find one.
[0.577s] 
[0.577s]   Could not find a package configuration file provided by
[0.577s]   "base_interfaces_demo" with any of the following names:
[0.577s] 
[0.578s]     base_interfaces_demoConfig.cmake
[0.578s]     base_interfaces_demo-config.cmake
[0.578s] 
[0.578s]   Add the installation prefix of "base_interfaces_demo" to CMAKE_PREFIX_PATH
[0.578s]   or set "base_interfaces_demo_DIR" to a directory containing one of the
[0.578s]   above files.  If "base_interfaces_demo" provides a separate development
[0.578s]   package or SDK, be sure it has been installed.
[0.578s] 
[0.578s] [0m
[0.578s] -- Configuring incomplete, errors occurred!
[0.578s] See also "/home/ros2/exam/build/cpp01_topic/CMakeFiles/CMakeOutput.log".
[0.587s] gmake: *** [Makefile:226: cmake_check_build_system] Error 1
[0.590s] Invoked command in '/home/ros2/exam/build/cpp01_topic' returned '2': CMAKE_PREFIX_PATH=${CMAKE_PREFIX_PATH}:/opt/ros/humble /usr/bin/cmake --build /home/ros2/exam/build/cpp01_topic -- -j12 -l12
