[0.058s] Invoking command in '/home/ros2/exam/build/cpp02_service': CMAKE_PREFIX_PATH=/home/ros2/exam/install/demo_interfaces_base:/home/ros2/exam/install/cpp06_exercise:/home/ros2/exam/install/turtlesim:/home/ros2/exam/install/cpp04_param:/home/ros2/exam/install/cpp03_action:/home/ros2/exam/install/cpp02_service:/home/ros2/exam/install/cpp01_topic:/home/ros2/exam/install/cpp05_time:/opt/ros/humble LD_LIBRARY_PATH=/home/ros2/exam/install/demo_interfaces_base/lib:/home/ros2/exam/install/turtlesim/lib:/opt/ros/humble/opt/rviz_ogre_vendor/lib:/opt/ros/humble/lib/x86_64-linux-gnu:/opt/ros/humble/lib /usr/bin/cmake --build /home/ros2/exam/build/cpp02_service -- -j12 -l12
[0.130s] [35m[1mConsolidate compiler generated dependencies of target demo01_server[0m
[0.132s] [35m[1mConsolidate compiler generated dependencies of target demo01_client[0m
[0.162s] [ 50%] Built target demo01_server
[0.171s] [100%] Built target demo01_client
[0.191s] Invoked command in '/home/ros2/exam/build/cpp02_service' returned '0': CMAKE_PREFIX_PATH=/home/ros2/exam/install/demo_interfaces_base:/home/ros2/exam/install/cpp06_exercise:/home/ros2/exam/install/turtlesim:/home/ros2/exam/install/cpp04_param:/home/ros2/exam/install/cpp03_action:/home/ros2/exam/install/cpp02_service:/home/ros2/exam/install/cpp01_topic:/home/ros2/exam/install/cpp05_time:/opt/ros/humble LD_LIBRARY_PATH=/home/ros2/exam/install/demo_interfaces_base/lib:/home/ros2/exam/install/turtlesim/lib:/opt/ros/humble/opt/rviz_ogre_vendor/lib:/opt/ros/humble/lib/x86_64-linux-gnu:/opt/ros/humble/lib /usr/bin/cmake --build /home/ros2/exam/build/cpp02_service -- -j12 -l12
[0.192s] Invoking command in '/home/ros2/exam/build/cpp02_service': CMAKE_PREFIX_PATH=/home/ros2/exam/install/demo_interfaces_base:/home/ros2/exam/install/cpp06_exercise:/home/ros2/exam/install/turtlesim:/home/ros2/exam/install/cpp04_param:/home/ros2/exam/install/cpp03_action:/home/ros2/exam/install/cpp02_service:/home/ros2/exam/install/cpp01_topic:/home/ros2/exam/install/cpp05_time:/opt/ros/humble LD_LIBRARY_PATH=/home/ros2/exam/install/demo_interfaces_base/lib:/home/ros2/exam/install/turtlesim/lib:/opt/ros/humble/opt/rviz_ogre_vendor/lib:/opt/ros/humble/lib/x86_64-linux-gnu:/opt/ros/humble/lib /usr/bin/cmake --install /home/ros2/exam/build/cpp02_service
[0.209s] -- Install configuration: ""
[0.210s] -- Up-to-date: /home/ros2/exam/install/cpp02_service/lib/cpp02_service/demo01_server
[0.213s] -- Up-to-date: /home/ros2/exam/install/cpp02_service/lib/cpp02_service/demo01_client
[0.213s] -- Up-to-date: /home/ros2/exam/install/cpp02_service/share/ament_index/resource_index/package_run_dependencies/cpp02_service
[0.213s] -- Up-to-date: /home/ros2/exam/install/cpp02_service/share/ament_index/resource_index/parent_prefix_path/cpp02_service
[0.213s] -- Up-to-date: /home/ros2/exam/install/cpp02_service/share/cpp02_service/environment/ament_prefix_path.sh
[0.213s] -- Up-to-date: /home/ros2/exam/install/cpp02_service/share/cpp02_service/environment/ament_prefix_path.dsv
[0.214s] -- Up-to-date: /home/ros2/exam/install/cpp02_service/share/cpp02_service/environment/path.sh
[0.214s] -- Up-to-date: /home/ros2/exam/install/cpp02_service/share/cpp02_service/environment/path.dsv
[0.255s] -- Up-to-date: /home/ros2/exam/install/cpp02_service/share/cpp02_service/local_setup.bash
[0.256s] -- Up-to-date: /home/ros2/exam/install/cpp02_service/share/cpp02_service/local_setup.sh
[0.257s] -- Up-to-date: /home/ros2/exam/install/cpp02_service/share/cpp02_service/local_setup.zsh
[0.257s] -- Up-to-date: /home/ros2/exam/install/cpp02_service/share/cpp02_service/local_setup.dsv
[0.257s] -- Installing: /home/ros2/exam/install/cpp02_service/share/cpp02_service/package.dsv
[0.258s] -- Up-to-date: /home/ros2/exam/install/cpp02_service/share/ament_index/resource_index/packages/cpp02_service
[0.258s] -- Up-to-date: /home/ros2/exam/install/cpp02_service/share/cpp02_service/cmake/cpp02_serviceConfig.cmake
[0.258s] -- Up-to-date: /home/ros2/exam/install/cpp02_service/share/cpp02_service/cmake/cpp02_serviceConfig-version.cmake
[0.258s] -- Up-to-date: /home/ros2/exam/install/cpp02_service/share/cpp02_service/package.xml
[0.261s] Invoked command in '/home/ros2/exam/build/cpp02_service' returned '0': CMAKE_PREFIX_PATH=/home/ros2/exam/install/demo_interfaces_base:/home/ros2/exam/install/cpp06_exercise:/home/ros2/exam/install/turtlesim:/home/ros2/exam/install/cpp04_param:/home/ros2/exam/install/cpp03_action:/home/ros2/exam/install/cpp02_service:/home/ros2/exam/install/cpp01_topic:/home/ros2/exam/install/cpp05_time:/opt/ros/humble LD_LIBRARY_PATH=/home/ros2/exam/install/demo_interfaces_base/lib:/home/ros2/exam/install/turtlesim/lib:/opt/ros/humble/opt/rviz_ogre_vendor/lib:/opt/ros/humble/lib/x86_64-linux-gnu:/opt/ros/humble/lib /usr/bin/cmake --install /home/ros2/exam/build/cpp02_service
