[0.029s] Invoking command in '/home/ros2/ws01_plubing/build/base_interfaces_demo': CMAKE_PREFIX_PATH=${CMAKE_PREFIX_PATH}:/opt/ros/humble /usr/bin/cmake --build /home/ros2/ws01_plubing/build/base_interfaces_demo -- -j12 -l12
[0.185s] [ 10%] Built target base_interfaces_demo__rosidl_generator_c
[0.192s] [ 12%] Built target base_interfaces_demo__cpp
[0.211s] [ 12%] Built target ament_cmake_python_copy_base_interfaces_demo
[0.229s] [ 23%] Built target base_interfaces_demo__rosidl_typesupport_c
[0.231s] [ 33%] Built target base_interfaces_demo__rosidl_typesupport_fastrtps_c
[0.232s] [ 43%] Built target base_interfaces_demo__rosidl_typesupport_introspection_c
[0.278s] [ 61%] Built target base_interfaces_demo__rosidl_typesupport_fastrtps_cpp
[0.278s] [ 74%] Built target base_interfaces_demo__rosidl_typesupport_introspection_cpp
[0.278s] [ 74%] Built target base_interfaces_demo__rosidl_typesupport_cpp
[0.314s] [ 74%] Built target base_interfaces_demo
[0.354s] [ 76%] Built target base_interfaces_demo__py
[0.401s] [ 84%] Built target base_interfaces_demo__rosidl_generator_py
[0.444s] [ 89%] Built target base_interfaces_demo__rosidl_typesupport_fastrtps_c__pyext
[0.445s] [ 94%] Built target base_interfaces_demo__rosidl_typesupport_introspection_c__pyext
[0.447s] [100%] Built target base_interfaces_demo__rosidl_typesupport_c__pyext
[0.489s] running egg_info
[0.490s] writing base_interfaces_demo.egg-info/PKG-INFO
[0.490s] writing dependency_links to base_interfaces_demo.egg-info/dependency_links.txt
[0.491s] writing top-level names to base_interfaces_demo.egg-info/top_level.txt
[0.494s] reading manifest file 'base_interfaces_demo.egg-info/SOURCES.txt'
[0.495s] writing manifest file 'base_interfaces_demo.egg-info/SOURCES.txt'
[0.534s] [100%] Built target ament_cmake_python_build_base_interfaces_demo_egg
[0.550s] Invoked command in '/home/ros2/ws01_plubing/build/base_interfaces_demo' returned '0': CMAKE_PREFIX_PATH=${CMAKE_PREFIX_PATH}:/opt/ros/humble /usr/bin/cmake --build /home/ros2/ws01_plubing/build/base_interfaces_demo -- -j12 -l12
[0.568s] Invoking command in '/home/ros2/ws01_plubing/build/base_interfaces_demo': CMAKE_PREFIX_PATH=${CMAKE_PREFIX_PATH}:/opt/ros/humble /usr/bin/cmake --install /home/ros2/ws01_plubing/build/base_interfaces_demo
[0.582s] -- Install configuration: ""
[0.582s] -- Up-to-date: /home/ros2/ws01_plubing/install/base_interfaces_demo/share/ament_index/resource_index/rosidl_interfaces/base_interfaces_demo
[0.583s] -- Up-to-date: /home/ros2/ws01_plubing/install/base_interfaces_demo/include/base_interfaces_demo/base_interfaces_demo
[0.583s] -- Up-to-date: /home/ros2/ws01_plubing/install/base_interfaces_demo/include/base_interfaces_demo/base_interfaces_demo/msg
[0.583s] -- Up-to-date: /home/ros2/ws01_plubing/install/base_interfaces_demo/include/base_interfaces_demo/base_interfaces_demo/msg/rosidl_generator_c__visibility_control.h
[0.583s] -- Up-to-date: /home/ros2/ws01_plubing/install/base_interfaces_demo/include/base_interfaces_demo/base_interfaces_demo/msg/student.h
[0.583s] -- Up-to-date: /home/ros2/ws01_plubing/install/base_interfaces_demo/include/base_interfaces_demo/base_interfaces_demo/msg/detail
[0.583s] -- Up-to-date: /home/ros2/ws01_plubing/install/base_interfaces_demo/include/base_interfaces_demo/base_interfaces_demo/msg/detail/student__struct.h
[0.583s] -- Up-to-date: /home/ros2/ws01_plubing/install/base_interfaces_demo/include/base_interfaces_demo/base_interfaces_demo/msg/detail/student__functions.h
[0.583s] -- Up-to-date: /home/ros2/ws01_plubing/install/base_interfaces_demo/include/base_interfaces_demo/base_interfaces_demo/msg/detail/student__functions.c
[0.583s] -- Up-to-date: /home/ros2/ws01_plubing/install/base_interfaces_demo/include/base_interfaces_demo/base_interfaces_demo/msg/detail/student__type_support.h
[0.584s] -- Up-to-date: /home/ros2/ws01_plubing/install/base_interfaces_demo/include/base_interfaces_demo/base_interfaces_demo/srv
[0.584s] -- Up-to-date: /home/ros2/ws01_plubing/install/base_interfaces_demo/include/base_interfaces_demo/base_interfaces_demo/srv/add_ints.h
[0.584s] -- Up-to-date: /home/ros2/ws01_plubing/install/base_interfaces_demo/include/base_interfaces_demo/base_interfaces_demo/srv/detail
[0.584s] -- Up-to-date: /home/ros2/ws01_plubing/install/base_interfaces_demo/include/base_interfaces_demo/base_interfaces_demo/srv/detail/add_ints__functions.h
[0.584s] -- Up-to-date: /home/ros2/ws01_plubing/install/base_interfaces_demo/include/base_interfaces_demo/base_interfaces_demo/srv/detail/add_ints__struct.h
[0.584s] -- Up-to-date: /home/ros2/ws01_plubing/install/base_interfaces_demo/include/base_interfaces_demo/base_interfaces_demo/srv/detail/add_ints__type_support.h
[0.585s] -- Up-to-date: /home/ros2/ws01_plubing/install/base_interfaces_demo/include/base_interfaces_demo/base_interfaces_demo/srv/detail/add_ints__functions.c
[0.585s] -- Up-to-date: /home/ros2/ws01_plubing/install/base_interfaces_demo/share/base_interfaces_demo/environment/library_path.sh
[0.585s] -- Up-to-date: /home/ros2/ws01_plubing/install/base_interfaces_demo/share/base_interfaces_demo/environment/library_path.dsv
[0.585s] -- Up-to-date: /home/ros2/ws01_plubing/install/base_interfaces_demo/lib/libbase_interfaces_demo__rosidl_generator_c.so
[0.585s] -- Up-to-date: /home/ros2/ws01_plubing/install/base_interfaces_demo/include/base_interfaces_demo/base_interfaces_demo
[0.586s] -- Up-to-date: /home/ros2/ws01_plubing/install/base_interfaces_demo/include/base_interfaces_demo/base_interfaces_demo/msg
[0.586s] -- Up-to-date: /home/ros2/ws01_plubing/install/base_interfaces_demo/include/base_interfaces_demo/base_interfaces_demo/msg/detail
[0.586s] -- Up-to-date: /home/ros2/ws01_plubing/install/base_interfaces_demo/include/base_interfaces_demo/base_interfaces_demo/msg/detail/student__rosidl_typesupport_fastrtps_c.h
[0.586s] -- Up-to-date: /home/ros2/ws01_plubing/install/base_interfaces_demo/include/base_interfaces_demo/base_interfaces_demo/msg/rosidl_typesupport_fastrtps_c__visibility_control.h
[0.586s] -- Up-to-date: /home/ros2/ws01_plubing/install/base_interfaces_demo/include/base_interfaces_demo/base_interfaces_demo/srv
[0.586s] -- Up-to-date: /home/ros2/ws01_plubing/install/base_interfaces_demo/include/base_interfaces_demo/base_interfaces_demo/srv/detail
[0.587s] -- Up-to-date: /home/ros2/ws01_plubing/install/base_interfaces_demo/include/base_interfaces_demo/base_interfaces_demo/srv/detail/add_ints__rosidl_typesupport_fastrtps_c.h
[0.587s] -- Up-to-date: /home/ros2/ws01_plubing/install/base_interfaces_demo/lib/libbase_interfaces_demo__rosidl_typesupport_fastrtps_c.so
[0.587s] -- Up-to-date: /home/ros2/ws01_plubing/install/base_interfaces_demo/include/base_interfaces_demo/base_interfaces_demo
[0.587s] -- Up-to-date: /home/ros2/ws01_plubing/install/base_interfaces_demo/include/base_interfaces_demo/base_interfaces_demo/msg
[0.587s] -- Up-to-date: /home/ros2/ws01_plubing/install/base_interfaces_demo/include/base_interfaces_demo/base_interfaces_demo/msg/detail
[0.587s] -- Up-to-date: /home/ros2/ws01_plubing/install/base_interfaces_demo/include/base_interfaces_demo/base_interfaces_demo/msg/detail/student__rosidl_typesupport_introspection_c.h
[0.587s] -- Up-to-date: /home/ros2/ws01_plubing/install/base_interfaces_demo/include/base_interfaces_demo/base_interfaces_demo/msg/detail/student__type_support.c
[0.587s] -- Up-to-date: /home/ros2/ws01_plubing/install/base_interfaces_demo/include/base_interfaces_demo/base_interfaces_demo/msg/rosidl_typesupport_introspection_c__visibility_control.h
[0.587s] -- Up-to-date: /home/ros2/ws01_plubing/install/base_interfaces_demo/include/base_interfaces_demo/base_interfaces_demo/srv
[0.587s] -- Up-to-date: /home/ros2/ws01_plubing/install/base_interfaces_demo/include/base_interfaces_demo/base_interfaces_demo/srv/detail
[0.587s] -- Up-to-date: /home/ros2/ws01_plubing/install/base_interfaces_demo/include/base_interfaces_demo/base_interfaces_demo/srv/detail/add_ints__rosidl_typesupport_introspection_c.h
[0.587s] -- Up-to-date: /home/ros2/ws01_plubing/install/base_interfaces_demo/include/base_interfaces_demo/base_interfaces_demo/srv/detail/add_ints__type_support.c
[0.587s] -- Up-to-date: /home/ros2/ws01_plubing/install/base_interfaces_demo/lib/libbase_interfaces_demo__rosidl_typesupport_introspection_c.so
[0.588s] -- Up-to-date: /home/ros2/ws01_plubing/install/base_interfaces_demo/lib/libbase_interfaces_demo__rosidl_typesupport_c.so
[0.588s] -- Up-to-date: /home/ros2/ws01_plubing/install/base_interfaces_demo/include/base_interfaces_demo/base_interfaces_demo
[0.588s] -- Up-to-date: /home/ros2/ws01_plubing/install/base_interfaces_demo/include/base_interfaces_demo/base_interfaces_demo/msg
[0.588s] -- Up-to-date: /home/ros2/ws01_plubing/install/base_interfaces_demo/include/base_interfaces_demo/base_interfaces_demo/msg/rosidl_generator_cpp__visibility_control.hpp
[0.589s] -- Up-to-date: /home/ros2/ws01_plubing/install/base_interfaces_demo/include/base_interfaces_demo/base_interfaces_demo/msg/detail
[0.589s] -- Up-to-date: /home/ros2/ws01_plubing/install/base_interfaces_demo/include/base_interfaces_demo/base_interfaces_demo/msg/detail/student__struct.hpp
[0.589s] -- Up-to-date: /home/ros2/ws01_plubing/install/base_interfaces_demo/include/base_interfaces_demo/base_interfaces_demo/msg/detail/student__traits.hpp
[0.589s] -- Up-to-date: /home/ros2/ws01_plubing/install/base_interfaces_demo/include/base_interfaces_demo/base_interfaces_demo/msg/detail/student__type_support.hpp
[0.589s] -- Up-to-date: /home/ros2/ws01_plubing/install/base_interfaces_demo/include/base_interfaces_demo/base_interfaces_demo/msg/detail/student__builder.hpp
[0.589s] -- Up-to-date: /home/ros2/ws01_plubing/install/base_interfaces_demo/include/base_interfaces_demo/base_interfaces_demo/msg/student.hpp
[0.589s] -- Up-to-date: /home/ros2/ws01_plubing/install/base_interfaces_demo/include/base_interfaces_demo/base_interfaces_demo/srv
[0.589s] -- Up-to-date: /home/ros2/ws01_plubing/install/base_interfaces_demo/include/base_interfaces_demo/base_interfaces_demo/srv/detail
[0.589s] -- Up-to-date: /home/ros2/ws01_plubing/install/base_interfaces_demo/include/base_interfaces_demo/base_interfaces_demo/srv/detail/add_ints__builder.hpp
[0.590s] -- Up-to-date: /home/ros2/ws01_plubing/install/base_interfaces_demo/include/base_interfaces_demo/base_interfaces_demo/srv/detail/add_ints__struct.hpp
[0.590s] -- Up-to-date: /home/ros2/ws01_plubing/install/base_interfaces_demo/include/base_interfaces_demo/base_interfaces_demo/srv/detail/add_ints__type_support.hpp
[0.590s] -- Up-to-date: /home/ros2/ws01_plubing/install/base_interfaces_demo/include/base_interfaces_demo/base_interfaces_demo/srv/detail/add_ints__traits.hpp
[0.590s] -- Up-to-date: /home/ros2/ws01_plubing/install/base_interfaces_demo/include/base_interfaces_demo/base_interfaces_demo/srv/add_ints.hpp
[0.590s] -- Up-to-date: /home/ros2/ws01_plubing/install/base_interfaces_demo/include/base_interfaces_demo/base_interfaces_demo
[0.590s] -- Up-to-date: /home/ros2/ws01_plubing/install/base_interfaces_demo/include/base_interfaces_demo/base_interfaces_demo/msg
[0.590s] -- Up-to-date: /home/ros2/ws01_plubing/install/base_interfaces_demo/include/base_interfaces_demo/base_interfaces_demo/msg/rosidl_typesupport_fastrtps_cpp__visibility_control.h
[0.590s] -- Up-to-date: /home/ros2/ws01_plubing/install/base_interfaces_demo/include/base_interfaces_demo/base_interfaces_demo/msg/detail
[0.590s] -- Up-to-date: /home/ros2/ws01_plubing/install/base_interfaces_demo/include/base_interfaces_demo/base_interfaces_demo/msg/detail/student__rosidl_typesupport_fastrtps_cpp.hpp
[0.590s] -- Up-to-date: /home/ros2/ws01_plubing/install/base_interfaces_demo/include/base_interfaces_demo/base_interfaces_demo/msg/detail/dds_fastrtps
[0.591s] -- Up-to-date: /home/ros2/ws01_plubing/install/base_interfaces_demo/include/base_interfaces_demo/base_interfaces_demo/srv
[0.591s] -- Up-to-date: /home/ros2/ws01_plubing/install/base_interfaces_demo/include/base_interfaces_demo/base_interfaces_demo/srv/detail
[0.591s] -- Up-to-date: /home/ros2/ws01_plubing/install/base_interfaces_demo/include/base_interfaces_demo/base_interfaces_demo/srv/detail/add_ints__rosidl_typesupport_fastrtps_cpp.hpp
[0.591s] -- Up-to-date: /home/ros2/ws01_plubing/install/base_interfaces_demo/include/base_interfaces_demo/base_interfaces_demo/srv/detail/dds_fastrtps
[0.591s] -- Up-to-date: /home/ros2/ws01_plubing/install/base_interfaces_demo/lib/libbase_interfaces_demo__rosidl_typesupport_fastrtps_cpp.so
[0.591s] -- Up-to-date: /home/ros2/ws01_plubing/install/base_interfaces_demo/include/base_interfaces_demo/base_interfaces_demo
[0.591s] -- Up-to-date: /home/ros2/ws01_plubing/install/base_interfaces_demo/include/base_interfaces_demo/base_interfaces_demo/msg
[0.591s] -- Up-to-date: /home/ros2/ws01_plubing/install/base_interfaces_demo/include/base_interfaces_demo/base_interfaces_demo/msg/detail
[0.591s] -- Up-to-date: /home/ros2/ws01_plubing/install/base_interfaces_demo/include/base_interfaces_demo/base_interfaces_demo/msg/detail/student__type_support.cpp
[0.591s] -- Up-to-date: /home/ros2/ws01_plubing/install/base_interfaces_demo/include/base_interfaces_demo/base_interfaces_demo/msg/detail/student__rosidl_typesupport_introspection_cpp.hpp
[0.591s] -- Up-to-date: /home/ros2/ws01_plubing/install/base_interfaces_demo/include/base_interfaces_demo/base_interfaces_demo/srv
[0.591s] -- Up-to-date: /home/ros2/ws01_plubing/install/base_interfaces_demo/include/base_interfaces_demo/base_interfaces_demo/srv/detail
[0.592s] -- Up-to-date: /home/ros2/ws01_plubing/install/base_interfaces_demo/include/base_interfaces_demo/base_interfaces_demo/srv/detail/add_ints__rosidl_typesupport_introspection_cpp.hpp
[0.592s] -- Up-to-date: /home/ros2/ws01_plubing/install/base_interfaces_demo/include/base_interfaces_demo/base_interfaces_demo/srv/detail/add_ints__type_support.cpp
[0.592s] -- Up-to-date: /home/ros2/ws01_plubing/install/base_interfaces_demo/lib/libbase_interfaces_demo__rosidl_typesupport_introspection_cpp.so
[0.592s] -- Up-to-date: /home/ros2/ws01_plubing/install/base_interfaces_demo/lib/libbase_interfaces_demo__rosidl_typesupport_cpp.so
[0.593s] -- Up-to-date: /home/ros2/ws01_plubing/install/base_interfaces_demo/share/base_interfaces_demo/environment/pythonpath.sh
[0.593s] -- Up-to-date: /home/ros2/ws01_plubing/install/base_interfaces_demo/share/base_interfaces_demo/environment/pythonpath.dsv
[0.593s] -- Up-to-date: /home/ros2/ws01_plubing/install/base_interfaces_demo/local/lib/python3.10/dist-packages/base_interfaces_demo-0.0.0-py3.10.egg-info
[0.593s] -- Installing: /home/ros2/ws01_plubing/install/base_interfaces_demo/local/lib/python3.10/dist-packages/base_interfaces_demo-0.0.0-py3.10.egg-info/PKG-INFO
[0.594s] -- Installing: /home/ros2/ws01_plubing/install/base_interfaces_demo/local/lib/python3.10/dist-packages/base_interfaces_demo-0.0.0-py3.10.egg-info/top_level.txt
[0.594s] -- Installing: /home/ros2/ws01_plubing/install/base_interfaces_demo/local/lib/python3.10/dist-packages/base_interfaces_demo-0.0.0-py3.10.egg-info/dependency_links.txt
[0.594s] -- Installing: /home/ros2/ws01_plubing/install/base_interfaces_demo/local/lib/python3.10/dist-packages/base_interfaces_demo-0.0.0-py3.10.egg-info/SOURCES.txt
[0.595s] -- Up-to-date: /home/ros2/ws01_plubing/install/base_interfaces_demo/local/lib/python3.10/dist-packages/base_interfaces_demo
[0.595s] -- Up-to-date: /home/ros2/ws01_plubing/install/base_interfaces_demo/local/lib/python3.10/dist-packages/base_interfaces_demo/base_interfaces_demo_s__rosidl_typesupport_fastrtps_c.cpython-310-x86_64-linux-gnu.so
[0.595s] -- Up-to-date: /home/ros2/ws01_plubing/install/base_interfaces_demo/local/lib/python3.10/dist-packages/base_interfaces_demo/msg
[0.595s] -- Up-to-date: /home/ros2/ws01_plubing/install/base_interfaces_demo/local/lib/python3.10/dist-packages/base_interfaces_demo/msg/_student_s.c
[0.596s] -- Up-to-date: /home/ros2/ws01_plubing/install/base_interfaces_demo/local/lib/python3.10/dist-packages/base_interfaces_demo/msg/_student.py
[0.596s] -- Up-to-date: /home/ros2/ws01_plubing/install/base_interfaces_demo/local/lib/python3.10/dist-packages/base_interfaces_demo/msg/__init__.py
[0.596s] -- Up-to-date: /home/ros2/ws01_plubing/install/base_interfaces_demo/local/lib/python3.10/dist-packages/base_interfaces_demo/_base_interfaces_demo_s.ep.rosidl_typesupport_c.c
[0.596s] -- Up-to-date: /home/ros2/ws01_plubing/install/base_interfaces_demo/local/lib/python3.10/dist-packages/base_interfaces_demo/srv
[0.596s] -- Up-to-date: /home/ros2/ws01_plubing/install/base_interfaces_demo/local/lib/python3.10/dist-packages/base_interfaces_demo/srv/_add_ints.py
[0.596s] -- Up-to-date: /home/ros2/ws01_plubing/install/base_interfaces_demo/local/lib/python3.10/dist-packages/base_interfaces_demo/srv/_add_ints_s.c
[0.596s] -- Up-to-date: /home/ros2/ws01_plubing/install/base_interfaces_demo/local/lib/python3.10/dist-packages/base_interfaces_demo/srv/__init__.py
[0.596s] -- Up-to-date: /home/ros2/ws01_plubing/install/base_interfaces_demo/local/lib/python3.10/dist-packages/base_interfaces_demo/libbase_interfaces_demo__rosidl_generator_py.so
[0.596s] -- Up-to-date: /home/ros2/ws01_plubing/install/base_interfaces_demo/local/lib/python3.10/dist-packages/base_interfaces_demo/_base_interfaces_demo_s.ep.rosidl_typesupport_fastrtps_c.c
[0.596s] -- Up-to-date: /home/ros2/ws01_plubing/install/base_interfaces_demo/local/lib/python3.10/dist-packages/base_interfaces_demo/__init__.py
[0.596s] -- Up-to-date: /home/ros2/ws01_plubing/install/base_interfaces_demo/local/lib/python3.10/dist-packages/base_interfaces_demo/base_interfaces_demo_s__rosidl_typesupport_introspection_c.cpython-310-x86_64-linux-gnu.so
[0.596s] -- Up-to-date: /home/ros2/ws01_plubing/install/base_interfaces_demo/local/lib/python3.10/dist-packages/base_interfaces_demo/_base_interfaces_demo_s.ep.rosidl_typesupport_introspection_c.c
[0.597s] -- Up-to-date: /home/ros2/ws01_plubing/install/base_interfaces_demo/local/lib/python3.10/dist-packages/base_interfaces_demo/base_interfaces_demo_s__rosidl_typesupport_c.cpython-310-x86_64-linux-gnu.so
[0.645s] Listing '/home/ros2/ws01_plubing/install/base_interfaces_demo/local/lib/python3.10/dist-packages/base_interfaces_demo'...
[0.645s] Listing '/home/ros2/ws01_plubing/install/base_interfaces_demo/local/lib/python3.10/dist-packages/base_interfaces_demo/msg'...
[0.645s] Listing '/home/ros2/ws01_plubing/install/base_interfaces_demo/local/lib/python3.10/dist-packages/base_interfaces_demo/srv'...
[0.650s] -- Up-to-date: /home/ros2/ws01_plubing/install/base_interfaces_demo/local/lib/python3.10/dist-packages/base_interfaces_demo/base_interfaces_demo_s__rosidl_typesupport_fastrtps_c.cpython-310-x86_64-linux-gnu.so
[0.651s] -- Up-to-date: /home/ros2/ws01_plubing/install/base_interfaces_demo/local/lib/python3.10/dist-packages/base_interfaces_demo/base_interfaces_demo_s__rosidl_typesupport_introspection_c.cpython-310-x86_64-linux-gnu.so
[0.651s] -- Up-to-date: /home/ros2/ws01_plubing/install/base_interfaces_demo/local/lib/python3.10/dist-packages/base_interfaces_demo/base_interfaces_demo_s__rosidl_typesupport_c.cpython-310-x86_64-linux-gnu.so
[0.652s] -- Up-to-date: /home/ros2/ws01_plubing/install/base_interfaces_demo/lib/libbase_interfaces_demo__rosidl_generator_py.so
[0.653s] -- Up-to-date: /home/ros2/ws01_plubing/install/base_interfaces_demo/share/base_interfaces_demo/msg/Student.idl
[0.653s] -- Up-to-date: /home/ros2/ws01_plubing/install/base_interfaces_demo/share/base_interfaces_demo/srv/AddInts.idl
[0.653s] -- Up-to-date: /home/ros2/ws01_plubing/install/base_interfaces_demo/share/base_interfaces_demo/msg/Student.msg
[0.654s] -- Up-to-date: /home/ros2/ws01_plubing/install/base_interfaces_demo/share/base_interfaces_demo/srv/AddInts.srv
[0.654s] -- Up-to-date: /home/ros2/ws01_plubing/install/base_interfaces_demo/share/base_interfaces_demo/srv/AddInts_Request.msg
[0.654s] -- Up-to-date: /home/ros2/ws01_plubing/install/base_interfaces_demo/share/base_interfaces_demo/srv/AddInts_Response.msg
[0.654s] -- Up-to-date: /home/ros2/ws01_plubing/install/base_interfaces_demo/share/ament_index/resource_index/package_run_dependencies/base_interfaces_demo
[0.654s] -- Up-to-date: /home/ros2/ws01_plubing/install/base_interfaces_demo/share/ament_index/resource_index/parent_prefix_path/base_interfaces_demo
[0.654s] -- Up-to-date: /home/ros2/ws01_plubing/install/base_interfaces_demo/share/base_interfaces_demo/environment/ament_prefix_path.sh
[0.654s] -- Up-to-date: /home/ros2/ws01_plubing/install/base_interfaces_demo/share/base_interfaces_demo/environment/ament_prefix_path.dsv
[0.654s] -- Up-to-date: /home/ros2/ws01_plubing/install/base_interfaces_demo/share/base_interfaces_demo/environment/path.sh
[0.654s] -- Up-to-date: /home/ros2/ws01_plubing/install/base_interfaces_demo/share/base_interfaces_demo/environment/path.dsv
[0.654s] -- Up-to-date: /home/ros2/ws01_plubing/install/base_interfaces_demo/share/base_interfaces_demo/local_setup.bash
[0.654s] -- Up-to-date: /home/ros2/ws01_plubing/install/base_interfaces_demo/share/base_interfaces_demo/local_setup.sh
[0.654s] -- Up-to-date: /home/ros2/ws01_plubing/install/base_interfaces_demo/share/base_interfaces_demo/local_setup.zsh
[0.655s] -- Up-to-date: /home/ros2/ws01_plubing/install/base_interfaces_demo/share/base_interfaces_demo/local_setup.dsv
[0.655s] -- Installing: /home/ros2/ws01_plubing/install/base_interfaces_demo/share/base_interfaces_demo/package.dsv
[0.655s] -- Up-to-date: /home/ros2/ws01_plubing/install/base_interfaces_demo/share/ament_index/resource_index/packages/base_interfaces_demo
[0.655s] -- Up-to-date: /home/ros2/ws01_plubing/install/base_interfaces_demo/share/base_interfaces_demo/cmake/export_base_interfaces_demo__rosidl_generator_cExport.cmake
[0.655s] -- Up-to-date: /home/ros2/ws01_plubing/install/base_interfaces_demo/share/base_interfaces_demo/cmake/export_base_interfaces_demo__rosidl_generator_cExport-noconfig.cmake
[0.656s] -- Up-to-date: /home/ros2/ws01_plubing/install/base_interfaces_demo/share/base_interfaces_demo/cmake/export_base_interfaces_demo__rosidl_typesupport_fastrtps_cExport.cmake
[0.656s] -- Up-to-date: /home/ros2/ws01_plubing/install/base_interfaces_demo/share/base_interfaces_demo/cmake/export_base_interfaces_demo__rosidl_typesupport_fastrtps_cExport-noconfig.cmake
[0.656s] -- Up-to-date: /home/ros2/ws01_plubing/install/base_interfaces_demo/share/base_interfaces_demo/cmake/base_interfaces_demo__rosidl_typesupport_introspection_cExport.cmake
[0.656s] -- Up-to-date: /home/ros2/ws01_plubing/install/base_interfaces_demo/share/base_interfaces_demo/cmake/base_interfaces_demo__rosidl_typesupport_introspection_cExport-noconfig.cmake
[0.656s] -- Up-to-date: /home/ros2/ws01_plubing/install/base_interfaces_demo/share/base_interfaces_demo/cmake/base_interfaces_demo__rosidl_typesupport_cExport.cmake
[0.657s] -- Up-to-date: /home/ros2/ws01_plubing/install/base_interfaces_demo/share/base_interfaces_demo/cmake/base_interfaces_demo__rosidl_typesupport_cExport-noconfig.cmake
[0.657s] -- Up-to-date: /home/ros2/ws01_plubing/install/base_interfaces_demo/share/base_interfaces_demo/cmake/export_base_interfaces_demo__rosidl_generator_cppExport.cmake
[0.657s] -- Up-to-date: /home/ros2/ws01_plubing/install/base_interfaces_demo/share/base_interfaces_demo/cmake/export_base_interfaces_demo__rosidl_typesupport_fastrtps_cppExport.cmake
[0.657s] -- Up-to-date: /home/ros2/ws01_plubing/install/base_interfaces_demo/share/base_interfaces_demo/cmake/export_base_interfaces_demo__rosidl_typesupport_fastrtps_cppExport-noconfig.cmake
[0.657s] -- Up-to-date: /home/ros2/ws01_plubing/install/base_interfaces_demo/share/base_interfaces_demo/cmake/base_interfaces_demo__rosidl_typesupport_introspection_cppExport.cmake
[0.658s] -- Up-to-date: /home/ros2/ws01_plubing/install/base_interfaces_demo/share/base_interfaces_demo/cmake/base_interfaces_demo__rosidl_typesupport_introspection_cppExport-noconfig.cmake
[0.658s] -- Up-to-date: /home/ros2/ws01_plubing/install/base_interfaces_demo/share/base_interfaces_demo/cmake/base_interfaces_demo__rosidl_typesupport_cppExport.cmake
[0.658s] -- Up-to-date: /home/ros2/ws01_plubing/install/base_interfaces_demo/share/base_interfaces_demo/cmake/base_interfaces_demo__rosidl_typesupport_cppExport-noconfig.cmake
[0.659s] -- Up-to-date: /home/ros2/ws01_plubing/install/base_interfaces_demo/share/base_interfaces_demo/cmake/export_base_interfaces_demo__rosidl_generator_pyExport.cmake
[0.659s] -- Up-to-date: /home/ros2/ws01_plubing/install/base_interfaces_demo/share/base_interfaces_demo/cmake/export_base_interfaces_demo__rosidl_generator_pyExport-noconfig.cmake
[0.659s] -- Up-to-date: /home/ros2/ws01_plubing/install/base_interfaces_demo/share/base_interfaces_demo/cmake/rosidl_cmake-extras.cmake
[0.659s] -- Up-to-date: /home/ros2/ws01_plubing/install/base_interfaces_demo/share/base_interfaces_demo/cmake/ament_cmake_export_include_directories-extras.cmake
[0.659s] -- Up-to-date: /home/ros2/ws01_plubing/install/base_interfaces_demo/share/base_interfaces_demo/cmake/ament_cmake_export_libraries-extras.cmake
[0.659s] -- Up-to-date: /home/ros2/ws01_plubing/install/base_interfaces_demo/share/base_interfaces_demo/cmake/ament_cmake_export_targets-extras.cmake
[0.659s] -- Up-to-date: /home/ros2/ws01_plubing/install/base_interfaces_demo/share/base_interfaces_demo/cmake/rosidl_cmake_export_typesupport_targets-extras.cmake
[0.659s] -- Up-to-date: /home/ros2/ws01_plubing/install/base_interfaces_demo/share/base_interfaces_demo/cmake/ament_cmake_export_dependencies-extras.cmake
[0.659s] -- Up-to-date: /home/ros2/ws01_plubing/install/base_interfaces_demo/share/base_interfaces_demo/cmake/rosidl_cmake_export_typesupport_libraries-extras.cmake
[0.659s] -- Up-to-date: /home/ros2/ws01_plubing/install/base_interfaces_demo/share/base_interfaces_demo/cmake/base_interfaces_demoConfig.cmake
[0.659s] -- Up-to-date: /home/ros2/ws01_plubing/install/base_interfaces_demo/share/base_interfaces_demo/cmake/base_interfaces_demoConfig-version.cmake
[0.659s] -- Up-to-date: /home/ros2/ws01_plubing/install/base_interfaces_demo/share/base_interfaces_demo/package.xml
[0.664s] Invoked command in '/home/ros2/ws01_plubing/build/base_interfaces_demo' returned '0': CMAKE_PREFIX_PATH=${CMAKE_PREFIX_PATH}:/opt/ros/humble /usr/bin/cmake --install /home/ros2/ws01_plubing/build/base_interfaces_demo
