[0.043s] Invoking command in '/home/ros2/exam/build/cpp03_action': AMENT_PREFIX_PATH=/home/ros2/exam/install/demo_interfaces_base:${AMENT_PREFIX_PATH} CMAKE_PREFIX_PATH=/home/ros2/exam/install/demo_interfaces_base:/opt/ros/humble LD_LIBRARY_PATH=/home/ros2/exam/install/demo_interfaces_base/lib:${LD_LIBRARY_PATH} PYTHONPATH=/home/ros2/exam/install/demo_interfaces_base/local/lib/python3.10/dist-packages:${PYTHONPATH} /usr/bin/cmake --build /home/ros2/exam/build/cpp03_action -- -j12 -l12
[0.257s] [35m[1mConsolidate compiler generated dependencies of target demo01_action_server[0m
[0.291s] [ 50%] [32mBuilding CXX object CMakeFiles/demo01_action_server.dir/src/demo01_action_server.cpp.o[0m
[4.735s] In file included from [01m[K/opt/ros/humble/include/rclcpp/rclcpp/logging.hpp:24[m[K,
[4.735s]                  from [01m[K/opt/ros/humble/include/rclcpp/rclcpp/client.hpp:40[m[K,
[4.735s]                  from [01m[K/opt/ros/humble/include/rclcpp/rclcpp/callback_group.hpp:24[m[K,
[4.736s]                  from [01m[K/opt/ros/humble/include/rclcpp/rclcpp/any_executable.hpp:20[m[K,
[4.736s]                  from [01m[K/opt/ros/humble/include/rclcpp/rclcpp/memory_strategy.hpp:25[m[K,
[4.736s]                  from [01m[K/opt/ros/humble/include/rclcpp/rclcpp/memory_strategies.hpp:18[m[K,
[4.736s]                  from [01m[K/opt/ros/humble/include/rclcpp/rclcpp/executor_options.hpp:20[m[K,
[4.736s]                  from [01m[K/opt/ros/humble/include/rclcpp/rclcpp/executor.hpp:37[m[K,
[4.736s]                  from [01m[K/opt/ros/humble/include/rclcpp/rclcpp/executors/multi_threaded_executor.hpp:25[m[K,
[4.736s]                  from [01m[K/opt/ros/humble/include/rclcpp/rclcpp/executors.hpp:21[m[K,
[4.736s]                  from [01m[K/opt/ros/humble/include/rclcpp/rclcpp/rclcpp.hpp:155[m[K,
[4.736s]                  from [01m[K/home/ros2/exam/cpp03_action/src/demo01_action_server.cpp:1[m[K:
[4.736s] [01m[K/home/ros2/exam/cpp03_action/src/demo01_action_server.cpp:[m[K In member function ‘[01m[Krclcpp_action::GoalResponse ActionServer::handle_goal(const GoalUUID&, std::shared_ptr<const demo_interfaces_base::action::Action_Goal_<std::allocator<void> > >)[m[K’:
[4.736s] [01m[K/home/ros2/exam/cpp03_action/src/demo01_action_server.cpp:29:37:[m[K [01;35m[Kwarning: [m[Kformat ‘[01m[K%d[m[K’ expects argument of type ‘[01m[Kint[m[K’, but argument 5 has type ‘[01m[Klong int[m[K’ [[01;35m[K]8;;https://gcc.gnu.org/onlinedocs/gcc/Warning-Options.html#index-Wformat=-Wformat=]8;;[m[K]
[4.737s]    29 |     RCLCPP_INFO(this->get_logger(), [01;35m[K"Goal accepted num: %d"[m[K, [32m[Kgoal->num[m[K);
[4.737s]       |                                     [01;35m[K^~~~~~~~~~~~~~~~~~~~~~~[m[K  [32m[K~~~~~~~~~[m[K
[4.737s]       |                                                                    [32m[K|[m[K
[4.737s]       |                                                                    [32m[Klong int[m[K
[4.743s] [01m[K/home/ros2/exam/cpp03_action/src/demo01_action_server.cpp:29:58:[m[K [01;36m[Knote: [m[Kformat string is defined here
[4.743s]    29 |     RCLCPP_INFO(this->get_logger(), "Goal accepted num: [01;36m[K%d[m[K", goal->num);
[4.743s]       |                                                         [01;36m[K~^[m[K
[4.743s]       |                                                          [01;36m[K|[m[K
[4.743s]       |                                                          [01;36m[Kint[m[K
[4.743s]       |                                                         [32m[K%ld[m[K
[4.766s] In file included from [01m[K/opt/ros/humble/include/rclcpp/rclcpp/logging.hpp:24[m[K,
[4.767s]                  from [01m[K/opt/ros/humble/include/rclcpp/rclcpp/client.hpp:40[m[K,
[4.767s]                  from [01m[K/opt/ros/humble/include/rclcpp/rclcpp/callback_group.hpp:24[m[K,
[4.767s]                  from [01m[K/opt/ros/humble/include/rclcpp/rclcpp/any_executable.hpp:20[m[K,
[4.767s]                  from [01m[K/opt/ros/humble/include/rclcpp/rclcpp/memory_strategy.hpp:25[m[K,
[4.767s]                  from [01m[K/opt/ros/humble/include/rclcpp/rclcpp/memory_strategies.hpp:18[m[K,
[4.767s]                  from [01m[K/opt/ros/humble/include/rclcpp/rclcpp/executor_options.hpp:20[m[K,
[4.767s]                  from [01m[K/opt/ros/humble/include/rclcpp/rclcpp/executor.hpp:37[m[K,
[4.768s]                  from [01m[K/opt/ros/humble/include/rclcpp/rclcpp/executors/multi_threaded_executor.hpp:25[m[K,
[4.768s]                  from [01m[K/opt/ros/humble/include/rclcpp/rclcpp/executors.hpp:21[m[K,
[4.768s]                  from [01m[K/opt/ros/humble/include/rclcpp/rclcpp/rclcpp.hpp:155[m[K,
[4.768s]                  from [01m[K/home/ros2/exam/cpp03_action/src/demo01_action_server.cpp:1[m[K:
[4.768s] [01m[K/home/ros2/exam/cpp03_action/src/demo01_action_server.cpp:[m[K In member function ‘[01m[Kvoid ActionServer::execute(std::shared_ptr<rclcpp_action::ServerGoalHandle<demo_interfaces_base::action::Action> >)[m[K’:
[4.769s] [01m[K/home/ros2/exam/cpp03_action/src/demo01_action_server.cpp:75:39:[m[K [01;35m[Kwarning: [m[Kformat ‘[01m[K%d[m[K’ expects argument of type ‘[01m[Kint[m[K’, but argument 5 has type ‘[01m[Kdemo_interfaces_base::action::Action_Result_<std::allocator<void> >::_sum_type[m[K’ {aka ‘[01m[Klong int[m[K’} [[01;35m[K]8;;https://gcc.gnu.org/onlinedocs/gcc/Warning-Options.html#index-Wformat=-Wformat=]8;;[m[K]
[4.769s]    75 |       RCLCPP_INFO(this->get_logger(), [01;35m[K"Task finished Result: %d"[m[K, [32m[Kresult->sum[m[K);
[4.770s]       |                                       [01;35m[K^~~~~~~~~~~~~~~~~~~~~~~~~~[m[K  [32m[K~~~~~~~~~~~[m[K
[4.770s]       |                                                                           [32m[K|[m[K
[4.770s]       |                                                                           [32m[Kdemo_interfaces_base::action::Action_Result_<std::allocator<void> >::_sum_type {aka long int}[m[K
[4.770s] [01m[K/home/ros2/exam/cpp03_action/src/demo01_action_server.cpp:75:63:[m[K [01;36m[Knote: [m[Kformat string is defined here
[4.770s]    75 |       RCLCPP_INFO(this->get_logger(), "Task finished Result: [01;36m[K%d[m[K", result->sum);
[4.770s]       |                                                              [01;36m[K~^[m[K
[4.770s]       |                                                               [01;36m[K|[m[K
[4.770s]       |                                                               [01;36m[Kint[m[K
[4.770s]       |                                                              [32m[K%ld[m[K
[6.544s] [100%] [32m[1mLinking CXX executable demo01_action_server[0m
[6.862s] [100%] Built target demo01_action_server
[6.881s] Invoked command in '/home/ros2/exam/build/cpp03_action' returned '0': AMENT_PREFIX_PATH=/home/ros2/exam/install/demo_interfaces_base:${AMENT_PREFIX_PATH} CMAKE_PREFIX_PATH=/home/ros2/exam/install/demo_interfaces_base:/opt/ros/humble LD_LIBRARY_PATH=/home/ros2/exam/install/demo_interfaces_base/lib:${LD_LIBRARY_PATH} PYTHONPATH=/home/ros2/exam/install/demo_interfaces_base/local/lib/python3.10/dist-packages:${PYTHONPATH} /usr/bin/cmake --build /home/ros2/exam/build/cpp03_action -- -j12 -l12
[6.898s] Invoking command in '/home/ros2/exam/build/cpp03_action': AMENT_PREFIX_PATH=/home/ros2/exam/install/demo_interfaces_base:${AMENT_PREFIX_PATH} CMAKE_PREFIX_PATH=/home/ros2/exam/install/demo_interfaces_base:/opt/ros/humble LD_LIBRARY_PATH=/home/ros2/exam/install/demo_interfaces_base/lib:${LD_LIBRARY_PATH} PYTHONPATH=/home/ros2/exam/install/demo_interfaces_base/local/lib/python3.10/dist-packages:${PYTHONPATH} /usr/bin/cmake --install /home/ros2/exam/build/cpp03_action
[6.909s] -- Install configuration: ""
[6.909s] -- Installing: /home/ros2/exam/install/cpp03_action/lib/cpp03_action/demo01_action_server
[6.913s] -- Set runtime path of "/home/ros2/exam/install/cpp03_action/lib/cpp03_action/demo01_action_server" to ""
[6.919s] -- Up-to-date: /home/ros2/exam/install/cpp03_action/share/ament_index/resource_index/package_run_dependencies/cpp03_action
[6.920s] -- Up-to-date: /home/ros2/exam/install/cpp03_action/share/ament_index/resource_index/parent_prefix_path/cpp03_action
[6.920s] -- Up-to-date: /home/ros2/exam/install/cpp03_action/share/cpp03_action/environment/ament_prefix_path.sh
[6.920s] -- Up-to-date: /home/ros2/exam/install/cpp03_action/share/cpp03_action/environment/ament_prefix_path.dsv
[6.920s] -- Up-to-date: /home/ros2/exam/install/cpp03_action/share/cpp03_action/environment/path.sh
[6.920s] -- Up-to-date: /home/ros2/exam/install/cpp03_action/share/cpp03_action/environment/path.dsv
[6.920s] -- Up-to-date: /home/ros2/exam/install/cpp03_action/share/cpp03_action/local_setup.bash
[6.920s] -- Up-to-date: /home/ros2/exam/install/cpp03_action/share/cpp03_action/local_setup.sh
[6.920s] -- Up-to-date: /home/ros2/exam/install/cpp03_action/share/cpp03_action/local_setup.zsh
[6.920s] -- Up-to-date: /home/ros2/exam/install/cpp03_action/share/cpp03_action/local_setup.dsv
[6.921s] -- Installing: /home/ros2/exam/install/cpp03_action/share/cpp03_action/package.dsv
[6.921s] -- Up-to-date: /home/ros2/exam/install/cpp03_action/share/ament_index/resource_index/packages/cpp03_action
[6.921s] -- Up-to-date: /home/ros2/exam/install/cpp03_action/share/cpp03_action/cmake/cpp03_actionConfig.cmake
[6.921s] -- Up-to-date: /home/ros2/exam/install/cpp03_action/share/cpp03_action/cmake/cpp03_actionConfig-version.cmake
[6.921s] -- Up-to-date: /home/ros2/exam/install/cpp03_action/share/cpp03_action/package.xml
[6.923s] Invoked command in '/home/ros2/exam/build/cpp03_action' returned '0': AMENT_PREFIX_PATH=/home/ros2/exam/install/demo_interfaces_base:${AMENT_PREFIX_PATH} CMAKE_PREFIX_PATH=/home/ros2/exam/install/demo_interfaces_base:/opt/ros/humble LD_LIBRARY_PATH=/home/ros2/exam/install/demo_interfaces_base/lib:${LD_LIBRARY_PATH} PYTHONPATH=/home/ros2/exam/install/demo_interfaces_base/local/lib/python3.10/dist-packages:${PYTHONPATH} /usr/bin/cmake --install /home/ros2/exam/build/cpp03_action
