[0.069s] Invoking command in '/home/ros2/exam/build/turtlesim': CMAKE_PREFIX_PATH=${CMAKE_PREFIX_PATH}:/opt/ros/humble /usr/bin/cmake /home/ros2/exam/turtlesim -DCMAKE_INSTALL_PREFIX=/home/ros2/exam/install/turtlesim
[0.409s] -- The C compiler identification is GNU 11.4.0
[0.614s] -- The CXX compiler identification is GNU 11.4.0
[0.642s] -- Detecting C compiler ABI info
[0.880s] -- Detecting C compiler ABI info - done
[0.892s] -- Check for working C compiler: /usr/bin/cc - skipped
[0.892s] -- Detecting C compile features
[0.893s] -- Detecting C compile features - done
[0.900s] -- Detecting CXX compiler ABI info
[1.143s] -- Detecting CXX compiler ABI info - done
[1.160s] -- Check for working CXX compiler: /usr/bin/c++ - skipped
[1.161s] -- Detecting CXX compile features
[1.163s] -- Detecting CXX compile features - done
[1.169s] -- Found ament_cmake: 1.3.12 (/opt/ros/humble/share/ament_cmake/cmake)
[1.480s] -- Found Python3: /usr/bin/python3 (found version "3.10.12") found components: Interpreter 
[1.624s] -- Found ament_index_cpp: 1.4.0 (/opt/ros/humble/share/ament_index_cpp/cmake)
[1.627s] -- Found geometry_msgs: 4.9.0 (/opt/ros/humble/share/geometry_msgs/cmake)
[1.683s] -- Found rosidl_generator_c: 3.1.7 (/opt/ros/humble/share/rosidl_generator_c/cmake)
[1.692s] -- Found rosidl_adapter: 3.1.7 (/opt/ros/humble/share/rosidl_adapter/cmake)
[1.707s] -- Found rosidl_generator_cpp: 3.1.7 (/opt/ros/humble/share/rosidl_generator_cpp/cmake)
[1.725s] -- Using all available rosidl_typesupport_c: rosidl_typesupport_fastrtps_c;rosidl_typesupport_introspection_c
[1.755s] -- Using all available rosidl_typesupport_cpp: rosidl_typesupport_fastrtps_cpp;rosidl_typesupport_introspection_cpp
[1.890s] -- Found rclcpp: 16.0.14 (/opt/ros/humble/share/rclcpp/cmake)
[1.933s] -- Found rmw_implementation_cmake: 6.1.2 (/opt/ros/humble/share/rmw_implementation_cmake/cmake)
[1.936s] -- Found rmw_fastrtps_cpp: 6.2.8 (/opt/ros/humble/share/rmw_fastrtps_cpp/cmake)
[2.091s] -- Found OpenSSL: /usr/lib/x86_64-linux-gnu/libcrypto.so (found version "3.0.2")  
[2.133s] -- Found FastRTPS: /opt/ros/humble/include  
[2.185s] -- Using RMW implementation 'rmw_fastrtps_cpp' as default
[2.195s] -- Looking for pthread.h
[2.314s] -- Looking for pthread.h - found
[2.314s] -- Performing Test CMAKE_HAVE_LIBC_PTHREAD
[2.440s] -- Performing Test CMAKE_HAVE_LIBC_PTHREAD - Success
[2.442s] -- Found Threads: TRUE  
[2.482s] -- Found rclcpp_action: 16.0.14 (/opt/ros/humble/share/rclcpp_action/cmake)
[2.518s] -- Found rosidl_default_generators: 1.2.0 (/opt/ros/humble/share/rosidl_default_generators/cmake)
[2.533s] -- Found std_srvs: 4.9.0 (/opt/ros/humble/share/std_srvs/cmake)
[2.953s] -- Found ament_cmake_ros: 0.10.0 (/opt/ros/humble/share/ament_cmake_ros/cmake)
[3.357s] -- Using all available rosidl_typesupport_c: rosidl_typesupport_fastrtps_c;rosidl_typesupport_introspection_c
[3.502s] -- Using all available rosidl_typesupport_cpp: rosidl_typesupport_fastrtps_cpp;rosidl_typesupport_introspection_cpp
[3.530s] -- Found PythonInterp: /usr/bin/python3 (found suitable version "3.10.12", minimum required is "3.6") 
[3.531s] -- Found python_cmake_module: 0.10.0 (/opt/ros/humble/share/python_cmake_module/cmake)
[3.564s] -- Found PythonLibs: /usr/lib/x86_64-linux-gnu/libpython3.10.so (found suitable version "3.10.12", minimum required is "3.5") 
[3.565s] -- Using PYTHON_EXECUTABLE: /usr/bin/python3
[3.565s] -- Using PYTHON_INCLUDE_DIRS: /usr/include/python3.10
[3.565s] -- Using PYTHON_LIBRARIES: /usr/lib/x86_64-linux-gnu/libpython3.10.so
[3.590s] -- Found PythonExtra: .so  
[3.679s] -- Configuring done
[3.784s] -- Generating done
[3.808s] -- Build files have been written to: /home/ros2/exam/build/turtlesim
[3.823s] Invoked command in '/home/ros2/exam/build/turtlesim' returned '0': CMAKE_PREFIX_PATH=${CMAKE_PREFIX_PATH}:/opt/ros/humble /usr/bin/cmake /home/ros2/exam/turtlesim -DCMAKE_INSTALL_PREFIX=/home/ros2/exam/install/turtlesim
[3.826s] Invoking command in '/home/ros2/exam/build/turtlesim': CMAKE_PREFIX_PATH=${CMAKE_PREFIX_PATH}:/opt/ros/humble /usr/bin/cmake --build /home/ros2/exam/build/turtlesim -- -j12 -l12
[3.894s] [  1%] [34m[1mGenerating C code for ROS interfaces[0m
[3.911s] [  2%] [34m[1mGenerating C++ code for ROS interfaces[0m
[3.925s] [  2%] Built target ament_cmake_python_copy_turtlesim
[4.310s] running egg_info
[4.310s] creating turtlesim.egg-info
[4.311s] writing turtlesim.egg-info/PKG-INFO
[4.315s] writing dependency_links to turtlesim.egg-info/dependency_links.txt
[4.315s] writing top-level names to turtlesim.egg-info/top_level.txt
[4.315s] writing manifest file 'turtlesim.egg-info/SOURCES.txt'
[4.316s] reading manifest file 'turtlesim.egg-info/SOURCES.txt'
[4.320s] writing manifest file 'turtlesim.egg-info/SOURCES.txt'
[4.378s] [  2%] Built target ament_cmake_python_build_turtlesim_egg
[5.886s] [  3%] [32mBuilding C object CMakeFiles/turtlesim__rosidl_generator_c.dir/rosidl_generator_c/turtlesim/action/detail/rotate_absolute__functions.c.o[0m
[5.892s] [  3%] Built target turtlesim__cpp
[5.903s] [  4%] [32mBuilding C object CMakeFiles/turtlesim__rosidl_generator_c.dir/rosidl_generator_c/turtlesim/msg/detail/pose__functions.c.o[0m
[5.906s] [  5%] [32mBuilding C object CMakeFiles/turtlesim__rosidl_generator_c.dir/rosidl_generator_c/turtlesim/srv/detail/set_pen__functions.c.o[0m
[5.907s] [  6%] [32mBuilding C object CMakeFiles/turtlesim__rosidl_generator_c.dir/rosidl_generator_c/turtlesim/srv/detail/kill__functions.c.o[0m
[5.926s] [  7%] [32mBuilding C object CMakeFiles/turtlesim__rosidl_generator_c.dir/rosidl_generator_c/turtlesim/srv/detail/teleport_relative__functions.c.o[0m
[5.927s] [  8%] [32mBuilding C object CMakeFiles/turtlesim__rosidl_generator_c.dir/rosidl_generator_c/turtlesim/srv/detail/teleport_absolute__functions.c.o[0m
[5.929s] [  9%] [34m[1mGenerating C++ type support dispatch for ROS interfaces[0m
[5.933s] [ 10%] [32mBuilding C object CMakeFiles/turtlesim__rosidl_generator_c.dir/rosidl_generator_c/turtlesim/msg/detail/color__functions.c.o[0m
[5.945s] [ 11%] [34m[1mGenerating C++ type support for eProsima Fast-RTPS[0m
[5.946s] [ 12%] [34m[1mGenerating C++ introspection for ROS interfaces[0m
[5.958s] [ 13%] [32mBuilding C object CMakeFiles/turtlesim__rosidl_generator_c.dir/rosidl_generator_c/turtlesim/srv/detail/spawn__functions.c.o[0m
[6.324s] [ 14%] [32m[1mLinking C shared library libturtlesim__rosidl_generator_c.so[0m
[6.497s] [ 14%] Built target turtlesim__rosidl_generator_c
[6.545s] [ 15%] [34m[1mGenerating C introspection for ROS interfaces[0m
[6.546s] [ 16%] [34m[1mGenerating C type support dispatch for ROS interfaces[0m
[6.625s] [ 17%] [34m[1mGenerating C type support for eProsima Fast-RTPS[0m
[7.965s] [ 18%] [32mBuilding CXX object CMakeFiles/turtlesim__rosidl_typesupport_introspection_cpp.dir/rosidl_typesupport_introspection_cpp/turtlesim/msg/detail/color__type_support.cpp.o[0m
[7.965s] [ 19%] [32mBuilding CXX object CMakeFiles/turtlesim__rosidl_typesupport_introspection_cpp.dir/rosidl_typesupport_introspection_cpp/turtlesim/msg/detail/pose__type_support.cpp.o[0m
[7.986s] [ 20%] [32mBuilding CXX object CMakeFiles/turtlesim__rosidl_typesupport_introspection_cpp.dir/rosidl_typesupport_introspection_cpp/turtlesim/srv/detail/kill__type_support.cpp.o[0m
[7.998s] [ 21%] [32mBuilding CXX object CMakeFiles/turtlesim__rosidl_typesupport_introspection_cpp.dir/rosidl_typesupport_introspection_cpp/turtlesim/action/detail/rotate_absolute__type_support.cpp.o[0m
[8.004s] [ 22%] [32mBuilding CXX object CMakeFiles/turtlesim__rosidl_typesupport_introspection_cpp.dir/rosidl_typesupport_introspection_cpp/turtlesim/srv/detail/set_pen__type_support.cpp.o[0m
[8.057s] [ 23%] [32mBuilding CXX object CMakeFiles/turtlesim__rosidl_typesupport_introspection_cpp.dir/rosidl_typesupport_introspection_cpp/turtlesim/srv/detail/teleport_absolute__type_support.cpp.o[0m
[8.075s] [ 24%] [32mBuilding CXX object CMakeFiles/turtlesim__rosidl_typesupport_introspection_cpp.dir/rosidl_typesupport_introspection_cpp/turtlesim/srv/detail/spawn__type_support.cpp.o[0m
[8.134s] [ 25%] [32mBuilding CXX object CMakeFiles/turtlesim__rosidl_typesupport_cpp.dir/rosidl_typesupport_cpp/turtlesim/action/rotate_absolute__type_support.cpp.o[0m
[8.447s] [ 26%] [32mBuilding CXX object CMakeFiles/turtlesim__rosidl_typesupport_c.dir/rosidl_typesupport_c/turtlesim/action/rotate_absolute__type_support.cpp.o[0m
[8.609s] [ 27%] [32mBuilding CXX object CMakeFiles/turtlesim__rosidl_typesupport_c.dir/rosidl_typesupport_c/turtlesim/msg/color__type_support.cpp.o[0m
[8.749s] [ 28%] [32mBuilding CXX object CMakeFiles/turtlesim__rosidl_typesupport_c.dir/rosidl_typesupport_c/turtlesim/msg/pose__type_support.cpp.o[0m
[8.888s] [ 29%] [32mBuilding CXX object CMakeFiles/turtlesim__rosidl_typesupport_c.dir/rosidl_typesupport_c/turtlesim/srv/kill__type_support.cpp.o[0m
[8.989s] [ 30%] [32mBuilding CXX object CMakeFiles/turtlesim__rosidl_typesupport_c.dir/rosidl_typesupport_c/turtlesim/srv/set_pen__type_support.cpp.o[0m
[9.010s] [ 31%] [32mBuilding CXX object CMakeFiles/turtlesim__rosidl_typesupport_c.dir/rosidl_typesupport_c/turtlesim/srv/spawn__type_support.cpp.o[0m
[9.025s] [ 32%] [32mBuilding CXX object CMakeFiles/turtlesim__rosidl_typesupport_introspection_cpp.dir/rosidl_typesupport_introspection_cpp/turtlesim/srv/detail/teleport_relative__type_support.cpp.o[0m
[9.143s] [ 33%] [32mBuilding CXX object CMakeFiles/turtlesim__rosidl_typesupport_c.dir/rosidl_typesupport_c/turtlesim/srv/teleport_absolute__type_support.cpp.o[0m
[9.200s] [ 34%] [32mBuilding CXX object CMakeFiles/turtlesim__rosidl_typesupport_cpp.dir/rosidl_typesupport_cpp/turtlesim/msg/color__type_support.cpp.o[0m
[9.283s] [ 35%] [32mBuilding CXX object CMakeFiles/turtlesim__rosidl_typesupport_cpp.dir/rosidl_typesupport_cpp/turtlesim/msg/pose__type_support.cpp.o[0m
[9.313s] [ 36%] [32mBuilding CXX object CMakeFiles/turtlesim__rosidl_typesupport_c.dir/rosidl_typesupport_c/turtlesim/srv/teleport_relative__type_support.cpp.o[0m
[9.458s] [ 37%] [32mBuilding CXX object CMakeFiles/turtlesim__rosidl_typesupport_cpp.dir/rosidl_typesupport_cpp/turtlesim/srv/kill__type_support.cpp.o[0m
[9.517s] [ 38%] [32m[1mLinking CXX shared library libturtlesim__rosidl_typesupport_c.so[0m
[9.517s] [ 39%] [32mBuilding CXX object CMakeFiles/turtlesim__rosidl_typesupport_cpp.dir/rosidl_typesupport_cpp/turtlesim/srv/set_pen__type_support.cpp.o[0m
[9.517s] [ 40%] [32mBuilding CXX object CMakeFiles/turtlesim__rosidl_typesupport_cpp.dir/rosidl_typesupport_cpp/turtlesim/srv/spawn__type_support.cpp.o[0m
[9.561s] [ 41%] [32mBuilding CXX object CMakeFiles/turtlesim__rosidl_typesupport_cpp.dir/rosidl_typesupport_cpp/turtlesim/srv/teleport_absolute__type_support.cpp.o[0m
[9.585s] [ 42%] [32mBuilding CXX object CMakeFiles/turtlesim__rosidl_typesupport_fastrtps_c.dir/rosidl_typesupport_fastrtps_c/turtlesim/action/detail/rotate_absolute__type_support_c.cpp.o[0m
[9.695s] [ 42%] Built target turtlesim__rosidl_typesupport_c
[9.729s] [ 43%] [32mBuilding CXX object CMakeFiles/turtlesim__rosidl_typesupport_cpp.dir/rosidl_typesupport_cpp/turtlesim/srv/teleport_relative__type_support.cpp.o[0m
[9.742s] [ 44%] [32mBuilding C object CMakeFiles/turtlesim__rosidl_typesupport_introspection_c.dir/rosidl_typesupport_introspection_c/turtlesim/action/detail/rotate_absolute__type_support.c.o[0m
[9.774s] [ 45%] [32mBuilding CXX object CMakeFiles/turtlesim__rosidl_typesupport_fastrtps_c.dir/rosidl_typesupport_fastrtps_c/turtlesim/msg/detail/color__type_support_c.cpp.o[0m
[9.830s] [ 46%] [32mBuilding CXX object CMakeFiles/turtlesim__rosidl_typesupport_fastrtps_cpp.dir/rosidl_typesupport_fastrtps_cpp/turtlesim/action/detail/dds_fastrtps/rotate_absolute__type_support.cpp.o[0m
[9.906s] [ 47%] [32mBuilding C object CMakeFiles/turtlesim__rosidl_typesupport_introspection_c.dir/rosidl_typesupport_introspection_c/turtlesim/msg/detail/color__type_support.c.o[0m
[9.977s] [ 48%] [32mBuilding CXX object CMakeFiles/turtlesim__rosidl_typesupport_fastrtps_c.dir/rosidl_typesupport_fastrtps_c/turtlesim/msg/detail/pose__type_support_c.cpp.o[0m
[10.033s] [ 49%] [32mBuilding CXX object CMakeFiles/turtlesim__rosidl_typesupport_fastrtps_c.dir/rosidl_typesupport_fastrtps_c/turtlesim/srv/detail/kill__type_support_c.cpp.o[0m
[10.047s] [ 50%] [32mBuilding C object CMakeFiles/turtlesim__rosidl_typesupport_introspection_c.dir/rosidl_typesupport_introspection_c/turtlesim/msg/detail/pose__type_support.c.o[0m
[10.133s] [ 51%] [32mBuilding CXX object CMakeFiles/turtlesim__rosidl_typesupport_fastrtps_cpp.dir/rosidl_typesupport_fastrtps_cpp/turtlesim/msg/detail/dds_fastrtps/color__type_support.cpp.o[0m
[10.232s] [ 52%] [32mBuilding C object CMakeFiles/turtlesim__rosidl_typesupport_introspection_c.dir/rosidl_typesupport_introspection_c/turtlesim/srv/detail/kill__type_support.c.o[0m
[10.260s] [ 53%] [32m[1mLinking CXX shared library libturtlesim__rosidl_typesupport_introspection_cpp.so[0m
[10.286s] [ 54%] [32mBuilding CXX object CMakeFiles/turtlesim__rosidl_typesupport_fastrtps_cpp.dir/rosidl_typesupport_fastrtps_cpp/turtlesim/msg/detail/dds_fastrtps/pose__type_support.cpp.o[0m
[10.306s] [ 55%] [32mBuilding CXX object CMakeFiles/turtlesim__rosidl_typesupport_fastrtps_c.dir/rosidl_typesupport_fastrtps_c/turtlesim/srv/detail/set_pen__type_support_c.cpp.o[0m
[10.367s] [ 56%] [32mBuilding C object CMakeFiles/turtlesim__rosidl_typesupport_introspection_c.dir/rosidl_typesupport_introspection_c/turtlesim/srv/detail/set_pen__type_support.c.o[0m
[10.440s] [ 57%] [32mBuilding C object CMakeFiles/turtlesim__rosidl_typesupport_introspection_c.dir/rosidl_typesupport_introspection_c/turtlesim/srv/detail/spawn__type_support.c.o[0m
[10.449s] [ 58%] [32m[1mLinking CXX shared library libturtlesim__rosidl_typesupport_cpp.so[0m
[10.537s] [ 59%] [32mBuilding C object CMakeFiles/turtlesim__rosidl_typesupport_introspection_c.dir/rosidl_typesupport_introspection_c/turtlesim/srv/detail/teleport_absolute__type_support.c.o[0m
[10.557s] [ 59%] Built target turtlesim__rosidl_typesupport_introspection_cpp
[10.573s] [ 60%] [32mBuilding C object CMakeFiles/turtlesim__rosidl_typesupport_introspection_c.dir/rosidl_typesupport_introspection_c/turtlesim/srv/detail/teleport_relative__type_support.c.o[0m
[10.577s] [ 61%] [32mBuilding CXX object CMakeFiles/turtlesim__rosidl_typesupport_fastrtps_cpp.dir/rosidl_typesupport_fastrtps_cpp/turtlesim/srv/detail/dds_fastrtps/kill__type_support.cpp.o[0m
[10.579s] [ 61%] Built target turtlesim__rosidl_typesupport_cpp
[10.604s] [ 62%] [32mBuilding CXX object CMakeFiles/turtlesim__rosidl_typesupport_fastrtps_c.dir/rosidl_typesupport_fastrtps_c/turtlesim/srv/detail/spawn__type_support_c.cpp.o[0m
[10.676s] [ 63%] [32mBuilding CXX object CMakeFiles/turtlesim__rosidl_typesupport_fastrtps_c.dir/rosidl_typesupport_fastrtps_c/turtlesim/srv/detail/teleport_absolute__type_support_c.cpp.o[0m
[10.696s] [ 64%] [32m[1mLinking C shared library libturtlesim__rosidl_typesupport_introspection_c.so[0m
[10.800s] [ 65%] [32mBuilding CXX object CMakeFiles/turtlesim__rosidl_typesupport_fastrtps_c.dir/rosidl_typesupport_fastrtps_c/turtlesim/srv/detail/teleport_relative__type_support_c.cpp.o[0m
[10.855s] [ 65%] Built target turtlesim__rosidl_typesupport_introspection_c
[10.916s] [ 66%] [34m[1mGenerating include/turtlesim/moc_turtle_frame.cpp[0m
[11.014s] [ 67%] [32mBuilding CXX object CMakeFiles/turtlesim__rosidl_typesupport_fastrtps_cpp.dir/rosidl_typesupport_fastrtps_cpp/turtlesim/srv/detail/dds_fastrtps/set_pen__type_support.cpp.o[0m
[11.058s] [ 68%] [32mBuilding CXX object CMakeFiles/turtlesim__rosidl_typesupport_fastrtps_cpp.dir/rosidl_typesupport_fastrtps_cpp/turtlesim/srv/detail/dds_fastrtps/spawn__type_support.cpp.o[0m
[11.130s] [ 69%] [32mBuilding CXX object CMakeFiles/turtlesim__rosidl_typesupport_fastrtps_cpp.dir/rosidl_typesupport_fastrtps_cpp/turtlesim/srv/detail/dds_fastrtps/teleport_absolute__type_support.cpp.o[0m
[11.222s] [ 70%] [32mBuilding CXX object CMakeFiles/turtlesim__rosidl_typesupport_fastrtps_cpp.dir/rosidl_typesupport_fastrtps_cpp/turtlesim/srv/detail/dds_fastrtps/teleport_relative__type_support.cpp.o[0m
[11.348s] [ 71%] [32mBuilding CXX object CMakeFiles/turtle_teleop_key.dir/tutorials/teleop_turtle_key.cpp.o[0m
[11.399s] [ 72%] [32mBuilding CXX object CMakeFiles/draw_square.dir/tutorials/draw_square.cpp.o[0m
[11.486s] [ 73%] [32mBuilding CXX object CMakeFiles/mimic.dir/tutorials/mimic.cpp.o[0m
[11.646s] [ 74%] [32m[1mLinking CXX shared library libturtlesim__rosidl_typesupport_fastrtps_c.so[0m
[11.702s] [ 75%] [32mBuilding CXX object CMakeFiles/turtlesim_node.dir/src/turtlesim.cpp.o[0m
[11.753s] [ 77%] [32mBuilding CXX object CMakeFiles/turtlesim_node.dir/src/turtle.cpp.o[0m
[11.756s] [ 77%] [32mBuilding CXX object CMakeFiles/turtlesim_node.dir/include/turtlesim/moc_turtle_frame.cpp.o[0m
[11.773s] [ 78%] [32mBuilding CXX object CMakeFiles/turtlesim_node.dir/src/turtle_frame.cpp.o[0m
[11.868s] [ 78%] Built target turtlesim__rosidl_typesupport_fastrtps_c
[12.211s] [ 79%] [32m[1mLinking CXX shared library libturtlesim__rosidl_typesupport_fastrtps_cpp.so[0m
[12.433s] [ 79%] Built target turtlesim__rosidl_typesupport_fastrtps_cpp
[12.478s] [ 79%] Built target turtlesim
[12.532s] [ 80%] [34m[1mGenerating Python code for ROS interfaces[0m
[17.005s] [ 80%] Built target turtlesim__py
[17.080s] [ 81%] [32mBuilding C object CMakeFiles/turtlesim__rosidl_generator_py.dir/rosidl_generator_py/turtlesim/action/_rotate_absolute_s.c.o[0m
[17.096s] [ 82%] [32mBuilding C object CMakeFiles/turtlesim__rosidl_generator_py.dir/rosidl_generator_py/turtlesim/srv/_kill_s.c.o[0m
[17.097s] [ 83%] [32mBuilding C object CMakeFiles/turtlesim__rosidl_generator_py.dir/rosidl_generator_py/turtlesim/msg/_color_s.c.o[0m
[17.105s] [ 84%] [32mBuilding C object CMakeFiles/turtlesim__rosidl_generator_py.dir/rosidl_generator_py/turtlesim/msg/_pose_s.c.o[0m
[17.125s] [ 85%] [32mBuilding C object CMakeFiles/turtlesim__rosidl_generator_py.dir/rosidl_generator_py/turtlesim/srv/_set_pen_s.c.o[0m
[17.477s] [ 86%] [32mBuilding C object CMakeFiles/turtlesim__rosidl_generator_py.dir/rosidl_generator_py/turtlesim/srv/_spawn_s.c.o[0m
[17.553s] [ 87%] [32mBuilding C object CMakeFiles/turtlesim__rosidl_generator_py.dir/rosidl_generator_py/turtlesim/srv/_teleport_absolute_s.c.o[0m
[17.617s] [ 88%] [32mBuilding C object CMakeFiles/turtlesim__rosidl_generator_py.dir/rosidl_generator_py/turtlesim/srv/_teleport_relative_s.c.o[0m
[18.068s] [ 89%] [32m[1mLinking C shared library rosidl_generator_py/turtlesim/libturtlesim__rosidl_generator_py.so[0m
[18.170s] [ 89%] Built target turtlesim__rosidl_generator_py
[18.234s] [ 90%] [32mBuilding C object CMakeFiles/turtlesim__rosidl_typesupport_fastrtps_c__pyext.dir/rosidl_generator_py/turtlesim/_turtlesim_s.ep.rosidl_typesupport_fastrtps_c.c.o[0m
[18.256s] [ 91%] [32mBuilding C object CMakeFiles/turtlesim__rosidl_typesupport_c__pyext.dir/rosidl_generator_py/turtlesim/_turtlesim_s.ep.rosidl_typesupport_c.c.o[0m
[18.270s] [ 92%] [32mBuilding C object CMakeFiles/turtlesim__rosidl_typesupport_introspection_c__pyext.dir/rosidl_generator_py/turtlesim/_turtlesim_s.ep.rosidl_typesupport_introspection_c.c.o[0m
[18.810s] [ 93%] [32m[1mLinking C shared library rosidl_generator_py/turtlesim/turtlesim_s__rosidl_typesupport_fastrtps_c.cpython-310-x86_64-linux-gnu.so[0m
[18.882s] [ 94%] [32m[1mLinking C shared library rosidl_generator_py/turtlesim/turtlesim_s__rosidl_typesupport_introspection_c.cpython-310-x86_64-linux-gnu.so[0m
[19.095s] [ 94%] Built target turtlesim__rosidl_typesupport_introspection_c__pyext
[19.158s] [ 95%] [32m[1mLinking C shared library rosidl_generator_py/turtlesim/turtlesim_s__rosidl_typesupport_c.cpython-310-x86_64-linux-gnu.so[0m
[19.432s] [ 95%] Built target turtlesim__rosidl_typesupport_fastrtps_c__pyext
[19.638s] [ 95%] Built target turtlesim__rosidl_typesupport_c__pyext
[48.097s] [ 96%] [32m[1mLinking CXX executable turtle_teleop_key[0m
[50.689s] [ 96%] Built target turtle_teleop_key
[59.473s] [ 97%] [32m[1mLinking CXX executable mimic[0m
[60.198s] [ 98%] [32m[1mLinking CXX executable draw_square[0m
[60.367s] [ 98%] Built target mimic
[61.155s] [ 98%] Built target draw_square
[66.268s] [100%] [32m[1mLinking CXX executable turtlesim_node[0m
[69.985s] [100%] Built target turtlesim_node
[70.039s] Invoked command in '/home/ros2/exam/build/turtlesim' returned '0': CMAKE_PREFIX_PATH=${CMAKE_PREFIX_PATH}:/opt/ros/humble /usr/bin/cmake --build /home/ros2/exam/build/turtlesim -- -j12 -l12
[70.045s] Invoking command in '/home/ros2/exam/build/turtlesim': CMAKE_PREFIX_PATH=${CMAKE_PREFIX_PATH}:/opt/ros/humble /usr/bin/cmake --install /home/ros2/exam/build/turtlesim
[70.062s] -- Install configuration: ""
[70.062s] -- Installing: /home/ros2/exam/install/turtlesim/share/ament_index/resource_index/rosidl_interfaces/turtlesim
[70.063s] -- Installing: /home/ros2/exam/install/turtlesim/include/turtlesim/turtlesim
[70.064s] -- Installing: /home/ros2/exam/install/turtlesim/include/turtlesim/turtlesim/msg
[70.064s] -- Installing: /home/ros2/exam/install/turtlesim/include/turtlesim/turtlesim/msg/rosidl_generator_c__visibility_control.h
[70.065s] -- Installing: /home/ros2/exam/install/turtlesim/include/turtlesim/turtlesim/msg/color.h
[70.066s] -- Installing: /home/ros2/exam/install/turtlesim/include/turtlesim/turtlesim/msg/detail
[70.067s] -- Installing: /home/ros2/exam/install/turtlesim/include/turtlesim/turtlesim/msg/detail/color__functions.h
[70.067s] -- Installing: /home/ros2/exam/install/turtlesim/include/turtlesim/turtlesim/msg/detail/pose__functions.h
[70.068s] -- Installing: /home/ros2/exam/install/turtlesim/include/turtlesim/turtlesim/msg/detail/color__type_support.h
[70.068s] -- Installing: /home/ros2/exam/install/turtlesim/include/turtlesim/turtlesim/msg/detail/color__struct.h
[70.069s] -- Installing: /home/ros2/exam/install/turtlesim/include/turtlesim/turtlesim/msg/detail/color__functions.c
[70.070s] -- Installing: /home/ros2/exam/install/turtlesim/include/turtlesim/turtlesim/msg/detail/pose__type_support.h
[70.070s] -- Installing: /home/ros2/exam/install/turtlesim/include/turtlesim/turtlesim/msg/detail/pose__struct.h
[70.071s] -- Installing: /home/ros2/exam/install/turtlesim/include/turtlesim/turtlesim/msg/detail/pose__functions.c
[70.072s] -- Installing: /home/ros2/exam/install/turtlesim/include/turtlesim/turtlesim/msg/pose.h
[70.073s] -- Installing: /home/ros2/exam/install/turtlesim/include/turtlesim/turtlesim/srv
[70.073s] -- Installing: /home/ros2/exam/install/turtlesim/include/turtlesim/turtlesim/srv/teleport_relative.h
[70.074s] -- Installing: /home/ros2/exam/install/turtlesim/include/turtlesim/turtlesim/srv/kill.h
[70.074s] -- Installing: /home/ros2/exam/install/turtlesim/include/turtlesim/turtlesim/srv/detail
[70.075s] -- Installing: /home/ros2/exam/install/turtlesim/include/turtlesim/turtlesim/srv/detail/spawn__functions.c
[70.075s] -- Installing: /home/ros2/exam/install/turtlesim/include/turtlesim/turtlesim/srv/detail/set_pen__type_support.h
[70.076s] -- Installing: /home/ros2/exam/install/turtlesim/include/turtlesim/turtlesim/srv/detail/kill__struct.h
[70.076s] -- Installing: /home/ros2/exam/install/turtlesim/include/turtlesim/turtlesim/srv/detail/teleport_absolute__functions.c
[70.077s] -- Installing: /home/ros2/exam/install/turtlesim/include/turtlesim/turtlesim/srv/detail/kill__functions.c
[70.078s] -- Installing: /home/ros2/exam/install/turtlesim/include/turtlesim/turtlesim/srv/detail/teleport_absolute__type_support.h
[70.078s] -- Installing: /home/ros2/exam/install/turtlesim/include/turtlesim/turtlesim/srv/detail/kill__functions.h
[70.079s] -- Installing: /home/ros2/exam/install/turtlesim/include/turtlesim/turtlesim/srv/detail/teleport_relative__functions.h
[70.080s] -- Installing: /home/ros2/exam/install/turtlesim/include/turtlesim/turtlesim/srv/detail/spawn__type_support.h
[70.081s] -- Installing: /home/ros2/exam/install/turtlesim/include/turtlesim/turtlesim/srv/detail/set_pen__functions.h
[70.082s] -- Installing: /home/ros2/exam/install/turtlesim/include/turtlesim/turtlesim/srv/detail/teleport_absolute__functions.h
[70.082s] -- Installing: /home/ros2/exam/install/turtlesim/include/turtlesim/turtlesim/srv/detail/spawn__functions.h
[70.083s] -- Installing: /home/ros2/exam/install/turtlesim/include/turtlesim/turtlesim/srv/detail/set_pen__struct.h
[70.083s] -- Installing: /home/ros2/exam/install/turtlesim/include/turtlesim/turtlesim/srv/detail/kill__type_support.h
[70.084s] -- Installing: /home/ros2/exam/install/turtlesim/include/turtlesim/turtlesim/srv/detail/teleport_relative__functions.c
[70.085s] -- Installing: /home/ros2/exam/install/turtlesim/include/turtlesim/turtlesim/srv/detail/teleport_relative__type_support.h
[70.085s] -- Installing: /home/ros2/exam/install/turtlesim/include/turtlesim/turtlesim/srv/detail/teleport_relative__struct.h
[70.086s] -- Installing: /home/ros2/exam/install/turtlesim/include/turtlesim/turtlesim/srv/detail/set_pen__functions.c
[70.086s] -- Installing: /home/ros2/exam/install/turtlesim/include/turtlesim/turtlesim/srv/detail/spawn__struct.h
[70.088s] -- Installing: /home/ros2/exam/install/turtlesim/include/turtlesim/turtlesim/srv/detail/teleport_absolute__struct.h
[70.089s] -- Installing: /home/ros2/exam/install/turtlesim/include/turtlesim/turtlesim/srv/teleport_absolute.h
[70.090s] -- Installing: /home/ros2/exam/install/turtlesim/include/turtlesim/turtlesim/srv/set_pen.h
[70.091s] -- Installing: /home/ros2/exam/install/turtlesim/include/turtlesim/turtlesim/srv/spawn.h
[70.092s] -- Installing: /home/ros2/exam/install/turtlesim/include/turtlesim/turtlesim/action
[70.092s] -- Installing: /home/ros2/exam/install/turtlesim/include/turtlesim/turtlesim/action/rotate_absolute.h
[70.093s] -- Installing: /home/ros2/exam/install/turtlesim/include/turtlesim/turtlesim/action/detail
[70.093s] -- Installing: /home/ros2/exam/install/turtlesim/include/turtlesim/turtlesim/action/detail/rotate_absolute__type_support.h
[70.094s] -- Installing: /home/ros2/exam/install/turtlesim/include/turtlesim/turtlesim/action/detail/rotate_absolute__struct.h
[70.095s] -- Installing: /home/ros2/exam/install/turtlesim/include/turtlesim/turtlesim/action/detail/rotate_absolute__functions.h
[70.097s] -- Installing: /home/ros2/exam/install/turtlesim/include/turtlesim/turtlesim/action/detail/rotate_absolute__functions.c
[70.099s] -- Installing: /home/ros2/exam/install/turtlesim/share/turtlesim/environment/library_path.sh
[70.100s] -- Installing: /home/ros2/exam/install/turtlesim/share/turtlesim/environment/library_path.dsv
[70.101s] -- Installing: /home/ros2/exam/install/turtlesim/lib/libturtlesim__rosidl_generator_c.so
[70.104s] -- Set runtime path of "/home/ros2/exam/install/turtlesim/lib/libturtlesim__rosidl_generator_c.so" to ""
[70.104s] -- Up-to-date: /home/ros2/exam/install/turtlesim/include/turtlesim/turtlesim
[70.104s] -- Up-to-date: /home/ros2/exam/install/turtlesim/include/turtlesim/turtlesim/msg
[70.104s] -- Up-to-date: /home/ros2/exam/install/turtlesim/include/turtlesim/turtlesim/msg/detail
[70.104s] -- Installing: /home/ros2/exam/install/turtlesim/include/turtlesim/turtlesim/msg/detail/pose__rosidl_typesupport_fastrtps_c.h
[70.105s] -- Installing: /home/ros2/exam/install/turtlesim/include/turtlesim/turtlesim/msg/detail/color__rosidl_typesupport_fastrtps_c.h
[70.105s] -- Installing: /home/ros2/exam/install/turtlesim/include/turtlesim/turtlesim/msg/rosidl_typesupport_fastrtps_c__visibility_control.h
[70.106s] -- Up-to-date: /home/ros2/exam/install/turtlesim/include/turtlesim/turtlesim/srv
[70.106s] -- Up-to-date: /home/ros2/exam/install/turtlesim/include/turtlesim/turtlesim/srv/detail
[70.106s] -- Installing: /home/ros2/exam/install/turtlesim/include/turtlesim/turtlesim/srv/detail/spawn__rosidl_typesupport_fastrtps_c.h
[70.106s] -- Installing: /home/ros2/exam/install/turtlesim/include/turtlesim/turtlesim/srv/detail/set_pen__rosidl_typesupport_fastrtps_c.h
[70.107s] -- Installing: /home/ros2/exam/install/turtlesim/include/turtlesim/turtlesim/srv/detail/teleport_relative__rosidl_typesupport_fastrtps_c.h
[70.108s] -- Installing: /home/ros2/exam/install/turtlesim/include/turtlesim/turtlesim/srv/detail/kill__rosidl_typesupport_fastrtps_c.h
[70.109s] -- Installing: /home/ros2/exam/install/turtlesim/include/turtlesim/turtlesim/srv/detail/teleport_absolute__rosidl_typesupport_fastrtps_c.h
[70.109s] -- Up-to-date: /home/ros2/exam/install/turtlesim/include/turtlesim/turtlesim/action
[70.109s] -- Up-to-date: /home/ros2/exam/install/turtlesim/include/turtlesim/turtlesim/action/detail
[70.109s] -- Installing: /home/ros2/exam/install/turtlesim/include/turtlesim/turtlesim/action/detail/rotate_absolute__rosidl_typesupport_fastrtps_c.h
[70.110s] -- Installing: /home/ros2/exam/install/turtlesim/lib/libturtlesim__rosidl_typesupport_fastrtps_c.so
[70.112s] -- Set runtime path of "/home/ros2/exam/install/turtlesim/lib/libturtlesim__rosidl_typesupport_fastrtps_c.so" to ""
[70.113s] -- Up-to-date: /home/ros2/exam/install/turtlesim/include/turtlesim/turtlesim
[70.113s] -- Up-to-date: /home/ros2/exam/install/turtlesim/include/turtlesim/turtlesim/msg
[70.113s] -- Installing: /home/ros2/exam/install/turtlesim/include/turtlesim/turtlesim/msg/color.hpp
[70.113s] -- Installing: /home/ros2/exam/install/turtlesim/include/turtlesim/turtlesim/msg/rosidl_generator_cpp__visibility_control.hpp
[70.114s] -- Up-to-date: /home/ros2/exam/install/turtlesim/include/turtlesim/turtlesim/msg/detail
[70.114s] -- Installing: /home/ros2/exam/install/turtlesim/include/turtlesim/turtlesim/msg/detail/pose__builder.hpp
[70.114s] -- Installing: /home/ros2/exam/install/turtlesim/include/turtlesim/turtlesim/msg/detail/color__builder.hpp
[70.114s] -- Installing: /home/ros2/exam/install/turtlesim/include/turtlesim/turtlesim/msg/detail/color__traits.hpp
[70.115s] -- Installing: /home/ros2/exam/install/turtlesim/include/turtlesim/turtlesim/msg/detail/pose__traits.hpp
[70.115s] -- Installing: /home/ros2/exam/install/turtlesim/include/turtlesim/turtlesim/msg/detail/color__type_support.hpp
[70.116s] -- Installing: /home/ros2/exam/install/turtlesim/include/turtlesim/turtlesim/msg/detail/pose__type_support.hpp
[70.116s] -- Installing: /home/ros2/exam/install/turtlesim/include/turtlesim/turtlesim/msg/detail/color__struct.hpp
[70.117s] -- Installing: /home/ros2/exam/install/turtlesim/include/turtlesim/turtlesim/msg/detail/pose__struct.hpp
[70.117s] -- Installing: /home/ros2/exam/install/turtlesim/include/turtlesim/turtlesim/msg/pose.hpp
[70.117s] -- Up-to-date: /home/ros2/exam/install/turtlesim/include/turtlesim/turtlesim/srv
[70.118s] -- Installing: /home/ros2/exam/install/turtlesim/include/turtlesim/turtlesim/srv/teleport_relative.hpp
[70.118s] -- Up-to-date: /home/ros2/exam/install/turtlesim/include/turtlesim/turtlesim/srv/detail
[70.118s] -- Installing: /home/ros2/exam/install/turtlesim/include/turtlesim/turtlesim/srv/detail/set_pen__builder.hpp
[70.119s] -- Installing: /home/ros2/exam/install/turtlesim/include/turtlesim/turtlesim/srv/detail/teleport_relative__struct.hpp
[70.120s] -- Installing: /home/ros2/exam/install/turtlesim/include/turtlesim/turtlesim/srv/detail/set_pen__type_support.hpp
[70.120s] -- Installing: /home/ros2/exam/install/turtlesim/include/turtlesim/turtlesim/srv/detail/kill__traits.hpp
[70.121s] -- Installing: /home/ros2/exam/install/turtlesim/include/turtlesim/turtlesim/srv/detail/teleport_relative__type_support.hpp
[70.122s] -- Installing: /home/ros2/exam/install/turtlesim/include/turtlesim/turtlesim/srv/detail/set_pen__traits.hpp
[70.123s] -- Installing: /home/ros2/exam/install/turtlesim/include/turtlesim/turtlesim/srv/detail/spawn__struct.hpp
[70.123s] -- Installing: /home/ros2/exam/install/turtlesim/include/turtlesim/turtlesim/srv/detail/set_pen__struct.hpp
[70.124s] -- Installing: /home/ros2/exam/install/turtlesim/include/turtlesim/turtlesim/srv/detail/kill__builder.hpp
[70.124s] -- Installing: /home/ros2/exam/install/turtlesim/include/turtlesim/turtlesim/srv/detail/kill__type_support.hpp
[70.125s] -- Installing: /home/ros2/exam/install/turtlesim/include/turtlesim/turtlesim/srv/detail/kill__struct.hpp
[70.126s] -- Installing: /home/ros2/exam/install/turtlesim/include/turtlesim/turtlesim/srv/detail/teleport_relative__traits.hpp
[70.127s] -- Installing: /home/ros2/exam/install/turtlesim/include/turtlesim/turtlesim/srv/detail/teleport_absolute__builder.hpp
[70.127s] -- Installing: /home/ros2/exam/install/turtlesim/include/turtlesim/turtlesim/srv/detail/teleport_relative__builder.hpp
[70.128s] -- Installing: /home/ros2/exam/install/turtlesim/include/turtlesim/turtlesim/srv/detail/teleport_absolute__struct.hpp
[70.128s] -- Installing: /home/ros2/exam/install/turtlesim/include/turtlesim/turtlesim/srv/detail/teleport_absolute__type_support.hpp
[70.129s] -- Installing: /home/ros2/exam/install/turtlesim/include/turtlesim/turtlesim/srv/detail/spawn__type_support.hpp
[70.130s] -- Installing: /home/ros2/exam/install/turtlesim/include/turtlesim/turtlesim/srv/detail/spawn__traits.hpp
[70.131s] -- Installing: /home/ros2/exam/install/turtlesim/include/turtlesim/turtlesim/srv/detail/spawn__builder.hpp
[70.132s] -- Installing: /home/ros2/exam/install/turtlesim/include/turtlesim/turtlesim/srv/detail/teleport_absolute__traits.hpp
[70.133s] -- Installing: /home/ros2/exam/install/turtlesim/include/turtlesim/turtlesim/srv/teleport_absolute.hpp
[70.134s] -- Installing: /home/ros2/exam/install/turtlesim/include/turtlesim/turtlesim/srv/set_pen.hpp
[70.135s] -- Installing: /home/ros2/exam/install/turtlesim/include/turtlesim/turtlesim/srv/spawn.hpp
[70.135s] -- Installing: /home/ros2/exam/install/turtlesim/include/turtlesim/turtlesim/srv/kill.hpp
[70.136s] -- Up-to-date: /home/ros2/exam/install/turtlesim/include/turtlesim/turtlesim/action
[70.136s] -- Up-to-date: /home/ros2/exam/install/turtlesim/include/turtlesim/turtlesim/action/detail
[70.136s] -- Installing: /home/ros2/exam/install/turtlesim/include/turtlesim/turtlesim/action/detail/rotate_absolute__traits.hpp
[70.137s] -- Installing: /home/ros2/exam/install/turtlesim/include/turtlesim/turtlesim/action/detail/rotate_absolute__struct.hpp
[70.138s] -- Installing: /home/ros2/exam/install/turtlesim/include/turtlesim/turtlesim/action/detail/rotate_absolute__builder.hpp
[70.139s] -- Installing: /home/ros2/exam/install/turtlesim/include/turtlesim/turtlesim/action/detail/rotate_absolute__type_support.hpp
[70.139s] -- Installing: /home/ros2/exam/install/turtlesim/include/turtlesim/turtlesim/action/rotate_absolute.hpp
[70.140s] -- Up-to-date: /home/ros2/exam/install/turtlesim/include/turtlesim/turtlesim
[70.140s] -- Up-to-date: /home/ros2/exam/install/turtlesim/include/turtlesim/turtlesim/msg
[70.141s] -- Installing: /home/ros2/exam/install/turtlesim/include/turtlesim/turtlesim/msg/rosidl_typesupport_fastrtps_cpp__visibility_control.h
[70.141s] -- Up-to-date: /home/ros2/exam/install/turtlesim/include/turtlesim/turtlesim/msg/detail
[70.141s] -- Installing: /home/ros2/exam/install/turtlesim/include/turtlesim/turtlesim/msg/detail/dds_fastrtps
[70.141s] -- Installing: /home/ros2/exam/install/turtlesim/include/turtlesim/turtlesim/msg/detail/pose__rosidl_typesupport_fastrtps_cpp.hpp
[70.143s] -- Installing: /home/ros2/exam/install/turtlesim/include/turtlesim/turtlesim/msg/detail/color__rosidl_typesupport_fastrtps_cpp.hpp
[70.143s] -- Up-to-date: /home/ros2/exam/install/turtlesim/include/turtlesim/turtlesim/srv
[70.144s] -- Up-to-date: /home/ros2/exam/install/turtlesim/include/turtlesim/turtlesim/srv/detail
[70.144s] -- Installing: /home/ros2/exam/install/turtlesim/include/turtlesim/turtlesim/srv/detail/set_pen__rosidl_typesupport_fastrtps_cpp.hpp
[70.144s] -- Installing: /home/ros2/exam/install/turtlesim/include/turtlesim/turtlesim/srv/detail/spawn__rosidl_typesupport_fastrtps_cpp.hpp
[70.145s] -- Installing: /home/ros2/exam/install/turtlesim/include/turtlesim/turtlesim/srv/detail/dds_fastrtps
[70.145s] -- Installing: /home/ros2/exam/install/turtlesim/include/turtlesim/turtlesim/srv/detail/teleport_absolute__rosidl_typesupport_fastrtps_cpp.hpp
[70.147s] -- Installing: /home/ros2/exam/install/turtlesim/include/turtlesim/turtlesim/srv/detail/kill__rosidl_typesupport_fastrtps_cpp.hpp
[70.147s] -- Installing: /home/ros2/exam/install/turtlesim/include/turtlesim/turtlesim/srv/detail/teleport_relative__rosidl_typesupport_fastrtps_cpp.hpp
[70.148s] -- Up-to-date: /home/ros2/exam/install/turtlesim/include/turtlesim/turtlesim/action
[70.148s] -- Up-to-date: /home/ros2/exam/install/turtlesim/include/turtlesim/turtlesim/action/detail
[70.148s] -- Installing: /home/ros2/exam/install/turtlesim/include/turtlesim/turtlesim/action/detail/dds_fastrtps
[70.149s] -- Installing: /home/ros2/exam/install/turtlesim/include/turtlesim/turtlesim/action/detail/rotate_absolute__rosidl_typesupport_fastrtps_cpp.hpp
[70.150s] -- Installing: /home/ros2/exam/install/turtlesim/lib/libturtlesim__rosidl_typesupport_fastrtps_cpp.so
[70.152s] -- Set runtime path of "/home/ros2/exam/install/turtlesim/lib/libturtlesim__rosidl_typesupport_fastrtps_cpp.so" to ""
[70.152s] -- Up-to-date: /home/ros2/exam/install/turtlesim/include/turtlesim/turtlesim
[70.152s] -- Up-to-date: /home/ros2/exam/install/turtlesim/include/turtlesim/turtlesim/msg
[70.152s] -- Up-to-date: /home/ros2/exam/install/turtlesim/include/turtlesim/turtlesim/msg/detail
[70.153s] -- Installing: /home/ros2/exam/install/turtlesim/include/turtlesim/turtlesim/msg/detail/color__rosidl_typesupport_introspection_c.h
[70.153s] -- Installing: /home/ros2/exam/install/turtlesim/include/turtlesim/turtlesim/msg/detail/pose__type_support.c
[70.154s] -- Installing: /home/ros2/exam/install/turtlesim/include/turtlesim/turtlesim/msg/detail/color__type_support.c
[70.155s] -- Installing: /home/ros2/exam/install/turtlesim/include/turtlesim/turtlesim/msg/detail/pose__rosidl_typesupport_introspection_c.h
[70.156s] -- Installing: /home/ros2/exam/install/turtlesim/include/turtlesim/turtlesim/msg/rosidl_typesupport_introspection_c__visibility_control.h
[70.156s] -- Up-to-date: /home/ros2/exam/install/turtlesim/include/turtlesim/turtlesim/srv
[70.157s] -- Up-to-date: /home/ros2/exam/install/turtlesim/include/turtlesim/turtlesim/srv/detail
[70.157s] -- Installing: /home/ros2/exam/install/turtlesim/include/turtlesim/turtlesim/srv/detail/spawn__rosidl_typesupport_introspection_c.h
[70.158s] -- Installing: /home/ros2/exam/install/turtlesim/include/turtlesim/turtlesim/srv/detail/teleport_absolute__type_support.c
[70.159s] -- Installing: /home/ros2/exam/install/turtlesim/include/turtlesim/turtlesim/srv/detail/teleport_relative__type_support.c
[70.160s] -- Installing: /home/ros2/exam/install/turtlesim/include/turtlesim/turtlesim/srv/detail/kill__type_support.c
[70.161s] -- Installing: /home/ros2/exam/install/turtlesim/include/turtlesim/turtlesim/srv/detail/teleport_absolute__rosidl_typesupport_introspection_c.h
[70.161s] -- Installing: /home/ros2/exam/install/turtlesim/include/turtlesim/turtlesim/srv/detail/kill__rosidl_typesupport_introspection_c.h
[70.162s] -- Installing: /home/ros2/exam/install/turtlesim/include/turtlesim/turtlesim/srv/detail/set_pen__rosidl_typesupport_introspection_c.h
[70.162s] -- Installing: /home/ros2/exam/install/turtlesim/include/turtlesim/turtlesim/srv/detail/spawn__type_support.c
[70.163s] -- Installing: /home/ros2/exam/install/turtlesim/include/turtlesim/turtlesim/srv/detail/teleport_relative__rosidl_typesupport_introspection_c.h
[70.164s] -- Installing: /home/ros2/exam/install/turtlesim/include/turtlesim/turtlesim/srv/detail/set_pen__type_support.c
[70.165s] -- Up-to-date: /home/ros2/exam/install/turtlesim/include/turtlesim/turtlesim/action
[70.165s] -- Up-to-date: /home/ros2/exam/install/turtlesim/include/turtlesim/turtlesim/action/detail
[70.165s] -- Installing: /home/ros2/exam/install/turtlesim/include/turtlesim/turtlesim/action/detail/rotate_absolute__rosidl_typesupport_introspection_c.h
[70.165s] -- Installing: /home/ros2/exam/install/turtlesim/include/turtlesim/turtlesim/action/detail/rotate_absolute__type_support.c
[70.167s] -- Installing: /home/ros2/exam/install/turtlesim/lib/libturtlesim__rosidl_typesupport_introspection_c.so
[70.169s] -- Set runtime path of "/home/ros2/exam/install/turtlesim/lib/libturtlesim__rosidl_typesupport_introspection_c.so" to ""
[70.169s] -- Installing: /home/ros2/exam/install/turtlesim/lib/libturtlesim__rosidl_typesupport_c.so
[70.170s] -- Set runtime path of "/home/ros2/exam/install/turtlesim/lib/libturtlesim__rosidl_typesupport_c.so" to ""
[70.171s] -- Up-to-date: /home/ros2/exam/install/turtlesim/include/turtlesim/turtlesim
[70.171s] -- Up-to-date: /home/ros2/exam/install/turtlesim/include/turtlesim/turtlesim/msg
[70.171s] -- Up-to-date: /home/ros2/exam/install/turtlesim/include/turtlesim/turtlesim/msg/detail
[70.171s] -- Installing: /home/ros2/exam/install/turtlesim/include/turtlesim/turtlesim/msg/detail/pose__rosidl_typesupport_introspection_cpp.hpp
[70.172s] -- Installing: /home/ros2/exam/install/turtlesim/include/turtlesim/turtlesim/msg/detail/pose__type_support.cpp
[70.172s] -- Installing: /home/ros2/exam/install/turtlesim/include/turtlesim/turtlesim/msg/detail/color__type_support.cpp
[70.173s] -- Installing: /home/ros2/exam/install/turtlesim/include/turtlesim/turtlesim/msg/detail/color__rosidl_typesupport_introspection_cpp.hpp
[70.173s] -- Up-to-date: /home/ros2/exam/install/turtlesim/include/turtlesim/turtlesim/srv
[70.174s] -- Up-to-date: /home/ros2/exam/install/turtlesim/include/turtlesim/turtlesim/srv/detail
[70.174s] -- Installing: /home/ros2/exam/install/turtlesim/include/turtlesim/turtlesim/srv/detail/teleport_absolute__type_support.cpp
[70.174s] -- Installing: /home/ros2/exam/install/turtlesim/include/turtlesim/turtlesim/srv/detail/spawn__type_support.cpp
[70.175s] -- Installing: /home/ros2/exam/install/turtlesim/include/turtlesim/turtlesim/srv/detail/kill__type_support.cpp
[70.175s] -- Installing: /home/ros2/exam/install/turtlesim/include/turtlesim/turtlesim/srv/detail/set_pen__type_support.cpp
[70.176s] -- Installing: /home/ros2/exam/install/turtlesim/include/turtlesim/turtlesim/srv/detail/set_pen__rosidl_typesupport_introspection_cpp.hpp
[70.177s] -- Installing: /home/ros2/exam/install/turtlesim/include/turtlesim/turtlesim/srv/detail/kill__rosidl_typesupport_introspection_cpp.hpp
[70.177s] -- Installing: /home/ros2/exam/install/turtlesim/include/turtlesim/turtlesim/srv/detail/teleport_relative__rosidl_typesupport_introspection_cpp.hpp
[70.178s] -- Installing: /home/ros2/exam/install/turtlesim/include/turtlesim/turtlesim/srv/detail/spawn__rosidl_typesupport_introspection_cpp.hpp
[70.179s] -- Installing: /home/ros2/exam/install/turtlesim/include/turtlesim/turtlesim/srv/detail/teleport_relative__type_support.cpp
[70.180s] -- Installing: /home/ros2/exam/install/turtlesim/include/turtlesim/turtlesim/srv/detail/teleport_absolute__rosidl_typesupport_introspection_cpp.hpp
[70.180s] -- Up-to-date: /home/ros2/exam/install/turtlesim/include/turtlesim/turtlesim/action
[70.180s] -- Up-to-date: /home/ros2/exam/install/turtlesim/include/turtlesim/turtlesim/action/detail
[70.181s] -- Installing: /home/ros2/exam/install/turtlesim/include/turtlesim/turtlesim/action/detail/rotate_absolute__type_support.cpp
[70.182s] -- Installing: /home/ros2/exam/install/turtlesim/include/turtlesim/turtlesim/action/detail/rotate_absolute__rosidl_typesupport_introspection_cpp.hpp
[70.183s] -- Installing: /home/ros2/exam/install/turtlesim/lib/libturtlesim__rosidl_typesupport_introspection_cpp.so
[70.193s] -- Set runtime path of "/home/ros2/exam/install/turtlesim/lib/libturtlesim__rosidl_typesupport_introspection_cpp.so" to ""
[70.193s] -- Installing: /home/ros2/exam/install/turtlesim/lib/libturtlesim__rosidl_typesupport_cpp.so
[70.194s] -- Set runtime path of "/home/ros2/exam/install/turtlesim/lib/libturtlesim__rosidl_typesupport_cpp.so" to ""
[70.194s] -- Installing: /home/ros2/exam/install/turtlesim/share/turtlesim/environment/pythonpath.sh
[70.195s] -- Installing: /home/ros2/exam/install/turtlesim/share/turtlesim/environment/pythonpath.dsv
[70.196s] -- Installing: /home/ros2/exam/install/turtlesim/local/lib/python3.10/dist-packages/turtlesim-1.4.2-py3.10.egg-info
[70.197s] -- Installing: /home/ros2/exam/install/turtlesim/local/lib/python3.10/dist-packages/turtlesim-1.4.2-py3.10.egg-info/PKG-INFO
[70.197s] -- Installing: /home/ros2/exam/install/turtlesim/local/lib/python3.10/dist-packages/turtlesim-1.4.2-py3.10.egg-info/top_level.txt
[70.198s] -- Installing: /home/ros2/exam/install/turtlesim/local/lib/python3.10/dist-packages/turtlesim-1.4.2-py3.10.egg-info/dependency_links.txt
[70.199s] -- Installing: /home/ros2/exam/install/turtlesim/local/lib/python3.10/dist-packages/turtlesim-1.4.2-py3.10.egg-info/SOURCES.txt
[70.200s] -- Installing: /home/ros2/exam/install/turtlesim/local/lib/python3.10/dist-packages/turtlesim
[70.200s] -- Installing: /home/ros2/exam/install/turtlesim/local/lib/python3.10/dist-packages/turtlesim/turtlesim_s__rosidl_typesupport_fastrtps_c.cpython-310-x86_64-linux-gnu.so
[70.202s] -- Installing: /home/ros2/exam/install/turtlesim/local/lib/python3.10/dist-packages/turtlesim/msg
[70.203s] -- Installing: /home/ros2/exam/install/turtlesim/local/lib/python3.10/dist-packages/turtlesim/msg/__init__.py
[70.204s] -- Installing: /home/ros2/exam/install/turtlesim/local/lib/python3.10/dist-packages/turtlesim/msg/_pose.py
[70.205s] -- Installing: /home/ros2/exam/install/turtlesim/local/lib/python3.10/dist-packages/turtlesim/msg/_color.py
[70.205s] -- Installing: /home/ros2/exam/install/turtlesim/local/lib/python3.10/dist-packages/turtlesim/msg/_pose_s.c
[70.206s] -- Installing: /home/ros2/exam/install/turtlesim/local/lib/python3.10/dist-packages/turtlesim/msg/_color_s.c
[70.207s] -- Installing: /home/ros2/exam/install/turtlesim/local/lib/python3.10/dist-packages/turtlesim/libturtlesim__rosidl_generator_py.so
[70.208s] -- Installing: /home/ros2/exam/install/turtlesim/local/lib/python3.10/dist-packages/turtlesim/srv
[70.209s] -- Installing: /home/ros2/exam/install/turtlesim/local/lib/python3.10/dist-packages/turtlesim/srv/_set_pen_s.c
[70.209s] -- Installing: /home/ros2/exam/install/turtlesim/local/lib/python3.10/dist-packages/turtlesim/srv/_kill_s.c
[70.210s] -- Installing: /home/ros2/exam/install/turtlesim/local/lib/python3.10/dist-packages/turtlesim/srv/_spawn.py
[70.210s] -- Installing: /home/ros2/exam/install/turtlesim/local/lib/python3.10/dist-packages/turtlesim/srv/_teleport_absolute.py
[70.211s] -- Installing: /home/ros2/exam/install/turtlesim/local/lib/python3.10/dist-packages/turtlesim/srv/_teleport_relative_s.c
[70.212s] -- Installing: /home/ros2/exam/install/turtlesim/local/lib/python3.10/dist-packages/turtlesim/srv/__init__.py
[70.213s] -- Installing: /home/ros2/exam/install/turtlesim/local/lib/python3.10/dist-packages/turtlesim/srv/_teleport_absolute_s.c
[70.213s] -- Installing: /home/ros2/exam/install/turtlesim/local/lib/python3.10/dist-packages/turtlesim/srv/_spawn_s.c
[70.214s] -- Installing: /home/ros2/exam/install/turtlesim/local/lib/python3.10/dist-packages/turtlesim/srv/_set_pen.py
[70.215s] -- Installing: /home/ros2/exam/install/turtlesim/local/lib/python3.10/dist-packages/turtlesim/srv/_teleport_relative.py
[70.215s] -- Installing: /home/ros2/exam/install/turtlesim/local/lib/python3.10/dist-packages/turtlesim/srv/_kill.py
[70.216s] -- Installing: /home/ros2/exam/install/turtlesim/local/lib/python3.10/dist-packages/turtlesim/turtlesim_s__rosidl_typesupport_c.cpython-310-x86_64-linux-gnu.so
[70.217s] -- Installing: /home/ros2/exam/install/turtlesim/local/lib/python3.10/dist-packages/turtlesim/_turtlesim_s.ep.rosidl_typesupport_fastrtps_c.c
[70.219s] -- Installing: /home/ros2/exam/install/turtlesim/local/lib/python3.10/dist-packages/turtlesim/__init__.py
[70.219s] -- Installing: /home/ros2/exam/install/turtlesim/local/lib/python3.10/dist-packages/turtlesim/action
[70.219s] -- Installing: /home/ros2/exam/install/turtlesim/local/lib/python3.10/dist-packages/turtlesim/action/_rotate_absolute_s.c
[70.220s] -- Installing: /home/ros2/exam/install/turtlesim/local/lib/python3.10/dist-packages/turtlesim/action/__init__.py
[70.221s] -- Installing: /home/ros2/exam/install/turtlesim/local/lib/python3.10/dist-packages/turtlesim/action/_rotate_absolute.py
[70.222s] -- Installing: /home/ros2/exam/install/turtlesim/local/lib/python3.10/dist-packages/turtlesim/_turtlesim_s.ep.rosidl_typesupport_introspection_c.c
[70.223s] -- Installing: /home/ros2/exam/install/turtlesim/local/lib/python3.10/dist-packages/turtlesim/turtlesim_s__rosidl_typesupport_introspection_c.cpython-310-x86_64-linux-gnu.so
[70.224s] -- Installing: /home/ros2/exam/install/turtlesim/local/lib/python3.10/dist-packages/turtlesim/_turtlesim_s.ep.rosidl_typesupport_c.c
[70.303s] Listing '/home/ros2/exam/install/turtlesim/local/lib/python3.10/dist-packages/turtlesim'...
[70.303s] Compiling '/home/ros2/exam/install/turtlesim/local/lib/python3.10/dist-packages/turtlesim/__init__.py'...
[70.303s] Listing '/home/ros2/exam/install/turtlesim/local/lib/python3.10/dist-packages/turtlesim/action'...
[70.303s] Compiling '/home/ros2/exam/install/turtlesim/local/lib/python3.10/dist-packages/turtlesim/action/__init__.py'...
[70.303s] Compiling '/home/ros2/exam/install/turtlesim/local/lib/python3.10/dist-packages/turtlesim/action/_rotate_absolute.py'...
[70.303s] Listing '/home/ros2/exam/install/turtlesim/local/lib/python3.10/dist-packages/turtlesim/msg'...
[70.303s] Compiling '/home/ros2/exam/install/turtlesim/local/lib/python3.10/dist-packages/turtlesim/msg/__init__.py'...
[70.303s] Compiling '/home/ros2/exam/install/turtlesim/local/lib/python3.10/dist-packages/turtlesim/msg/_color.py'...
[70.303s] Compiling '/home/ros2/exam/install/turtlesim/local/lib/python3.10/dist-packages/turtlesim/msg/_pose.py'...
[70.303s] Listing '/home/ros2/exam/install/turtlesim/local/lib/python3.10/dist-packages/turtlesim/srv'...
[70.304s] Compiling '/home/ros2/exam/install/turtlesim/local/lib/python3.10/dist-packages/turtlesim/srv/__init__.py'...
[70.304s] Compiling '/home/ros2/exam/install/turtlesim/local/lib/python3.10/dist-packages/turtlesim/srv/_kill.py'...
[70.304s] Compiling '/home/ros2/exam/install/turtlesim/local/lib/python3.10/dist-packages/turtlesim/srv/_set_pen.py'...
[70.304s] Compiling '/home/ros2/exam/install/turtlesim/local/lib/python3.10/dist-packages/turtlesim/srv/_spawn.py'...
[70.304s] Compiling '/home/ros2/exam/install/turtlesim/local/lib/python3.10/dist-packages/turtlesim/srv/_teleport_absolute.py'...
[70.304s] Compiling '/home/ros2/exam/install/turtlesim/local/lib/python3.10/dist-packages/turtlesim/srv/_teleport_relative.py'...
[70.309s] -- Installing: /home/ros2/exam/install/turtlesim/local/lib/python3.10/dist-packages/turtlesim/turtlesim_s__rosidl_typesupport_fastrtps_c.cpython-310-x86_64-linux-gnu.so
[70.310s] -- Set runtime path of "/home/ros2/exam/install/turtlesim/local/lib/python3.10/dist-packages/turtlesim/turtlesim_s__rosidl_typesupport_fastrtps_c.cpython-310-x86_64-linux-gnu.so" to ""
[70.310s] -- Installing: /home/ros2/exam/install/turtlesim/local/lib/python3.10/dist-packages/turtlesim/turtlesim_s__rosidl_typesupport_introspection_c.cpython-310-x86_64-linux-gnu.so
[70.311s] -- Set runtime path of "/home/ros2/exam/install/turtlesim/local/lib/python3.10/dist-packages/turtlesim/turtlesim_s__rosidl_typesupport_introspection_c.cpython-310-x86_64-linux-gnu.so" to ""
[70.311s] -- Installing: /home/ros2/exam/install/turtlesim/local/lib/python3.10/dist-packages/turtlesim/turtlesim_s__rosidl_typesupport_c.cpython-310-x86_64-linux-gnu.so
[70.312s] -- Set runtime path of "/home/ros2/exam/install/turtlesim/local/lib/python3.10/dist-packages/turtlesim/turtlesim_s__rosidl_typesupport_c.cpython-310-x86_64-linux-gnu.so" to ""
[70.312s] -- Installing: /home/ros2/exam/install/turtlesim/lib/libturtlesim__rosidl_generator_py.so
[70.313s] -- Set runtime path of "/home/ros2/exam/install/turtlesim/lib/libturtlesim__rosidl_generator_py.so" to ""
[70.313s] -- Installing: /home/ros2/exam/install/turtlesim/share/turtlesim/action/RotateAbsolute.idl
[70.314s] -- Installing: /home/ros2/exam/install/turtlesim/share/turtlesim/msg/Color.idl
[70.315s] -- Installing: /home/ros2/exam/install/turtlesim/share/turtlesim/msg/Pose.idl
[70.316s] -- Installing: /home/ros2/exam/install/turtlesim/share/turtlesim/srv/Kill.idl
[70.316s] -- Installing: /home/ros2/exam/install/turtlesim/share/turtlesim/srv/SetPen.idl
[70.317s] -- Installing: /home/ros2/exam/install/turtlesim/share/turtlesim/srv/Spawn.idl
[70.318s] -- Installing: /home/ros2/exam/install/turtlesim/share/turtlesim/srv/TeleportAbsolute.idl
[70.319s] -- Installing: /home/ros2/exam/install/turtlesim/share/turtlesim/srv/TeleportRelative.idl
[70.319s] -- Installing: /home/ros2/exam/install/turtlesim/share/turtlesim/action/RotateAbsolute.action
[70.320s] -- Installing: /home/ros2/exam/install/turtlesim/share/turtlesim/msg/Color.msg
[70.321s] -- Installing: /home/ros2/exam/install/turtlesim/share/turtlesim/msg/Pose.msg
[70.321s] -- Installing: /home/ros2/exam/install/turtlesim/share/turtlesim/srv/Kill.srv
[70.322s] -- Installing: /home/ros2/exam/install/turtlesim/share/turtlesim/srv/Kill_Request.msg
[70.323s] -- Installing: /home/ros2/exam/install/turtlesim/share/turtlesim/srv/Kill_Response.msg
[70.323s] -- Installing: /home/ros2/exam/install/turtlesim/share/turtlesim/srv/SetPen.srv
[70.324s] -- Installing: /home/ros2/exam/install/turtlesim/share/turtlesim/srv/SetPen_Request.msg
[70.324s] -- Installing: /home/ros2/exam/install/turtlesim/share/turtlesim/srv/SetPen_Response.msg
[70.325s] -- Installing: /home/ros2/exam/install/turtlesim/share/turtlesim/srv/Spawn.srv
[70.326s] -- Installing: /home/ros2/exam/install/turtlesim/share/turtlesim/srv/Spawn_Request.msg
[70.326s] -- Installing: /home/ros2/exam/install/turtlesim/share/turtlesim/srv/Spawn_Response.msg
[70.327s] -- Installing: /home/ros2/exam/install/turtlesim/share/turtlesim/srv/TeleportAbsolute.srv
[70.328s] -- Installing: /home/ros2/exam/install/turtlesim/share/turtlesim/srv/TeleportAbsolute_Request.msg
[70.328s] -- Installing: /home/ros2/exam/install/turtlesim/share/turtlesim/srv/TeleportAbsolute_Response.msg
[70.329s] -- Installing: /home/ros2/exam/install/turtlesim/share/turtlesim/srv/TeleportRelative.srv
[70.329s] -- Installing: /home/ros2/exam/install/turtlesim/share/turtlesim/srv/TeleportRelative_Request.msg
[70.330s] -- Installing: /home/ros2/exam/install/turtlesim/share/turtlesim/srv/TeleportRelative_Response.msg
[70.330s] -- Installing: /home/ros2/exam/install/turtlesim/lib/turtlesim/turtlesim_node
[70.343s] -- Set runtime path of "/home/ros2/exam/install/turtlesim/lib/turtlesim/turtlesim_node" to ""
[70.343s] -- Installing: /home/ros2/exam/install/turtlesim/lib/turtlesim/turtle_teleop_key
[70.346s] -- Set runtime path of "/home/ros2/exam/install/turtlesim/lib/turtlesim/turtle_teleop_key" to ""
[70.346s] -- Installing: /home/ros2/exam/install/turtlesim/lib/turtlesim/draw_square
[70.352s] -- Set runtime path of "/home/ros2/exam/install/turtlesim/lib/turtlesim/draw_square" to ""
[70.352s] -- Installing: /home/ros2/exam/install/turtlesim/lib/turtlesim/mimic
[70.357s] -- Set runtime path of "/home/ros2/exam/install/turtlesim/lib/turtlesim/mimic" to ""
[70.357s] -- Installing: /home/ros2/exam/install/turtlesim/share/turtlesim/images
[70.357s] -- Installing: /home/ros2/exam/install/turtlesim/share/turtlesim/images/dashing.png
[70.358s] -- Installing: /home/ros2/exam/install/turtlesim/share/turtlesim/images/rolling.png
[70.359s] -- Installing: /home/ros2/exam/install/turtlesim/share/turtlesim/images/humble.png
[70.359s] -- Installing: /home/ros2/exam/install/turtlesim/share/turtlesim/images/bouncy.png
[70.360s] -- Installing: /home/ros2/exam/install/turtlesim/share/turtlesim/images/eloquent.png
[70.361s] -- Installing: /home/ros2/exam/install/turtlesim/share/turtlesim/images/foxy.png
[70.362s] -- Installing: /home/ros2/exam/install/turtlesim/share/turtlesim/images/ardent.png
[70.362s] -- Installing: /home/ros2/exam/install/turtlesim/share/turtlesim/images/crystal.png
[70.362s] -- Installing: /home/ros2/exam/install/turtlesim/share/turtlesim/images/galactic.png
[70.363s] -- Installing: /home/ros2/exam/install/turtlesim/share/turtlesim/launch
[70.364s] -- Installing: /home/ros2/exam/install/turtlesim/share/turtlesim/launch/multisim.launch.py
[70.364s] -- Installing: /home/ros2/exam/install/turtlesim/share/ament_index/resource_index/package_run_dependencies/turtlesim
[70.365s] -- Installing: /home/ros2/exam/install/turtlesim/share/ament_index/resource_index/parent_prefix_path/turtlesim
[70.365s] -- Installing: /home/ros2/exam/install/turtlesim/share/turtlesim/environment/ament_prefix_path.sh
[70.366s] -- Installing: /home/ros2/exam/install/turtlesim/share/turtlesim/environment/ament_prefix_path.dsv
[70.366s] -- Installing: /home/ros2/exam/install/turtlesim/share/turtlesim/environment/path.sh
[70.366s] -- Installing: /home/ros2/exam/install/turtlesim/share/turtlesim/environment/path.dsv
[70.367s] -- Installing: /home/ros2/exam/install/turtlesim/share/turtlesim/local_setup.bash
[70.368s] -- Installing: /home/ros2/exam/install/turtlesim/share/turtlesim/local_setup.sh
[70.368s] -- Installing: /home/ros2/exam/install/turtlesim/share/turtlesim/local_setup.zsh
[70.369s] -- Installing: /home/ros2/exam/install/turtlesim/share/turtlesim/local_setup.dsv
[70.369s] -- Installing: /home/ros2/exam/install/turtlesim/share/turtlesim/package.dsv
[70.370s] -- Installing: /home/ros2/exam/install/turtlesim/share/ament_index/resource_index/packages/turtlesim
[70.370s] -- Installing: /home/ros2/exam/install/turtlesim/share/turtlesim/cmake/export_turtlesim__rosidl_generator_cExport.cmake
[70.370s] -- Installing: /home/ros2/exam/install/turtlesim/share/turtlesim/cmake/export_turtlesim__rosidl_generator_cExport-noconfig.cmake
[70.371s] -- Installing: /home/ros2/exam/install/turtlesim/share/turtlesim/cmake/export_turtlesim__rosidl_typesupport_fastrtps_cExport.cmake
[70.372s] -- Installing: /home/ros2/exam/install/turtlesim/share/turtlesim/cmake/export_turtlesim__rosidl_typesupport_fastrtps_cExport-noconfig.cmake
[70.372s] -- Installing: /home/ros2/exam/install/turtlesim/share/turtlesim/cmake/export_turtlesim__rosidl_generator_cppExport.cmake
[70.372s] -- Installing: /home/ros2/exam/install/turtlesim/share/turtlesim/cmake/export_turtlesim__rosidl_typesupport_fastrtps_cppExport.cmake
[70.373s] -- Installing: /home/ros2/exam/install/turtlesim/share/turtlesim/cmake/export_turtlesim__rosidl_typesupport_fastrtps_cppExport-noconfig.cmake
[70.373s] -- Installing: /home/ros2/exam/install/turtlesim/share/turtlesim/cmake/turtlesim__rosidl_typesupport_introspection_cExport.cmake
[70.374s] -- Installing: /home/ros2/exam/install/turtlesim/share/turtlesim/cmake/turtlesim__rosidl_typesupport_introspection_cExport-noconfig.cmake
[70.375s] -- Installing: /home/ros2/exam/install/turtlesim/share/turtlesim/cmake/turtlesim__rosidl_typesupport_cExport.cmake
[70.375s] -- Installing: /home/ros2/exam/install/turtlesim/share/turtlesim/cmake/turtlesim__rosidl_typesupport_cExport-noconfig.cmake
[70.376s] -- Installing: /home/ros2/exam/install/turtlesim/share/turtlesim/cmake/turtlesim__rosidl_typesupport_introspection_cppExport.cmake
[70.376s] -- Installing: /home/ros2/exam/install/turtlesim/share/turtlesim/cmake/turtlesim__rosidl_typesupport_introspection_cppExport-noconfig.cmake
[70.377s] -- Installing: /home/ros2/exam/install/turtlesim/share/turtlesim/cmake/turtlesim__rosidl_typesupport_cppExport.cmake
[70.377s] -- Installing: /home/ros2/exam/install/turtlesim/share/turtlesim/cmake/turtlesim__rosidl_typesupport_cppExport-noconfig.cmake
[70.378s] -- Installing: /home/ros2/exam/install/turtlesim/share/turtlesim/cmake/export_turtlesim__rosidl_generator_pyExport.cmake
[70.378s] -- Installing: /home/ros2/exam/install/turtlesim/share/turtlesim/cmake/export_turtlesim__rosidl_generator_pyExport-noconfig.cmake
[70.379s] -- Installing: /home/ros2/exam/install/turtlesim/share/turtlesim/cmake/rosidl_cmake-extras.cmake
[70.379s] -- Installing: /home/ros2/exam/install/turtlesim/share/turtlesim/cmake/ament_cmake_export_dependencies-extras.cmake
[70.380s] -- Installing: /home/ros2/exam/install/turtlesim/share/turtlesim/cmake/ament_cmake_export_include_directories-extras.cmake
[70.380s] -- Installing: /home/ros2/exam/install/turtlesim/share/turtlesim/cmake/ament_cmake_export_libraries-extras.cmake
[70.381s] -- Installing: /home/ros2/exam/install/turtlesim/share/turtlesim/cmake/ament_cmake_export_targets-extras.cmake
[70.381s] -- Installing: /home/ros2/exam/install/turtlesim/share/turtlesim/cmake/rosidl_cmake_export_typesupport_targets-extras.cmake
[70.382s] -- Installing: /home/ros2/exam/install/turtlesim/share/turtlesim/cmake/rosidl_cmake_export_typesupport_libraries-extras.cmake
[70.382s] -- Installing: /home/ros2/exam/install/turtlesim/share/turtlesim/cmake/turtlesimConfig.cmake
[70.382s] -- Installing: /home/ros2/exam/install/turtlesim/share/turtlesim/cmake/turtlesimConfig-version.cmake
[70.383s] -- Installing: /home/ros2/exam/install/turtlesim/share/turtlesim/package.xml
[70.388s] Invoked command in '/home/ros2/exam/build/turtlesim' returned '0': CMAKE_PREFIX_PATH=${CMAKE_PREFIX_PATH}:/opt/ros/humble /usr/bin/cmake --install /home/ros2/exam/build/turtlesim
