[0.021s] Invoking command in '/home/ros2/ws01_plubing/build/cpp04_param': CMAKE_PREFIX_PATH=${CMAKE_PREFIX_PATH}:/opt/ros/humble /usr/bin/cmake --build /home/ros2/ws01_plubing/build/cpp04_param -- -j12 -l12
[0.087s] [35m[1mConsolidate compiler generated dependencies of target demo01_param_client[0m
[0.105s] [ 33%] Built target demo01_param
[0.107s] [ 66%] Built target demo01_param_server
[0.110s] [ 83%] [32mBuilding CXX object CMakeFiles/demo01_param_client.dir/src/demo01_param_client.cpp.o[0m
[3.069s] [100%] [32m[1mLinking CXX executable demo01_param_client[0m
[3.231s] [100%] Built target demo01_param_client
[3.292s] Invoked command in '/home/ros2/ws01_plubing/build/cpp04_param' returned '0': CMAKE_PREFIX_PATH=${CMAKE_PREFIX_PATH}:/opt/ros/humble /usr/bin/cmake --build /home/ros2/ws01_plubing/build/cpp04_param -- -j12 -l12
[3.307s] Invoking command in '/home/ros2/ws01_plubing/build/cpp04_param': CMAKE_PREFIX_PATH=${CMAKE_PREFIX_PATH}:/opt/ros/humble /usr/bin/cmake --install /home/ros2/ws01_plubing/build/cpp04_param
[3.317s] -- Install configuration: ""
[3.318s] -- Up-to-date: /home/ros2/ws01_plubing/install/cpp04_param/lib/cpp04_param/demo01_param
[3.318s] -- Up-to-date: /home/ros2/ws01_plubing/install/cpp04_param/lib/cpp04_param/demo01_param_server
[3.319s] -- Installing: /home/ros2/ws01_plubing/install/cpp04_param/lib/cpp04_param/demo01_param_client
[3.320s] -- Set runtime path of "/home/ros2/ws01_plubing/install/cpp04_param/lib/cpp04_param/demo01_param_client" to ""
[3.320s] -- Up-to-date: /home/ros2/ws01_plubing/install/cpp04_param/share/ament_index/resource_index/package_run_dependencies/cpp04_param
[3.321s] -- Up-to-date: /home/ros2/ws01_plubing/install/cpp04_param/share/ament_index/resource_index/parent_prefix_path/cpp04_param
[3.321s] -- Up-to-date: /home/ros2/ws01_plubing/install/cpp04_param/share/cpp04_param/environment/ament_prefix_path.sh
[3.321s] -- Up-to-date: /home/ros2/ws01_plubing/install/cpp04_param/share/cpp04_param/environment/ament_prefix_path.dsv
[3.321s] -- Up-to-date: /home/ros2/ws01_plubing/install/cpp04_param/share/cpp04_param/environment/path.sh
[3.321s] -- Up-to-date: /home/ros2/ws01_plubing/install/cpp04_param/share/cpp04_param/environment/path.dsv
[3.321s] -- Up-to-date: /home/ros2/ws01_plubing/install/cpp04_param/share/cpp04_param/local_setup.bash
[3.322s] -- Up-to-date: /home/ros2/ws01_plubing/install/cpp04_param/share/cpp04_param/local_setup.sh
[3.322s] -- Up-to-date: /home/ros2/ws01_plubing/install/cpp04_param/share/cpp04_param/local_setup.zsh
[3.322s] -- Up-to-date: /home/ros2/ws01_plubing/install/cpp04_param/share/cpp04_param/local_setup.dsv
[3.322s] -- Installing: /home/ros2/ws01_plubing/install/cpp04_param/share/cpp04_param/package.dsv
[3.322s] -- Up-to-date: /home/ros2/ws01_plubing/install/cpp04_param/share/ament_index/resource_index/packages/cpp04_param
[3.322s] -- Up-to-date: /home/ros2/ws01_plubing/install/cpp04_param/share/cpp04_param/cmake/cpp04_paramConfig.cmake
[3.322s] -- Up-to-date: /home/ros2/ws01_plubing/install/cpp04_param/share/cpp04_param/cmake/cpp04_paramConfig-version.cmake
[3.322s] -- Up-to-date: /home/ros2/ws01_plubing/install/cpp04_param/share/cpp04_param/package.xml
[3.324s] Invoked command in '/home/ros2/ws01_plubing/build/cpp04_param' returned '0': CMAKE_PREFIX_PATH=${CMAKE_PREFIX_PATH}:/opt/ros/humble /usr/bin/cmake --install /home/ros2/ws01_plubing/build/cpp04_param
