[ 50%] [32mBuilding CXX object CMakeFiles/demo01_service.dir/src/demo01_service.cpp.o[0m
[100%] [32m[1mLinking CXX executable demo01_service[0m
[100%] Built target demo01_service
-- Install configuration: ""
-- Installing: /home/ros2/ws01_plubing/install/cpp02_service/lib/cpp02_service/demo01_service
-- Set runtime path of "/home/ros2/ws01_plubing/install/cpp02_service/lib/cpp02_service/demo01_service" to ""
-- Up-to-date: /home/ros2/ws01_plubing/install/cpp02_service/share/ament_index/resource_index/package_run_dependencies/cpp02_service
-- Up-to-date: /home/ros2/ws01_plubing/install/cpp02_service/share/ament_index/resource_index/parent_prefix_path/cpp02_service
-- Up-to-date: /home/ros2/ws01_plubing/install/cpp02_service/share/cpp02_service/environment/ament_prefix_path.sh
-- Up-to-date: /home/ros2/ws01_plubing/install/cpp02_service/share/cpp02_service/environment/ament_prefix_path.dsv
-- Up-to-date: /home/ros2/ws01_plubing/install/cpp02_service/share/cpp02_service/environment/path.sh
-- Up-to-date: /home/ros2/ws01_plubing/install/cpp02_service/share/cpp02_service/environment/path.dsv
-- Up-to-date: /home/ros2/ws01_plubing/install/cpp02_service/share/cpp02_service/local_setup.bash
-- Up-to-date: /home/ros2/ws01_plubing/install/cpp02_service/share/cpp02_service/local_setup.sh
-- Up-to-date: /home/ros2/ws01_plubing/install/cpp02_service/share/cpp02_service/local_setup.zsh
-- Up-to-date: /home/ros2/ws01_plubing/install/cpp02_service/share/cpp02_service/local_setup.dsv
-- Up-to-date: /home/ros2/ws01_plubing/install/cpp02_service/share/cpp02_service/package.dsv
-- Up-to-date: /home/ros2/ws01_plubing/install/cpp02_service/share/ament_index/resource_index/packages/cpp02_service
-- Up-to-date: /home/ros2/ws01_plubing/install/cpp02_service/share/cpp02_service/cmake/cpp02_serviceConfig.cmake
-- Up-to-date: /home/ros2/ws01_plubing/install/cpp02_service/share/cpp02_service/cmake/cpp02_serviceConfig-version.cmake
-- Up-to-date: /home/ros2/ws01_plubing/install/cpp02_service/share/cpp02_service/package.xml
