[0.141s] DEBUG:colcon:Command line arguments: ['/usr/bin/colcon', 'build', '--packages-select', 'cpp04_param']
[0.141s] DEBUG:colcon:Parsed command line arguments: Namespace(log_base=None, log_level=None, verb_name='build', build_base='build', install_base='install', merge_install=False, symlink_install=False, test_result_base=None, continue_on_error=False, executor='parallel', parallel_workers=12, event_handlers=None, ignore_user_meta=False, metas=['./colcon.meta'], base_paths=['.'], packages_ignore=None, packages_ignore_regex=None, paths=None, packages_up_to=None, packages_up_to_regex=None, packages_above=None, packages_above_and_dependencies=None, packages_above_depth=None, packages_select_by_dep=None, packages_skip_by_dep=None, packages_skip_up_to=None, packages_select_build_failed=False, packages_skip_build_finished=False, packages_select_test_failures=False, packages_skip_test_passed=False, packages_select=['cpp04_param'], packages_skip=None, packages_select_regex=None, packages_skip_regex=None, packages_start=None, packages_end=None, allow_overriding=[], cmake_args=None, cmake_target=None, cmake_target_skip_unavailable=False, cmake_clean_cache=False, cmake_clean_first=False, cmake_force_configure=False, ament_cmake_args=None, catkin_cmake_args=None, catkin_skip_building_tests=False, verb_parser=<colcon_defaults.argument_parser.defaults.DefaultArgumentsDecorator object at 0x7e4426e3afe0>, verb_extension=<colcon_core.verb.build.BuildVerb object at 0x7e4426e3a440>, main=<bound method BuildVerb.main of <colcon_core.verb.build.BuildVerb object at 0x7e4426e3a440>>)
[0.333s] Level 1:colcon.colcon_core.package_discovery:discover_packages(colcon_meta) check parameters
[0.333s] Level 1:colcon.colcon_core.package_discovery:discover_packages(recursive) check parameters
[0.333s] Level 1:colcon.colcon_core.package_discovery:discover_packages(ignore) check parameters
[0.333s] Level 1:colcon.colcon_core.package_discovery:discover_packages(path) check parameters
[0.333s] Level 1:colcon.colcon_core.package_discovery:discover_packages(colcon_meta) discover
[0.333s] Level 1:colcon.colcon_core.package_discovery:discover_packages(recursive) discover
[0.333s] INFO:colcon.colcon_core.package_discovery:Crawling recursively for packages in '/home/ros2/exam'
[0.333s] Level 1:colcon.colcon_core.package_identification:_identify(.) by extensions ['ignore', 'ignore_ament_install']
[0.333s] Level 1:colcon.colcon_core.package_identification:_identify(.) by extension 'ignore'
[0.334s] Level 1:colcon.colcon_core.package_identification:_identify(.) by extension 'ignore_ament_install'
[0.334s] Level 1:colcon.colcon_core.package_identification:_identify(.) by extensions ['colcon_pkg']
[0.334s] Level 1:colcon.colcon_core.package_identification:_identify(.) by extension 'colcon_pkg'
[0.334s] Level 1:colcon.colcon_core.package_identification:_identify(.) by extensions ['colcon_meta']
[0.334s] Level 1:colcon.colcon_core.package_identification:_identify(.) by extension 'colcon_meta'
[0.334s] Level 1:colcon.colcon_core.package_identification:_identify(.) by extensions ['ros']
[0.334s] Level 1:colcon.colcon_core.package_identification:_identify(.) by extension 'ros'
[0.349s] Level 1:colcon.colcon_core.package_identification:_identify(.) by extensions ['cmake', 'python']
[0.349s] Level 1:colcon.colcon_core.package_identification:_identify(.) by extension 'cmake'
[0.349s] Level 1:colcon.colcon_core.package_identification:_identify(.) by extension 'python'
[0.349s] Level 1:colcon.colcon_core.package_identification:_identify(.) by extensions ['python_setup_py']
[0.349s] Level 1:colcon.colcon_core.package_identification:_identify(.) by extension 'python_setup_py'
[0.349s] Level 1:colcon.colcon_core.package_identification:_identify(build) by extensions ['ignore', 'ignore_ament_install']
[0.350s] Level 1:colcon.colcon_core.package_identification:_identify(build) by extension 'ignore'
[0.350s] Level 1:colcon.colcon_core.package_identification:_identify(build) ignored
[0.350s] Level 1:colcon.colcon_core.package_identification:_identify(cpp01_topic) by extensions ['ignore', 'ignore_ament_install']
[0.350s] Level 1:colcon.colcon_core.package_identification:_identify(cpp01_topic) by extension 'ignore'
[0.350s] Level 1:colcon.colcon_core.package_identification:_identify(cpp01_topic) by extension 'ignore_ament_install'
[0.350s] Level 1:colcon.colcon_core.package_identification:_identify(cpp01_topic) by extensions ['colcon_pkg']
[0.350s] Level 1:colcon.colcon_core.package_identification:_identify(cpp01_topic) by extension 'colcon_pkg'
[0.350s] Level 1:colcon.colcon_core.package_identification:_identify(cpp01_topic) by extensions ['colcon_meta']
[0.350s] Level 1:colcon.colcon_core.package_identification:_identify(cpp01_topic) by extension 'colcon_meta'
[0.350s] Level 1:colcon.colcon_core.package_identification:_identify(cpp01_topic) by extensions ['ros']
[0.350s] Level 1:colcon.colcon_core.package_identification:_identify(cpp01_topic) by extension 'ros'
[0.354s] DEBUG:colcon.colcon_core.package_identification:Package 'cpp01_topic' with type 'ros.ament_cmake' and name 'cpp01_topic'
[0.355s] Level 1:colcon.colcon_core.package_identification:_identify(cpp02_service) by extensions ['ignore', 'ignore_ament_install']
[0.355s] Level 1:colcon.colcon_core.package_identification:_identify(cpp02_service) by extension 'ignore'
[0.355s] Level 1:colcon.colcon_core.package_identification:_identify(cpp02_service) by extension 'ignore_ament_install'
[0.355s] Level 1:colcon.colcon_core.package_identification:_identify(cpp02_service) by extensions ['colcon_pkg']
[0.355s] Level 1:colcon.colcon_core.package_identification:_identify(cpp02_service) by extension 'colcon_pkg'
[0.355s] Level 1:colcon.colcon_core.package_identification:_identify(cpp02_service) by extensions ['colcon_meta']
[0.355s] Level 1:colcon.colcon_core.package_identification:_identify(cpp02_service) by extension 'colcon_meta'
[0.355s] Level 1:colcon.colcon_core.package_identification:_identify(cpp02_service) by extensions ['ros']
[0.355s] Level 1:colcon.colcon_core.package_identification:_identify(cpp02_service) by extension 'ros'
[0.356s] DEBUG:colcon.colcon_core.package_identification:Package 'cpp02_service' with type 'ros.ament_cmake' and name 'cpp02_service'
[0.356s] Level 1:colcon.colcon_core.package_identification:_identify(cpp04_param) by extensions ['ignore', 'ignore_ament_install']
[0.356s] Level 1:colcon.colcon_core.package_identification:_identify(cpp04_param) by extension 'ignore'
[0.356s] Level 1:colcon.colcon_core.package_identification:_identify(cpp04_param) by extension 'ignore_ament_install'
[0.356s] Level 1:colcon.colcon_core.package_identification:_identify(cpp04_param) by extensions ['colcon_pkg']
[0.356s] Level 1:colcon.colcon_core.package_identification:_identify(cpp04_param) by extension 'colcon_pkg'
[0.356s] Level 1:colcon.colcon_core.package_identification:_identify(cpp04_param) by extensions ['colcon_meta']
[0.356s] Level 1:colcon.colcon_core.package_identification:_identify(cpp04_param) by extension 'colcon_meta'
[0.356s] Level 1:colcon.colcon_core.package_identification:_identify(cpp04_param) by extensions ['ros']
[0.356s] Level 1:colcon.colcon_core.package_identification:_identify(cpp04_param) by extension 'ros'
[0.357s] DEBUG:colcon.colcon_core.package_identification:Package 'cpp04_param' with type 'ros.ament_cmake' and name 'cpp04_param'
[0.357s] Level 1:colcon.colcon_core.package_identification:_identify(demo_interfaces_base) by extensions ['ignore', 'ignore_ament_install']
[0.357s] Level 1:colcon.colcon_core.package_identification:_identify(demo_interfaces_base) by extension 'ignore'
[0.357s] Level 1:colcon.colcon_core.package_identification:_identify(demo_interfaces_base) by extension 'ignore_ament_install'
[0.357s] Level 1:colcon.colcon_core.package_identification:_identify(demo_interfaces_base) by extensions ['colcon_pkg']
[0.357s] Level 1:colcon.colcon_core.package_identification:_identify(demo_interfaces_base) by extension 'colcon_pkg'
[0.357s] Level 1:colcon.colcon_core.package_identification:_identify(demo_interfaces_base) by extensions ['colcon_meta']
[0.357s] Level 1:colcon.colcon_core.package_identification:_identify(demo_interfaces_base) by extension 'colcon_meta'
[0.357s] Level 1:colcon.colcon_core.package_identification:_identify(demo_interfaces_base) by extensions ['ros']
[0.357s] Level 1:colcon.colcon_core.package_identification:_identify(demo_interfaces_base) by extension 'ros'
[0.358s] DEBUG:colcon.colcon_core.package_identification:Package 'demo_interfaces_base' with type 'ros.ament_cmake' and name 'demo_interfaces_base'
[0.358s] Level 1:colcon.colcon_core.package_identification:_identify(install) by extensions ['ignore', 'ignore_ament_install']
[0.358s] Level 1:colcon.colcon_core.package_identification:_identify(install) by extension 'ignore'
[0.358s] Level 1:colcon.colcon_core.package_identification:_identify(install) ignored
[0.358s] Level 1:colcon.colcon_core.package_identification:_identify(log) by extensions ['ignore', 'ignore_ament_install']
[0.358s] Level 1:colcon.colcon_core.package_identification:_identify(log) by extension 'ignore'
[0.358s] Level 1:colcon.colcon_core.package_identification:_identify(log) ignored
[0.358s] Level 1:colcon.colcon_core.package_discovery:discover_packages(recursive) using defaults
[0.358s] Level 1:colcon.colcon_core.package_discovery:discover_packages(ignore) discover
[0.358s] Level 1:colcon.colcon_core.package_discovery:discover_packages(ignore) using defaults
[0.358s] Level 1:colcon.colcon_core.package_discovery:discover_packages(path) discover
[0.358s] Level 1:colcon.colcon_core.package_discovery:discover_packages(path) using defaults
[0.386s] INFO:colcon.colcon_core.package_selection:Skipping not selected package 'demo_interfaces_base' in 'demo_interfaces_base'
[0.386s] INFO:colcon.colcon_core.package_selection:Skipping not selected package 'cpp01_topic' in 'cpp01_topic'
[0.386s] INFO:colcon.colcon_core.package_selection:Skipping not selected package 'cpp02_service' in 'cpp02_service'
[0.387s] Level 1:colcon.colcon_core.package_discovery:discover_packages(prefix_path) check parameters
[0.387s] Level 1:colcon.colcon_core.package_discovery:discover_packages(prefix_path) discover
[0.389s] DEBUG:colcon.colcon_installed_package_information.package_discovery:Found 4 installed packages in /home/ros2/exam/install
[0.391s] DEBUG:colcon.colcon_installed_package_information.package_discovery:Found 271 installed packages in /opt/ros/humble
[0.393s] Level 1:colcon.colcon_core.package_discovery:discover_packages(prefix_path) using defaults
[0.444s] Level 5:colcon.colcon_core.verb:set package 'cpp04_param' build argument 'cmake_args' from command line to 'None'
[0.444s] Level 5:colcon.colcon_core.verb:set package 'cpp04_param' build argument 'cmake_target' from command line to 'None'
[0.444s] Level 5:colcon.colcon_core.verb:set package 'cpp04_param' build argument 'cmake_target_skip_unavailable' from command line to 'False'
[0.445s] Level 5:colcon.colcon_core.verb:set package 'cpp04_param' build argument 'cmake_clean_cache' from command line to 'False'
[0.445s] Level 5:colcon.colcon_core.verb:set package 'cpp04_param' build argument 'cmake_clean_first' from command line to 'False'
[0.445s] Level 5:colcon.colcon_core.verb:set package 'cpp04_param' build argument 'cmake_force_configure' from command line to 'False'
[0.445s] Level 5:colcon.colcon_core.verb:set package 'cpp04_param' build argument 'ament_cmake_args' from command line to 'None'
[0.445s] Level 5:colcon.colcon_core.verb:set package 'cpp04_param' build argument 'catkin_cmake_args' from command line to 'None'
[0.445s] Level 5:colcon.colcon_core.verb:set package 'cpp04_param' build argument 'catkin_skip_building_tests' from command line to 'False'
[0.445s] DEBUG:colcon.colcon_core.verb:Building package 'cpp04_param' with the following arguments: {'ament_cmake_args': None, 'build_base': '/home/ros2/exam/build/cpp04_param', 'catkin_cmake_args': None, 'catkin_skip_building_tests': False, 'cmake_args': None, 'cmake_clean_cache': False, 'cmake_clean_first': False, 'cmake_force_configure': False, 'cmake_target': None, 'cmake_target_skip_unavailable': False, 'install_base': '/home/ros2/exam/install/cpp04_param', 'merge_install': False, 'path': '/home/ros2/exam/cpp04_param', 'symlink_install': False, 'test_result_base': None}
[0.445s] INFO:colcon.colcon_core.executor:Executing jobs using 'parallel' executor
[0.447s] DEBUG:colcon.colcon_parallel_executor.executor.parallel:run_until_complete
[0.447s] INFO:colcon.colcon_ros.task.ament_cmake.build:Building ROS package in '/home/ros2/exam/cpp04_param' with build type 'ament_cmake'
[0.448s] INFO:colcon.colcon_cmake.task.cmake.build:Building CMake package in '/home/ros2/exam/cpp04_param'
[0.451s] INFO:colcon.colcon_core.plugin_system:Skipping extension 'colcon_core.shell.bat': Not used on non-Windows systems
[0.451s] INFO:colcon.colcon_core.shell:Skip shell extension 'powershell' for command environment: Not usable outside of PowerShell
[0.451s] DEBUG:colcon.colcon_core.shell:Skip shell extension 'dsv' for command environment
[0.483s] DEBUG:colcon.colcon_core.event_handler.log_command:Invoking command in '/home/ros2/exam/build/cpp04_param': CMAKE_PREFIX_PATH=/home/ros2/exam/install/demo_interfaces_base:/home/ros2/exam/install/cpp04_param:/home/ros2/exam/install/cpp02_service:/home/ros2/exam/install/cpp01_topic:/opt/ros/humble /usr/bin/cmake --build /home/ros2/exam/build/cpp04_param -- -j12 -l12
[6.648s] DEBUG:colcon.colcon_core.event_handler.log_command:Invoked command in '/home/ros2/exam/build/cpp04_param' returned '0': CMAKE_PREFIX_PATH=/home/ros2/exam/install/demo_interfaces_base:/home/ros2/exam/install/cpp04_param:/home/ros2/exam/install/cpp02_service:/home/ros2/exam/install/cpp01_topic:/opt/ros/humble /usr/bin/cmake --build /home/ros2/exam/build/cpp04_param -- -j12 -l12
[6.665s] DEBUG:colcon.colcon_core.event_handler.log_command:Invoking command in '/home/ros2/exam/build/cpp04_param': CMAKE_PREFIX_PATH=/home/ros2/exam/install/demo_interfaces_base:/home/ros2/exam/install/cpp04_param:/home/ros2/exam/install/cpp02_service:/home/ros2/exam/install/cpp01_topic:/opt/ros/humble /usr/bin/cmake --install /home/ros2/exam/build/cpp04_param
[6.687s] Level 1:colcon.colcon_core.environment:create_environment_scripts_only(cpp04_param)
[6.688s] DEBUG:colcon.colcon_core.event_handler.log_command:Invoked command in '/home/ros2/exam/build/cpp04_param' returned '0': CMAKE_PREFIX_PATH=/home/ros2/exam/install/demo_interfaces_base:/home/ros2/exam/install/cpp04_param:/home/ros2/exam/install/cpp02_service:/home/ros2/exam/install/cpp01_topic:/opt/ros/humble /usr/bin/cmake --install /home/ros2/exam/build/cpp04_param
[6.692s] Level 1:colcon.colcon_core.environment:checking '/home/ros2/exam/install/cpp04_param' for CMake module files
[6.692s] Level 1:colcon.colcon_core.environment:checking '/home/ros2/exam/install/cpp04_param' for CMake config files
[6.693s] Level 1:colcon.colcon_core.shell:create_environment_hook('cpp04_param', 'cmake_prefix_path')
[6.694s] INFO:colcon.colcon_core.shell:Creating environment hook '/home/ros2/exam/install/cpp04_param/share/cpp04_param/hook/cmake_prefix_path.ps1'
[6.695s] INFO:colcon.colcon_core.shell:Creating environment descriptor '/home/ros2/exam/install/cpp04_param/share/cpp04_param/hook/cmake_prefix_path.dsv'
[6.696s] INFO:colcon.colcon_core.shell:Creating environment hook '/home/ros2/exam/install/cpp04_param/share/cpp04_param/hook/cmake_prefix_path.sh'
[6.698s] Level 1:colcon.colcon_core.environment:checking '/home/ros2/exam/install/cpp04_param/lib'
[6.698s] Level 1:colcon.colcon_core.environment:checking '/home/ros2/exam/install/cpp04_param/bin'
[6.699s] Level 1:colcon.colcon_core.environment:checking '/home/ros2/exam/install/cpp04_param/lib/pkgconfig/cpp04_param.pc'
[6.699s] Level 1:colcon.colcon_core.environment:checking '/home/ros2/exam/install/cpp04_param/lib/python3.10/site-packages'
[6.699s] Level 1:colcon.colcon_core.environment:checking '/home/ros2/exam/install/cpp04_param/bin'
[6.700s] INFO:colcon.colcon_core.shell:Creating package script '/home/ros2/exam/install/cpp04_param/share/cpp04_param/package.ps1'
[6.702s] INFO:colcon.colcon_core.shell:Creating package descriptor '/home/ros2/exam/install/cpp04_param/share/cpp04_param/package.dsv'
[6.703s] INFO:colcon.colcon_core.shell:Creating package script '/home/ros2/exam/install/cpp04_param/share/cpp04_param/package.sh'
[6.705s] INFO:colcon.colcon_core.shell:Creating package script '/home/ros2/exam/install/cpp04_param/share/cpp04_param/package.bash'
[6.706s] INFO:colcon.colcon_core.shell:Creating package script '/home/ros2/exam/install/cpp04_param/share/cpp04_param/package.zsh'
[6.707s] Level 1:colcon.colcon_core.environment:create_file_with_runtime_dependencies(/home/ros2/exam/install/cpp04_param/share/colcon-core/packages/cpp04_param)
[6.709s] Level 1:colcon.colcon_core.environment:create_environment_scripts_only(cpp04_param)
[6.709s] Level 1:colcon.colcon_core.environment:checking '/home/ros2/exam/install/cpp04_param' for CMake module files
[6.710s] Level 1:colcon.colcon_core.environment:checking '/home/ros2/exam/install/cpp04_param' for CMake config files
[6.711s] Level 1:colcon.colcon_core.shell:create_environment_hook('cpp04_param', 'cmake_prefix_path')
[6.712s] INFO:colcon.colcon_core.shell:Creating environment hook '/home/ros2/exam/install/cpp04_param/share/cpp04_param/hook/cmake_prefix_path.ps1'
[6.713s] INFO:colcon.colcon_core.shell:Creating environment descriptor '/home/ros2/exam/install/cpp04_param/share/cpp04_param/hook/cmake_prefix_path.dsv'
[6.715s] INFO:colcon.colcon_core.shell:Creating environment hook '/home/ros2/exam/install/cpp04_param/share/cpp04_param/hook/cmake_prefix_path.sh'
[6.716s] Level 1:colcon.colcon_core.environment:checking '/home/ros2/exam/install/cpp04_param/lib'
[6.717s] Level 1:colcon.colcon_core.environment:checking '/home/ros2/exam/install/cpp04_param/bin'
[6.717s] Level 1:colcon.colcon_core.environment:checking '/home/ros2/exam/install/cpp04_param/lib/pkgconfig/cpp04_param.pc'
[6.717s] Level 1:colcon.colcon_core.environment:checking '/home/ros2/exam/install/cpp04_param/lib/python3.10/site-packages'
[6.718s] Level 1:colcon.colcon_core.environment:checking '/home/ros2/exam/install/cpp04_param/bin'
[6.718s] INFO:colcon.colcon_core.shell:Creating package script '/home/ros2/exam/install/cpp04_param/share/cpp04_param/package.ps1'
[6.720s] INFO:colcon.colcon_core.shell:Creating package descriptor '/home/ros2/exam/install/cpp04_param/share/cpp04_param/package.dsv'
[6.721s] INFO:colcon.colcon_core.shell:Creating package script '/home/ros2/exam/install/cpp04_param/share/cpp04_param/package.sh'
[6.721s] INFO:colcon.colcon_core.shell:Creating package script '/home/ros2/exam/install/cpp04_param/share/cpp04_param/package.bash'
[6.722s] INFO:colcon.colcon_core.shell:Creating package script '/home/ros2/exam/install/cpp04_param/share/cpp04_param/package.zsh'
[6.723s] Level 1:colcon.colcon_core.environment:create_file_with_runtime_dependencies(/home/ros2/exam/install/cpp04_param/share/colcon-core/packages/cpp04_param)
[6.724s] DEBUG:colcon.colcon_parallel_executor.executor.parallel:closing loop
[6.726s] DEBUG:colcon.colcon_parallel_executor.executor.parallel:loop closed
[6.726s] DEBUG:colcon.colcon_parallel_executor.executor.parallel:run_until_complete finished with '0'
[6.726s] DEBUG:colcon.colcon_core.event_reactor:joining thread
[6.741s] INFO:colcon.colcon_core.plugin_system:Skipping extension 'colcon_notification.desktop_notification.terminal_notifier': Not used on non-Darwin systems
[6.741s] INFO:colcon.colcon_core.plugin_system:Skipping extension 'colcon_notification.desktop_notification.win32': Not used on non-Windows systems
[6.742s] INFO:colcon.colcon_notification.desktop_notification:Sending desktop notification using 'notify2'
[6.828s] DEBUG:colcon.colcon_core.event_reactor:joined thread
[6.829s] INFO:colcon.colcon_core.shell:Creating prefix script '/home/ros2/exam/install/local_setup.ps1'
[6.831s] INFO:colcon.colcon_core.shell:Creating prefix util module '/home/ros2/exam/install/_local_setup_util_ps1.py'
[6.833s] INFO:colcon.colcon_core.shell:Creating prefix chain script '/home/ros2/exam/install/setup.ps1'
[6.837s] INFO:colcon.colcon_core.shell:Creating prefix script '/home/ros2/exam/install/local_setup.sh'
[6.839s] INFO:colcon.colcon_core.shell:Creating prefix util module '/home/ros2/exam/install/_local_setup_util_sh.py'
[6.841s] INFO:colcon.colcon_core.shell:Creating prefix chain script '/home/ros2/exam/install/setup.sh'
[6.843s] INFO:colcon.colcon_core.shell:Creating prefix script '/home/ros2/exam/install/local_setup.bash'
[6.845s] INFO:colcon.colcon_core.shell:Creating prefix chain script '/home/ros2/exam/install/setup.bash'
[6.847s] INFO:colcon.colcon_core.shell:Creating prefix script '/home/ros2/exam/install/local_setup.zsh'
[6.848s] INFO:colcon.colcon_core.shell:Creating prefix chain script '/home/ros2/exam/install/setup.zsh'
