[0.015s] Invoking command in '/home/ros2/ws01_plubing/build/cpp04_param': CMAKE_PREFIX_PATH=${CMAKE_PREFIX_PATH}:/opt/ros/humble /usr/bin/cmake --build /home/ros2/ws01_plubing/build/cpp04_param -- -j12 -l12
[0.125s] [35m[1mConsolidate compiler generated dependencies of target demo01_param_server[0m
[0.132s] [35m[1mConsolidate compiler generated dependencies of target demo01_param_client[0m
[0.142s] [ 33%] Built target demo01_param
[0.155s] [ 66%] Built target demo01_param_server
[0.157s] [ 83%] [32mBuilding CXX object CMakeFiles/demo01_param_client.dir/src/demo01_param_client.cpp.o[0m
[2.514s] In file included from [01m[K/opt/ros/humble/include/rclcpp/rclcpp/logging.hpp:24[m[K,
[2.514s]                  from [01m[K/opt/ros/humble/include/rclcpp/rclcpp/client.hpp:40[m[K,
[2.514s]                  from [01m[K/opt/ros/humble/include/rclcpp/rclcpp/callback_group.hpp:24[m[K,
[2.514s]                  from [01m[K/opt/ros/humble/include/rclcpp/rclcpp/any_executable.hpp:20[m[K,
[2.514s]                  from [01m[K/opt/ros/humble/include/rclcpp/rclcpp/memory_strategy.hpp:25[m[K,
[2.514s]                  from [01m[K/opt/ros/humble/include/rclcpp/rclcpp/memory_strategies.hpp:18[m[K,
[2.514s]                  from [01m[K/opt/ros/humble/include/rclcpp/rclcpp/executor_options.hpp:20[m[K,
[2.514s]                  from [01m[K/opt/ros/humble/include/rclcpp/rclcpp/executor.hpp:37[m[K,
[2.514s]                  from [01m[K/opt/ros/humble/include/rclcpp/rclcpp/executors/multi_threaded_executor.hpp:25[m[K,
[2.514s]                  from [01m[K/opt/ros/humble/include/rclcpp/rclcpp/executors.hpp:21[m[K,
[2.514s]                  from [01m[K/opt/ros/humble/include/rclcpp/rclcpp/rclcpp.hpp:155[m[K,
[2.514s]                  from [01m[K/home/ros2/ws01_plubing/src/cpp04_param/src/demo01_param_client.cpp:1[m[K:
[2.514s] [01m[K/home/ros2/ws01_plubing/src/cpp04_param/src/demo01_param_client.cpp:[m[K In member function ‘[01m[Kvoid ParamClient::get_params()[m[K’:
[2.514s] [01m[K/home/ros2/ws01_plubing/src/cpp04_param/src/demo01_param_client.cpp:23:41:[m[K [01;35m[Kwarning: [m[Kformat ‘[01m[K%d[m[K’ expects argument of type ‘[01m[Kint[m[K’, but argument 5 has type ‘[01m[Kint64_t[m[K’ {aka ‘[01m[Klong int[m[K’} [[01;35m[K]8;;https://gcc.gnu.org/onlinedocs/gcc/Warning-Options.html#index-Wformat=-Wformat=]8;;[m[K]
[2.514s]    23 |         RCLCPP_INFO(this->get_logger(), [01;35m[K"age: %d"[m[K, [32m[Kparams[1].as_int()[m[K);
[2.515s]       |                                         [01;35m[K^~~~~~~~~[m[K  [32m[K~~~~~~~~~~~~~~~~~~[m[K
[2.515s]       |                                                                    [32m[K|[m[K
[2.515s]       |                                                                    [32m[Kint64_t {aka long int}[m[K
[2.515s] [01m[K/home/ros2/ws01_plubing/src/cpp04_param/src/demo01_param_client.cpp:23:48:[m[K [01;36m[Knote: [m[Kformat string is defined here
[2.515s]    23 |         RCLCPP_INFO(this->get_logger(), "age: [01;36m[K%d[m[K", params[1].as_int());
[2.515s]       |                                               [01;36m[K~^[m[K
[2.515s]       |                                                [01;36m[K|[m[K
[2.515s]       |                                                [01;36m[Kint[m[K
[2.515s]       |                                               [32m[K%ld[m[K
[3.207s] [100%] [32m[1mLinking CXX executable demo01_param_client[0m
[3.365s] [100%] Built target demo01_param_client
[3.381s] Invoked command in '/home/ros2/ws01_plubing/build/cpp04_param' returned '0': CMAKE_PREFIX_PATH=${CMAKE_PREFIX_PATH}:/opt/ros/humble /usr/bin/cmake --build /home/ros2/ws01_plubing/build/cpp04_param -- -j12 -l12
[3.447s] Invoking command in '/home/ros2/ws01_plubing/build/cpp04_param': CMAKE_PREFIX_PATH=${CMAKE_PREFIX_PATH}:/opt/ros/humble /usr/bin/cmake --install /home/ros2/ws01_plubing/build/cpp04_param
[3.461s] -- Install configuration: ""
[3.462s] -- Up-to-date: /home/ros2/ws01_plubing/install/cpp04_param/lib/cpp04_param/demo01_param
[3.462s] -- Up-to-date: /home/ros2/ws01_plubing/install/cpp04_param/lib/cpp04_param/demo01_param_server
[3.463s] -- Installing: /home/ros2/ws01_plubing/install/cpp04_param/lib/cpp04_param/demo01_param_client
[3.465s] -- Set runtime path of "/home/ros2/ws01_plubing/install/cpp04_param/lib/cpp04_param/demo01_param_client" to ""
[3.465s] -- Up-to-date: /home/ros2/ws01_plubing/install/cpp04_param/share/ament_index/resource_index/package_run_dependencies/cpp04_param
[3.465s] -- Up-to-date: /home/ros2/ws01_plubing/install/cpp04_param/share/ament_index/resource_index/parent_prefix_path/cpp04_param
[3.466s] -- Up-to-date: /home/ros2/ws01_plubing/install/cpp04_param/share/cpp04_param/environment/ament_prefix_path.sh
[3.466s] -- Up-to-date: /home/ros2/ws01_plubing/install/cpp04_param/share/cpp04_param/environment/ament_prefix_path.dsv
[3.466s] -- Up-to-date: /home/ros2/ws01_plubing/install/cpp04_param/share/cpp04_param/environment/path.sh
[3.467s] -- Up-to-date: /home/ros2/ws01_plubing/install/cpp04_param/share/cpp04_param/environment/path.dsv
[3.467s] -- Up-to-date: /home/ros2/ws01_plubing/install/cpp04_param/share/cpp04_param/local_setup.bash
[3.467s] -- Up-to-date: /home/ros2/ws01_plubing/install/cpp04_param/share/cpp04_param/local_setup.sh
[3.467s] -- Up-to-date: /home/ros2/ws01_plubing/install/cpp04_param/share/cpp04_param/local_setup.zsh
[3.467s] -- Up-to-date: /home/ros2/ws01_plubing/install/cpp04_param/share/cpp04_param/local_setup.dsv
[3.467s] -- Installing: /home/ros2/ws01_plubing/install/cpp04_param/share/cpp04_param/package.dsv
[3.467s] -- Up-to-date: /home/ros2/ws01_plubing/install/cpp04_param/share/ament_index/resource_index/packages/cpp04_param
[3.467s] -- Up-to-date: /home/ros2/ws01_plubing/install/cpp04_param/share/cpp04_param/cmake/cpp04_paramConfig.cmake
[3.467s] -- Up-to-date: /home/ros2/ws01_plubing/install/cpp04_param/share/cpp04_param/cmake/cpp04_paramConfig-version.cmake
[3.468s] -- Up-to-date: /home/ros2/ws01_plubing/install/cpp04_param/share/cpp04_param/package.xml
[3.470s] Invoked command in '/home/ros2/ws01_plubing/build/cpp04_param' returned '0': CMAKE_PREFIX_PATH=${CMAKE_PREFIX_PATH}:/opt/ros/humble /usr/bin/cmake --install /home/ros2/ws01_plubing/build/cpp04_param
