[0.160s] DEBUG:colcon:Command line arguments: ['/usr/bin/colcon', 'build']
[0.160s] DEBUG:colcon:Parsed command line arguments: Namespace(log_base=None, log_level=None, verb_name='build', build_base='build', install_base='install', merge_install=False, symlink_install=False, test_result_base=None, continue_on_error=False, executor='parallel', parallel_workers=12, event_handlers=None, ignore_user_meta=False, metas=['./colcon.meta'], base_paths=['.'], packages_ignore=None, packages_ignore_regex=None, paths=None, packages_up_to=None, packages_up_to_regex=None, packages_above=None, packages_above_and_dependencies=None, packages_above_depth=None, packages_select_by_dep=None, packages_skip_by_dep=None, packages_skip_up_to=None, packages_select_build_failed=False, packages_skip_build_finished=False, packages_select_test_failures=False, packages_skip_test_passed=False, packages_select=None, packages_skip=None, packages_select_regex=None, packages_skip_regex=None, packages_start=None, packages_end=None, allow_overriding=[], cmake_args=None, cmake_target=None, cmake_target_skip_unavailable=False, cmake_clean_cache=False, cmake_clean_first=False, cmake_force_configure=False, ament_cmake_args=None, catkin_cmake_args=None, catkin_skip_building_tests=False, verb_parser=<colcon_defaults.argument_parser.defaults.DefaultArgumentsDecorator object at 0x7344b7022d70>, verb_extension=<colcon_core.verb.build.BuildVerb object at 0x7344b70221d0>, main=<bound method BuildVerb.main of <colcon_core.verb.build.BuildVerb object at 0x7344b70221d0>>)
[0.300s] Level 1:colcon.colcon_core.package_discovery:discover_packages(colcon_meta) check parameters
[0.301s] Level 1:colcon.colcon_core.package_discovery:discover_packages(recursive) check parameters
[0.301s] Level 1:colcon.colcon_core.package_discovery:discover_packages(ignore) check parameters
[0.301s] Level 1:colcon.colcon_core.package_discovery:discover_packages(path) check parameters
[0.301s] Level 1:colcon.colcon_core.package_discovery:discover_packages(colcon_meta) discover
[0.301s] Level 1:colcon.colcon_core.package_discovery:discover_packages(recursive) discover
[0.301s] INFO:colcon.colcon_core.package_discovery:Crawling recursively for packages in '/home/ros2/exam'
[0.301s] Level 1:colcon.colcon_core.package_identification:_identify(.) by extensions ['ignore', 'ignore_ament_install']
[0.301s] Level 1:colcon.colcon_core.package_identification:_identify(.) by extension 'ignore'
[0.301s] Level 1:colcon.colcon_core.package_identification:_identify(.) by extension 'ignore_ament_install'
[0.301s] Level 1:colcon.colcon_core.package_identification:_identify(.) by extensions ['colcon_pkg']
[0.301s] Level 1:colcon.colcon_core.package_identification:_identify(.) by extension 'colcon_pkg'
[0.301s] Level 1:colcon.colcon_core.package_identification:_identify(.) by extensions ['colcon_meta']
[0.301s] Level 1:colcon.colcon_core.package_identification:_identify(.) by extension 'colcon_meta'
[0.301s] Level 1:colcon.colcon_core.package_identification:_identify(.) by extensions ['ros']
[0.301s] Level 1:colcon.colcon_core.package_identification:_identify(.) by extension 'ros'
[0.314s] Level 1:colcon.colcon_core.package_identification:_identify(.) by extensions ['cmake', 'python']
[0.314s] Level 1:colcon.colcon_core.package_identification:_identify(.) by extension 'cmake'
[0.314s] Level 1:colcon.colcon_core.package_identification:_identify(.) by extension 'python'
[0.314s] Level 1:colcon.colcon_core.package_identification:_identify(.) by extensions ['python_setup_py']
[0.314s] Level 1:colcon.colcon_core.package_identification:_identify(.) by extension 'python_setup_py'
[0.315s] Level 1:colcon.colcon_core.package_identification:_identify(build) by extensions ['ignore', 'ignore_ament_install']
[0.315s] Level 1:colcon.colcon_core.package_identification:_identify(build) by extension 'ignore'
[0.315s] Level 1:colcon.colcon_core.package_identification:_identify(build) ignored
[0.315s] Level 1:colcon.colcon_core.package_identification:_identify(cpp01_topic) by extensions ['ignore', 'ignore_ament_install']
[0.315s] Level 1:colcon.colcon_core.package_identification:_identify(cpp01_topic) by extension 'ignore'
[0.315s] Level 1:colcon.colcon_core.package_identification:_identify(cpp01_topic) by extension 'ignore_ament_install'
[0.315s] Level 1:colcon.colcon_core.package_identification:_identify(cpp01_topic) by extensions ['colcon_pkg']
[0.315s] Level 1:colcon.colcon_core.package_identification:_identify(cpp01_topic) by extension 'colcon_pkg'
[0.315s] Level 1:colcon.colcon_core.package_identification:_identify(cpp01_topic) by extensions ['colcon_meta']
[0.315s] Level 1:colcon.colcon_core.package_identification:_identify(cpp01_topic) by extension 'colcon_meta'
[0.315s] Level 1:colcon.colcon_core.package_identification:_identify(cpp01_topic) by extensions ['ros']
[0.315s] Level 1:colcon.colcon_core.package_identification:_identify(cpp01_topic) by extension 'ros'
[0.318s] DEBUG:colcon.colcon_core.package_identification:Package 'cpp01_topic' with type 'ros.ament_cmake' and name 'cpp01_topic'
[0.318s] Level 1:colcon.colcon_core.package_identification:_identify(demo_interfaces_base) by extensions ['ignore', 'ignore_ament_install']
[0.318s] Level 1:colcon.colcon_core.package_identification:_identify(demo_interfaces_base) by extension 'ignore'
[0.319s] Level 1:colcon.colcon_core.package_identification:_identify(demo_interfaces_base) by extension 'ignore_ament_install'
[0.319s] Level 1:colcon.colcon_core.package_identification:_identify(demo_interfaces_base) by extensions ['colcon_pkg']
[0.319s] Level 1:colcon.colcon_core.package_identification:_identify(demo_interfaces_base) by extension 'colcon_pkg'
[0.319s] Level 1:colcon.colcon_core.package_identification:_identify(demo_interfaces_base) by extensions ['colcon_meta']
[0.319s] Level 1:colcon.colcon_core.package_identification:_identify(demo_interfaces_base) by extension 'colcon_meta'
[0.319s] Level 1:colcon.colcon_core.package_identification:_identify(demo_interfaces_base) by extensions ['ros']
[0.319s] Level 1:colcon.colcon_core.package_identification:_identify(demo_interfaces_base) by extension 'ros'
[0.319s] DEBUG:colcon.colcon_core.package_identification:Package 'demo_interfaces_base' with type 'ros.ament_cmake' and name 'demo_interfaces_base'
[0.320s] Level 1:colcon.colcon_core.package_identification:_identify(install) by extensions ['ignore', 'ignore_ament_install']
[0.320s] Level 1:colcon.colcon_core.package_identification:_identify(install) by extension 'ignore'
[0.320s] Level 1:colcon.colcon_core.package_identification:_identify(install) ignored
[0.320s] Level 1:colcon.colcon_core.package_identification:_identify(log) by extensions ['ignore', 'ignore_ament_install']
[0.320s] Level 1:colcon.colcon_core.package_identification:_identify(log) by extension 'ignore'
[0.320s] Level 1:colcon.colcon_core.package_identification:_identify(log) ignored
[0.320s] Level 1:colcon.colcon_core.package_discovery:discover_packages(recursive) using defaults
[0.320s] Level 1:colcon.colcon_core.package_discovery:discover_packages(ignore) discover
[0.321s] Level 1:colcon.colcon_core.package_discovery:discover_packages(ignore) using defaults
[0.321s] Level 1:colcon.colcon_core.package_discovery:discover_packages(path) discover
[0.321s] Level 1:colcon.colcon_core.package_discovery:discover_packages(path) using defaults
[0.337s] Level 1:colcon.colcon_core.package_discovery:discover_packages(prefix_path) check parameters
[0.337s] Level 1:colcon.colcon_core.package_discovery:discover_packages(prefix_path) discover
[0.339s] DEBUG:colcon.colcon_installed_package_information.package_discovery:Found 271 installed packages in /opt/ros/humble
[0.340s] Level 1:colcon.colcon_core.package_discovery:discover_packages(prefix_path) using defaults
[0.378s] Level 5:colcon.colcon_core.verb:set package 'demo_interfaces_base' build argument 'cmake_args' from command line to 'None'
[0.378s] Level 5:colcon.colcon_core.verb:set package 'demo_interfaces_base' build argument 'cmake_target' from command line to 'None'
[0.378s] Level 5:colcon.colcon_core.verb:set package 'demo_interfaces_base' build argument 'cmake_target_skip_unavailable' from command line to 'False'
[0.378s] Level 5:colcon.colcon_core.verb:set package 'demo_interfaces_base' build argument 'cmake_clean_cache' from command line to 'False'
[0.378s] Level 5:colcon.colcon_core.verb:set package 'demo_interfaces_base' build argument 'cmake_clean_first' from command line to 'False'
[0.378s] Level 5:colcon.colcon_core.verb:set package 'demo_interfaces_base' build argument 'cmake_force_configure' from command line to 'False'
[0.378s] Level 5:colcon.colcon_core.verb:set package 'demo_interfaces_base' build argument 'ament_cmake_args' from command line to 'None'
[0.378s] Level 5:colcon.colcon_core.verb:set package 'demo_interfaces_base' build argument 'catkin_cmake_args' from command line to 'None'
[0.378s] Level 5:colcon.colcon_core.verb:set package 'demo_interfaces_base' build argument 'catkin_skip_building_tests' from command line to 'False'
[0.378s] DEBUG:colcon.colcon_core.verb:Building package 'demo_interfaces_base' with the following arguments: {'ament_cmake_args': None, 'build_base': '/home/ros2/exam/build/demo_interfaces_base', 'catkin_cmake_args': None, 'catkin_skip_building_tests': False, 'cmake_args': None, 'cmake_clean_cache': False, 'cmake_clean_first': False, 'cmake_force_configure': False, 'cmake_target': None, 'cmake_target_skip_unavailable': False, 'install_base': '/home/ros2/exam/install/demo_interfaces_base', 'merge_install': False, 'path': '/home/ros2/exam/demo_interfaces_base', 'symlink_install': False, 'test_result_base': None}
[0.378s] Level 5:colcon.colcon_core.verb:set package 'cpp01_topic' build argument 'cmake_args' from command line to 'None'
[0.378s] Level 5:colcon.colcon_core.verb:set package 'cpp01_topic' build argument 'cmake_target' from command line to 'None'
[0.378s] Level 5:colcon.colcon_core.verb:set package 'cpp01_topic' build argument 'cmake_target_skip_unavailable' from command line to 'False'
[0.379s] Level 5:colcon.colcon_core.verb:set package 'cpp01_topic' build argument 'cmake_clean_cache' from command line to 'False'
[0.379s] Level 5:colcon.colcon_core.verb:set package 'cpp01_topic' build argument 'cmake_clean_first' from command line to 'False'
[0.379s] Level 5:colcon.colcon_core.verb:set package 'cpp01_topic' build argument 'cmake_force_configure' from command line to 'False'
[0.379s] Level 5:colcon.colcon_core.verb:set package 'cpp01_topic' build argument 'ament_cmake_args' from command line to 'None'
[0.379s] Level 5:colcon.colcon_core.verb:set package 'cpp01_topic' build argument 'catkin_cmake_args' from command line to 'None'
[0.379s] Level 5:colcon.colcon_core.verb:set package 'cpp01_topic' build argument 'catkin_skip_building_tests' from command line to 'False'
[0.379s] DEBUG:colcon.colcon_core.verb:Building package 'cpp01_topic' with the following arguments: {'ament_cmake_args': None, 'build_base': '/home/ros2/exam/build/cpp01_topic', 'catkin_cmake_args': None, 'catkin_skip_building_tests': False, 'cmake_args': None, 'cmake_clean_cache': False, 'cmake_clean_first': False, 'cmake_force_configure': False, 'cmake_target': None, 'cmake_target_skip_unavailable': False, 'install_base': '/home/ros2/exam/install/cpp01_topic', 'merge_install': False, 'path': '/home/ros2/exam/cpp01_topic', 'symlink_install': False, 'test_result_base': None}
[0.379s] INFO:colcon.colcon_core.executor:Executing jobs using 'parallel' executor
[0.380s] DEBUG:colcon.colcon_parallel_executor.executor.parallel:run_until_complete
[0.381s] INFO:colcon.colcon_ros.task.ament_cmake.build:Building ROS package in '/home/ros2/exam/demo_interfaces_base' with build type 'ament_cmake'
[0.381s] INFO:colcon.colcon_cmake.task.cmake.build:Building CMake package in '/home/ros2/exam/demo_interfaces_base'
[0.384s] INFO:colcon.colcon_core.plugin_system:Skipping extension 'colcon_core.shell.bat': Not used on non-Windows systems
[0.384s] INFO:colcon.colcon_core.shell:Skip shell extension 'powershell' for command environment: Not usable outside of PowerShell
[0.384s] DEBUG:colcon.colcon_core.shell:Skip shell extension 'dsv' for command environment
[0.398s] DEBUG:colcon.colcon_core.event_handler.log_command:Invoking command in '/home/ros2/exam/build/demo_interfaces_base': CMAKE_PREFIX_PATH=/opt/ros/humble /usr/bin/cmake --build /home/ros2/exam/build/demo_interfaces_base -- -j12 -l12
[2.096s] DEBUG:colcon.colcon_core.event_handler.log_command:Invoked command in '/home/ros2/exam/build/demo_interfaces_base' returned '0': CMAKE_PREFIX_PATH=/opt/ros/humble /usr/bin/cmake --build /home/ros2/exam/build/demo_interfaces_base -- -j12 -l12
[2.110s] DEBUG:colcon.colcon_core.event_handler.log_command:Invoking command in '/home/ros2/exam/build/demo_interfaces_base': CMAKE_PREFIX_PATH=/opt/ros/humble /usr/bin/cmake --install /home/ros2/exam/build/demo_interfaces_base
[2.178s] Level 1:colcon.colcon_core.environment:create_environment_scripts_only(demo_interfaces_base)
[2.179s] DEBUG:colcon.colcon_core.event_handler.log_command:Invoked command in '/home/ros2/exam/build/demo_interfaces_base' returned '0': CMAKE_PREFIX_PATH=/opt/ros/humble /usr/bin/cmake --install /home/ros2/exam/build/demo_interfaces_base
[2.182s] Level 1:colcon.colcon_core.environment:checking '/home/ros2/exam/install/demo_interfaces_base' for CMake module files
[2.182s] Level 1:colcon.colcon_core.environment:checking '/home/ros2/exam/install/demo_interfaces_base' for CMake config files
[2.183s] Level 1:colcon.colcon_core.shell:create_environment_hook('demo_interfaces_base', 'cmake_prefix_path')
[2.183s] INFO:colcon.colcon_core.shell:Creating environment hook '/home/ros2/exam/install/demo_interfaces_base/share/demo_interfaces_base/hook/cmake_prefix_path.ps1'
[2.184s] INFO:colcon.colcon_core.shell:Creating environment descriptor '/home/ros2/exam/install/demo_interfaces_base/share/demo_interfaces_base/hook/cmake_prefix_path.dsv'
[2.185s] INFO:colcon.colcon_core.shell:Creating environment hook '/home/ros2/exam/install/demo_interfaces_base/share/demo_interfaces_base/hook/cmake_prefix_path.sh'
[2.187s] Level 1:colcon.colcon_core.environment:checking '/home/ros2/exam/install/demo_interfaces_base/lib'
[2.187s] Level 1:colcon.colcon_core.shell:create_environment_hook('demo_interfaces_base', 'ld_library_path_lib')
[2.187s] INFO:colcon.colcon_core.shell:Creating environment hook '/home/ros2/exam/install/demo_interfaces_base/share/demo_interfaces_base/hook/ld_library_path_lib.ps1'
[2.188s] INFO:colcon.colcon_core.shell:Creating environment descriptor '/home/ros2/exam/install/demo_interfaces_base/share/demo_interfaces_base/hook/ld_library_path_lib.dsv'
[2.190s] INFO:colcon.colcon_core.shell:Creating environment hook '/home/ros2/exam/install/demo_interfaces_base/share/demo_interfaces_base/hook/ld_library_path_lib.sh'
[2.190s] Level 1:colcon.colcon_core.environment:checking '/home/ros2/exam/install/demo_interfaces_base/bin'
[2.191s] Level 1:colcon.colcon_core.environment:checking '/home/ros2/exam/install/demo_interfaces_base/lib/pkgconfig/demo_interfaces_base.pc'
[2.191s] Level 1:colcon.colcon_core.environment:checking '/home/ros2/exam/install/demo_interfaces_base/lib/python3.10/site-packages'
[2.191s] Level 1:colcon.colcon_core.environment:checking '/home/ros2/exam/install/demo_interfaces_base/bin'
[2.192s] INFO:colcon.colcon_core.shell:Creating package script '/home/ros2/exam/install/demo_interfaces_base/share/demo_interfaces_base/package.ps1'
[2.193s] INFO:colcon.colcon_core.shell:Creating package descriptor '/home/ros2/exam/install/demo_interfaces_base/share/demo_interfaces_base/package.dsv'
[2.194s] INFO:colcon.colcon_core.shell:Creating package script '/home/ros2/exam/install/demo_interfaces_base/share/demo_interfaces_base/package.sh'
[2.196s] INFO:colcon.colcon_core.shell:Creating package script '/home/ros2/exam/install/demo_interfaces_base/share/demo_interfaces_base/package.bash'
[2.197s] INFO:colcon.colcon_core.shell:Creating package script '/home/ros2/exam/install/demo_interfaces_base/share/demo_interfaces_base/package.zsh'
[2.197s] Level 1:colcon.colcon_core.environment:create_file_with_runtime_dependencies(/home/ros2/exam/install/demo_interfaces_base/share/colcon-core/packages/demo_interfaces_base)
[2.198s] Level 1:colcon.colcon_core.environment:create_environment_scripts_only(demo_interfaces_base)
[2.199s] Level 1:colcon.colcon_core.environment:checking '/home/ros2/exam/install/demo_interfaces_base' for CMake module files
[2.199s] Level 1:colcon.colcon_core.environment:checking '/home/ros2/exam/install/demo_interfaces_base' for CMake config files
[2.200s] Level 1:colcon.colcon_core.shell:create_environment_hook('demo_interfaces_base', 'cmake_prefix_path')
[2.200s] INFO:colcon.colcon_core.shell:Creating environment hook '/home/ros2/exam/install/demo_interfaces_base/share/demo_interfaces_base/hook/cmake_prefix_path.ps1'
[2.200s] INFO:colcon.colcon_core.shell:Creating environment descriptor '/home/ros2/exam/install/demo_interfaces_base/share/demo_interfaces_base/hook/cmake_prefix_path.dsv'
[2.201s] INFO:colcon.colcon_core.shell:Creating environment hook '/home/ros2/exam/install/demo_interfaces_base/share/demo_interfaces_base/hook/cmake_prefix_path.sh'
[2.202s] Level 1:colcon.colcon_core.environment:checking '/home/ros2/exam/install/demo_interfaces_base/lib'
[2.202s] Level 1:colcon.colcon_core.shell:create_environment_hook('demo_interfaces_base', 'ld_library_path_lib')
[2.202s] INFO:colcon.colcon_core.shell:Creating environment hook '/home/ros2/exam/install/demo_interfaces_base/share/demo_interfaces_base/hook/ld_library_path_lib.ps1'
[2.203s] INFO:colcon.colcon_core.shell:Creating environment descriptor '/home/ros2/exam/install/demo_interfaces_base/share/demo_interfaces_base/hook/ld_library_path_lib.dsv'
[2.203s] INFO:colcon.colcon_core.shell:Creating environment hook '/home/ros2/exam/install/demo_interfaces_base/share/demo_interfaces_base/hook/ld_library_path_lib.sh'
[2.204s] Level 1:colcon.colcon_core.environment:checking '/home/ros2/exam/install/demo_interfaces_base/bin'
[2.204s] Level 1:colcon.colcon_core.environment:checking '/home/ros2/exam/install/demo_interfaces_base/lib/pkgconfig/demo_interfaces_base.pc'
[2.204s] Level 1:colcon.colcon_core.environment:checking '/home/ros2/exam/install/demo_interfaces_base/lib/python3.10/site-packages'
[2.205s] Level 1:colcon.colcon_core.environment:checking '/home/ros2/exam/install/demo_interfaces_base/bin'
[2.205s] INFO:colcon.colcon_core.shell:Creating package script '/home/ros2/exam/install/demo_interfaces_base/share/demo_interfaces_base/package.ps1'
[2.206s] INFO:colcon.colcon_core.shell:Creating package descriptor '/home/ros2/exam/install/demo_interfaces_base/share/demo_interfaces_base/package.dsv'
[2.206s] INFO:colcon.colcon_core.shell:Creating package script '/home/ros2/exam/install/demo_interfaces_base/share/demo_interfaces_base/package.sh'
[2.207s] INFO:colcon.colcon_core.shell:Creating package script '/home/ros2/exam/install/demo_interfaces_base/share/demo_interfaces_base/package.bash'
[2.207s] INFO:colcon.colcon_core.shell:Creating package script '/home/ros2/exam/install/demo_interfaces_base/share/demo_interfaces_base/package.zsh'
[2.208s] Level 1:colcon.colcon_core.environment:create_file_with_runtime_dependencies(/home/ros2/exam/install/demo_interfaces_base/share/colcon-core/packages/demo_interfaces_base)
[2.210s] INFO:colcon.colcon_ros.task.ament_cmake.build:Building ROS package in '/home/ros2/exam/cpp01_topic' with build type 'ament_cmake'
[2.210s] INFO:colcon.colcon_cmake.task.cmake.build:Building CMake package in '/home/ros2/exam/cpp01_topic'
[2.210s] INFO:colcon.colcon_core.shell:Skip shell extension 'powershell' for command environment: Not usable outside of PowerShell
[2.210s] DEBUG:colcon.colcon_core.shell:Skip shell extension 'dsv' for command environment
[2.235s] DEBUG:colcon.colcon_core.event_handler.log_command:Invoking command in '/home/ros2/exam/build/cpp01_topic': AMENT_PREFIX_PATH=/home/ros2/exam/install/demo_interfaces_base:${AMENT_PREFIX_PATH} CMAKE_PREFIX_PATH=/home/ros2/exam/install/demo_interfaces_base:/opt/ros/humble LD_LIBRARY_PATH=/home/ros2/exam/install/demo_interfaces_base/lib:${LD_LIBRARY_PATH} PYTHONPATH=/home/ros2/exam/install/demo_interfaces_base/local/lib/python3.10/dist-packages:${PYTHONPATH} /usr/bin/cmake --build /home/ros2/exam/build/cpp01_topic -- -j12 -l12
[2.344s] DEBUG:colcon.colcon_core.event_handler.log_command:Invoked command in '/home/ros2/exam/build/cpp01_topic' returned '0': AMENT_PREFIX_PATH=/home/ros2/exam/install/demo_interfaces_base:${AMENT_PREFIX_PATH} CMAKE_PREFIX_PATH=/home/ros2/exam/install/demo_interfaces_base:/opt/ros/humble LD_LIBRARY_PATH=/home/ros2/exam/install/demo_interfaces_base/lib:${LD_LIBRARY_PATH} PYTHONPATH=/home/ros2/exam/install/demo_interfaces_base/local/lib/python3.10/dist-packages:${PYTHONPATH} /usr/bin/cmake --build /home/ros2/exam/build/cpp01_topic -- -j12 -l12
[2.350s] DEBUG:colcon.colcon_core.event_handler.log_command:Invoking command in '/home/ros2/exam/build/cpp01_topic': AMENT_PREFIX_PATH=/home/ros2/exam/install/demo_interfaces_base:${AMENT_PREFIX_PATH} CMAKE_PREFIX_PATH=/home/ros2/exam/install/demo_interfaces_base:/opt/ros/humble LD_LIBRARY_PATH=/home/ros2/exam/install/demo_interfaces_base/lib:${LD_LIBRARY_PATH} PYTHONPATH=/home/ros2/exam/install/demo_interfaces_base/local/lib/python3.10/dist-packages:${PYTHONPATH} /usr/bin/cmake --install /home/ros2/exam/build/cpp01_topic
[2.385s] Level 1:colcon.colcon_core.environment:create_environment_scripts_only(cpp01_topic)
[2.386s] Level 1:colcon.colcon_core.environment:checking '/home/ros2/exam/install/cpp01_topic' for CMake module files
[2.388s] DEBUG:colcon.colcon_core.event_handler.log_command:Invoked command in '/home/ros2/exam/build/cpp01_topic' returned '0': AMENT_PREFIX_PATH=/home/ros2/exam/install/demo_interfaces_base:${AMENT_PREFIX_PATH} CMAKE_PREFIX_PATH=/home/ros2/exam/install/demo_interfaces_base:/opt/ros/humble LD_LIBRARY_PATH=/home/ros2/exam/install/demo_interfaces_base/lib:${LD_LIBRARY_PATH} PYTHONPATH=/home/ros2/exam/install/demo_interfaces_base/local/lib/python3.10/dist-packages:${PYTHONPATH} /usr/bin/cmake --install /home/ros2/exam/build/cpp01_topic
[2.393s] Level 1:colcon.colcon_core.environment:checking '/home/ros2/exam/install/cpp01_topic' for CMake config files
[2.394s] Level 1:colcon.colcon_core.shell:create_environment_hook('cpp01_topic', 'cmake_prefix_path')
[2.395s] INFO:colcon.colcon_core.shell:Creating environment hook '/home/ros2/exam/install/cpp01_topic/share/cpp01_topic/hook/cmake_prefix_path.ps1'
[2.397s] INFO:colcon.colcon_core.shell:Creating environment descriptor '/home/ros2/exam/install/cpp01_topic/share/cpp01_topic/hook/cmake_prefix_path.dsv'
[2.398s] INFO:colcon.colcon_core.shell:Creating environment hook '/home/ros2/exam/install/cpp01_topic/share/cpp01_topic/hook/cmake_prefix_path.sh'
[2.401s] Level 1:colcon.colcon_core.environment:checking '/home/ros2/exam/install/cpp01_topic/lib'
[2.401s] Level 1:colcon.colcon_core.environment:checking '/home/ros2/exam/install/cpp01_topic/bin'
[2.401s] Level 1:colcon.colcon_core.environment:checking '/home/ros2/exam/install/cpp01_topic/lib/pkgconfig/cpp01_topic.pc'
[2.402s] Level 1:colcon.colcon_core.environment:checking '/home/ros2/exam/install/cpp01_topic/lib/python3.10/site-packages'
[2.403s] Level 1:colcon.colcon_core.environment:checking '/home/ros2/exam/install/cpp01_topic/bin'
[2.404s] INFO:colcon.colcon_core.shell:Creating package script '/home/ros2/exam/install/cpp01_topic/share/cpp01_topic/package.ps1'
[2.405s] INFO:colcon.colcon_core.shell:Creating package descriptor '/home/ros2/exam/install/cpp01_topic/share/cpp01_topic/package.dsv'
[2.407s] INFO:colcon.colcon_core.shell:Creating package script '/home/ros2/exam/install/cpp01_topic/share/cpp01_topic/package.sh'
[2.408s] INFO:colcon.colcon_core.shell:Creating package script '/home/ros2/exam/install/cpp01_topic/share/cpp01_topic/package.bash'
[2.409s] INFO:colcon.colcon_core.shell:Creating package script '/home/ros2/exam/install/cpp01_topic/share/cpp01_topic/package.zsh'
[2.411s] Level 1:colcon.colcon_core.environment:create_file_with_runtime_dependencies(/home/ros2/exam/install/cpp01_topic/share/colcon-core/packages/cpp01_topic)
[2.413s] Level 1:colcon.colcon_core.environment:create_environment_scripts_only(cpp01_topic)
[2.413s] Level 1:colcon.colcon_core.environment:checking '/home/ros2/exam/install/cpp01_topic' for CMake module files
[2.415s] Level 1:colcon.colcon_core.environment:checking '/home/ros2/exam/install/cpp01_topic' for CMake config files
[2.416s] Level 1:colcon.colcon_core.shell:create_environment_hook('cpp01_topic', 'cmake_prefix_path')
[2.416s] INFO:colcon.colcon_core.shell:Creating environment hook '/home/ros2/exam/install/cpp01_topic/share/cpp01_topic/hook/cmake_prefix_path.ps1'
[2.418s] INFO:colcon.colcon_core.shell:Creating environment descriptor '/home/ros2/exam/install/cpp01_topic/share/cpp01_topic/hook/cmake_prefix_path.dsv'
[2.419s] INFO:colcon.colcon_core.shell:Creating environment hook '/home/ros2/exam/install/cpp01_topic/share/cpp01_topic/hook/cmake_prefix_path.sh'
[2.421s] Level 1:colcon.colcon_core.environment:checking '/home/ros2/exam/install/cpp01_topic/lib'
[2.421s] Level 1:colcon.colcon_core.environment:checking '/home/ros2/exam/install/cpp01_topic/bin'
[2.421s] Level 1:colcon.colcon_core.environment:checking '/home/ros2/exam/install/cpp01_topic/lib/pkgconfig/cpp01_topic.pc'
[2.422s] Level 1:colcon.colcon_core.environment:checking '/home/ros2/exam/install/cpp01_topic/lib/python3.10/site-packages'
[2.422s] Level 1:colcon.colcon_core.environment:checking '/home/ros2/exam/install/cpp01_topic/bin'
[2.423s] INFO:colcon.colcon_core.shell:Creating package script '/home/ros2/exam/install/cpp01_topic/share/cpp01_topic/package.ps1'
[2.425s] INFO:colcon.colcon_core.shell:Creating package descriptor '/home/ros2/exam/install/cpp01_topic/share/cpp01_topic/package.dsv'
[2.427s] INFO:colcon.colcon_core.shell:Creating package script '/home/ros2/exam/install/cpp01_topic/share/cpp01_topic/package.sh'
[2.429s] INFO:colcon.colcon_core.shell:Creating package script '/home/ros2/exam/install/cpp01_topic/share/cpp01_topic/package.bash'
[2.431s] INFO:colcon.colcon_core.shell:Creating package script '/home/ros2/exam/install/cpp01_topic/share/cpp01_topic/package.zsh'
[2.433s] Level 1:colcon.colcon_core.environment:create_file_with_runtime_dependencies(/home/ros2/exam/install/cpp01_topic/share/colcon-core/packages/cpp01_topic)
[2.434s] DEBUG:colcon.colcon_parallel_executor.executor.parallel:closing loop
[2.436s] DEBUG:colcon.colcon_parallel_executor.executor.parallel:loop closed
[2.437s] DEBUG:colcon.colcon_parallel_executor.executor.parallel:run_until_complete finished with '0'
[2.438s] DEBUG:colcon.colcon_core.event_reactor:joining thread
[2.455s] INFO:colcon.colcon_core.plugin_system:Skipping extension 'colcon_notification.desktop_notification.terminal_notifier': Not used on non-Darwin systems
[2.456s] INFO:colcon.colcon_core.plugin_system:Skipping extension 'colcon_notification.desktop_notification.win32': Not used on non-Windows systems
[2.456s] INFO:colcon.colcon_notification.desktop_notification:Sending desktop notification using 'notify2'
[2.501s] DEBUG:colcon.colcon_core.event_reactor:joined thread
[2.502s] INFO:colcon.colcon_core.shell:Creating prefix script '/home/ros2/exam/install/local_setup.ps1'
[2.505s] INFO:colcon.colcon_core.shell:Creating prefix util module '/home/ros2/exam/install/_local_setup_util_ps1.py'
[2.510s] INFO:colcon.colcon_core.shell:Creating prefix chain script '/home/ros2/exam/install/setup.ps1'
[2.513s] INFO:colcon.colcon_core.shell:Creating prefix script '/home/ros2/exam/install/local_setup.sh'
[2.514s] INFO:colcon.colcon_core.shell:Creating prefix util module '/home/ros2/exam/install/_local_setup_util_sh.py'
[2.516s] INFO:colcon.colcon_core.shell:Creating prefix chain script '/home/ros2/exam/install/setup.sh'
[2.518s] INFO:colcon.colcon_core.shell:Creating prefix script '/home/ros2/exam/install/local_setup.bash'
[2.520s] INFO:colcon.colcon_core.shell:Creating prefix chain script '/home/ros2/exam/install/setup.bash'
[2.522s] INFO:colcon.colcon_core.shell:Creating prefix script '/home/ros2/exam/install/local_setup.zsh'
[2.524s] INFO:colcon.colcon_core.shell:Creating prefix chain script '/home/ros2/exam/install/setup.zsh'
