[0.059s] Invoking command in '/home/ros2/exam/build/cpp01_topic': AMENT_PREFIX_PATH=/home/ros2/exam/install/demo_interfaces_base:${AMENT_PREFIX_PATH} CMAKE_PREFIX_PATH=/home/ros2/exam/install/demo_interfaces_base:/opt/ros/humble LD_LIBRARY_PATH=/home/ros2/exam/install/demo_interfaces_base/lib:${LD_LIBRARY_PATH} PYTHONPATH=/home/ros2/exam/install/demo_interfaces_base/local/lib/python3.10/dist-packages:${PYTHONPATH} /usr/bin/cmake --build /home/ros2/exam/build/cpp01_topic -- -j12 -l12
[0.060s] -- Found ament_cmake: 1.3.12 (/opt/ros/humble/share/ament_cmake/cmake)
[0.196s] -- Found rclcpp: 16.0.14 (/opt/ros/humble/share/rclcpp/cmake)
[0.219s] -- Found rosidl_generator_c: 3.1.7 (/opt/ros/humble/share/rosidl_generator_c/cmake)
[0.221s] -- Found rosidl_adapter: 3.1.7 (/opt/ros/humble/share/rosidl_adapter/cmake)
[0.228s] -- Found rosidl_generator_cpp: 3.1.7 (/opt/ros/humble/share/rosidl_generator_cpp/cmake)
[0.236s] -- Using all available rosidl_typesupport_c: rosidl_typesupport_fastrtps_c;rosidl_typesupport_introspection_c
[0.247s] -- Using all available rosidl_typesupport_cpp: rosidl_typesupport_fastrtps_cpp;rosidl_typesupport_introspection_cpp
[0.281s] -- Found rmw_implementation_cmake: 6.1.2 (/opt/ros/humble/share/rmw_implementation_cmake/cmake)
[0.282s] -- Found rmw_fastrtps_cpp: 6.2.8 (/opt/ros/humble/share/rmw_fastrtps_cpp/cmake)
[0.379s] -- Using RMW implementation 'rmw_fastrtps_cpp' as default
[0.422s] -- Found demo_interfaces_base: 0.0.0 (/home/ros2/exam/install/demo_interfaces_base/share/demo_interfaces_base/cmake)
[0.431s] -- Found ament_lint_auto: 0.12.14 (/opt/ros/humble/share/ament_lint_auto/cmake)
[0.502s] -- Added test 'cppcheck' to perform static code analysis on C / C++ code
[0.502s] -- Configured cppcheck include dirs: 
[0.502s] -- Configured cppcheck exclude dirs and/or files: 
[0.502s] -- Added test 'lint_cmake' to check CMake code style
[0.504s] -- Added test 'uncrustify' to check C / C++ code style
[0.504s] -- Configured uncrustify additional arguments: 
[0.504s] -- Added test 'xmllint' to check XML markup files
[0.506s] -- Configuring done
[0.577s] -- Generating done
[0.586s] -- Build files have been written to: /home/ros2/exam/build/cpp01_topic
[0.623s] [35m[1mConsolidate compiler generated dependencies of target demo01_pub_str[0m
[0.623s] [35m[1mConsolidate compiler generated dependencies of target demo01_sub_stu[0m
[0.623s] [35m[1mConsolidate compiler generated dependencies of target demo01_sub_str[0m
[0.631s] [35m[1mConsolidate compiler generated dependencies of target demo01_pub_stu[0m
[0.648s] [ 12%] [32mBuilding CXX object CMakeFiles/demo01_sub_stu.dir/src/demo01_sub_stu.cpp.o[0m
[0.649s] [ 37%] Built target demo01_sub_str
[0.649s] [ 62%] Built target demo01_pub_str
[0.652s] [ 75%] [32mBuilding CXX object CMakeFiles/demo01_pub_stu.dir/src/demo01_pub_stu.cpp.o[0m
[7.577s] [ 87%] [32m[1mLinking CXX executable demo01_pub_stu[0m
[7.832s] [ 87%] Built target demo01_pub_stu
[11.391s] [100%] [32m[1mLinking CXX executable demo01_sub_stu[0m
[11.810s] [100%] Built target demo01_sub_stu
[11.828s] Invoked command in '/home/ros2/exam/build/cpp01_topic' returned '0': AMENT_PREFIX_PATH=/home/ros2/exam/install/demo_interfaces_base:${AMENT_PREFIX_PATH} CMAKE_PREFIX_PATH=/home/ros2/exam/install/demo_interfaces_base:/opt/ros/humble LD_LIBRARY_PATH=/home/ros2/exam/install/demo_interfaces_base/lib:${LD_LIBRARY_PATH} PYTHONPATH=/home/ros2/exam/install/demo_interfaces_base/local/lib/python3.10/dist-packages:${PYTHONPATH} /usr/bin/cmake --build /home/ros2/exam/build/cpp01_topic -- -j12 -l12
[11.833s] Invoking command in '/home/ros2/exam/build/cpp01_topic': AMENT_PREFIX_PATH=/home/ros2/exam/install/demo_interfaces_base:${AMENT_PREFIX_PATH} CMAKE_PREFIX_PATH=/home/ros2/exam/install/demo_interfaces_base:/opt/ros/humble LD_LIBRARY_PATH=/home/ros2/exam/install/demo_interfaces_base/lib:${LD_LIBRARY_PATH} PYTHONPATH=/home/ros2/exam/install/demo_interfaces_base/local/lib/python3.10/dist-packages:${PYTHONPATH} /usr/bin/cmake --install /home/ros2/exam/build/cpp01_topic
[11.851s] -- Install configuration: ""
[11.852s] -- Up-to-date: /home/ros2/exam/install/cpp01_topic/lib/cpp01_topic/demo01_pub_str
[11.853s] -- Up-to-date: /home/ros2/exam/install/cpp01_topic/lib/cpp01_topic/demo01_sub_str
[11.853s] -- Installing: /home/ros2/exam/install/cpp01_topic/lib/cpp01_topic/demo01_pub_stu
[11.861s] -- Set runtime path of "/home/ros2/exam/install/cpp01_topic/lib/cpp01_topic/demo01_pub_stu" to ""
[11.862s] -- Installing: /home/ros2/exam/install/cpp01_topic/lib/cpp01_topic/demo01_sub_stu
[11.865s] -- Set runtime path of "/home/ros2/exam/install/cpp01_topic/lib/cpp01_topic/demo01_sub_stu" to ""
[11.866s] -- Up-to-date: /home/ros2/exam/install/cpp01_topic/share/ament_index/resource_index/package_run_dependencies/cpp01_topic
[11.866s] -- Installing: /home/ros2/exam/install/cpp01_topic/share/ament_index/resource_index/parent_prefix_path/cpp01_topic
[11.866s] -- Up-to-date: /home/ros2/exam/install/cpp01_topic/share/cpp01_topic/environment/ament_prefix_path.sh
[11.866s] -- Installing: /home/ros2/exam/install/cpp01_topic/share/cpp01_topic/environment/ament_prefix_path.dsv
[11.867s] -- Up-to-date: /home/ros2/exam/install/cpp01_topic/share/cpp01_topic/environment/path.sh
[11.867s] -- Installing: /home/ros2/exam/install/cpp01_topic/share/cpp01_topic/environment/path.dsv
[11.867s] -- Up-to-date: /home/ros2/exam/install/cpp01_topic/share/cpp01_topic/local_setup.bash
[11.867s] -- Up-to-date: /home/ros2/exam/install/cpp01_topic/share/cpp01_topic/local_setup.sh
[11.867s] -- Up-to-date: /home/ros2/exam/install/cpp01_topic/share/cpp01_topic/local_setup.zsh
[11.867s] -- Installing: /home/ros2/exam/install/cpp01_topic/share/cpp01_topic/local_setup.dsv
[11.868s] -- Installing: /home/ros2/exam/install/cpp01_topic/share/cpp01_topic/package.dsv
[11.868s] -- Up-to-date: /home/ros2/exam/install/cpp01_topic/share/ament_index/resource_index/packages/cpp01_topic
[11.868s] -- Up-to-date: /home/ros2/exam/install/cpp01_topic/share/cpp01_topic/cmake/cpp01_topicConfig.cmake
[11.868s] -- Up-to-date: /home/ros2/exam/install/cpp01_topic/share/cpp01_topic/cmake/cpp01_topicConfig-version.cmake
[11.868s] -- Up-to-date: /home/ros2/exam/install/cpp01_topic/share/cpp01_topic/package.xml
[11.870s] Invoked command in '/home/ros2/exam/build/cpp01_topic' returned '0': AMENT_PREFIX_PATH=/home/ros2/exam/install/demo_interfaces_base:${AMENT_PREFIX_PATH} CMAKE_PREFIX_PATH=/home/ros2/exam/install/demo_interfaces_base:/opt/ros/humble LD_LIBRARY_PATH=/home/ros2/exam/install/demo_interfaces_base/lib:${LD_LIBRARY_PATH} PYTHONPATH=/home/ros2/exam/install/demo_interfaces_base/local/lib/python3.10/dist-packages:${PYTHONPATH} /usr/bin/cmake --install /home/ros2/exam/build/cpp01_topic
