-- Found ament_cmake: 1.3.12 (/opt/ros/humble/share/ament_cmake/cmake)
-- Found rclcpp: 16.0.14 (/opt/ros/humble/share/rclcpp/cmake)
-- Found rosidl_generator_c: 3.1.7 (/opt/ros/humble/share/rosidl_generator_c/cmake)
-- Found rosidl_adapter: 3.1.7 (/opt/ros/humble/share/rosidl_adapter/cmake)
-- Found rosidl_generator_cpp: 3.1.7 (/opt/ros/humble/share/rosidl_generator_cpp/cmake)
-- Using all available rosidl_typesupport_c: rosidl_typesupport_fastrtps_c;rosidl_typesupport_introspection_c
-- Using all available rosidl_typesupport_cpp: rosidl_typesupport_fastrtps_cpp;rosidl_typesupport_introspection_cpp
-- Found rmw_implementation_cmake: 6.1.2 (/opt/ros/humble/share/rmw_implementation_cmake/cmake)
-- Found rmw_fastrtps_cpp: 6.2.8 (/opt/ros/humble/share/rmw_fastrtps_cpp/cmake)
-- Using RMW implementation 'rmw_fastrtps_cpp' as default
-- Found demo_interfaces_base: 0.0.0 (/home/ros2/exam/install/demo_interfaces_base/share/demo_interfaces_base/cmake)
-- Found ament_lint_auto: 0.12.14 (/opt/ros/humble/share/ament_lint_auto/cmake)
-- Added test 'cppcheck' to perform static code analysis on C / C++ code
-- Configured cppcheck include dirs: 
-- Configured cppcheck exclude dirs and/or files: 
-- Added test 'lint_cmake' to check CMake code style
-- Added test 'uncrustify' to check C / C++ code style
-- Configured uncrustify additional arguments: 
-- Added test 'xmllint' to check XML markup files
-- Configuring done
-- Generating done
-- Build files have been written to: /home/ros2/exam/build/cpp01_topic
[35m[1mConsolidate compiler generated dependencies of target demo01_sub_str[0m
[35m[1mConsolidate compiler generated dependencies of target demo01_pub_str[0m
[35m[1mConsolidate compiler generated dependencies of target demo01_pub_stu[0m
[35m[1mConsolidate compiler generated dependencies of target demo01_sub_stu[0m
[ 25%] Built target demo01_sub_str
[ 62%] Built target demo01_pub_str
[ 62%] [32mBuilding CXX object CMakeFiles/demo01_pub_stu.dir/src/demo01_pub_stu.cpp.o[0m
[ 75%] [32mBuilding CXX object CMakeFiles/demo01_sub_stu.dir/src/demo01_sub_stu.cpp.o[0m
[ 87%] [32m[1mLinking CXX executable demo01_pub_stu[0m
[ 87%] Built target demo01_pub_stu
[100%] [32m[1mLinking CXX executable demo01_sub_stu[0m
[100%] Built target demo01_sub_stu
-- Install configuration: ""
-- Up-to-date: /home/ros2/exam/install/cpp01_topic/lib/cpp01_topic/demo01_pub_str
-- Up-to-date: /home/ros2/exam/install/cpp01_topic/lib/cpp01_topic/demo01_sub_str
-- Installing: /home/ros2/exam/install/cpp01_topic/lib/cpp01_topic/demo01_pub_stu
-- Set runtime path of "/home/ros2/exam/install/cpp01_topic/lib/cpp01_topic/demo01_pub_stu" to ""
-- Installing: /home/ros2/exam/install/cpp01_topic/lib/cpp01_topic/demo01_sub_stu
-- Set runtime path of "/home/ros2/exam/install/cpp01_topic/lib/cpp01_topic/demo01_sub_stu" to ""
-- Up-to-date: /home/ros2/exam/install/cpp01_topic/share/ament_index/resource_index/package_run_dependencies/cpp01_topic
-- Up-to-date: /home/ros2/exam/install/cpp01_topic/share/ament_index/resource_index/parent_prefix_path/cpp01_topic
-- Up-to-date: /home/ros2/exam/install/cpp01_topic/share/cpp01_topic/environment/ament_prefix_path.sh
-- Installing: /home/ros2/exam/install/cpp01_topic/share/cpp01_topic/environment/ament_prefix_path.dsv
-- Up-to-date: /home/ros2/exam/install/cpp01_topic/share/cpp01_topic/environment/path.sh
-- Installing: /home/ros2/exam/install/cpp01_topic/share/cpp01_topic/environment/path.dsv
-- Up-to-date: /home/ros2/exam/install/cpp01_topic/share/cpp01_topic/local_setup.bash
-- Up-to-date: /home/ros2/exam/install/cpp01_topic/share/cpp01_topic/local_setup.sh
-- Up-to-date: /home/ros2/exam/install/cpp01_topic/share/cpp01_topic/local_setup.zsh
-- Installing: /home/ros2/exam/install/cpp01_topic/share/cpp01_topic/local_setup.dsv
-- Installing: /home/ros2/exam/install/cpp01_topic/share/cpp01_topic/package.dsv
-- Up-to-date: /home/ros2/exam/install/cpp01_topic/share/ament_index/resource_index/packages/cpp01_topic
-- Up-to-date: /home/ros2/exam/install/cpp01_topic/share/cpp01_topic/cmake/cpp01_topicConfig.cmake
-- Up-to-date: /home/ros2/exam/install/cpp01_topic/share/cpp01_topic/cmake/cpp01_topicConfig-version.cmake
-- Up-to-date: /home/ros2/exam/install/cpp01_topic/share/cpp01_topic/package.xml
