[0.059s] Invoking command in '/home/ros2/exam/build/cpp01_topic': CMAKE_PREFIX_PATH=${CMAKE_PREFIX_PATH}:/opt/ros/humble /usr/bin/cmake --build /home/ros2/exam/build/cpp01_topic -- -j12 -l12
[0.123s] -- Found ament_cmake: 1.3.12 (/opt/ros/humble/share/ament_cmake/cmake)
[0.282s] -- Found rclcpp: 16.0.14 (/opt/ros/humble/share/rclcpp/cmake)
[0.308s] -- Found rosidl_generator_c: 3.1.7 (/opt/ros/humble/share/rosidl_generator_c/cmake)
[0.310s] -- Found rosidl_adapter: 3.1.7 (/opt/ros/humble/share/rosidl_adapter/cmake)
[0.316s] -- Found rosidl_generator_cpp: 3.1.7 (/opt/ros/humble/share/rosidl_generator_cpp/cmake)
[0.325s] -- Using all available rosidl_typesupport_c: rosidl_typesupport_fastrtps_c;rosidl_typesupport_introspection_c
[0.376s] -- Using all available rosidl_typesupport_cpp: rosidl_typesupport_fastrtps_cpp;rosidl_typesupport_introspection_cpp
[0.435s] -- Found rmw_implementation_cmake: 6.1.2 (/opt/ros/humble/share/rmw_implementation_cmake/cmake)
[0.437s] -- Found rmw_fastrtps_cpp: 6.2.8 (/opt/ros/humble/share/rmw_fastrtps_cpp/cmake)
[0.552s] -- Using RMW implementation 'rmw_fastrtps_cpp' as default
[0.648s] [31mCMake Error at CMakeLists.txt:12 (find_package):
[0.649s]   By not providing "Findbase_interfaces_demo.cmake" in CMAKE_MODULE_PATH this
[0.649s]   project has asked CMake to find a package configuration file provided by
[0.649s]   "base_interfaces_demo", but CMake did not find one.
[0.649s] 
[0.650s]   Could not find a package configuration file provided by
[0.650s]   "base_interfaces_demo" with any of the following names:
[0.651s] 
[0.651s]     base_interfaces_demoConfig.cmake
[0.651s]     base_interfaces_demo-config.cmake
[0.652s] 
[0.652s] -- Configuring incomplete, errors occurred!
[0.652s] See also "/home/ros2/exam/build/cpp01_topic/CMakeFiles/CMakeOutput.log".
[0.652s]   Add the installation prefix of "base_interfaces_demo" to CMAKE_PREFIX_PATH
[0.652s]   or set "base_interfaces_demo_DIR" to a directory containing one of the
[0.652s]   above files.  If "base_interfaces_demo" provides a separate development
[0.652s]   package or SDK, be sure it has been installed.
[0.652s] 
[0.652s] [0m
[0.661s] gmake: *** [Makefile:226: cmake_check_build_system] Error 1
[0.666s] Invoked command in '/home/ros2/exam/build/cpp01_topic' returned '2': CMAKE_PREFIX_PATH=${CMAKE_PREFIX_PATH}:/opt/ros/humble /usr/bin/cmake --build /home/ros2/exam/build/cpp01_topic -- -j12 -l12
