[0.062s] Invoking command in '/home/ros2/ws01_plubing/build/cpp02_service': CMAKE_PREFIX_PATH=/home/ros2/ws01_plubing/install/base_interfaces_demo:/home/ros2/ws01_plubing/install/cpp02_service:/home/ros2/ws01_plubing/install/cpp01_topic:/opt/ros/humble /usr/bin/cmake --build /home/ros2/ws01_plubing/build/cpp02_service -- -j12 -l12
[0.092s] [35m[1mConsolidate compiler generated dependencies of target demo01_client[0m
[0.093s] [35m[1mConsolidate compiler generated dependencies of target demo01_server[0m
[0.121s] [ 50%] Built target demo01_server
[0.122s] [ 75%] [32mBuilding CXX object CMakeFiles/demo01_client.dir/src/demo01_client.cpp.o[0m
[5.750s] [100%] [32m[1mLinking CXX executable demo01_client[0m
[5.951s] [100%] Built target demo01_client
[5.968s] Invoked command in '/home/ros2/ws01_plubing/build/cpp02_service' returned '0': CMAKE_PREFIX_PATH=/home/ros2/ws01_plubing/install/base_interfaces_demo:/home/ros2/ws01_plubing/install/cpp02_service:/home/ros2/ws01_plubing/install/cpp01_topic:/opt/ros/humble /usr/bin/cmake --build /home/ros2/ws01_plubing/build/cpp02_service -- -j12 -l12
[5.972s] Invoking command in '/home/ros2/ws01_plubing/build/cpp02_service': CMAKE_PREFIX_PATH=/home/ros2/ws01_plubing/install/base_interfaces_demo:/home/ros2/ws01_plubing/install/cpp02_service:/home/ros2/ws01_plubing/install/cpp01_topic:/opt/ros/humble /usr/bin/cmake --install /home/ros2/ws01_plubing/build/cpp02_service
[5.987s] -- Install configuration: ""
[5.987s] -- Up-to-date: /home/ros2/ws01_plubing/install/cpp02_service/lib/cpp02_service/demo01_server
[5.988s] -- Installing: /home/ros2/ws01_plubing/install/cpp02_service/lib/cpp02_service/demo01_client
[5.993s] -- Set runtime path of "/home/ros2/ws01_plubing/install/cpp02_service/lib/cpp02_service/demo01_client" to ""
[5.993s] -- Up-to-date: /home/ros2/ws01_plubing/install/cpp02_service/share/ament_index/resource_index/package_run_dependencies/cpp02_service
[5.993s] -- Up-to-date: /home/ros2/ws01_plubing/install/cpp02_service/share/ament_index/resource_index/parent_prefix_path/cpp02_service
[5.994s] -- Up-to-date: /home/ros2/ws01_plubing/install/cpp02_service/share/cpp02_service/environment/ament_prefix_path.sh
[5.994s] -- Up-to-date: /home/ros2/ws01_plubing/install/cpp02_service/share/cpp02_service/environment/ament_prefix_path.dsv
[5.994s] -- Up-to-date: /home/ros2/ws01_plubing/install/cpp02_service/share/cpp02_service/environment/path.sh
[5.994s] -- Up-to-date: /home/ros2/ws01_plubing/install/cpp02_service/share/cpp02_service/environment/path.dsv
[5.994s] -- Up-to-date: /home/ros2/ws01_plubing/install/cpp02_service/share/cpp02_service/local_setup.bash
[5.994s] -- Up-to-date: /home/ros2/ws01_plubing/install/cpp02_service/share/cpp02_service/local_setup.sh
[5.994s] -- Up-to-date: /home/ros2/ws01_plubing/install/cpp02_service/share/cpp02_service/local_setup.zsh
[5.994s] -- Up-to-date: /home/ros2/ws01_plubing/install/cpp02_service/share/cpp02_service/local_setup.dsv
[5.995s] -- Installing: /home/ros2/ws01_plubing/install/cpp02_service/share/cpp02_service/package.dsv
[5.995s] -- Up-to-date: /home/ros2/ws01_plubing/install/cpp02_service/share/ament_index/resource_index/packages/cpp02_service
[5.995s] -- Up-to-date: /home/ros2/ws01_plubing/install/cpp02_service/share/cpp02_service/cmake/cpp02_serviceConfig.cmake
[5.995s] -- Up-to-date: /home/ros2/ws01_plubing/install/cpp02_service/share/cpp02_service/cmake/cpp02_serviceConfig-version.cmake
[5.995s] -- Up-to-date: /home/ros2/ws01_plubing/install/cpp02_service/share/cpp02_service/package.xml
[5.997s] Invoked command in '/home/ros2/ws01_plubing/build/cpp02_service' returned '0': CMAKE_PREFIX_PATH=/home/ros2/ws01_plubing/install/base_interfaces_demo:/home/ros2/ws01_plubing/install/cpp02_service:/home/ros2/ws01_plubing/install/cpp01_topic:/opt/ros/humble /usr/bin/cmake --install /home/ros2/ws01_plubing/build/cpp02_service
