[0.034s] Invoking command in '/home/ros2/exam/build/cpp01_topic': AMENT_PREFIX_PATH=/home/ros2/exam/install/demo_interfaces_base:${AMENT_PREFIX_PATH} CMAKE_PREFIX_PATH=/home/ros2/exam/install/demo_interfaces_base:/opt/ros/humble LD_LIBRARY_PATH=/home/ros2/exam/install/demo_interfaces_base/lib:${LD_LIBRARY_PATH} PYTHONPATH=/home/ros2/exam/install/demo_interfaces_base/local/lib/python3.10/dist-packages:${PYTHONPATH} /usr/bin/cmake --build /home/ros2/exam/build/cpp01_topic -- -j12 -l12
[0.123s] [ 25%] Built target demo01_pub_stu
[0.128s] [ 50%] Built target demo01_pub_str
[0.128s] [ 75%] Built target demo01_sub_stu
[0.132s] [100%] Built target demo01_sub_str
[0.147s] Invoked command in '/home/ros2/exam/build/cpp01_topic' returned '0': AMENT_PREFIX_PATH=/home/ros2/exam/install/demo_interfaces_base:${AMENT_PREFIX_PATH} CMAKE_PREFIX_PATH=/home/ros2/exam/install/demo_interfaces_base:/opt/ros/humble LD_LIBRARY_PATH=/home/ros2/exam/install/demo_interfaces_base/lib:${LD_LIBRARY_PATH} PYTHONPATH=/home/ros2/exam/install/demo_interfaces_base/local/lib/python3.10/dist-packages:${PYTHONPATH} /usr/bin/cmake --build /home/ros2/exam/build/cpp01_topic -- -j12 -l12
[0.152s] Invoking command in '/home/ros2/exam/build/cpp01_topic': AMENT_PREFIX_PATH=/home/ros2/exam/install/demo_interfaces_base:${AMENT_PREFIX_PATH} CMAKE_PREFIX_PATH=/home/ros2/exam/install/demo_interfaces_base:/opt/ros/humble LD_LIBRARY_PATH=/home/ros2/exam/install/demo_interfaces_base/lib:${LD_LIBRARY_PATH} PYTHONPATH=/home/ros2/exam/install/demo_interfaces_base/local/lib/python3.10/dist-packages:${PYTHONPATH} /usr/bin/cmake --install /home/ros2/exam/build/cpp01_topic
[0.162s] -- Install configuration: ""
[0.162s] -- Up-to-date: /home/ros2/exam/install/cpp01_topic/lib/cpp01_topic/demo01_pub_str
[0.163s] -- Up-to-date: /home/ros2/exam/install/cpp01_topic/lib/cpp01_topic/demo01_sub_str
[0.165s] -- Up-to-date: /home/ros2/exam/install/cpp01_topic/lib/cpp01_topic/demo01_pub_stu
[0.170s] -- Up-to-date: /home/ros2/exam/install/cpp01_topic/lib/cpp01_topic/demo01_sub_stu
[0.171s] -- Up-to-date: /home/ros2/exam/install/cpp01_topic/share/ament_index/resource_index/package_run_dependencies/cpp01_topic
[0.171s] -- Up-to-date: /home/ros2/exam/install/cpp01_topic/share/ament_index/resource_index/parent_prefix_path/cpp01_topic
[0.172s] -- Up-to-date: /home/ros2/exam/install/cpp01_topic/share/cpp01_topic/environment/ament_prefix_path.sh
[0.172s] -- Up-to-date: /home/ros2/exam/install/cpp01_topic/share/cpp01_topic/environment/ament_prefix_path.dsv
[0.172s] -- Up-to-date: /home/ros2/exam/install/cpp01_topic/share/cpp01_topic/environment/path.sh
[0.172s] -- Up-to-date: /home/ros2/exam/install/cpp01_topic/share/cpp01_topic/environment/path.dsv
[0.173s] -- Up-to-date: /home/ros2/exam/install/cpp01_topic/share/cpp01_topic/local_setup.bash
[0.173s] -- Up-to-date: /home/ros2/exam/install/cpp01_topic/share/cpp01_topic/local_setup.sh
[0.173s] -- Up-to-date: /home/ros2/exam/install/cpp01_topic/share/cpp01_topic/local_setup.zsh
[0.175s] -- Up-to-date: /home/ros2/exam/install/cpp01_topic/share/cpp01_topic/local_setup.dsv
[0.176s] -- Installing: /home/ros2/exam/install/cpp01_topic/share/cpp01_topic/package.dsv
[0.176s] -- Up-to-date: /home/ros2/exam/install/cpp01_topic/share/ament_index/resource_index/packages/cpp01_topic
[0.176s] -- Up-to-date: /home/ros2/exam/install/cpp01_topic/share/cpp01_topic/cmake/cpp01_topicConfig.cmake
[0.176s] -- Up-to-date: /home/ros2/exam/install/cpp01_topic/share/cpp01_topic/cmake/cpp01_topicConfig-version.cmake
[0.177s] -- Up-to-date: /home/ros2/exam/install/cpp01_topic/share/cpp01_topic/package.xml
[0.202s] Invoked command in '/home/ros2/exam/build/cpp01_topic' returned '0': AMENT_PREFIX_PATH=/home/ros2/exam/install/demo_interfaces_base:${AMENT_PREFIX_PATH} CMAKE_PREFIX_PATH=/home/ros2/exam/install/demo_interfaces_base:/opt/ros/humble LD_LIBRARY_PATH=/home/ros2/exam/install/demo_interfaces_base/lib:${LD_LIBRARY_PATH} PYTHONPATH=/home/ros2/exam/install/demo_interfaces_base/local/lib/python3.10/dist-packages:${PYTHONPATH} /usr/bin/cmake --install /home/ros2/exam/build/cpp01_topic
