[35m[1mConsolidate compiler generated dependencies of target exer03_action_client[0m
[ 20%] Built target exer02_client
[ 30%] [32mBuilding CXX object CMakeFiles/exer03_action_server.dir/src/exer03_action_server.cpp.o[0m
[ 50%] Built target exer02_service
[ 70%] Built target exer01_pub_sub
[ 90%] Built target exer03_action_client
[100%] [32m[1mLinking CXX executable exer03_action_server[0m
[100%] Built target exer03_action_server
-- Install configuration: ""
-- Up-to-date: /home/ros2/exam/install/cpp06_exercise/lib/cpp06_exercise/exer01_pub_sub
-- Up-to-date: /home/ros2/exam/install/cpp06_exercise/lib/cpp06_exercise/exer02_client
-- Up-to-date: /home/ros2/exam/install/cpp06_exercise/lib/cpp06_exercise/exer02_service
-- Up-to-date: /home/ros2/exam/install/cpp06_exercise/lib/cpp06_exercise/exer03_action_client
-- Installing: /home/ros2/exam/install/cpp06_exercise/lib/cpp06_exercise/exer03_action_server
-- Set runtime path of "/home/ros2/exam/install/cpp06_exercise/lib/cpp06_exercise/exer03_action_server" to ""
-- Up-to-date: /home/ros2/exam/install/cpp06_exercise/share/cpp06_exercise/launch
-- Up-to-date: /home/ros2/exam/install/cpp06_exercise/share/cpp06_exercise/launch/exer01_pub_sub_launch.py
-- Up-to-date: /home/ros2/exam/install/cpp06_exercise/share/cpp06_exercise/launch/exer03_client_launch.py
-- Up-to-date: /home/ros2/exam/install/cpp06_exercise/share/cpp06_exercise/launch/exer02_service_launch.py
-- Up-to-date: /home/ros2/exam/install/cpp06_exercise/share/ament_index/resource_index/package_run_dependencies/cpp06_exercise
-- Up-to-date: /home/ros2/exam/install/cpp06_exercise/share/ament_index/resource_index/parent_prefix_path/cpp06_exercise
-- Up-to-date: /home/ros2/exam/install/cpp06_exercise/share/cpp06_exercise/environment/ament_prefix_path.sh
-- Up-to-date: /home/ros2/exam/install/cpp06_exercise/share/cpp06_exercise/environment/ament_prefix_path.dsv
-- Up-to-date: /home/ros2/exam/install/cpp06_exercise/share/cpp06_exercise/environment/path.sh
-- Up-to-date: /home/ros2/exam/install/cpp06_exercise/share/cpp06_exercise/environment/path.dsv
-- Up-to-date: /home/ros2/exam/install/cpp06_exercise/share/cpp06_exercise/local_setup.bash
-- Up-to-date: /home/ros2/exam/install/cpp06_exercise/share/cpp06_exercise/local_setup.sh
-- Up-to-date: /home/ros2/exam/install/cpp06_exercise/share/cpp06_exercise/local_setup.zsh
-- Up-to-date: /home/ros2/exam/install/cpp06_exercise/share/cpp06_exercise/local_setup.dsv
-- Installing: /home/ros2/exam/install/cpp06_exercise/share/cpp06_exercise/package.dsv
-- Up-to-date: /home/ros2/exam/install/cpp06_exercise/share/ament_index/resource_index/packages/cpp06_exercise
-- Up-to-date: /home/ros2/exam/install/cpp06_exercise/share/cpp06_exercise/cmake/cpp06_exerciseConfig.cmake
-- Up-to-date: /home/ros2/exam/install/cpp06_exercise/share/cpp06_exercise/cmake/cpp06_exerciseConfig-version.cmake
-- Up-to-date: /home/ros2/exam/install/cpp06_exercise/share/cpp06_exercise/package.xml
