[0.167s] DEBUG:colcon:Command line arguments: ['/usr/bin/colcon', 'build', '--packages-select', 'cpp06_exercise', 'turtlesim', '--allow-overriding', 'turtlesim']
[0.168s] DEBUG:colcon:Parsed command line arguments: Namespace(log_base=None, log_level=None, verb_name='build', build_base='build', install_base='install', merge_install=False, symlink_install=False, test_result_base=None, continue_on_error=False, executor='parallel', parallel_workers=12, event_handlers=None, ignore_user_meta=False, metas=['./colcon.meta'], base_paths=['.'], packages_ignore=None, packages_ignore_regex=None, paths=None, packages_up_to=None, packages_up_to_regex=None, packages_above=None, packages_above_and_dependencies=None, packages_above_depth=None, packages_select_by_dep=None, packages_skip_by_dep=None, packages_skip_up_to=None, packages_select_build_failed=False, packages_skip_build_finished=False, packages_select_test_failures=False, packages_skip_test_passed=False, packages_select=['cpp06_exercise', 'turtlesim'], packages_skip=None, packages_select_regex=None, packages_skip_regex=None, packages_start=None, packages_end=None, allow_overriding=['turtlesim'], cmake_args=None, cmake_target=None, cmake_target_skip_unavailable=False, cmake_clean_cache=False, cmake_clean_first=False, cmake_force_configure=False, ament_cmake_args=None, catkin_cmake_args=None, catkin_skip_building_tests=False, verb_parser=<colcon_defaults.argument_parser.defaults.DefaultArgumentsDecorator object at 0x700a7c532fb0>, verb_extension=<colcon_core.verb.build.BuildVerb object at 0x700a7c532410>, main=<bound method BuildVerb.main of <colcon_core.verb.build.BuildVerb object at 0x700a7c532410>>)
[0.332s] Level 1:colcon.colcon_core.package_discovery:discover_packages(colcon_meta) check parameters
[0.333s] Level 1:colcon.colcon_core.package_discovery:discover_packages(recursive) check parameters
[0.333s] Level 1:colcon.colcon_core.package_discovery:discover_packages(ignore) check parameters
[0.333s] Level 1:colcon.colcon_core.package_discovery:discover_packages(path) check parameters
[0.333s] Level 1:colcon.colcon_core.package_discovery:discover_packages(colcon_meta) discover
[0.333s] Level 1:colcon.colcon_core.package_discovery:discover_packages(recursive) discover
[0.333s] INFO:colcon.colcon_core.package_discovery:Crawling recursively for packages in '/home/ros2/exam'
[0.333s] Level 1:colcon.colcon_core.package_identification:_identify(.) by extensions ['ignore', 'ignore_ament_install']
[0.333s] Level 1:colcon.colcon_core.package_identification:_identify(.) by extension 'ignore'
[0.333s] Level 1:colcon.colcon_core.package_identification:_identify(.) by extension 'ignore_ament_install'
[0.333s] Level 1:colcon.colcon_core.package_identification:_identify(.) by extensions ['colcon_pkg']
[0.333s] Level 1:colcon.colcon_core.package_identification:_identify(.) by extension 'colcon_pkg'
[0.333s] Level 1:colcon.colcon_core.package_identification:_identify(.) by extensions ['colcon_meta']
[0.333s] Level 1:colcon.colcon_core.package_identification:_identify(.) by extension 'colcon_meta'
[0.333s] Level 1:colcon.colcon_core.package_identification:_identify(.) by extensions ['ros']
[0.333s] Level 1:colcon.colcon_core.package_identification:_identify(.) by extension 'ros'
[0.344s] Level 1:colcon.colcon_core.package_identification:_identify(.) by extensions ['cmake', 'python']
[0.344s] Level 1:colcon.colcon_core.package_identification:_identify(.) by extension 'cmake'
[0.344s] Level 1:colcon.colcon_core.package_identification:_identify(.) by extension 'python'
[0.344s] Level 1:colcon.colcon_core.package_identification:_identify(.) by extensions ['python_setup_py']
[0.344s] Level 1:colcon.colcon_core.package_identification:_identify(.) by extension 'python_setup_py'
[0.344s] Level 1:colcon.colcon_core.package_identification:_identify(build) by extensions ['ignore', 'ignore_ament_install']
[0.345s] Level 1:colcon.colcon_core.package_identification:_identify(build) by extension 'ignore'
[0.345s] Level 1:colcon.colcon_core.package_identification:_identify(build) ignored
[0.345s] Level 1:colcon.colcon_core.package_identification:_identify(cpp01_topic) by extensions ['ignore', 'ignore_ament_install']
[0.345s] Level 1:colcon.colcon_core.package_identification:_identify(cpp01_topic) by extension 'ignore'
[0.345s] Level 1:colcon.colcon_core.package_identification:_identify(cpp01_topic) by extension 'ignore_ament_install'
[0.345s] Level 1:colcon.colcon_core.package_identification:_identify(cpp01_topic) by extensions ['colcon_pkg']
[0.345s] Level 1:colcon.colcon_core.package_identification:_identify(cpp01_topic) by extension 'colcon_pkg'
[0.345s] Level 1:colcon.colcon_core.package_identification:_identify(cpp01_topic) by extensions ['colcon_meta']
[0.345s] Level 1:colcon.colcon_core.package_identification:_identify(cpp01_topic) by extension 'colcon_meta'
[0.345s] Level 1:colcon.colcon_core.package_identification:_identify(cpp01_topic) by extensions ['ros']
[0.345s] Level 1:colcon.colcon_core.package_identification:_identify(cpp01_topic) by extension 'ros'
[0.347s] DEBUG:colcon.colcon_core.package_identification:Package 'cpp01_topic' with type 'ros.ament_cmake' and name 'cpp01_topic'
[0.347s] Level 1:colcon.colcon_core.package_identification:_identify(cpp02_service) by extensions ['ignore', 'ignore_ament_install']
[0.347s] Level 1:colcon.colcon_core.package_identification:_identify(cpp02_service) by extension 'ignore'
[0.347s] Level 1:colcon.colcon_core.package_identification:_identify(cpp02_service) by extension 'ignore_ament_install'
[0.347s] Level 1:colcon.colcon_core.package_identification:_identify(cpp02_service) by extensions ['colcon_pkg']
[0.347s] Level 1:colcon.colcon_core.package_identification:_identify(cpp02_service) by extension 'colcon_pkg'
[0.347s] Level 1:colcon.colcon_core.package_identification:_identify(cpp02_service) by extensions ['colcon_meta']
[0.347s] Level 1:colcon.colcon_core.package_identification:_identify(cpp02_service) by extension 'colcon_meta'
[0.347s] Level 1:colcon.colcon_core.package_identification:_identify(cpp02_service) by extensions ['ros']
[0.347s] Level 1:colcon.colcon_core.package_identification:_identify(cpp02_service) by extension 'ros'
[0.348s] DEBUG:colcon.colcon_core.package_identification:Package 'cpp02_service' with type 'ros.ament_cmake' and name 'cpp02_service'
[0.348s] Level 1:colcon.colcon_core.package_identification:_identify(cpp03_action) by extensions ['ignore', 'ignore_ament_install']
[0.348s] Level 1:colcon.colcon_core.package_identification:_identify(cpp03_action) by extension 'ignore'
[0.348s] Level 1:colcon.colcon_core.package_identification:_identify(cpp03_action) by extension 'ignore_ament_install'
[0.348s] Level 1:colcon.colcon_core.package_identification:_identify(cpp03_action) by extensions ['colcon_pkg']
[0.348s] Level 1:colcon.colcon_core.package_identification:_identify(cpp03_action) by extension 'colcon_pkg'
[0.349s] Level 1:colcon.colcon_core.package_identification:_identify(cpp03_action) by extensions ['colcon_meta']
[0.349s] Level 1:colcon.colcon_core.package_identification:_identify(cpp03_action) by extension 'colcon_meta'
[0.349s] Level 1:colcon.colcon_core.package_identification:_identify(cpp03_action) by extensions ['ros']
[0.349s] Level 1:colcon.colcon_core.package_identification:_identify(cpp03_action) by extension 'ros'
[0.349s] DEBUG:colcon.colcon_core.package_identification:Package 'cpp03_action' with type 'ros.ament_cmake' and name 'cpp03_action'
[0.349s] Level 1:colcon.colcon_core.package_identification:_identify(cpp04_param) by extensions ['ignore', 'ignore_ament_install']
[0.349s] Level 1:colcon.colcon_core.package_identification:_identify(cpp04_param) by extension 'ignore'
[0.349s] Level 1:colcon.colcon_core.package_identification:_identify(cpp04_param) by extension 'ignore_ament_install'
[0.349s] Level 1:colcon.colcon_core.package_identification:_identify(cpp04_param) by extensions ['colcon_pkg']
[0.349s] Level 1:colcon.colcon_core.package_identification:_identify(cpp04_param) by extension 'colcon_pkg'
[0.349s] Level 1:colcon.colcon_core.package_identification:_identify(cpp04_param) by extensions ['colcon_meta']
[0.349s] Level 1:colcon.colcon_core.package_identification:_identify(cpp04_param) by extension 'colcon_meta'
[0.349s] Level 1:colcon.colcon_core.package_identification:_identify(cpp04_param) by extensions ['ros']
[0.350s] Level 1:colcon.colcon_core.package_identification:_identify(cpp04_param) by extension 'ros'
[0.350s] DEBUG:colcon.colcon_core.package_identification:Package 'cpp04_param' with type 'ros.ament_cmake' and name 'cpp04_param'
[0.350s] Level 1:colcon.colcon_core.package_identification:_identify(cpp05_time) by extensions ['ignore', 'ignore_ament_install']
[0.350s] Level 1:colcon.colcon_core.package_identification:_identify(cpp05_time) by extension 'ignore'
[0.350s] Level 1:colcon.colcon_core.package_identification:_identify(cpp05_time) by extension 'ignore_ament_install'
[0.350s] Level 1:colcon.colcon_core.package_identification:_identify(cpp05_time) by extensions ['colcon_pkg']
[0.350s] Level 1:colcon.colcon_core.package_identification:_identify(cpp05_time) by extension 'colcon_pkg'
[0.350s] Level 1:colcon.colcon_core.package_identification:_identify(cpp05_time) by extensions ['colcon_meta']
[0.350s] Level 1:colcon.colcon_core.package_identification:_identify(cpp05_time) by extension 'colcon_meta'
[0.350s] Level 1:colcon.colcon_core.package_identification:_identify(cpp05_time) by extensions ['ros']
[0.350s] Level 1:colcon.colcon_core.package_identification:_identify(cpp05_time) by extension 'ros'
[0.351s] DEBUG:colcon.colcon_core.package_identification:Package 'cpp05_time' with type 'ros.ament_cmake' and name 'cpp05_time'
[0.351s] Level 1:colcon.colcon_core.package_identification:_identify(cpp06_exercise) by extensions ['ignore', 'ignore_ament_install']
[0.351s] Level 1:colcon.colcon_core.package_identification:_identify(cpp06_exercise) by extension 'ignore'
[0.351s] Level 1:colcon.colcon_core.package_identification:_identify(cpp06_exercise) by extension 'ignore_ament_install'
[0.351s] Level 1:colcon.colcon_core.package_identification:_identify(cpp06_exercise) by extensions ['colcon_pkg']
[0.351s] Level 1:colcon.colcon_core.package_identification:_identify(cpp06_exercise) by extension 'colcon_pkg'
[0.351s] Level 1:colcon.colcon_core.package_identification:_identify(cpp06_exercise) by extensions ['colcon_meta']
[0.351s] Level 1:colcon.colcon_core.package_identification:_identify(cpp06_exercise) by extension 'colcon_meta'
[0.351s] Level 1:colcon.colcon_core.package_identification:_identify(cpp06_exercise) by extensions ['ros']
[0.351s] Level 1:colcon.colcon_core.package_identification:_identify(cpp06_exercise) by extension 'ros'
[0.352s] DEBUG:colcon.colcon_core.package_identification:Package 'cpp06_exercise' with type 'ros.ament_cmake' and name 'cpp06_exercise'
[0.352s] Level 1:colcon.colcon_core.package_identification:_identify(demo_interfaces_base) by extensions ['ignore', 'ignore_ament_install']
[0.352s] Level 1:colcon.colcon_core.package_identification:_identify(demo_interfaces_base) by extension 'ignore'
[0.353s] Level 1:colcon.colcon_core.package_identification:_identify(demo_interfaces_base) by extension 'ignore_ament_install'
[0.353s] Level 1:colcon.colcon_core.package_identification:_identify(demo_interfaces_base) by extensions ['colcon_pkg']
[0.353s] Level 1:colcon.colcon_core.package_identification:_identify(demo_interfaces_base) by extension 'colcon_pkg'
[0.353s] Level 1:colcon.colcon_core.package_identification:_identify(demo_interfaces_base) by extensions ['colcon_meta']
[0.353s] Level 1:colcon.colcon_core.package_identification:_identify(demo_interfaces_base) by extension 'colcon_meta'
[0.353s] Level 1:colcon.colcon_core.package_identification:_identify(demo_interfaces_base) by extensions ['ros']
[0.353s] Level 1:colcon.colcon_core.package_identification:_identify(demo_interfaces_base) by extension 'ros'
[0.353s] DEBUG:colcon.colcon_core.package_identification:Package 'demo_interfaces_base' with type 'ros.ament_cmake' and name 'demo_interfaces_base'
[0.353s] Level 1:colcon.colcon_core.package_identification:_identify(install) by extensions ['ignore', 'ignore_ament_install']
[0.353s] Level 1:colcon.colcon_core.package_identification:_identify(install) by extension 'ignore'
[0.353s] Level 1:colcon.colcon_core.package_identification:_identify(install) ignored
[0.354s] Level 1:colcon.colcon_core.package_identification:_identify(log) by extensions ['ignore', 'ignore_ament_install']
[0.354s] Level 1:colcon.colcon_core.package_identification:_identify(log) by extension 'ignore'
[0.354s] Level 1:colcon.colcon_core.package_identification:_identify(log) ignored
[0.354s] Level 1:colcon.colcon_core.package_identification:_identify(turtlesim) by extensions ['ignore', 'ignore_ament_install']
[0.354s] Level 1:colcon.colcon_core.package_identification:_identify(turtlesim) by extension 'ignore'
[0.354s] Level 1:colcon.colcon_core.package_identification:_identify(turtlesim) by extension 'ignore_ament_install'
[0.354s] Level 1:colcon.colcon_core.package_identification:_identify(turtlesim) by extensions ['colcon_pkg']
[0.354s] Level 1:colcon.colcon_core.package_identification:_identify(turtlesim) by extension 'colcon_pkg'
[0.354s] Level 1:colcon.colcon_core.package_identification:_identify(turtlesim) by extensions ['colcon_meta']
[0.354s] Level 1:colcon.colcon_core.package_identification:_identify(turtlesim) by extension 'colcon_meta'
[0.354s] Level 1:colcon.colcon_core.package_identification:_identify(turtlesim) by extensions ['ros']
[0.354s] Level 1:colcon.colcon_core.package_identification:_identify(turtlesim) by extension 'ros'
[0.397s] DEBUG:colcon.colcon_core.package_identification:Package 'turtlesim' with type 'ros.ament_cmake' and name 'turtlesim'
[0.398s] Level 1:colcon.colcon_core.package_discovery:discover_packages(recursive) using defaults
[0.398s] Level 1:colcon.colcon_core.package_discovery:discover_packages(ignore) discover
[0.398s] Level 1:colcon.colcon_core.package_discovery:discover_packages(ignore) using defaults
[0.398s] Level 1:colcon.colcon_core.package_discovery:discover_packages(path) discover
[0.398s] Level 1:colcon.colcon_core.package_discovery:discover_packages(path) using defaults
[0.445s] INFO:colcon.colcon_core.package_selection:Skipping not selected package 'cpp05_time' in 'cpp05_time'
[0.445s] INFO:colcon.colcon_core.package_selection:Skipping not selected package 'demo_interfaces_base' in 'demo_interfaces_base'
[0.445s] INFO:colcon.colcon_core.package_selection:Skipping not selected package 'cpp01_topic' in 'cpp01_topic'
[0.445s] INFO:colcon.colcon_core.package_selection:Skipping not selected package 'cpp02_service' in 'cpp02_service'
[0.445s] INFO:colcon.colcon_core.package_selection:Skipping not selected package 'cpp03_action' in 'cpp03_action'
[0.445s] INFO:colcon.colcon_core.package_selection:Skipping not selected package 'cpp04_param' in 'cpp04_param'
[0.446s] Level 1:colcon.colcon_core.package_discovery:discover_packages(prefix_path) check parameters
[0.446s] Level 1:colcon.colcon_core.package_discovery:discover_packages(prefix_path) discover
[0.450s] DEBUG:colcon.colcon_installed_package_information.package_discovery:Found 7 installed packages in /home/ros2/exam/install
[0.454s] DEBUG:colcon.colcon_installed_package_information.package_discovery:Found 271 installed packages in /opt/ros/humble
[0.473s] Level 1:colcon.colcon_core.package_discovery:discover_packages(prefix_path) using defaults
[0.511s] Level 5:colcon.colcon_core.verb:set package 'turtlesim' build argument 'cmake_args' from command line to 'None'
[0.511s] Level 5:colcon.colcon_core.verb:set package 'turtlesim' build argument 'cmake_target' from command line to 'None'
[0.511s] Level 5:colcon.colcon_core.verb:set package 'turtlesim' build argument 'cmake_target_skip_unavailable' from command line to 'False'
[0.511s] Level 5:colcon.colcon_core.verb:set package 'turtlesim' build argument 'cmake_clean_cache' from command line to 'False'
[0.511s] Level 5:colcon.colcon_core.verb:set package 'turtlesim' build argument 'cmake_clean_first' from command line to 'False'
[0.511s] Level 5:colcon.colcon_core.verb:set package 'turtlesim' build argument 'cmake_force_configure' from command line to 'False'
[0.511s] Level 5:colcon.colcon_core.verb:set package 'turtlesim' build argument 'ament_cmake_args' from command line to 'None'
[0.511s] Level 5:colcon.colcon_core.verb:set package 'turtlesim' build argument 'catkin_cmake_args' from command line to 'None'
[0.511s] Level 5:colcon.colcon_core.verb:set package 'turtlesim' build argument 'catkin_skip_building_tests' from command line to 'False'
[0.511s] DEBUG:colcon.colcon_core.verb:Building package 'turtlesim' with the following arguments: {'ament_cmake_args': None, 'build_base': '/home/ros2/exam/build/turtlesim', 'catkin_cmake_args': None, 'catkin_skip_building_tests': False, 'cmake_args': None, 'cmake_clean_cache': False, 'cmake_clean_first': False, 'cmake_force_configure': False, 'cmake_target': None, 'cmake_target_skip_unavailable': False, 'install_base': '/home/ros2/exam/install/turtlesim', 'merge_install': False, 'path': '/home/ros2/exam/turtlesim', 'symlink_install': False, 'test_result_base': None}
[0.512s] Level 5:colcon.colcon_core.verb:set package 'cpp06_exercise' build argument 'cmake_args' from command line to 'None'
[0.512s] Level 5:colcon.colcon_core.verb:set package 'cpp06_exercise' build argument 'cmake_target' from command line to 'None'
[0.512s] Level 5:colcon.colcon_core.verb:set package 'cpp06_exercise' build argument 'cmake_target_skip_unavailable' from command line to 'False'
[0.512s] Level 5:colcon.colcon_core.verb:set package 'cpp06_exercise' build argument 'cmake_clean_cache' from command line to 'False'
[0.512s] Level 5:colcon.colcon_core.verb:set package 'cpp06_exercise' build argument 'cmake_clean_first' from command line to 'False'
[0.512s] Level 5:colcon.colcon_core.verb:set package 'cpp06_exercise' build argument 'cmake_force_configure' from command line to 'False'
[0.512s] Level 5:colcon.colcon_core.verb:set package 'cpp06_exercise' build argument 'ament_cmake_args' from command line to 'None'
[0.512s] Level 5:colcon.colcon_core.verb:set package 'cpp06_exercise' build argument 'catkin_cmake_args' from command line to 'None'
[0.512s] Level 5:colcon.colcon_core.verb:set package 'cpp06_exercise' build argument 'catkin_skip_building_tests' from command line to 'False'
[0.512s] DEBUG:colcon.colcon_core.verb:Building package 'cpp06_exercise' with the following arguments: {'ament_cmake_args': None, 'build_base': '/home/ros2/exam/build/cpp06_exercise', 'catkin_cmake_args': None, 'catkin_skip_building_tests': False, 'cmake_args': None, 'cmake_clean_cache': False, 'cmake_clean_first': False, 'cmake_force_configure': False, 'cmake_target': None, 'cmake_target_skip_unavailable': False, 'install_base': '/home/ros2/exam/install/cpp06_exercise', 'merge_install': False, 'path': '/home/ros2/exam/cpp06_exercise', 'symlink_install': False, 'test_result_base': None}
[0.512s] INFO:colcon.colcon_core.executor:Executing jobs using 'parallel' executor
[0.514s] DEBUG:colcon.colcon_parallel_executor.executor.parallel:run_until_complete
[0.514s] INFO:colcon.colcon_ros.task.ament_cmake.build:Building ROS package in '/home/ros2/exam/turtlesim' with build type 'ament_cmake'
[0.514s] INFO:colcon.colcon_cmake.task.cmake.build:Building CMake package in '/home/ros2/exam/turtlesim'
[0.518s] INFO:colcon.colcon_core.plugin_system:Skipping extension 'colcon_core.shell.bat': Not used on non-Windows systems
[0.519s] INFO:colcon.colcon_core.shell:Skip shell extension 'powershell' for command environment: Not usable outside of PowerShell
[0.519s] DEBUG:colcon.colcon_core.shell:Skip shell extension 'dsv' for command environment
[0.594s] DEBUG:colcon.colcon_core.event_handler.log_command:Invoking command in '/home/ros2/exam/build/turtlesim': CMAKE_PREFIX_PATH=${CMAKE_PREFIX_PATH}:/opt/ros/humble /usr/bin/cmake /home/ros2/exam/turtlesim -DCMAKE_INSTALL_PREFIX=/home/ros2/exam/install/turtlesim
[6.799s] DEBUG:colcon.colcon_core.event_handler.log_command:Invoked command in '/home/ros2/exam/build/turtlesim' returned '0': CMAKE_PREFIX_PATH=${CMAKE_PREFIX_PATH}:/opt/ros/humble /usr/bin/cmake /home/ros2/exam/turtlesim -DCMAKE_INSTALL_PREFIX=/home/ros2/exam/install/turtlesim
[6.805s] DEBUG:colcon.colcon_core.event_handler.log_command:Invoking command in '/home/ros2/exam/build/turtlesim': CMAKE_PREFIX_PATH=${CMAKE_PREFIX_PATH}:/opt/ros/humble /usr/bin/cmake --build /home/ros2/exam/build/turtlesim -- -j12 -l12
[36.816s] DEBUG:colcon.colcon_core.event_handler.log_command:Invoked command in '/home/ros2/exam/build/turtlesim' returned '0': CMAKE_PREFIX_PATH=${CMAKE_PREFIX_PATH}:/opt/ros/humble /usr/bin/cmake --build /home/ros2/exam/build/turtlesim -- -j12 -l12
[36.837s] DEBUG:colcon.colcon_core.event_handler.log_command:Invoking command in '/home/ros2/exam/build/turtlesim': CMAKE_PREFIX_PATH=${CMAKE_PREFIX_PATH}:/opt/ros/humble /usr/bin/cmake --install /home/ros2/exam/build/turtlesim
[37.017s] Level 1:colcon.colcon_core.environment:create_environment_scripts_only(turtlesim)
[37.018s] DEBUG:colcon.colcon_core.event_handler.log_command:Invoked command in '/home/ros2/exam/build/turtlesim' returned '0': CMAKE_PREFIX_PATH=${CMAKE_PREFIX_PATH}:/opt/ros/humble /usr/bin/cmake --install /home/ros2/exam/build/turtlesim
[37.021s] Level 1:colcon.colcon_core.environment:checking '/home/ros2/exam/install/turtlesim' for CMake module files
[37.022s] Level 1:colcon.colcon_core.environment:checking '/home/ros2/exam/install/turtlesim' for CMake config files
[37.022s] Level 1:colcon.colcon_core.shell:create_environment_hook('turtlesim', 'cmake_prefix_path')
[37.022s] INFO:colcon.colcon_core.shell:Creating environment hook '/home/ros2/exam/install/turtlesim/share/turtlesim/hook/cmake_prefix_path.ps1'
[37.023s] INFO:colcon.colcon_core.shell:Creating environment descriptor '/home/ros2/exam/install/turtlesim/share/turtlesim/hook/cmake_prefix_path.dsv'
[37.024s] INFO:colcon.colcon_core.shell:Creating environment hook '/home/ros2/exam/install/turtlesim/share/turtlesim/hook/cmake_prefix_path.sh'
[37.025s] Level 1:colcon.colcon_core.environment:checking '/home/ros2/exam/install/turtlesim/lib'
[37.025s] Level 1:colcon.colcon_core.shell:create_environment_hook('turtlesim', 'ld_library_path_lib')
[37.025s] INFO:colcon.colcon_core.shell:Creating environment hook '/home/ros2/exam/install/turtlesim/share/turtlesim/hook/ld_library_path_lib.ps1'
[37.026s] INFO:colcon.colcon_core.shell:Creating environment descriptor '/home/ros2/exam/install/turtlesim/share/turtlesim/hook/ld_library_path_lib.dsv'
[37.026s] INFO:colcon.colcon_core.shell:Creating environment hook '/home/ros2/exam/install/turtlesim/share/turtlesim/hook/ld_library_path_lib.sh'
[37.026s] Level 1:colcon.colcon_core.environment:checking '/home/ros2/exam/install/turtlesim/bin'
[37.027s] Level 1:colcon.colcon_core.environment:checking '/home/ros2/exam/install/turtlesim/lib/pkgconfig/turtlesim.pc'
[37.027s] Level 1:colcon.colcon_core.environment:checking '/home/ros2/exam/install/turtlesim/lib/python3.10/site-packages'
[37.027s] Level 1:colcon.colcon_core.environment:checking '/home/ros2/exam/install/turtlesim/bin'
[37.027s] INFO:colcon.colcon_core.shell:Creating package script '/home/ros2/exam/install/turtlesim/share/turtlesim/package.ps1'
[37.028s] INFO:colcon.colcon_core.shell:Creating package descriptor '/home/ros2/exam/install/turtlesim/share/turtlesim/package.dsv'
[37.029s] INFO:colcon.colcon_core.shell:Creating package script '/home/ros2/exam/install/turtlesim/share/turtlesim/package.sh'
[37.029s] INFO:colcon.colcon_core.shell:Creating package script '/home/ros2/exam/install/turtlesim/share/turtlesim/package.bash'
[37.030s] INFO:colcon.colcon_core.shell:Creating package script '/home/ros2/exam/install/turtlesim/share/turtlesim/package.zsh'
[37.031s] Level 1:colcon.colcon_core.environment:create_file_with_runtime_dependencies(/home/ros2/exam/install/turtlesim/share/colcon-core/packages/turtlesim)
[37.031s] Level 1:colcon.colcon_core.environment:create_environment_scripts_only(turtlesim)
[37.032s] Level 1:colcon.colcon_core.environment:checking '/home/ros2/exam/install/turtlesim' for CMake module files
[37.032s] Level 1:colcon.colcon_core.environment:checking '/home/ros2/exam/install/turtlesim' for CMake config files
[37.032s] Level 1:colcon.colcon_core.shell:create_environment_hook('turtlesim', 'cmake_prefix_path')
[37.033s] INFO:colcon.colcon_core.shell:Creating environment hook '/home/ros2/exam/install/turtlesim/share/turtlesim/hook/cmake_prefix_path.ps1'
[37.033s] INFO:colcon.colcon_core.shell:Creating environment descriptor '/home/ros2/exam/install/turtlesim/share/turtlesim/hook/cmake_prefix_path.dsv'
[37.034s] INFO:colcon.colcon_core.shell:Creating environment hook '/home/ros2/exam/install/turtlesim/share/turtlesim/hook/cmake_prefix_path.sh'
[37.034s] Level 1:colcon.colcon_core.environment:checking '/home/ros2/exam/install/turtlesim/lib'
[37.035s] Level 1:colcon.colcon_core.shell:create_environment_hook('turtlesim', 'ld_library_path_lib')
[37.035s] INFO:colcon.colcon_core.shell:Creating environment hook '/home/ros2/exam/install/turtlesim/share/turtlesim/hook/ld_library_path_lib.ps1'
[37.035s] INFO:colcon.colcon_core.shell:Creating environment descriptor '/home/ros2/exam/install/turtlesim/share/turtlesim/hook/ld_library_path_lib.dsv'
[37.036s] INFO:colcon.colcon_core.shell:Creating environment hook '/home/ros2/exam/install/turtlesim/share/turtlesim/hook/ld_library_path_lib.sh'
[37.036s] Level 1:colcon.colcon_core.environment:checking '/home/ros2/exam/install/turtlesim/bin'
[37.037s] Level 1:colcon.colcon_core.environment:checking '/home/ros2/exam/install/turtlesim/lib/pkgconfig/turtlesim.pc'
[37.037s] Level 1:colcon.colcon_core.environment:checking '/home/ros2/exam/install/turtlesim/lib/python3.10/site-packages'
[37.037s] Level 1:colcon.colcon_core.environment:checking '/home/ros2/exam/install/turtlesim/bin'
[37.037s] INFO:colcon.colcon_core.shell:Creating package script '/home/ros2/exam/install/turtlesim/share/turtlesim/package.ps1'
[37.039s] INFO:colcon.colcon_core.shell:Creating package descriptor '/home/ros2/exam/install/turtlesim/share/turtlesim/package.dsv'
[37.039s] INFO:colcon.colcon_core.shell:Creating package script '/home/ros2/exam/install/turtlesim/share/turtlesim/package.sh'
[37.040s] INFO:colcon.colcon_core.shell:Creating package script '/home/ros2/exam/install/turtlesim/share/turtlesim/package.bash'
[37.041s] INFO:colcon.colcon_core.shell:Creating package script '/home/ros2/exam/install/turtlesim/share/turtlesim/package.zsh'
[37.041s] Level 1:colcon.colcon_core.environment:create_file_with_runtime_dependencies(/home/ros2/exam/install/turtlesim/share/colcon-core/packages/turtlesim)
[37.042s] INFO:colcon.colcon_ros.task.ament_cmake.build:Building ROS package in '/home/ros2/exam/cpp06_exercise' with build type 'ament_cmake'
[37.042s] INFO:colcon.colcon_cmake.task.cmake.build:Building CMake package in '/home/ros2/exam/cpp06_exercise'
[37.043s] INFO:colcon.colcon_core.shell:Skip shell extension 'powershell' for command environment: Not usable outside of PowerShell
[37.043s] DEBUG:colcon.colcon_core.shell:Skip shell extension 'dsv' for command environment
[37.072s] DEBUG:colcon.colcon_core.event_handler.log_command:Invoking command in '/home/ros2/exam/build/cpp06_exercise': AMENT_PREFIX_PATH=/home/ros2/exam/install/turtlesim:${AMENT_PREFIX_PATH} CMAKE_PREFIX_PATH=/home/ros2/exam/install/turtlesim:/home/ros2/exam/install/demo_interfaces_base:/home/ros2/exam/install/cpp06_exercise:/home/ros2/exam/install/cpp04_param:/home/ros2/exam/install/cpp03_action:/home/ros2/exam/install/cpp02_service:/home/ros2/exam/install/cpp01_topic:/home/ros2/exam/install/cpp05_time:/opt/ros/humble LD_LIBRARY_PATH=/home/ros2/exam/install/turtlesim/lib:${LD_LIBRARY_PATH} PYTHONPATH=/home/ros2/exam/install/turtlesim/local/lib/python3.10/dist-packages:${PYTHONPATH} /usr/bin/cmake --build /home/ros2/exam/build/cpp06_exercise -- -j12 -l12
[47.017s] DEBUG:colcon.colcon_core.event_handler.log_command:Invoked command in '/home/ros2/exam/build/cpp06_exercise' returned '0': AMENT_PREFIX_PATH=/home/ros2/exam/install/turtlesim:${AMENT_PREFIX_PATH} CMAKE_PREFIX_PATH=/home/ros2/exam/install/turtlesim:/home/ros2/exam/install/demo_interfaces_base:/home/ros2/exam/install/cpp06_exercise:/home/ros2/exam/install/cpp04_param:/home/ros2/exam/install/cpp03_action:/home/ros2/exam/install/cpp02_service:/home/ros2/exam/install/cpp01_topic:/home/ros2/exam/install/cpp05_time:/opt/ros/humble LD_LIBRARY_PATH=/home/ros2/exam/install/turtlesim/lib:${LD_LIBRARY_PATH} PYTHONPATH=/home/ros2/exam/install/turtlesim/local/lib/python3.10/dist-packages:${PYTHONPATH} /usr/bin/cmake --build /home/ros2/exam/build/cpp06_exercise -- -j12 -l12
[47.022s] DEBUG:colcon.colcon_core.event_handler.log_command:Invoking command in '/home/ros2/exam/build/cpp06_exercise': AMENT_PREFIX_PATH=/home/ros2/exam/install/turtlesim:${AMENT_PREFIX_PATH} CMAKE_PREFIX_PATH=/home/ros2/exam/install/turtlesim:/home/ros2/exam/install/demo_interfaces_base:/home/ros2/exam/install/cpp06_exercise:/home/ros2/exam/install/cpp04_param:/home/ros2/exam/install/cpp03_action:/home/ros2/exam/install/cpp02_service:/home/ros2/exam/install/cpp01_topic:/home/ros2/exam/install/cpp05_time:/opt/ros/humble LD_LIBRARY_PATH=/home/ros2/exam/install/turtlesim/lib:${LD_LIBRARY_PATH} PYTHONPATH=/home/ros2/exam/install/turtlesim/local/lib/python3.10/dist-packages:${PYTHONPATH} /usr/bin/cmake --install /home/ros2/exam/build/cpp06_exercise
[47.083s] Level 1:colcon.colcon_core.environment:create_environment_scripts_only(cpp06_exercise)
[47.084s] Level 1:colcon.colcon_core.environment:checking '/home/ros2/exam/install/cpp06_exercise' for CMake module files
[47.085s] DEBUG:colcon.colcon_core.event_handler.log_command:Invoked command in '/home/ros2/exam/build/cpp06_exercise' returned '0': AMENT_PREFIX_PATH=/home/ros2/exam/install/turtlesim:${AMENT_PREFIX_PATH} CMAKE_PREFIX_PATH=/home/ros2/exam/install/turtlesim:/home/ros2/exam/install/demo_interfaces_base:/home/ros2/exam/install/cpp06_exercise:/home/ros2/exam/install/cpp04_param:/home/ros2/exam/install/cpp03_action:/home/ros2/exam/install/cpp02_service:/home/ros2/exam/install/cpp01_topic:/home/ros2/exam/install/cpp05_time:/opt/ros/humble LD_LIBRARY_PATH=/home/ros2/exam/install/turtlesim/lib:${LD_LIBRARY_PATH} PYTHONPATH=/home/ros2/exam/install/turtlesim/local/lib/python3.10/dist-packages:${PYTHONPATH} /usr/bin/cmake --install /home/ros2/exam/build/cpp06_exercise
[47.085s] Level 1:colcon.colcon_core.environment:checking '/home/ros2/exam/install/cpp06_exercise' for CMake config files
[47.086s] Level 1:colcon.colcon_core.shell:create_environment_hook('cpp06_exercise', 'cmake_prefix_path')
[47.086s] INFO:colcon.colcon_core.shell:Creating environment hook '/home/ros2/exam/install/cpp06_exercise/share/cpp06_exercise/hook/cmake_prefix_path.ps1'
[47.086s] INFO:colcon.colcon_core.shell:Creating environment descriptor '/home/ros2/exam/install/cpp06_exercise/share/cpp06_exercise/hook/cmake_prefix_path.dsv'
[47.087s] INFO:colcon.colcon_core.shell:Creating environment hook '/home/ros2/exam/install/cpp06_exercise/share/cpp06_exercise/hook/cmake_prefix_path.sh'
[47.088s] Level 1:colcon.colcon_core.environment:checking '/home/ros2/exam/install/cpp06_exercise/lib'
[47.089s] Level 1:colcon.colcon_core.environment:checking '/home/ros2/exam/install/cpp06_exercise/bin'
[47.089s] Level 1:colcon.colcon_core.environment:checking '/home/ros2/exam/install/cpp06_exercise/lib/pkgconfig/cpp06_exercise.pc'
[47.089s] Level 1:colcon.colcon_core.environment:checking '/home/ros2/exam/install/cpp06_exercise/lib/python3.10/site-packages'
[47.089s] Level 1:colcon.colcon_core.environment:checking '/home/ros2/exam/install/cpp06_exercise/bin'
[47.090s] INFO:colcon.colcon_core.shell:Creating package script '/home/ros2/exam/install/cpp06_exercise/share/cpp06_exercise/package.ps1'
[47.090s] INFO:colcon.colcon_core.shell:Creating package descriptor '/home/ros2/exam/install/cpp06_exercise/share/cpp06_exercise/package.dsv'
[47.091s] INFO:colcon.colcon_core.shell:Creating package script '/home/ros2/exam/install/cpp06_exercise/share/cpp06_exercise/package.sh'
[47.092s] INFO:colcon.colcon_core.shell:Creating package script '/home/ros2/exam/install/cpp06_exercise/share/cpp06_exercise/package.bash'
[47.092s] INFO:colcon.colcon_core.shell:Creating package script '/home/ros2/exam/install/cpp06_exercise/share/cpp06_exercise/package.zsh'
[47.093s] Level 1:colcon.colcon_core.environment:create_file_with_runtime_dependencies(/home/ros2/exam/install/cpp06_exercise/share/colcon-core/packages/cpp06_exercise)
[47.093s] Level 1:colcon.colcon_core.environment:create_environment_scripts_only(cpp06_exercise)
[47.094s] Level 1:colcon.colcon_core.environment:checking '/home/ros2/exam/install/cpp06_exercise' for CMake module files
[47.094s] Level 1:colcon.colcon_core.environment:checking '/home/ros2/exam/install/cpp06_exercise' for CMake config files
[47.094s] Level 1:colcon.colcon_core.shell:create_environment_hook('cpp06_exercise', 'cmake_prefix_path')
[47.094s] INFO:colcon.colcon_core.shell:Creating environment hook '/home/ros2/exam/install/cpp06_exercise/share/cpp06_exercise/hook/cmake_prefix_path.ps1'
[47.095s] INFO:colcon.colcon_core.shell:Creating environment descriptor '/home/ros2/exam/install/cpp06_exercise/share/cpp06_exercise/hook/cmake_prefix_path.dsv'
[47.095s] INFO:colcon.colcon_core.shell:Creating environment hook '/home/ros2/exam/install/cpp06_exercise/share/cpp06_exercise/hook/cmake_prefix_path.sh'
[47.096s] Level 1:colcon.colcon_core.environment:checking '/home/ros2/exam/install/cpp06_exercise/lib'
[47.096s] Level 1:colcon.colcon_core.environment:checking '/home/ros2/exam/install/cpp06_exercise/bin'
[47.096s] Level 1:colcon.colcon_core.environment:checking '/home/ros2/exam/install/cpp06_exercise/lib/pkgconfig/cpp06_exercise.pc'
[47.096s] Level 1:colcon.colcon_core.environment:checking '/home/ros2/exam/install/cpp06_exercise/lib/python3.10/site-packages'
[47.096s] Level 1:colcon.colcon_core.environment:checking '/home/ros2/exam/install/cpp06_exercise/bin'
[47.097s] INFO:colcon.colcon_core.shell:Creating package script '/home/ros2/exam/install/cpp06_exercise/share/cpp06_exercise/package.ps1'
[47.097s] INFO:colcon.colcon_core.shell:Creating package descriptor '/home/ros2/exam/install/cpp06_exercise/share/cpp06_exercise/package.dsv'
[47.098s] INFO:colcon.colcon_core.shell:Creating package script '/home/ros2/exam/install/cpp06_exercise/share/cpp06_exercise/package.sh'
[47.099s] INFO:colcon.colcon_core.shell:Creating package script '/home/ros2/exam/install/cpp06_exercise/share/cpp06_exercise/package.bash'
[47.099s] INFO:colcon.colcon_core.shell:Creating package script '/home/ros2/exam/install/cpp06_exercise/share/cpp06_exercise/package.zsh'
[47.100s] Level 1:colcon.colcon_core.environment:create_file_with_runtime_dependencies(/home/ros2/exam/install/cpp06_exercise/share/colcon-core/packages/cpp06_exercise)
[47.100s] DEBUG:colcon.colcon_parallel_executor.executor.parallel:closing loop
[47.100s] DEBUG:colcon.colcon_parallel_executor.executor.parallel:loop closed
[47.101s] DEBUG:colcon.colcon_parallel_executor.executor.parallel:run_until_complete finished with '0'
[47.102s] DEBUG:colcon.colcon_core.event_reactor:joining thread
[47.110s] INFO:colcon.colcon_core.plugin_system:Skipping extension 'colcon_notification.desktop_notification.terminal_notifier': Not used on non-Darwin systems
[47.110s] INFO:colcon.colcon_core.plugin_system:Skipping extension 'colcon_notification.desktop_notification.win32': Not used on non-Windows systems
[47.110s] INFO:colcon.colcon_notification.desktop_notification:Sending desktop notification using 'notify2'
[47.140s] DEBUG:colcon.colcon_core.event_reactor:joined thread
[47.140s] INFO:colcon.colcon_core.shell:Creating prefix script '/home/ros2/exam/install/local_setup.ps1'
[47.142s] INFO:colcon.colcon_core.shell:Creating prefix util module '/home/ros2/exam/install/_local_setup_util_ps1.py'
[47.144s] INFO:colcon.colcon_core.shell:Creating prefix chain script '/home/ros2/exam/install/setup.ps1'
[47.146s] INFO:colcon.colcon_core.shell:Creating prefix script '/home/ros2/exam/install/local_setup.sh'
[47.147s] INFO:colcon.colcon_core.shell:Creating prefix util module '/home/ros2/exam/install/_local_setup_util_sh.py'
[47.148s] INFO:colcon.colcon_core.shell:Creating prefix chain script '/home/ros2/exam/install/setup.sh'
[47.151s] INFO:colcon.colcon_core.shell:Creating prefix script '/home/ros2/exam/install/local_setup.bash'
[47.152s] INFO:colcon.colcon_core.shell:Creating prefix chain script '/home/ros2/exam/install/setup.bash'
[47.154s] INFO:colcon.colcon_core.shell:Creating prefix script '/home/ros2/exam/install/local_setup.zsh'
[47.155s] INFO:colcon.colcon_core.shell:Creating prefix chain script '/home/ros2/exam/install/setup.zsh'
