[0.018s] Invoking command in '/home/ros2/exam/build/demo_interfaces_base': CMAKE_PREFIX_PATH=/opt/ros/humble /usr/bin/cmake --build /home/ros2/exam/build/demo_interfaces_base -- -j12 -l12
[0.097s] -- Found ament_cmake: 1.3.12 (/opt/ros/humble/share/ament_cmake/cmake)
[0.247s] [31mCMake Error at CMakeLists.txt:13 (find_package):
[0.247s]   By not providing "Findrosidl_interface_generators.cmake" in
[0.247s]   CMAKE_MODULE_PATH this project has asked CMake to find a package
[0.247s]   configuration file provided by "rosidl_interface_generators", but CMake did
[0.247s]   not find one.
[0.247s] 
[0.247s]   Could not find a package configuration file provided by
[0.248s]   "rosidl_interface_generators" with any of the following names:
[0.248s] 
[0.248s]     rosidl_interface_generatorsConfig.cmake
[0.248s]     rosidl_interface_generators-config.cmake
[0.248s] 
[0.248s]   Add the installation prefix of "rosidl_interface_generators" to
[0.248s]   CMAKE_PREFIX_PATH or set "rosidl_interface_generators_DIR" to a directory
[0.248s]   containing one of the above files.  If "rosidl_interface_generators"
[0.248s]   provides a separate development package or SDK, be sure it has been
[0.248s]   installed.
[0.248s] 
[0.248s] [0m
[0.248s] -- Configuring incomplete, errors occurred!
[0.248s] See also "/home/ros2/exam/build/demo_interfaces_base/CMakeFiles/CMakeOutput.log".
[0.250s] gmake: *** [Makefile:226: cmake_check_build_system] Error 1
[0.253s] Invoked command in '/home/ros2/exam/build/demo_interfaces_base' returned '2': CMAKE_PREFIX_PATH=/opt/ros/humble /usr/bin/cmake --build /home/ros2/exam/build/demo_interfaces_base -- -j12 -l12
