-- Found ament_cmake: 1.3.12 (/opt/ros/humble/share/ament_cmake/cmake)
-- Found rclcpp: 16.0.14 (/opt/ros/humble/share/rclcpp/cmake)
-- Found rosidl_generator_c: 3.1.7 (/opt/ros/humble/share/rosidl_generator_c/cmake)
-- Found rosidl_adapter: 3.1.7 (/opt/ros/humble/share/rosidl_adapter/cmake)
-- Found rosidl_generator_cpp: 3.1.7 (/opt/ros/humble/share/rosidl_generator_cpp/cmake)
-- Using all available rosidl_typesupport_c: rosidl_typesupport_fastrtps_c;rosidl_typesupport_introspection_c
-- Using all available rosidl_typesupport_cpp: rosidl_typesupport_fastrtps_cpp;rosidl_typesupport_introspection_cpp
-- Found rmw_implementation_cmake: 6.1.2 (/opt/ros/humble/share/rmw_implementation_cmake/cmake)
-- Found rmw_fastrtps_cpp: 6.2.8 (/opt/ros/humble/share/rmw_fastrtps_cpp/cmake)
-- Using RMW implementation 'rmw_fastrtps_cpp' as default
-- Found demo_interfaces_base: 0.0.0 (/home/ros2/exam/install/demo_interfaces_base/share/demo_interfaces_base/cmake)
-- Found ament_lint_auto: 0.12.14 (/opt/ros/humble/share/ament_lint_auto/cmake)
-- Added test 'cppcheck' to perform static code analysis on C / C++ code
-- Configured cppcheck include dirs: $<BUILD_INTERFACE:/home/ros2/exam/cpp04_param/include>
-- Configured cppcheck exclude dirs and/or files: 
-- Added test 'lint_cmake' to check CMake code style
-- Added test 'uncrustify' to check C / C++ code style
-- Configured uncrustify additional arguments: 
-- Added test 'xmllint' to check XML markup files
-- Configuring done
-- Generating done
-- Build files have been written to: /home/ros2/exam/build/cpp04_param
[35m[1mConsolidate compiler generated dependencies of target demo01_param_server[0m
[ 25%] [32mBuilding CXX object CMakeFiles/demo01_param_client.dir/src/demo01_param_client.cpp.o[0m
[ 75%] Built target demo01_param_server
[100%] [32m[1mLinking CXX executable demo01_param_client[0m
[100%] Built target demo01_param_client
-- Install configuration: ""
-- Up-to-date: /home/ros2/exam/install/cpp04_param/lib/cpp04_param/demo01_param_server
-- Installing: /home/ros2/exam/install/cpp04_param/lib/cpp04_param/demo01_param_client
-- Set runtime path of "/home/ros2/exam/install/cpp04_param/lib/cpp04_param/demo01_param_client" to ""
-- Up-to-date: /home/ros2/exam/install/cpp04_param/share/ament_index/resource_index/package_run_dependencies/cpp04_param
-- Installing: /home/ros2/exam/install/cpp04_param/share/ament_index/resource_index/parent_prefix_path/cpp04_param
-- Up-to-date: /home/ros2/exam/install/cpp04_param/share/cpp04_param/environment/ament_prefix_path.sh
-- Installing: /home/ros2/exam/install/cpp04_param/share/cpp04_param/environment/ament_prefix_path.dsv
-- Up-to-date: /home/ros2/exam/install/cpp04_param/share/cpp04_param/environment/path.sh
-- Installing: /home/ros2/exam/install/cpp04_param/share/cpp04_param/environment/path.dsv
-- Up-to-date: /home/ros2/exam/install/cpp04_param/share/cpp04_param/local_setup.bash
-- Up-to-date: /home/ros2/exam/install/cpp04_param/share/cpp04_param/local_setup.sh
-- Up-to-date: /home/ros2/exam/install/cpp04_param/share/cpp04_param/local_setup.zsh
-- Installing: /home/ros2/exam/install/cpp04_param/share/cpp04_param/local_setup.dsv
-- Installing: /home/ros2/exam/install/cpp04_param/share/cpp04_param/package.dsv
-- Up-to-date: /home/ros2/exam/install/cpp04_param/share/ament_index/resource_index/packages/cpp04_param
-- Up-to-date: /home/ros2/exam/install/cpp04_param/share/cpp04_param/cmake/cpp04_paramConfig.cmake
-- Up-to-date: /home/ros2/exam/install/cpp04_param/share/cpp04_param/cmake/cpp04_paramConfig-version.cmake
-- Up-to-date: /home/ros2/exam/install/cpp04_param/share/cpp04_param/package.xml
