[0.023s] Invoking command in '/home/ros2/exam/build/cpp03_action': AMENT_PREFIX_PATH=/home/ros2/exam/install/demo_interfaces_base:${AMENT_PREFIX_PATH} CMAKE_PREFIX_PATH=/home/ros2/exam/install/demo_interfaces_base:/opt/ros/humble LD_LIBRARY_PATH=/home/ros2/exam/install/demo_interfaces_base/lib:${LD_LIBRARY_PATH} PYTHONPATH=/home/ros2/exam/install/demo_interfaces_base/local/lib/python3.10/dist-packages:${PYTHONPATH} /usr/bin/cmake --build /home/ros2/exam/build/cpp03_action -- -j12 -l12
[0.223s] -- Found ament_cmake: 1.3.12 (/opt/ros/humble/share/ament_cmake/cmake)
[0.837s] -- Found rclcpp: 16.0.14 (/opt/ros/humble/share/rclcpp/cmake)
[1.218s] -- Found rosidl_generator_c: 3.1.7 (/opt/ros/humble/share/rosidl_generator_c/cmake)
[1.257s] -- Found rosidl_adapter: 3.1.7 (/opt/ros/humble/share/rosidl_adapter/cmake)
[1.363s] -- Found rosidl_generator_cpp: 3.1.7 (/opt/ros/humble/share/rosidl_generator_cpp/cmake)
[1.487s] -- Using all available rosidl_typesupport_c: rosidl_typesupport_fastrtps_c;rosidl_typesupport_introspection_c
[1.637s] -- Using all available rosidl_typesupport_cpp: rosidl_typesupport_fastrtps_cpp;rosidl_typesupport_introspection_cpp
[2.053s] -- Found rmw_implementation_cmake: 6.1.2 (/opt/ros/humble/share/rmw_implementation_cmake/cmake)
[2.081s] -- Found rmw_fastrtps_cpp: 6.2.8 (/opt/ros/humble/share/rmw_fastrtps_cpp/cmake)
[2.585s] -- Using RMW implementation 'rmw_fastrtps_cpp' as default
[3.182s] -- Found demo_interfaces_base: 0.0.0 (/home/ros2/exam/install/demo_interfaces_base/share/demo_interfaces_base/cmake)
[3.408s] -- Found rclcpp_action: 16.0.14 (/opt/ros/humble/share/rclcpp_action/cmake)
[3.471s] -- Found ament_lint_auto: 0.12.14 (/opt/ros/humble/share/ament_lint_auto/cmake)
[3.704s] -- Added test 'cppcheck' to perform static code analysis on C / C++ code
[3.704s] -- Configured cppcheck include dirs: $<BUILD_INTERFACE:/home/ros2/exam/cpp03_action/include>
[3.704s] -- Configured cppcheck exclude dirs and/or files: 
[3.714s] -- Added test 'lint_cmake' to check CMake code style
[3.724s] -- Added test 'uncrustify' to check C / C++ code style
[3.724s] -- Configured uncrustify additional arguments: 
[3.728s] -- Added test 'xmllint' to check XML markup files
[3.751s] -- Configuring done
[3.818s] -- Generating done
[3.831s] -- Build files have been written to: /home/ros2/exam/build/cpp03_action
[3.881s] [35m[1mConsolidate compiler generated dependencies of target demo01_action_server[0m
[3.904s] [ 25%] [32mBuilding CXX object CMakeFiles/demo01_action_client.dir/src/demo01_action_client.cpp.o[0m
[3.918s] [ 75%] Built target demo01_action_server
[6.598s] In file included from [01m[K/opt/ros/humble/include/rclcpp/rclcpp/logging.hpp:24[m[K,
[6.598s]                  from [01m[K/opt/ros/humble/include/rclcpp/rclcpp/client.hpp:40[m[K,
[6.598s]                  from [01m[K/opt/ros/humble/include/rclcpp/rclcpp/callback_group.hpp:24[m[K,
[6.599s]                  from [01m[K/opt/ros/humble/include/rclcpp/rclcpp/any_executable.hpp:20[m[K,
[6.599s]                  from [01m[K/opt/ros/humble/include/rclcpp/rclcpp/memory_strategy.hpp:25[m[K,
[6.599s]                  from [01m[K/opt/ros/humble/include/rclcpp/rclcpp/memory_strategies.hpp:18[m[K,
[6.599s]                  from [01m[K/opt/ros/humble/include/rclcpp/rclcpp/executor_options.hpp:20[m[K,
[6.599s]                  from [01m[K/opt/ros/humble/include/rclcpp/rclcpp/executor.hpp:37[m[K,
[6.599s]                  from [01m[K/opt/ros/humble/include/rclcpp/rclcpp/executors/multi_threaded_executor.hpp:25[m[K,
[6.599s]                  from [01m[K/opt/ros/humble/include/rclcpp/rclcpp/executors.hpp:21[m[K,
[6.600s]                  from [01m[K/opt/ros/humble/include/rclcpp/rclcpp/rclcpp.hpp:155[m[K,
[6.600s]                  from [01m[K/home/ros2/exam/cpp03_action/src/demo01_action_client.cpp:1[m[K:
[6.600s] [01m[K/home/ros2/exam/cpp03_action/src/demo01_action_client.cpp:[m[K In member function ‘[01m[Kvoid ActionClient::result_callback(const rclcpp_action::ClientGoalHandle<demo_interfaces_base::action::Action>::WrappedResult&)[m[K’:
[6.600s] [01m[K/home/ros2/exam/cpp03_action/src/demo01_action_client.cpp:62:45:[m[K [01;35m[Kwarning: [m[Kformat ‘[01m[K%d[m[K’ expects argument of type ‘[01m[Kint[m[K’, but argument 5 has type ‘[01m[Kdemo_interfaces_base::action::Action_Result_<std::allocator<void> >::_sum_type[m[K’ {aka ‘[01m[Klong int[m[K’} [[01;35m[K]8;;https://gcc.gnu.org/onlinedocs/gcc/Warning-Options.html#index-Wformat=-Wformat=]8;;[m[K]
[6.600s]    62 |             RCLCPP_INFO(this->get_logger(), [01;35m[K"Action succeeded :) sum: %d"[m[K, [32m[Kresult.result->sum[m[K);
[6.600s]       |                                             [01;35m[K^~~~~~~~~~~~~~~~~~~~~~~~~~~~~[m[K  [32m[K~~~~~~~~~~~~~~~~~~[m[K
[6.600s]       |                                                                                           [32m[K|[m[K
[6.601s]       |                                                                                           [32m[Kdemo_interfaces_base::action::Action_Result_<std::allocator<void> >::_sum_type {aka long int}[m[K
[6.602s] [01m[K/home/ros2/exam/cpp03_action/src/demo01_action_client.cpp:62:72:[m[K [01;36m[Knote: [m[Kformat string is defined here
[6.602s]    62 |             RCLCPP_INFO(this->get_logger(), "Action succeeded :) sum: [01;36m[K%d[m[K", result.result->sum);
[6.602s]       |                                                                       [01;36m[K~^[m[K
[6.603s]       |                                                                        [01;36m[K|[m[K
[6.603s]       |                                                                        [01;36m[Kint[m[K
[6.603s]       |                                                                       [32m[K%ld[m[K
[8.245s] [100%] [32m[1mLinking CXX executable demo01_action_client[0m
[8.480s] [100%] Built target demo01_action_client
[8.509s] Invoked command in '/home/ros2/exam/build/cpp03_action' returned '0': AMENT_PREFIX_PATH=/home/ros2/exam/install/demo_interfaces_base:${AMENT_PREFIX_PATH} CMAKE_PREFIX_PATH=/home/ros2/exam/install/demo_interfaces_base:/opt/ros/humble LD_LIBRARY_PATH=/home/ros2/exam/install/demo_interfaces_base/lib:${LD_LIBRARY_PATH} PYTHONPATH=/home/ros2/exam/install/demo_interfaces_base/local/lib/python3.10/dist-packages:${PYTHONPATH} /usr/bin/cmake --build /home/ros2/exam/build/cpp03_action -- -j12 -l12
[8.577s] Invoking command in '/home/ros2/exam/build/cpp03_action': AMENT_PREFIX_PATH=/home/ros2/exam/install/demo_interfaces_base:${AMENT_PREFIX_PATH} CMAKE_PREFIX_PATH=/home/ros2/exam/install/demo_interfaces_base:/opt/ros/humble LD_LIBRARY_PATH=/home/ros2/exam/install/demo_interfaces_base/lib:${LD_LIBRARY_PATH} PYTHONPATH=/home/ros2/exam/install/demo_interfaces_base/local/lib/python3.10/dist-packages:${PYTHONPATH} /usr/bin/cmake --install /home/ros2/exam/build/cpp03_action
[8.602s] -- Install configuration: ""
[8.602s] -- Up-to-date: /home/ros2/exam/install/cpp03_action/lib/cpp03_action/demo01_action_server
[8.603s] -- Installing: /home/ros2/exam/install/cpp03_action/lib/cpp03_action/demo01_action_client
[8.605s] -- Set runtime path of "/home/ros2/exam/install/cpp03_action/lib/cpp03_action/demo01_action_client" to ""
[8.605s] -- Up-to-date: /home/ros2/exam/install/cpp03_action/share/ament_index/resource_index/package_run_dependencies/cpp03_action
[8.606s] -- Up-to-date: /home/ros2/exam/install/cpp03_action/share/ament_index/resource_index/parent_prefix_path/cpp03_action
[8.606s] -- Up-to-date: /home/ros2/exam/install/cpp03_action/share/cpp03_action/environment/ament_prefix_path.sh
[8.606s] -- Installing: /home/ros2/exam/install/cpp03_action/share/cpp03_action/environment/ament_prefix_path.dsv
[8.606s] -- Up-to-date: /home/ros2/exam/install/cpp03_action/share/cpp03_action/environment/path.sh
[8.607s] -- Installing: /home/ros2/exam/install/cpp03_action/share/cpp03_action/environment/path.dsv
[8.607s] -- Up-to-date: /home/ros2/exam/install/cpp03_action/share/cpp03_action/local_setup.bash
[8.607s] -- Up-to-date: /home/ros2/exam/install/cpp03_action/share/cpp03_action/local_setup.sh
[8.608s] -- Up-to-date: /home/ros2/exam/install/cpp03_action/share/cpp03_action/local_setup.zsh
[8.608s] -- Installing: /home/ros2/exam/install/cpp03_action/share/cpp03_action/local_setup.dsv
[8.608s] -- Installing: /home/ros2/exam/install/cpp03_action/share/cpp03_action/package.dsv
[8.608s] -- Up-to-date: /home/ros2/exam/install/cpp03_action/share/ament_index/resource_index/packages/cpp03_action
[8.608s] -- Up-to-date: /home/ros2/exam/install/cpp03_action/share/cpp03_action/cmake/cpp03_actionConfig.cmake
[8.608s] -- Up-to-date: /home/ros2/exam/install/cpp03_action/share/cpp03_action/cmake/cpp03_actionConfig-version.cmake
[8.608s] -- Up-to-date: /home/ros2/exam/install/cpp03_action/share/cpp03_action/package.xml
[8.612s] Invoked command in '/home/ros2/exam/build/cpp03_action' returned '0': AMENT_PREFIX_PATH=/home/ros2/exam/install/demo_interfaces_base:${AMENT_PREFIX_PATH} CMAKE_PREFIX_PATH=/home/ros2/exam/install/demo_interfaces_base:/opt/ros/humble LD_LIBRARY_PATH=/home/ros2/exam/install/demo_interfaces_base/lib:${LD_LIBRARY_PATH} PYTHONPATH=/home/ros2/exam/install/demo_interfaces_base/local/lib/python3.10/dist-packages:${PYTHONPATH} /usr/bin/cmake --install /home/ros2/exam/build/cpp03_action
