[0.046s] Invoking command in '/home/ros2/ws01_plubing/build/base_interfaces_demo': CMAKE_PREFIX_PATH=/opt/ros/humble /usr/bin/cmake --build /home/ros2/ws01_plubing/build/base_interfaces_demo --clean-first -- -j12 -l12
[0.467s] [  2%] [34m[1mGenerating C code for ROS interfaces[0m
[0.496s] [  5%] [34m[1mGenerating C++ code for ROS interfaces[0m
[0.513s] [  5%] Built target ament_cmake_python_copy_base_interfaces_demo
[0.824s] running egg_info
[0.827s] writing base_interfaces_demo.egg-info/PKG-INFO
[0.827s] writing dependency_links to base_interfaces_demo.egg-info/dependency_links.txt
[0.827s] writing top-level names to base_interfaces_demo.egg-info/top_level.txt
[0.832s] reading manifest file 'base_interfaces_demo.egg-info/SOURCES.txt'
[0.832s] writing manifest file 'base_interfaces_demo.egg-info/SOURCES.txt'
[0.869s] [  5%] Built target base_interfaces_demo__cpp
[0.877s] [  5%] Built target ament_cmake_python_build_base_interfaces_demo_egg
[0.885s] [  7%] [34m[1mGenerating C++ type support dispatch for ROS interfaces[0m
[0.887s] [ 12%] [34m[1mGenerating C++ introspection for ROS interfaces[0m
[0.887s] [ 12%] [34m[1mGenerating C++ type support for eProsima Fast-RTPS[0m
[0.893s] [ 17%] [32mBuilding C object CMakeFiles/base_interfaces_demo__rosidl_generator_c.dir/rosidl_generator_c/base_interfaces_demo/msg/detail/student__functions.c.o[0m
[0.893s] [ 17%] [32mBuilding C object CMakeFiles/base_interfaces_demo__rosidl_generator_c.dir/rosidl_generator_c/base_interfaces_demo/srv/detail/add_ints__functions.c.o[0m
[0.963s] [ 20%] [32m[1mLinking C shared library libbase_interfaces_demo__rosidl_generator_c.so[0m
[1.061s] [ 20%] Built target base_interfaces_demo__rosidl_generator_c
[1.079s] [ 23%] [34m[1mGenerating C type support dispatch for ROS interfaces[0m
[1.080s] [ 28%] [34m[1mGenerating C introspection for ROS interfaces[0m
[1.080s] [ 28%] [34m[1mGenerating C type support for eProsima Fast-RTPS[0m
[1.208s] [ 30%] [32mBuilding CXX object CMakeFiles/base_interfaces_demo__rosidl_typesupport_cpp.dir/rosidl_typesupport_cpp/base_interfaces_demo/msg/student__type_support.cpp.o[0m
[1.208s] [ 33%] [32mBuilding CXX object CMakeFiles/base_interfaces_demo__rosidl_typesupport_cpp.dir/rosidl_typesupport_cpp/base_interfaces_demo/srv/add_ints__type_support.cpp.o[0m
[1.249s] [ 35%] [32mBuilding CXX object CMakeFiles/base_interfaces_demo__rosidl_typesupport_introspection_cpp.dir/rosidl_typesupport_introspection_cpp/base_interfaces_demo/srv/detail/add_ints__type_support.cpp.o[0m
[1.250s] [ 38%] [32mBuilding CXX object CMakeFiles/base_interfaces_demo__rosidl_typesupport_introspection_cpp.dir/rosidl_typesupport_introspection_cpp/base_interfaces_demo/msg/detail/student__type_support.cpp.o[0m
[1.282s] [ 41%] [32mBuilding CXX object CMakeFiles/base_interfaces_demo__rosidl_typesupport_fastrtps_cpp.dir/rosidl_typesupport_fastrtps_cpp/base_interfaces_demo/msg/detail/dds_fastrtps/student__type_support.cpp.o[0m
[1.292s] [ 43%] [32mBuilding CXX object CMakeFiles/base_interfaces_demo__rosidl_typesupport_fastrtps_cpp.dir/rosidl_typesupport_fastrtps_cpp/base_interfaces_demo/srv/detail/dds_fastrtps/add_ints__type_support.cpp.o[0m
[1.521s] [ 48%] [32mBuilding CXX object CMakeFiles/base_interfaces_demo__rosidl_typesupport_c.dir/rosidl_typesupport_c/base_interfaces_demo/msg/student__type_support.cpp.o[0m
[1.529s] [ 48%] [32mBuilding CXX object CMakeFiles/base_interfaces_demo__rosidl_typesupport_c.dir/rosidl_typesupport_c/base_interfaces_demo/srv/add_ints__type_support.cpp.o[0m
[1.587s] [ 51%] [32mBuilding CXX object CMakeFiles/base_interfaces_demo__rosidl_typesupport_fastrtps_c.dir/rosidl_typesupport_fastrtps_c/base_interfaces_demo/msg/detail/student__type_support_c.cpp.o[0m
[1.601s] [ 53%] [32mBuilding CXX object CMakeFiles/base_interfaces_demo__rosidl_typesupport_fastrtps_c.dir/rosidl_typesupport_fastrtps_c/base_interfaces_demo/srv/detail/add_ints__type_support_c.cpp.o[0m
[1.602s] [ 56%] [32m[1mLinking CXX shared library libbase_interfaces_demo__rosidl_typesupport_c.so[0m
[1.632s] [ 58%] [32mBuilding C object CMakeFiles/base_interfaces_demo__rosidl_typesupport_introspection_c.dir/rosidl_typesupport_introspection_c/base_interfaces_demo/msg/detail/student__type_support.c.o[0m
[1.637s] [ 61%] [32mBuilding C object CMakeFiles/base_interfaces_demo__rosidl_typesupport_introspection_c.dir/rosidl_typesupport_introspection_c/base_interfaces_demo/srv/detail/add_ints__type_support.c.o[0m
[1.662s] [ 64%] [32m[1mLinking CXX shared library libbase_interfaces_demo__rosidl_typesupport_cpp.so[0m
[1.702s] [ 64%] Built target base_interfaces_demo__rosidl_typesupport_c
[1.711s] [ 66%] [32m[1mLinking C shared library libbase_interfaces_demo__rosidl_typesupport_introspection_c.so[0m
[1.756s] [ 66%] Built target base_interfaces_demo__rosidl_typesupport_cpp
[1.763s] [ 66%] Built target base_interfaces_demo__rosidl_typesupport_introspection_c
[1.869s] [ 69%] [32m[1mLinking CXX shared library libbase_interfaces_demo__rosidl_typesupport_introspection_cpp.so[0m
[1.912s] [ 71%] [32m[1mLinking CXX shared library libbase_interfaces_demo__rosidl_typesupport_fastrtps_cpp.so[0m
[1.960s] [ 71%] Built target base_interfaces_demo__rosidl_typesupport_introspection_cpp
[2.021s] [ 71%] Built target base_interfaces_demo__rosidl_typesupport_fastrtps_cpp
[2.099s] [ 74%] [32m[1mLinking CXX shared library libbase_interfaces_demo__rosidl_typesupport_fastrtps_c.so[0m
[2.205s] [ 74%] Built target base_interfaces_demo__rosidl_typesupport_fastrtps_c
[2.248s] [ 74%] Built target base_interfaces_demo
[2.296s] [ 76%] [34m[1mGenerating Python code for ROS interfaces[0m
[2.844s] [ 76%] Built target base_interfaces_demo__py
[2.880s] [ 79%] [32mBuilding C object CMakeFiles/base_interfaces_demo__rosidl_generator_py.dir/rosidl_generator_py/base_interfaces_demo/msg/_student_s.c.o[0m
[2.881s] [ 82%] [32mBuilding C object CMakeFiles/base_interfaces_demo__rosidl_generator_py.dir/rosidl_generator_py/base_interfaces_demo/srv/_add_ints_s.c.o[0m
[3.023s] [ 84%] [32m[1mLinking C shared library rosidl_generator_py/base_interfaces_demo/libbase_interfaces_demo__rosidl_generator_py.so[0m
[3.083s] [ 84%] Built target base_interfaces_demo__rosidl_generator_py
[3.117s] [ 87%] [32mBuilding C object CMakeFiles/base_interfaces_demo__rosidl_typesupport_c__pyext.dir/rosidl_generator_py/base_interfaces_demo/_base_interfaces_demo_s.ep.rosidl_typesupport_c.c.o[0m
[3.118s] [ 89%] [32mBuilding C object CMakeFiles/base_interfaces_demo__rosidl_typesupport_fastrtps_c__pyext.dir/rosidl_generator_py/base_interfaces_demo/_base_interfaces_demo_s.ep.rosidl_typesupport_fastrtps_c.c.o[0m
[3.120s] [ 92%] [32mBuilding C object CMakeFiles/base_interfaces_demo__rosidl_typesupport_introspection_c__pyext.dir/rosidl_generator_py/base_interfaces_demo/_base_interfaces_demo_s.ep.rosidl_typesupport_introspection_c.c.o[0m
[3.228s] [ 94%] [32m[1mLinking C shared library rosidl_generator_py/base_interfaces_demo/base_interfaces_demo_s__rosidl_typesupport_introspection_c.cpython-310-x86_64-linux-gnu.so[0m
[3.235s] [ 97%] [32m[1mLinking C shared library rosidl_generator_py/base_interfaces_demo/base_interfaces_demo_s__rosidl_typesupport_fastrtps_c.cpython-310-x86_64-linux-gnu.so[0m
[3.241s] [100%] [32m[1mLinking C shared library rosidl_generator_py/base_interfaces_demo/base_interfaces_demo_s__rosidl_typesupport_c.cpython-310-x86_64-linux-gnu.so[0m
[3.275s] [100%] Built target base_interfaces_demo__rosidl_typesupport_introspection_c__pyext
[3.285s] [100%] Built target base_interfaces_demo__rosidl_typesupport_fastrtps_c__pyext
[3.291s] [100%] Built target base_interfaces_demo__rosidl_typesupport_c__pyext
[3.307s] Invoked command in '/home/ros2/ws01_plubing/build/base_interfaces_demo' returned '0': CMAKE_PREFIX_PATH=/opt/ros/humble /usr/bin/cmake --build /home/ros2/ws01_plubing/build/base_interfaces_demo --clean-first -- -j12 -l12
[3.363s] Invoking command in '/home/ros2/ws01_plubing/build/base_interfaces_demo': CMAKE_PREFIX_PATH=/opt/ros/humble /usr/bin/cmake --install /home/ros2/ws01_plubing/build/base_interfaces_demo
[3.374s] -- Install configuration: ""
[3.375s] -- Up-to-date: /home/ros2/ws01_plubing/install/base_interfaces_demo/share/ament_index/resource_index/rosidl_interfaces/base_interfaces_demo
[3.375s] -- Up-to-date: /home/ros2/ws01_plubing/install/base_interfaces_demo/include/base_interfaces_demo/base_interfaces_demo
[3.376s] -- Up-to-date: /home/ros2/ws01_plubing/install/base_interfaces_demo/include/base_interfaces_demo/base_interfaces_demo/msg
[3.376s] -- Up-to-date: /home/ros2/ws01_plubing/install/base_interfaces_demo/include/base_interfaces_demo/base_interfaces_demo/msg/rosidl_generator_c__visibility_control.h
[3.376s] -- Installing: /home/ros2/ws01_plubing/install/base_interfaces_demo/include/base_interfaces_demo/base_interfaces_demo/msg/student.h
[3.377s] -- Up-to-date: /home/ros2/ws01_plubing/install/base_interfaces_demo/include/base_interfaces_demo/base_interfaces_demo/msg/detail
[3.377s] -- Installing: /home/ros2/ws01_plubing/install/base_interfaces_demo/include/base_interfaces_demo/base_interfaces_demo/msg/detail/student__struct.h
[3.377s] -- Installing: /home/ros2/ws01_plubing/install/base_interfaces_demo/include/base_interfaces_demo/base_interfaces_demo/msg/detail/student__functions.h
[3.377s] -- Installing: /home/ros2/ws01_plubing/install/base_interfaces_demo/include/base_interfaces_demo/base_interfaces_demo/msg/detail/student__functions.c
[3.377s] -- Installing: /home/ros2/ws01_plubing/install/base_interfaces_demo/include/base_interfaces_demo/base_interfaces_demo/msg/detail/student__type_support.h
[3.377s] -- Up-to-date: /home/ros2/ws01_plubing/install/base_interfaces_demo/include/base_interfaces_demo/base_interfaces_demo/srv
[3.378s] -- Installing: /home/ros2/ws01_plubing/install/base_interfaces_demo/include/base_interfaces_demo/base_interfaces_demo/srv/add_ints.h
[3.378s] -- Up-to-date: /home/ros2/ws01_plubing/install/base_interfaces_demo/include/base_interfaces_demo/base_interfaces_demo/srv/detail
[3.378s] -- Installing: /home/ros2/ws01_plubing/install/base_interfaces_demo/include/base_interfaces_demo/base_interfaces_demo/srv/detail/add_ints__functions.h
[3.378s] -- Installing: /home/ros2/ws01_plubing/install/base_interfaces_demo/include/base_interfaces_demo/base_interfaces_demo/srv/detail/add_ints__struct.h
[3.378s] -- Installing: /home/ros2/ws01_plubing/install/base_interfaces_demo/include/base_interfaces_demo/base_interfaces_demo/srv/detail/add_ints__type_support.h
[3.378s] -- Installing: /home/ros2/ws01_plubing/install/base_interfaces_demo/include/base_interfaces_demo/base_interfaces_demo/srv/detail/add_ints__functions.c
[3.378s] -- Up-to-date: /home/ros2/ws01_plubing/install/base_interfaces_demo/share/base_interfaces_demo/environment/library_path.sh
[3.378s] -- Up-to-date: /home/ros2/ws01_plubing/install/base_interfaces_demo/share/base_interfaces_demo/environment/library_path.dsv
[3.379s] -- Installing: /home/ros2/ws01_plubing/install/base_interfaces_demo/lib/libbase_interfaces_demo__rosidl_generator_c.so
[3.379s] -- Set runtime path of "/home/ros2/ws01_plubing/install/base_interfaces_demo/lib/libbase_interfaces_demo__rosidl_generator_c.so" to ""
[3.379s] -- Up-to-date: /home/ros2/ws01_plubing/install/base_interfaces_demo/include/base_interfaces_demo/base_interfaces_demo
[3.379s] -- Up-to-date: /home/ros2/ws01_plubing/install/base_interfaces_demo/include/base_interfaces_demo/base_interfaces_demo/msg
[3.380s] -- Up-to-date: /home/ros2/ws01_plubing/install/base_interfaces_demo/include/base_interfaces_demo/base_interfaces_demo/msg/detail
[3.380s] -- Installing: /home/ros2/ws01_plubing/install/base_interfaces_demo/include/base_interfaces_demo/base_interfaces_demo/msg/detail/student__rosidl_typesupport_fastrtps_c.h
[3.380s] -- Up-to-date: /home/ros2/ws01_plubing/install/base_interfaces_demo/include/base_interfaces_demo/base_interfaces_demo/msg/rosidl_typesupport_fastrtps_c__visibility_control.h
[3.380s] -- Up-to-date: /home/ros2/ws01_plubing/install/base_interfaces_demo/include/base_interfaces_demo/base_interfaces_demo/srv
[3.381s] -- Up-to-date: /home/ros2/ws01_plubing/install/base_interfaces_demo/include/base_interfaces_demo/base_interfaces_demo/srv/detail
[3.381s] -- Installing: /home/ros2/ws01_plubing/install/base_interfaces_demo/include/base_interfaces_demo/base_interfaces_demo/srv/detail/add_ints__rosidl_typesupport_fastrtps_c.h
[3.381s] -- Installing: /home/ros2/ws01_plubing/install/base_interfaces_demo/lib/libbase_interfaces_demo__rosidl_typesupport_fastrtps_c.so
[3.381s] -- Set runtime path of "/home/ros2/ws01_plubing/install/base_interfaces_demo/lib/libbase_interfaces_demo__rosidl_typesupport_fastrtps_c.so" to ""
[3.381s] -- Up-to-date: /home/ros2/ws01_plubing/install/base_interfaces_demo/include/base_interfaces_demo/base_interfaces_demo
[3.381s] -- Up-to-date: /home/ros2/ws01_plubing/install/base_interfaces_demo/include/base_interfaces_demo/base_interfaces_demo/msg
[3.381s] -- Up-to-date: /home/ros2/ws01_plubing/install/base_interfaces_demo/include/base_interfaces_demo/base_interfaces_demo/msg/detail
[3.381s] -- Installing: /home/ros2/ws01_plubing/install/base_interfaces_demo/include/base_interfaces_demo/base_interfaces_demo/msg/detail/student__rosidl_typesupport_introspection_c.h
[3.381s] -- Installing: /home/ros2/ws01_plubing/install/base_interfaces_demo/include/base_interfaces_demo/base_interfaces_demo/msg/detail/student__type_support.c
[3.381s] -- Up-to-date: /home/ros2/ws01_plubing/install/base_interfaces_demo/include/base_interfaces_demo/base_interfaces_demo/msg/rosidl_typesupport_introspection_c__visibility_control.h
[3.382s] -- Up-to-date: /home/ros2/ws01_plubing/install/base_interfaces_demo/include/base_interfaces_demo/base_interfaces_demo/srv
[3.382s] -- Up-to-date: /home/ros2/ws01_plubing/install/base_interfaces_demo/include/base_interfaces_demo/base_interfaces_demo/srv/detail
[3.382s] -- Installing: /home/ros2/ws01_plubing/install/base_interfaces_demo/include/base_interfaces_demo/base_interfaces_demo/srv/detail/add_ints__rosidl_typesupport_introspection_c.h
[3.382s] -- Installing: /home/ros2/ws01_plubing/install/base_interfaces_demo/include/base_interfaces_demo/base_interfaces_demo/srv/detail/add_ints__type_support.c
[3.382s] -- Installing: /home/ros2/ws01_plubing/install/base_interfaces_demo/lib/libbase_interfaces_demo__rosidl_typesupport_introspection_c.so
[3.382s] -- Set runtime path of "/home/ros2/ws01_plubing/install/base_interfaces_demo/lib/libbase_interfaces_demo__rosidl_typesupport_introspection_c.so" to ""
[3.382s] -- Installing: /home/ros2/ws01_plubing/install/base_interfaces_demo/lib/libbase_interfaces_demo__rosidl_typesupport_c.so
[3.383s] -- Set runtime path of "/home/ros2/ws01_plubing/install/base_interfaces_demo/lib/libbase_interfaces_demo__rosidl_typesupport_c.so" to ""
[3.383s] -- Up-to-date: /home/ros2/ws01_plubing/install/base_interfaces_demo/include/base_interfaces_demo/base_interfaces_demo
[3.383s] -- Up-to-date: /home/ros2/ws01_plubing/install/base_interfaces_demo/include/base_interfaces_demo/base_interfaces_demo/msg
[3.384s] -- Up-to-date: /home/ros2/ws01_plubing/install/base_interfaces_demo/include/base_interfaces_demo/base_interfaces_demo/msg/rosidl_generator_cpp__visibility_control.hpp
[3.384s] -- Up-to-date: /home/ros2/ws01_plubing/install/base_interfaces_demo/include/base_interfaces_demo/base_interfaces_demo/msg/detail
[3.384s] -- Installing: /home/ros2/ws01_plubing/install/base_interfaces_demo/include/base_interfaces_demo/base_interfaces_demo/msg/detail/student__struct.hpp
[3.384s] -- Installing: /home/ros2/ws01_plubing/install/base_interfaces_demo/include/base_interfaces_demo/base_interfaces_demo/msg/detail/student__traits.hpp
[3.385s] -- Installing: /home/ros2/ws01_plubing/install/base_interfaces_demo/include/base_interfaces_demo/base_interfaces_demo/msg/detail/student__type_support.hpp
[3.385s] -- Installing: /home/ros2/ws01_plubing/install/base_interfaces_demo/include/base_interfaces_demo/base_interfaces_demo/msg/detail/student__builder.hpp
[3.385s] -- Installing: /home/ros2/ws01_plubing/install/base_interfaces_demo/include/base_interfaces_demo/base_interfaces_demo/msg/student.hpp
[3.385s] -- Up-to-date: /home/ros2/ws01_plubing/install/base_interfaces_demo/include/base_interfaces_demo/base_interfaces_demo/srv
[3.385s] -- Up-to-date: /home/ros2/ws01_plubing/install/base_interfaces_demo/include/base_interfaces_demo/base_interfaces_demo/srv/detail
[3.386s] -- Installing: /home/ros2/ws01_plubing/install/base_interfaces_demo/include/base_interfaces_demo/base_interfaces_demo/srv/detail/add_ints__builder.hpp
[3.386s] -- Installing: /home/ros2/ws01_plubing/install/base_interfaces_demo/include/base_interfaces_demo/base_interfaces_demo/srv/detail/add_ints__struct.hpp
[3.386s] -- Installing: /home/ros2/ws01_plubing/install/base_interfaces_demo/include/base_interfaces_demo/base_interfaces_demo/srv/detail/add_ints__type_support.hpp
[3.386s] -- Installing: /home/ros2/ws01_plubing/install/base_interfaces_demo/include/base_interfaces_demo/base_interfaces_demo/srv/detail/add_ints__traits.hpp
[3.386s] -- Installing: /home/ros2/ws01_plubing/install/base_interfaces_demo/include/base_interfaces_demo/base_interfaces_demo/srv/add_ints.hpp
[3.386s] -- Up-to-date: /home/ros2/ws01_plubing/install/base_interfaces_demo/include/base_interfaces_demo/base_interfaces_demo
[3.386s] -- Up-to-date: /home/ros2/ws01_plubing/install/base_interfaces_demo/include/base_interfaces_demo/base_interfaces_demo/msg
[3.386s] -- Up-to-date: /home/ros2/ws01_plubing/install/base_interfaces_demo/include/base_interfaces_demo/base_interfaces_demo/msg/rosidl_typesupport_fastrtps_cpp__visibility_control.h
[3.387s] -- Up-to-date: /home/ros2/ws01_plubing/install/base_interfaces_demo/include/base_interfaces_demo/base_interfaces_demo/msg/detail
[3.387s] -- Installing: /home/ros2/ws01_plubing/install/base_interfaces_demo/include/base_interfaces_demo/base_interfaces_demo/msg/detail/student__rosidl_typesupport_fastrtps_cpp.hpp
[3.387s] -- Up-to-date: /home/ros2/ws01_plubing/install/base_interfaces_demo/include/base_interfaces_demo/base_interfaces_demo/msg/detail/dds_fastrtps
[3.387s] -- Up-to-date: /home/ros2/ws01_plubing/install/base_interfaces_demo/include/base_interfaces_demo/base_interfaces_demo/srv
[3.387s] -- Up-to-date: /home/ros2/ws01_plubing/install/base_interfaces_demo/include/base_interfaces_demo/base_interfaces_demo/srv/detail
[3.387s] -- Installing: /home/ros2/ws01_plubing/install/base_interfaces_demo/include/base_interfaces_demo/base_interfaces_demo/srv/detail/add_ints__rosidl_typesupport_fastrtps_cpp.hpp
[3.387s] -- Up-to-date: /home/ros2/ws01_plubing/install/base_interfaces_demo/include/base_interfaces_demo/base_interfaces_demo/srv/detail/dds_fastrtps
[3.387s] -- Installing: /home/ros2/ws01_plubing/install/base_interfaces_demo/lib/libbase_interfaces_demo__rosidl_typesupport_fastrtps_cpp.so
[3.387s] -- Set runtime path of "/home/ros2/ws01_plubing/install/base_interfaces_demo/lib/libbase_interfaces_demo__rosidl_typesupport_fastrtps_cpp.so" to ""
[3.387s] -- Up-to-date: /home/ros2/ws01_plubing/install/base_interfaces_demo/include/base_interfaces_demo/base_interfaces_demo
[3.388s] -- Up-to-date: /home/ros2/ws01_plubing/install/base_interfaces_demo/include/base_interfaces_demo/base_interfaces_demo/msg
[3.388s] -- Up-to-date: /home/ros2/ws01_plubing/install/base_interfaces_demo/include/base_interfaces_demo/base_interfaces_demo/msg/detail
[3.388s] -- Installing: /home/ros2/ws01_plubing/install/base_interfaces_demo/include/base_interfaces_demo/base_interfaces_demo/msg/detail/student__type_support.cpp
[3.388s] -- Installing: /home/ros2/ws01_plubing/install/base_interfaces_demo/include/base_interfaces_demo/base_interfaces_demo/msg/detail/student__rosidl_typesupport_introspection_cpp.hpp
[3.388s] -- Up-to-date: /home/ros2/ws01_plubing/install/base_interfaces_demo/include/base_interfaces_demo/base_interfaces_demo/srv
[3.388s] -- Up-to-date: /home/ros2/ws01_plubing/install/base_interfaces_demo/include/base_interfaces_demo/base_interfaces_demo/srv/detail
[3.388s] -- Installing: /home/ros2/ws01_plubing/install/base_interfaces_demo/include/base_interfaces_demo/base_interfaces_demo/srv/detail/add_ints__rosidl_typesupport_introspection_cpp.hpp
[3.389s] -- Installing: /home/ros2/ws01_plubing/install/base_interfaces_demo/include/base_interfaces_demo/base_interfaces_demo/srv/detail/add_ints__type_support.cpp
[3.389s] -- Installing: /home/ros2/ws01_plubing/install/base_interfaces_demo/lib/libbase_interfaces_demo__rosidl_typesupport_introspection_cpp.so
[3.389s] -- Set runtime path of "/home/ros2/ws01_plubing/install/base_interfaces_demo/lib/libbase_interfaces_demo__rosidl_typesupport_introspection_cpp.so" to ""
[3.390s] -- Installing: /home/ros2/ws01_plubing/install/base_interfaces_demo/lib/libbase_interfaces_demo__rosidl_typesupport_cpp.so
[3.390s] -- Set runtime path of "/home/ros2/ws01_plubing/install/base_interfaces_demo/lib/libbase_interfaces_demo__rosidl_typesupport_cpp.so" to ""
[3.391s] -- Up-to-date: /home/ros2/ws01_plubing/install/base_interfaces_demo/share/base_interfaces_demo/environment/pythonpath.sh
[3.391s] -- Up-to-date: /home/ros2/ws01_plubing/install/base_interfaces_demo/share/base_interfaces_demo/environment/pythonpath.dsv
[3.391s] -- Up-to-date: /home/ros2/ws01_plubing/install/base_interfaces_demo/local/lib/python3.10/dist-packages/base_interfaces_demo-0.0.0-py3.10.egg-info
[3.392s] -- Installing: /home/ros2/ws01_plubing/install/base_interfaces_demo/local/lib/python3.10/dist-packages/base_interfaces_demo-0.0.0-py3.10.egg-info/PKG-INFO
[3.392s] -- Installing: /home/ros2/ws01_plubing/install/base_interfaces_demo/local/lib/python3.10/dist-packages/base_interfaces_demo-0.0.0-py3.10.egg-info/top_level.txt
[3.392s] -- Installing: /home/ros2/ws01_plubing/install/base_interfaces_demo/local/lib/python3.10/dist-packages/base_interfaces_demo-0.0.0-py3.10.egg-info/dependency_links.txt
[3.392s] -- Installing: /home/ros2/ws01_plubing/install/base_interfaces_demo/local/lib/python3.10/dist-packages/base_interfaces_demo-0.0.0-py3.10.egg-info/SOURCES.txt
[3.392s] -- Up-to-date: /home/ros2/ws01_plubing/install/base_interfaces_demo/local/lib/python3.10/dist-packages/base_interfaces_demo
[3.392s] -- Installing: /home/ros2/ws01_plubing/install/base_interfaces_demo/local/lib/python3.10/dist-packages/base_interfaces_demo/base_interfaces_demo_s__rosidl_typesupport_fastrtps_c.cpython-310-x86_64-linux-gnu.so
[3.393s] -- Up-to-date: /home/ros2/ws01_plubing/install/base_interfaces_demo/local/lib/python3.10/dist-packages/base_interfaces_demo/msg
[3.393s] -- Installing: /home/ros2/ws01_plubing/install/base_interfaces_demo/local/lib/python3.10/dist-packages/base_interfaces_demo/msg/_student_s.c
[3.393s] -- Installing: /home/ros2/ws01_plubing/install/base_interfaces_demo/local/lib/python3.10/dist-packages/base_interfaces_demo/msg/_student.py
[3.394s] -- Installing: /home/ros2/ws01_plubing/install/base_interfaces_demo/local/lib/python3.10/dist-packages/base_interfaces_demo/msg/__init__.py
[3.394s] -- Installing: /home/ros2/ws01_plubing/install/base_interfaces_demo/local/lib/python3.10/dist-packages/base_interfaces_demo/_base_interfaces_demo_s.ep.rosidl_typesupport_c.c
[3.394s] -- Up-to-date: /home/ros2/ws01_plubing/install/base_interfaces_demo/local/lib/python3.10/dist-packages/base_interfaces_demo/srv
[3.394s] -- Installing: /home/ros2/ws01_plubing/install/base_interfaces_demo/local/lib/python3.10/dist-packages/base_interfaces_demo/srv/_add_ints.py
[3.394s] -- Installing: /home/ros2/ws01_plubing/install/base_interfaces_demo/local/lib/python3.10/dist-packages/base_interfaces_demo/srv/_add_ints_s.c
[3.395s] -- Installing: /home/ros2/ws01_plubing/install/base_interfaces_demo/local/lib/python3.10/dist-packages/base_interfaces_demo/srv/__init__.py
[3.395s] -- Installing: /home/ros2/ws01_plubing/install/base_interfaces_demo/local/lib/python3.10/dist-packages/base_interfaces_demo/libbase_interfaces_demo__rosidl_generator_py.so
[3.395s] -- Installing: /home/ros2/ws01_plubing/install/base_interfaces_demo/local/lib/python3.10/dist-packages/base_interfaces_demo/_base_interfaces_demo_s.ep.rosidl_typesupport_fastrtps_c.c
[3.395s] -- Up-to-date: /home/ros2/ws01_plubing/install/base_interfaces_demo/local/lib/python3.10/dist-packages/base_interfaces_demo/__init__.py
[3.395s] -- Installing: /home/ros2/ws01_plubing/install/base_interfaces_demo/local/lib/python3.10/dist-packages/base_interfaces_demo/base_interfaces_demo_s__rosidl_typesupport_introspection_c.cpython-310-x86_64-linux-gnu.so
[3.396s] -- Installing: /home/ros2/ws01_plubing/install/base_interfaces_demo/local/lib/python3.10/dist-packages/base_interfaces_demo/_base_interfaces_demo_s.ep.rosidl_typesupport_introspection_c.c
[3.396s] -- Installing: /home/ros2/ws01_plubing/install/base_interfaces_demo/local/lib/python3.10/dist-packages/base_interfaces_demo/base_interfaces_demo_s__rosidl_typesupport_c.cpython-310-x86_64-linux-gnu.so
[3.443s] Listing '/home/ros2/ws01_plubing/install/base_interfaces_demo/local/lib/python3.10/dist-packages/base_interfaces_demo'...
[3.443s] Listing '/home/ros2/ws01_plubing/install/base_interfaces_demo/local/lib/python3.10/dist-packages/base_interfaces_demo/msg'...
[3.443s] Compiling '/home/ros2/ws01_plubing/install/base_interfaces_demo/local/lib/python3.10/dist-packages/base_interfaces_demo/msg/__init__.py'...
[3.443s] Compiling '/home/ros2/ws01_plubing/install/base_interfaces_demo/local/lib/python3.10/dist-packages/base_interfaces_demo/msg/_student.py'...
[3.443s] Listing '/home/ros2/ws01_plubing/install/base_interfaces_demo/local/lib/python3.10/dist-packages/base_interfaces_demo/srv'...
[3.443s] Compiling '/home/ros2/ws01_plubing/install/base_interfaces_demo/local/lib/python3.10/dist-packages/base_interfaces_demo/srv/__init__.py'...
[3.443s] Compiling '/home/ros2/ws01_plubing/install/base_interfaces_demo/local/lib/python3.10/dist-packages/base_interfaces_demo/srv/_add_ints.py'...
[3.449s] -- Installing: /home/ros2/ws01_plubing/install/base_interfaces_demo/local/lib/python3.10/dist-packages/base_interfaces_demo/base_interfaces_demo_s__rosidl_typesupport_fastrtps_c.cpython-310-x86_64-linux-gnu.so
[3.449s] -- Set runtime path of "/home/ros2/ws01_plubing/install/base_interfaces_demo/local/lib/python3.10/dist-packages/base_interfaces_demo/base_interfaces_demo_s__rosidl_typesupport_fastrtps_c.cpython-310-x86_64-linux-gnu.so" to ""
[3.450s] -- Installing: /home/ros2/ws01_plubing/install/base_interfaces_demo/local/lib/python3.10/dist-packages/base_interfaces_demo/base_interfaces_demo_s__rosidl_typesupport_introspection_c.cpython-310-x86_64-linux-gnu.so
[3.450s] -- Set runtime path of "/home/ros2/ws01_plubing/install/base_interfaces_demo/local/lib/python3.10/dist-packages/base_interfaces_demo/base_interfaces_demo_s__rosidl_typesupport_introspection_c.cpython-310-x86_64-linux-gnu.so" to ""
[3.450s] -- Installing: /home/ros2/ws01_plubing/install/base_interfaces_demo/local/lib/python3.10/dist-packages/base_interfaces_demo/base_interfaces_demo_s__rosidl_typesupport_c.cpython-310-x86_64-linux-gnu.so
[3.451s] -- Set runtime path of "/home/ros2/ws01_plubing/install/base_interfaces_demo/local/lib/python3.10/dist-packages/base_interfaces_demo/base_interfaces_demo_s__rosidl_typesupport_c.cpython-310-x86_64-linux-gnu.so" to ""
[3.451s] -- Installing: /home/ros2/ws01_plubing/install/base_interfaces_demo/lib/libbase_interfaces_demo__rosidl_generator_py.so
[3.452s] -- Set runtime path of "/home/ros2/ws01_plubing/install/base_interfaces_demo/lib/libbase_interfaces_demo__rosidl_generator_py.so" to ""
[3.452s] -- Up-to-date: /home/ros2/ws01_plubing/install/base_interfaces_demo/share/base_interfaces_demo/msg/Student.idl
[3.452s] -- Up-to-date: /home/ros2/ws01_plubing/install/base_interfaces_demo/share/base_interfaces_demo/srv/AddInts.idl
[3.453s] -- Up-to-date: /home/ros2/ws01_plubing/install/base_interfaces_demo/share/base_interfaces_demo/msg/Student.msg
[3.453s] -- Up-to-date: /home/ros2/ws01_plubing/install/base_interfaces_demo/share/base_interfaces_demo/srv/AddInts.srv
[3.453s] -- Up-to-date: /home/ros2/ws01_plubing/install/base_interfaces_demo/share/base_interfaces_demo/srv/AddInts_Request.msg
[3.453s] -- Up-to-date: /home/ros2/ws01_plubing/install/base_interfaces_demo/share/base_interfaces_demo/srv/AddInts_Response.msg
[3.453s] -- Up-to-date: /home/ros2/ws01_plubing/install/base_interfaces_demo/share/ament_index/resource_index/package_run_dependencies/base_interfaces_demo
[3.454s] -- Up-to-date: /home/ros2/ws01_plubing/install/base_interfaces_demo/share/ament_index/resource_index/parent_prefix_path/base_interfaces_demo
[3.454s] -- Up-to-date: /home/ros2/ws01_plubing/install/base_interfaces_demo/share/base_interfaces_demo/environment/ament_prefix_path.sh
[3.454s] -- Up-to-date: /home/ros2/ws01_plubing/install/base_interfaces_demo/share/base_interfaces_demo/environment/ament_prefix_path.dsv
[3.455s] -- Up-to-date: /home/ros2/ws01_plubing/install/base_interfaces_demo/share/base_interfaces_demo/environment/path.sh
[3.455s] -- Up-to-date: /home/ros2/ws01_plubing/install/base_interfaces_demo/share/base_interfaces_demo/environment/path.dsv
[3.455s] -- Up-to-date: /home/ros2/ws01_plubing/install/base_interfaces_demo/share/base_interfaces_demo/local_setup.bash
[3.455s] -- Up-to-date: /home/ros2/ws01_plubing/install/base_interfaces_demo/share/base_interfaces_demo/local_setup.sh
[3.456s] -- Up-to-date: /home/ros2/ws01_plubing/install/base_interfaces_demo/share/base_interfaces_demo/local_setup.zsh
[3.456s] -- Up-to-date: /home/ros2/ws01_plubing/install/base_interfaces_demo/share/base_interfaces_demo/local_setup.dsv
[3.456s] -- Installing: /home/ros2/ws01_plubing/install/base_interfaces_demo/share/base_interfaces_demo/package.dsv
[3.456s] -- Up-to-date: /home/ros2/ws01_plubing/install/base_interfaces_demo/share/ament_index/resource_index/packages/base_interfaces_demo
[3.457s] -- Up-to-date: /home/ros2/ws01_plubing/install/base_interfaces_demo/share/base_interfaces_demo/cmake/export_base_interfaces_demo__rosidl_generator_cExport.cmake
[3.457s] -- Up-to-date: /home/ros2/ws01_plubing/install/base_interfaces_demo/share/base_interfaces_demo/cmake/export_base_interfaces_demo__rosidl_generator_cExport-noconfig.cmake
[3.457s] -- Up-to-date: /home/ros2/ws01_plubing/install/base_interfaces_demo/share/base_interfaces_demo/cmake/export_base_interfaces_demo__rosidl_typesupport_fastrtps_cExport.cmake
[3.457s] -- Up-to-date: /home/ros2/ws01_plubing/install/base_interfaces_demo/share/base_interfaces_demo/cmake/export_base_interfaces_demo__rosidl_typesupport_fastrtps_cExport-noconfig.cmake
[3.458s] -- Up-to-date: /home/ros2/ws01_plubing/install/base_interfaces_demo/share/base_interfaces_demo/cmake/base_interfaces_demo__rosidl_typesupport_introspection_cExport.cmake
[3.458s] -- Up-to-date: /home/ros2/ws01_plubing/install/base_interfaces_demo/share/base_interfaces_demo/cmake/base_interfaces_demo__rosidl_typesupport_introspection_cExport-noconfig.cmake
[3.458s] -- Up-to-date: /home/ros2/ws01_plubing/install/base_interfaces_demo/share/base_interfaces_demo/cmake/base_interfaces_demo__rosidl_typesupport_cExport.cmake
[3.458s] -- Up-to-date: /home/ros2/ws01_plubing/install/base_interfaces_demo/share/base_interfaces_demo/cmake/base_interfaces_demo__rosidl_typesupport_cExport-noconfig.cmake
[3.458s] -- Up-to-date: /home/ros2/ws01_plubing/install/base_interfaces_demo/share/base_interfaces_demo/cmake/export_base_interfaces_demo__rosidl_generator_cppExport.cmake
[3.458s] -- Up-to-date: /home/ros2/ws01_plubing/install/base_interfaces_demo/share/base_interfaces_demo/cmake/export_base_interfaces_demo__rosidl_typesupport_fastrtps_cppExport.cmake
[3.458s] -- Up-to-date: /home/ros2/ws01_plubing/install/base_interfaces_demo/share/base_interfaces_demo/cmake/export_base_interfaces_demo__rosidl_typesupport_fastrtps_cppExport-noconfig.cmake
[3.458s] -- Up-to-date: /home/ros2/ws01_plubing/install/base_interfaces_demo/share/base_interfaces_demo/cmake/base_interfaces_demo__rosidl_typesupport_introspection_cppExport.cmake
[3.458s] -- Up-to-date: /home/ros2/ws01_plubing/install/base_interfaces_demo/share/base_interfaces_demo/cmake/base_interfaces_demo__rosidl_typesupport_introspection_cppExport-noconfig.cmake
[3.458s] -- Up-to-date: /home/ros2/ws01_plubing/install/base_interfaces_demo/share/base_interfaces_demo/cmake/base_interfaces_demo__rosidl_typesupport_cppExport.cmake
[3.458s] -- Up-to-date: /home/ros2/ws01_plubing/install/base_interfaces_demo/share/base_interfaces_demo/cmake/base_interfaces_demo__rosidl_typesupport_cppExport-noconfig.cmake
[3.458s] -- Up-to-date: /home/ros2/ws01_plubing/install/base_interfaces_demo/share/base_interfaces_demo/cmake/export_base_interfaces_demo__rosidl_generator_pyExport.cmake
[3.458s] -- Up-to-date: /home/ros2/ws01_plubing/install/base_interfaces_demo/share/base_interfaces_demo/cmake/export_base_interfaces_demo__rosidl_generator_pyExport-noconfig.cmake
[3.459s] -- Up-to-date: /home/ros2/ws01_plubing/install/base_interfaces_demo/share/base_interfaces_demo/cmake/rosidl_cmake-extras.cmake
[3.459s] -- Up-to-date: /home/ros2/ws01_plubing/install/base_interfaces_demo/share/base_interfaces_demo/cmake/ament_cmake_export_include_directories-extras.cmake
[3.459s] -- Up-to-date: /home/ros2/ws01_plubing/install/base_interfaces_demo/share/base_interfaces_demo/cmake/ament_cmake_export_libraries-extras.cmake
[3.459s] -- Up-to-date: /home/ros2/ws01_plubing/install/base_interfaces_demo/share/base_interfaces_demo/cmake/ament_cmake_export_targets-extras.cmake
[3.459s] -- Up-to-date: /home/ros2/ws01_plubing/install/base_interfaces_demo/share/base_interfaces_demo/cmake/rosidl_cmake_export_typesupport_targets-extras.cmake
[3.459s] -- Up-to-date: /home/ros2/ws01_plubing/install/base_interfaces_demo/share/base_interfaces_demo/cmake/ament_cmake_export_dependencies-extras.cmake
[3.460s] -- Up-to-date: /home/ros2/ws01_plubing/install/base_interfaces_demo/share/base_interfaces_demo/cmake/rosidl_cmake_export_typesupport_libraries-extras.cmake
[3.460s] -- Up-to-date: /home/ros2/ws01_plubing/install/base_interfaces_demo/share/base_interfaces_demo/cmake/base_interfaces_demoConfig.cmake
[3.461s] -- Up-to-date: /home/ros2/ws01_plubing/install/base_interfaces_demo/share/base_interfaces_demo/cmake/base_interfaces_demoConfig-version.cmake
[3.463s] -- Up-to-date: /home/ros2/ws01_plubing/install/base_interfaces_demo/share/base_interfaces_demo/package.xml
[3.463s] Invoked command in '/home/ros2/ws01_plubing/build/base_interfaces_demo' returned '0': CMAKE_PREFIX_PATH=/opt/ros/humble /usr/bin/cmake --install /home/ros2/ws01_plubing/build/base_interfaces_demo
