[0.066s] Invoking command in '/home/ros2/exam/build/cpp03_action': AMENT_PREFIX_PATH=/home/ros2/exam/install/demo_interfaces_base:${AMENT_PREFIX_PATH} CMAKE_PREFIX_PATH=/home/ros2/exam/install/demo_interfaces_base:/opt/ros/humble LD_LIBRARY_PATH=/home/ros2/exam/install/demo_interfaces_base/lib:${LD_LIBRARY_PATH} PYTHONPATH=/home/ros2/exam/install/demo_interfaces_base/local/lib/python3.10/dist-packages:${PYTHONPATH} /usr/bin/cmake --build /home/ros2/exam/build/cpp03_action -- -j12 -l12
[0.175s] [ 50%] Built target demo01_action_server
[0.187s] [100%] Built target demo01_action_client
[0.206s] Invoked command in '/home/ros2/exam/build/cpp03_action' returned '0': AMENT_PREFIX_PATH=/home/ros2/exam/install/demo_interfaces_base:${AMENT_PREFIX_PATH} CMAKE_PREFIX_PATH=/home/ros2/exam/install/demo_interfaces_base:/opt/ros/humble LD_LIBRARY_PATH=/home/ros2/exam/install/demo_interfaces_base/lib:${LD_LIBRARY_PATH} PYTHONPATH=/home/ros2/exam/install/demo_interfaces_base/local/lib/python3.10/dist-packages:${PYTHONPATH} /usr/bin/cmake --build /home/ros2/exam/build/cpp03_action -- -j12 -l12
[0.210s] Invoking command in '/home/ros2/exam/build/cpp03_action': AMENT_PREFIX_PATH=/home/ros2/exam/install/demo_interfaces_base:${AMENT_PREFIX_PATH} CMAKE_PREFIX_PATH=/home/ros2/exam/install/demo_interfaces_base:/opt/ros/humble LD_LIBRARY_PATH=/home/ros2/exam/install/demo_interfaces_base/lib:${LD_LIBRARY_PATH} PYTHONPATH=/home/ros2/exam/install/demo_interfaces_base/local/lib/python3.10/dist-packages:${PYTHONPATH} /usr/bin/cmake --install /home/ros2/exam/build/cpp03_action
[0.226s] -- Install configuration: ""
[0.226s] -- Up-to-date: /home/ros2/exam/install/cpp03_action/lib/cpp03_action/demo01_action_server
[0.226s] -- Up-to-date: /home/ros2/exam/install/cpp03_action/lib/cpp03_action/demo01_action_client
[0.226s] -- Up-to-date: /home/ros2/exam/install/cpp03_action/share/ament_index/resource_index/package_run_dependencies/cpp03_action
[0.226s] -- Up-to-date: /home/ros2/exam/install/cpp03_action/share/ament_index/resource_index/parent_prefix_path/cpp03_action
[0.226s] -- Up-to-date: /home/ros2/exam/install/cpp03_action/share/cpp03_action/environment/ament_prefix_path.sh
[0.227s] -- Up-to-date: /home/ros2/exam/install/cpp03_action/share/cpp03_action/environment/ament_prefix_path.dsv
[0.227s] -- Up-to-date: /home/ros2/exam/install/cpp03_action/share/cpp03_action/environment/path.sh
[0.227s] -- Up-to-date: /home/ros2/exam/install/cpp03_action/share/cpp03_action/environment/path.dsv
[0.227s] -- Up-to-date: /home/ros2/exam/install/cpp03_action/share/cpp03_action/local_setup.bash
[0.227s] -- Up-to-date: /home/ros2/exam/install/cpp03_action/share/cpp03_action/local_setup.sh
[0.227s] -- Up-to-date: /home/ros2/exam/install/cpp03_action/share/cpp03_action/local_setup.zsh
[0.227s] -- Up-to-date: /home/ros2/exam/install/cpp03_action/share/cpp03_action/local_setup.dsv
[0.227s] -- Installing: /home/ros2/exam/install/cpp03_action/share/cpp03_action/package.dsv
[0.227s] -- Up-to-date: /home/ros2/exam/install/cpp03_action/share/ament_index/resource_index/packages/cpp03_action
[0.227s] -- Up-to-date: /home/ros2/exam/install/cpp03_action/share/cpp03_action/cmake/cpp03_actionConfig.cmake
[0.227s] -- Up-to-date: /home/ros2/exam/install/cpp03_action/share/cpp03_action/cmake/cpp03_actionConfig-version.cmake
[0.227s] -- Up-to-date: /home/ros2/exam/install/cpp03_action/share/cpp03_action/package.xml
[0.269s] Invoked command in '/home/ros2/exam/build/cpp03_action' returned '0': AMENT_PREFIX_PATH=/home/ros2/exam/install/demo_interfaces_base:${AMENT_PREFIX_PATH} CMAKE_PREFIX_PATH=/home/ros2/exam/install/demo_interfaces_base:/opt/ros/humble LD_LIBRARY_PATH=/home/ros2/exam/install/demo_interfaces_base/lib:${LD_LIBRARY_PATH} PYTHONPATH=/home/ros2/exam/install/demo_interfaces_base/local/lib/python3.10/dist-packages:${PYTHONPATH} /usr/bin/cmake --install /home/ros2/exam/build/cpp03_action
