-- Found ament_cmake: 1.3.12 (/opt/ros/humble/share/ament_cmake/cmake)
-- Found rosidl_default_generators: 1.2.0 (/opt/ros/humble/share/rosidl_default_generators/cmake)
-- Using all available rosidl_typesupport_c: rosidl_typesupport_fastrtps_c;rosidl_typesupport_introspection_c
-- Found rosidl_adapter: 3.1.7 (/opt/ros/humble/share/rosidl_adapter/cmake)
-- Using all available rosidl_typesupport_cpp: rosidl_typesupport_fastrtps_cpp;rosidl_typesupport_introspection_cpp
-- Found ament_cmake_ros: 0.10.0 (/opt/ros/humble/share/ament_cmake_ros/cmake)
-- Using all available rosidl_typesupport_c: rosidl_typesupport_fastrtps_c;rosidl_typesupport_introspection_c
-- Using all available rosidl_typesupport_cpp: rosidl_typesupport_fastrtps_cpp;rosidl_typesupport_introspection_cpp
-- Found python_cmake_module: 0.10.0 (/opt/ros/humble/share/python_cmake_module/cmake)
-- Using PYTHON_EXECUTABLE: /usr/bin/python3
-- Using PYTHON_INCLUDE_DIRS: /usr/include/python3.10
-- Using PYTHON_LIBRARIES: /usr/lib/x86_64-linux-gnu/libpython3.10.so
-- Found ament_lint_auto: 0.12.14 (/opt/ros/humble/share/ament_lint_auto/cmake)
-- Added test 'lint_cmake' to check CMake code style
-- Added test 'xmllint' to check XML markup files
-- Configuring done
-- Generating done
-- Build files have been written to: /home/ros2/exam/build/demo_interfaces_base
[  1%] [34m[1mGenerating C code for ROS interfaces[0m
[  3%] [34m[1mGenerating C++ code for ROS interfaces[0m
[  3%] Built target ament_cmake_python_copy_demo_interfaces_base
running egg_info
writing demo_interfaces_base.egg-info/PKG-INFO
writing dependency_links to demo_interfaces_base.egg-info/dependency_links.txt
writing top-level names to demo_interfaces_base.egg-info/top_level.txt
reading manifest file 'demo_interfaces_base.egg-info/SOURCES.txt'
writing manifest file 'demo_interfaces_base.egg-info/SOURCES.txt'
[  3%] Built target ament_cmake_python_build_demo_interfaces_base_egg
[35m[1mConsolidate compiler generated dependencies of target demo_interfaces_base__rosidl_generator_c[0m
[  3%] Built target demo_interfaces_base__cpp
[  5%] [32mBuilding C object CMakeFiles/demo_interfaces_base__rosidl_generator_c.dir/rosidl_generator_c/demo_interfaces_base/msg/detail/student__functions.c.o[0m
[  7%] [32mBuilding C object CMakeFiles/demo_interfaces_base__rosidl_generator_c.dir/rosidl_generator_c/demo_interfaces_base/srv/detail/distance__functions.c.o[0m
[  9%] [32mBuilding C object CMakeFiles/demo_interfaces_base__rosidl_generator_c.dir/rosidl_generator_c/demo_interfaces_base/srv/detail/calculation__functions.c.o[0m
[ 10%] [32mBuilding C object CMakeFiles/demo_interfaces_base__rosidl_generator_c.dir/rosidl_generator_c/demo_interfaces_base/action/detail/action__functions.c.o[0m
[ 14%] [34m[1mGenerating C++ type support for eProsima Fast-RTPS[0m
[ 14%] [34m[1mGenerating C++ type support dispatch for ROS interfaces[0m
[ 16%] [34m[1mGenerating C++ introspection for ROS interfaces[0m
[ 18%] [32m[1mLinking C shared library libdemo_interfaces_base__rosidl_generator_c.so[0m
[ 18%] Built target demo_interfaces_base__rosidl_generator_c
[ 20%] [34m[1mGenerating C introspection for ROS interfaces[0m
[ 21%] [34m[1mGenerating C type support for eProsima Fast-RTPS[0m
[ 23%] [34m[1mGenerating C type support dispatch for ROS interfaces[0m
[35m[1mConsolidate compiler generated dependencies of target demo_interfaces_base__rosidl_typesupport_cpp[0m
[ 25%] [32mBuilding CXX object CMakeFiles/demo_interfaces_base__rosidl_typesupport_cpp.dir/rosidl_typesupport_cpp/demo_interfaces_base/srv/distance__type_support.cpp.o[0m
[ 29%] [32mBuilding CXX object CMakeFiles/demo_interfaces_base__rosidl_typesupport_cpp.dir/rosidl_typesupport_cpp/demo_interfaces_base/msg/student__type_support.cpp.o[0m
[ 29%] [32mBuilding CXX object CMakeFiles/demo_interfaces_base__rosidl_typesupport_cpp.dir/rosidl_typesupport_cpp/demo_interfaces_base/srv/calculation__type_support.cpp.o[0m
[ 30%] [32mBuilding CXX object CMakeFiles/demo_interfaces_base__rosidl_typesupport_cpp.dir/rosidl_typesupport_cpp/demo_interfaces_base/action/action__type_support.cpp.o[0m
[35m[1mConsolidate compiler generated dependencies of target demo_interfaces_base__rosidl_typesupport_introspection_cpp[0m
[ 32%] [32mBuilding CXX object CMakeFiles/demo_interfaces_base__rosidl_typesupport_introspection_cpp.dir/rosidl_typesupport_introspection_cpp/demo_interfaces_base/msg/detail/student__type_support.cpp.o[0m
[ 34%] [32mBuilding CXX object CMakeFiles/demo_interfaces_base__rosidl_typesupport_introspection_cpp.dir/rosidl_typesupport_introspection_cpp/demo_interfaces_base/srv/detail/distance__type_support.cpp.o[0m
[ 36%] [32mBuilding CXX object CMakeFiles/demo_interfaces_base__rosidl_typesupport_introspection_cpp.dir/rosidl_typesupport_introspection_cpp/demo_interfaces_base/srv/detail/calculation__type_support.cpp.o[0m
[ 38%] [32mBuilding CXX object CMakeFiles/demo_interfaces_base__rosidl_typesupport_introspection_cpp.dir/rosidl_typesupport_introspection_cpp/demo_interfaces_base/action/detail/action__type_support.cpp.o[0m
[35m[1mConsolidate compiler generated dependencies of target demo_interfaces_base__rosidl_typesupport_fastrtps_cpp[0m
[ 40%] [32mBuilding CXX object CMakeFiles/demo_interfaces_base__rosidl_typesupport_fastrtps_cpp.dir/rosidl_typesupport_fastrtps_cpp/demo_interfaces_base/msg/detail/dds_fastrtps/student__type_support.cpp.o[0m
[35m[1mConsolidate compiler generated dependencies of target demo_interfaces_base__rosidl_typesupport_c[0m
[ 41%] [32mBuilding CXX object CMakeFiles/demo_interfaces_base__rosidl_typesupport_c.dir/rosidl_typesupport_c/demo_interfaces_base/msg/student__type_support.cpp.o[0m
[ 43%] [32mBuilding CXX object CMakeFiles/demo_interfaces_base__rosidl_typesupport_c.dir/rosidl_typesupport_c/demo_interfaces_base/srv/calculation__type_support.cpp.o[0m
[ 45%] [32mBuilding CXX object CMakeFiles/demo_interfaces_base__rosidl_typesupport_fastrtps_cpp.dir/rosidl_typesupport_fastrtps_cpp/demo_interfaces_base/srv/detail/dds_fastrtps/calculation__type_support.cpp.o[0m
[ 47%] [32mBuilding CXX object CMakeFiles/demo_interfaces_base__rosidl_typesupport_c.dir/rosidl_typesupport_c/demo_interfaces_base/srv/distance__type_support.cpp.o[0m
[ 49%] [32mBuilding CXX object CMakeFiles/demo_interfaces_base__rosidl_typesupport_c.dir/rosidl_typesupport_c/demo_interfaces_base/action/action__type_support.cpp.o[0m
[ 50%] [32mBuilding CXX object CMakeFiles/demo_interfaces_base__rosidl_typesupport_fastrtps_cpp.dir/rosidl_typesupport_fastrtps_cpp/demo_interfaces_base/srv/detail/dds_fastrtps/distance__type_support.cpp.o[0m
[ 52%] [32mBuilding CXX object CMakeFiles/demo_interfaces_base__rosidl_typesupport_fastrtps_cpp.dir/rosidl_typesupport_fastrtps_cpp/demo_interfaces_base/action/detail/dds_fastrtps/action__type_support.cpp.o[0m
[ 54%] [32m[1mLinking CXX shared library libdemo_interfaces_base__rosidl_typesupport_c.so[0m
[35m[1mConsolidate compiler generated dependencies of target demo_interfaces_base__rosidl_typesupport_introspection_c[0m
[ 58%] [32mBuilding C object CMakeFiles/demo_interfaces_base__rosidl_typesupport_introspection_c.dir/rosidl_typesupport_introspection_c/demo_interfaces_base/msg/detail/student__type_support.c.o[0m
[ 58%] [32mBuilding C object CMakeFiles/demo_interfaces_base__rosidl_typesupport_introspection_c.dir/rosidl_typesupport_introspection_c/demo_interfaces_base/srv/detail/calculation__type_support.c.o[0m
[ 60%] [32mBuilding C object CMakeFiles/demo_interfaces_base__rosidl_typesupport_introspection_c.dir/rosidl_typesupport_introspection_c/demo_interfaces_base/srv/detail/distance__type_support.c.o[0m
[ 61%] [32m[1mLinking CXX shared library libdemo_interfaces_base__rosidl_typesupport_cpp.so[0m
[ 63%] [32mBuilding C object CMakeFiles/demo_interfaces_base__rosidl_typesupport_introspection_c.dir/rosidl_typesupport_introspection_c/demo_interfaces_base/action/detail/action__type_support.c.o[0m
[ 63%] Built target demo_interfaces_base__rosidl_typesupport_c
[35m[1mConsolidate compiler generated dependencies of target demo_interfaces_base__rosidl_typesupport_fastrtps_c[0m
[ 63%] Built target demo_interfaces_base__rosidl_typesupport_cpp
[ 65%] [32mBuilding CXX object CMakeFiles/demo_interfaces_base__rosidl_typesupport_fastrtps_c.dir/rosidl_typesupport_fastrtps_c/demo_interfaces_base/msg/detail/student__type_support_c.cpp.o[0m
[ 67%] [32mBuilding CXX object CMakeFiles/demo_interfaces_base__rosidl_typesupport_fastrtps_c.dir/rosidl_typesupport_fastrtps_c/demo_interfaces_base/srv/detail/calculation__type_support_c.cpp.o[0m
[ 70%] [32mBuilding CXX object CMakeFiles/demo_interfaces_base__rosidl_typesupport_fastrtps_c.dir/rosidl_typesupport_fastrtps_c/demo_interfaces_base/srv/detail/distance__type_support_c.cpp.o[0m
[ 70%] [32mBuilding CXX object CMakeFiles/demo_interfaces_base__rosidl_typesupport_fastrtps_c.dir/rosidl_typesupport_fastrtps_c/demo_interfaces_base/action/detail/action__type_support_c.cpp.o[0m
[ 72%] [32m[1mLinking C shared library libdemo_interfaces_base__rosidl_typesupport_introspection_c.so[0m
[ 72%] Built target demo_interfaces_base__rosidl_typesupport_introspection_c
[ 74%] [32m[1mLinking CXX shared library libdemo_interfaces_base__rosidl_typesupport_introspection_cpp.so[0m
[ 74%] Built target demo_interfaces_base__rosidl_typesupport_introspection_cpp
[ 76%] [32m[1mLinking CXX shared library libdemo_interfaces_base__rosidl_typesupport_fastrtps_c.so[0m
[ 78%] [32m[1mLinking CXX shared library libdemo_interfaces_base__rosidl_typesupport_fastrtps_cpp.so[0m
[ 78%] Built target demo_interfaces_base__rosidl_typesupport_fastrtps_c
[ 78%] Built target demo_interfaces_base__rosidl_typesupport_fastrtps_cpp
[ 78%] Built target demo_interfaces_base
[ 80%] [34m[1mGenerating Python code for ROS interfaces[0m
[ 80%] Built target demo_interfaces_base__py
[35m[1mConsolidate compiler generated dependencies of target demo_interfaces_base__rosidl_generator_py[0m
[ 81%] [32mBuilding C object CMakeFiles/demo_interfaces_base__rosidl_generator_py.dir/rosidl_generator_py/demo_interfaces_base/srv/_distance_s.c.o[0m
[ 83%] [32mBuilding C object CMakeFiles/demo_interfaces_base__rosidl_generator_py.dir/rosidl_generator_py/demo_interfaces_base/srv/_calculation_s.c.o[0m
[ 85%] [32mBuilding C object CMakeFiles/demo_interfaces_base__rosidl_generator_py.dir/rosidl_generator_py/demo_interfaces_base/action/_action_s.c.o[0m
[ 87%] [32mBuilding C object CMakeFiles/demo_interfaces_base__rosidl_generator_py.dir/rosidl_generator_py/demo_interfaces_base/msg/_student_s.c.o[0m
[ 89%] [32m[1mLinking C shared library rosidl_generator_py/demo_interfaces_base/libdemo_interfaces_base__rosidl_generator_py.so[0m
[ 89%] Built target demo_interfaces_base__rosidl_generator_py
[35m[1mConsolidate compiler generated dependencies of target demo_interfaces_base__rosidl_typesupport_introspection_c__pyext[0m
[35m[1mConsolidate compiler generated dependencies of target demo_interfaces_base__rosidl_typesupport_fastrtps_c__pyext[0m
[35m[1mConsolidate compiler generated dependencies of target demo_interfaces_base__rosidl_typesupport_c__pyext[0m
[ 90%] [32mBuilding C object CMakeFiles/demo_interfaces_base__rosidl_typesupport_c__pyext.dir/rosidl_generator_py/demo_interfaces_base/_demo_interfaces_base_s.ep.rosidl_typesupport_c.c.o[0m
[ 92%] [32mBuilding C object CMakeFiles/demo_interfaces_base__rosidl_typesupport_introspection_c__pyext.dir/rosidl_generator_py/demo_interfaces_base/_demo_interfaces_base_s.ep.rosidl_typesupport_introspection_c.c.o[0m
[ 94%] [32mBuilding C object CMakeFiles/demo_interfaces_base__rosidl_typesupport_fastrtps_c__pyext.dir/rosidl_generator_py/demo_interfaces_base/_demo_interfaces_base_s.ep.rosidl_typesupport_fastrtps_c.c.o[0m
[ 96%] [32m[1mLinking C shared library rosidl_generator_py/demo_interfaces_base/demo_interfaces_base_s__rosidl_typesupport_c.cpython-310-x86_64-linux-gnu.so[0m
[ 98%] [32m[1mLinking C shared library rosidl_generator_py/demo_interfaces_base/demo_interfaces_base_s__rosidl_typesupport_fastrtps_c.cpython-310-x86_64-linux-gnu.so[0m
[100%] [32m[1mLinking C shared library rosidl_generator_py/demo_interfaces_base/demo_interfaces_base_s__rosidl_typesupport_introspection_c.cpython-310-x86_64-linux-gnu.so[0m
[100%] Built target demo_interfaces_base__rosidl_typesupport_c__pyext
[100%] Built target demo_interfaces_base__rosidl_typesupport_introspection_c__pyext
[100%] Built target demo_interfaces_base__rosidl_typesupport_fastrtps_c__pyext
-- Install configuration: ""
-- Installing: /home/ros2/exam/install/demo_interfaces_base/share/ament_index/resource_index/rosidl_interfaces/demo_interfaces_base
-- Up-to-date: /home/ros2/exam/install/demo_interfaces_base/include/demo_interfaces_base/demo_interfaces_base
-- Up-to-date: /home/ros2/exam/install/demo_interfaces_base/include/demo_interfaces_base/demo_interfaces_base/msg
-- Up-to-date: /home/ros2/exam/install/demo_interfaces_base/include/demo_interfaces_base/demo_interfaces_base/msg/rosidl_generator_c__visibility_control.h
-- Installing: /home/ros2/exam/install/demo_interfaces_base/include/demo_interfaces_base/demo_interfaces_base/msg/student.h
-- Up-to-date: /home/ros2/exam/install/demo_interfaces_base/include/demo_interfaces_base/demo_interfaces_base/msg/detail
-- Installing: /home/ros2/exam/install/demo_interfaces_base/include/demo_interfaces_base/demo_interfaces_base/msg/detail/student__struct.h
-- Installing: /home/ros2/exam/install/demo_interfaces_base/include/demo_interfaces_base/demo_interfaces_base/msg/detail/student__functions.h
-- Installing: /home/ros2/exam/install/demo_interfaces_base/include/demo_interfaces_base/demo_interfaces_base/msg/detail/student__functions.c
-- Installing: /home/ros2/exam/install/demo_interfaces_base/include/demo_interfaces_base/demo_interfaces_base/msg/detail/student__type_support.h
-- Up-to-date: /home/ros2/exam/install/demo_interfaces_base/include/demo_interfaces_base/demo_interfaces_base/srv
-- Installing: /home/ros2/exam/install/demo_interfaces_base/include/demo_interfaces_base/demo_interfaces_base/srv/calculation.h
-- Up-to-date: /home/ros2/exam/install/demo_interfaces_base/include/demo_interfaces_base/demo_interfaces_base/srv/detail
-- Installing: /home/ros2/exam/install/demo_interfaces_base/include/demo_interfaces_base/demo_interfaces_base/srv/detail/calculation__functions.c
-- Installing: /home/ros2/exam/install/demo_interfaces_base/include/demo_interfaces_base/demo_interfaces_base/srv/detail/distance__functions.h
-- Installing: /home/ros2/exam/install/demo_interfaces_base/include/demo_interfaces_base/demo_interfaces_base/srv/detail/distance__functions.c
-- Installing: /home/ros2/exam/install/demo_interfaces_base/include/demo_interfaces_base/demo_interfaces_base/srv/detail/calculation__type_support.h
-- Installing: /home/ros2/exam/install/demo_interfaces_base/include/demo_interfaces_base/demo_interfaces_base/srv/detail/calculation__struct.h
-- Installing: /home/ros2/exam/install/demo_interfaces_base/include/demo_interfaces_base/demo_interfaces_base/srv/detail/distance__type_support.h
-- Installing: /home/ros2/exam/install/demo_interfaces_base/include/demo_interfaces_base/demo_interfaces_base/srv/detail/calculation__functions.h
-- Installing: /home/ros2/exam/install/demo_interfaces_base/include/demo_interfaces_base/demo_interfaces_base/srv/detail/distance__struct.h
-- Installing: /home/ros2/exam/install/demo_interfaces_base/include/demo_interfaces_base/demo_interfaces_base/srv/distance.h
-- Up-to-date: /home/ros2/exam/install/demo_interfaces_base/include/demo_interfaces_base/demo_interfaces_base/action
-- Installing: /home/ros2/exam/install/demo_interfaces_base/include/demo_interfaces_base/demo_interfaces_base/action/action.h
-- Up-to-date: /home/ros2/exam/install/demo_interfaces_base/include/demo_interfaces_base/demo_interfaces_base/action/detail
-- Installing: /home/ros2/exam/install/demo_interfaces_base/include/demo_interfaces_base/demo_interfaces_base/action/detail/action__functions.h
-- Installing: /home/ros2/exam/install/demo_interfaces_base/include/demo_interfaces_base/demo_interfaces_base/action/detail/action__functions.c
-- Installing: /home/ros2/exam/install/demo_interfaces_base/include/demo_interfaces_base/demo_interfaces_base/action/detail/action__struct.h
-- Installing: /home/ros2/exam/install/demo_interfaces_base/include/demo_interfaces_base/demo_interfaces_base/action/detail/action__type_support.h
-- Up-to-date: /home/ros2/exam/install/demo_interfaces_base/share/demo_interfaces_base/environment/library_path.sh
-- Installing: /home/ros2/exam/install/demo_interfaces_base/share/demo_interfaces_base/environment/library_path.dsv
-- Installing: /home/ros2/exam/install/demo_interfaces_base/lib/libdemo_interfaces_base__rosidl_generator_c.so
-- Set runtime path of "/home/ros2/exam/install/demo_interfaces_base/lib/libdemo_interfaces_base__rosidl_generator_c.so" to ""
-- Up-to-date: /home/ros2/exam/install/demo_interfaces_base/include/demo_interfaces_base/demo_interfaces_base
-- Up-to-date: /home/ros2/exam/install/demo_interfaces_base/include/demo_interfaces_base/demo_interfaces_base/msg
-- Up-to-date: /home/ros2/exam/install/demo_interfaces_base/include/demo_interfaces_base/demo_interfaces_base/msg/detail
-- Installing: /home/ros2/exam/install/demo_interfaces_base/include/demo_interfaces_base/demo_interfaces_base/msg/detail/student__rosidl_typesupport_fastrtps_c.h
-- Up-to-date: /home/ros2/exam/install/demo_interfaces_base/include/demo_interfaces_base/demo_interfaces_base/msg/rosidl_typesupport_fastrtps_c__visibility_control.h
-- Up-to-date: /home/ros2/exam/install/demo_interfaces_base/include/demo_interfaces_base/demo_interfaces_base/srv
-- Up-to-date: /home/ros2/exam/install/demo_interfaces_base/include/demo_interfaces_base/demo_interfaces_base/srv/detail
-- Installing: /home/ros2/exam/install/demo_interfaces_base/include/demo_interfaces_base/demo_interfaces_base/srv/detail/calculation__rosidl_typesupport_fastrtps_c.h
-- Installing: /home/ros2/exam/install/demo_interfaces_base/include/demo_interfaces_base/demo_interfaces_base/srv/detail/distance__rosidl_typesupport_fastrtps_c.h
-- Up-to-date: /home/ros2/exam/install/demo_interfaces_base/include/demo_interfaces_base/demo_interfaces_base/action
-- Up-to-date: /home/ros2/exam/install/demo_interfaces_base/include/demo_interfaces_base/demo_interfaces_base/action/detail
-- Installing: /home/ros2/exam/install/demo_interfaces_base/include/demo_interfaces_base/demo_interfaces_base/action/detail/action__rosidl_typesupport_fastrtps_c.h
-- Installing: /home/ros2/exam/install/demo_interfaces_base/lib/libdemo_interfaces_base__rosidl_typesupport_fastrtps_c.so
-- Set runtime path of "/home/ros2/exam/install/demo_interfaces_base/lib/libdemo_interfaces_base__rosidl_typesupport_fastrtps_c.so" to ""
-- Up-to-date: /home/ros2/exam/install/demo_interfaces_base/include/demo_interfaces_base/demo_interfaces_base
-- Up-to-date: /home/ros2/exam/install/demo_interfaces_base/include/demo_interfaces_base/demo_interfaces_base/msg
-- Up-to-date: /home/ros2/exam/install/demo_interfaces_base/include/demo_interfaces_base/demo_interfaces_base/msg/detail
-- Installing: /home/ros2/exam/install/demo_interfaces_base/include/demo_interfaces_base/demo_interfaces_base/msg/detail/student__rosidl_typesupport_introspection_c.h
-- Installing: /home/ros2/exam/install/demo_interfaces_base/include/demo_interfaces_base/demo_interfaces_base/msg/detail/student__type_support.c
-- Up-to-date: /home/ros2/exam/install/demo_interfaces_base/include/demo_interfaces_base/demo_interfaces_base/msg/rosidl_typesupport_introspection_c__visibility_control.h
-- Up-to-date: /home/ros2/exam/install/demo_interfaces_base/include/demo_interfaces_base/demo_interfaces_base/srv
-- Up-to-date: /home/ros2/exam/install/demo_interfaces_base/include/demo_interfaces_base/demo_interfaces_base/srv/detail
-- Installing: /home/ros2/exam/install/demo_interfaces_base/include/demo_interfaces_base/demo_interfaces_base/srv/detail/calculation__rosidl_typesupport_introspection_c.h
-- Installing: /home/ros2/exam/install/demo_interfaces_base/include/demo_interfaces_base/demo_interfaces_base/srv/detail/distance__rosidl_typesupport_introspection_c.h
-- Installing: /home/ros2/exam/install/demo_interfaces_base/include/demo_interfaces_base/demo_interfaces_base/srv/detail/calculation__type_support.c
-- Installing: /home/ros2/exam/install/demo_interfaces_base/include/demo_interfaces_base/demo_interfaces_base/srv/detail/distance__type_support.c
-- Up-to-date: /home/ros2/exam/install/demo_interfaces_base/include/demo_interfaces_base/demo_interfaces_base/action
-- Up-to-date: /home/ros2/exam/install/demo_interfaces_base/include/demo_interfaces_base/demo_interfaces_base/action/detail
-- Installing: /home/ros2/exam/install/demo_interfaces_base/include/demo_interfaces_base/demo_interfaces_base/action/detail/action__rosidl_typesupport_introspection_c.h
-- Installing: /home/ros2/exam/install/demo_interfaces_base/include/demo_interfaces_base/demo_interfaces_base/action/detail/action__type_support.c
-- Installing: /home/ros2/exam/install/demo_interfaces_base/lib/libdemo_interfaces_base__rosidl_typesupport_introspection_c.so
-- Set runtime path of "/home/ros2/exam/install/demo_interfaces_base/lib/libdemo_interfaces_base__rosidl_typesupport_introspection_c.so" to ""
-- Installing: /home/ros2/exam/install/demo_interfaces_base/lib/libdemo_interfaces_base__rosidl_typesupport_c.so
-- Set runtime path of "/home/ros2/exam/install/demo_interfaces_base/lib/libdemo_interfaces_base__rosidl_typesupport_c.so" to ""
-- Up-to-date: /home/ros2/exam/install/demo_interfaces_base/include/demo_interfaces_base/demo_interfaces_base
-- Up-to-date: /home/ros2/exam/install/demo_interfaces_base/include/demo_interfaces_base/demo_interfaces_base/msg
-- Up-to-date: /home/ros2/exam/install/demo_interfaces_base/include/demo_interfaces_base/demo_interfaces_base/msg/rosidl_generator_cpp__visibility_control.hpp
-- Up-to-date: /home/ros2/exam/install/demo_interfaces_base/include/demo_interfaces_base/demo_interfaces_base/msg/detail
-- Installing: /home/ros2/exam/install/demo_interfaces_base/include/demo_interfaces_base/demo_interfaces_base/msg/detail/student__struct.hpp
-- Installing: /home/ros2/exam/install/demo_interfaces_base/include/demo_interfaces_base/demo_interfaces_base/msg/detail/student__traits.hpp
-- Installing: /home/ros2/exam/install/demo_interfaces_base/include/demo_interfaces_base/demo_interfaces_base/msg/detail/student__type_support.hpp
-- Installing: /home/ros2/exam/install/demo_interfaces_base/include/demo_interfaces_base/demo_interfaces_base/msg/detail/student__builder.hpp
-- Installing: /home/ros2/exam/install/demo_interfaces_base/include/demo_interfaces_base/demo_interfaces_base/msg/student.hpp
-- Up-to-date: /home/ros2/exam/install/demo_interfaces_base/include/demo_interfaces_base/demo_interfaces_base/srv
-- Installing: /home/ros2/exam/install/demo_interfaces_base/include/demo_interfaces_base/demo_interfaces_base/srv/calculation.hpp
-- Up-to-date: /home/ros2/exam/install/demo_interfaces_base/include/demo_interfaces_base/demo_interfaces_base/srv/detail
-- Installing: /home/ros2/exam/install/demo_interfaces_base/include/demo_interfaces_base/demo_interfaces_base/srv/detail/calculation__traits.hpp
-- Installing: /home/ros2/exam/install/demo_interfaces_base/include/demo_interfaces_base/demo_interfaces_base/srv/detail/calculation__type_support.hpp
-- Installing: /home/ros2/exam/install/demo_interfaces_base/include/demo_interfaces_base/demo_interfaces_base/srv/detail/distance__type_support.hpp
-- Installing: /home/ros2/exam/install/demo_interfaces_base/include/demo_interfaces_base/demo_interfaces_base/srv/detail/distance__struct.hpp
-- Installing: /home/ros2/exam/install/demo_interfaces_base/include/demo_interfaces_base/demo_interfaces_base/srv/detail/distance__traits.hpp
-- Installing: /home/ros2/exam/install/demo_interfaces_base/include/demo_interfaces_base/demo_interfaces_base/srv/detail/distance__builder.hpp
-- Installing: /home/ros2/exam/install/demo_interfaces_base/include/demo_interfaces_base/demo_interfaces_base/srv/detail/calculation__struct.hpp
-- Installing: /home/ros2/exam/install/demo_interfaces_base/include/demo_interfaces_base/demo_interfaces_base/srv/detail/calculation__builder.hpp
-- Installing: /home/ros2/exam/install/demo_interfaces_base/include/demo_interfaces_base/demo_interfaces_base/srv/distance.hpp
-- Up-to-date: /home/ros2/exam/install/demo_interfaces_base/include/demo_interfaces_base/demo_interfaces_base/action
-- Up-to-date: /home/ros2/exam/install/demo_interfaces_base/include/demo_interfaces_base/demo_interfaces_base/action/detail
-- Installing: /home/ros2/exam/install/demo_interfaces_base/include/demo_interfaces_base/demo_interfaces_base/action/detail/action__type_support.hpp
-- Installing: /home/ros2/exam/install/demo_interfaces_base/include/demo_interfaces_base/demo_interfaces_base/action/detail/action__traits.hpp
-- Installing: /home/ros2/exam/install/demo_interfaces_base/include/demo_interfaces_base/demo_interfaces_base/action/detail/action__builder.hpp
-- Installing: /home/ros2/exam/install/demo_interfaces_base/include/demo_interfaces_base/demo_interfaces_base/action/detail/action__struct.hpp
-- Installing: /home/ros2/exam/install/demo_interfaces_base/include/demo_interfaces_base/demo_interfaces_base/action/action.hpp
-- Up-to-date: /home/ros2/exam/install/demo_interfaces_base/include/demo_interfaces_base/demo_interfaces_base
-- Up-to-date: /home/ros2/exam/install/demo_interfaces_base/include/demo_interfaces_base/demo_interfaces_base/msg
-- Up-to-date: /home/ros2/exam/install/demo_interfaces_base/include/demo_interfaces_base/demo_interfaces_base/msg/rosidl_typesupport_fastrtps_cpp__visibility_control.h
-- Up-to-date: /home/ros2/exam/install/demo_interfaces_base/include/demo_interfaces_base/demo_interfaces_base/msg/detail
-- Installing: /home/ros2/exam/install/demo_interfaces_base/include/demo_interfaces_base/demo_interfaces_base/msg/detail/student__rosidl_typesupport_fastrtps_cpp.hpp
-- Up-to-date: /home/ros2/exam/install/demo_interfaces_base/include/demo_interfaces_base/demo_interfaces_base/msg/detail/dds_fastrtps
-- Up-to-date: /home/ros2/exam/install/demo_interfaces_base/include/demo_interfaces_base/demo_interfaces_base/srv
-- Up-to-date: /home/ros2/exam/install/demo_interfaces_base/include/demo_interfaces_base/demo_interfaces_base/srv/detail
-- Up-to-date: /home/ros2/exam/install/demo_interfaces_base/include/demo_interfaces_base/demo_interfaces_base/srv/detail/dds_fastrtps
-- Installing: /home/ros2/exam/install/demo_interfaces_base/include/demo_interfaces_base/demo_interfaces_base/srv/detail/distance__rosidl_typesupport_fastrtps_cpp.hpp
-- Installing: /home/ros2/exam/install/demo_interfaces_base/include/demo_interfaces_base/demo_interfaces_base/srv/detail/calculation__rosidl_typesupport_fastrtps_cpp.hpp
-- Up-to-date: /home/ros2/exam/install/demo_interfaces_base/include/demo_interfaces_base/demo_interfaces_base/action
-- Up-to-date: /home/ros2/exam/install/demo_interfaces_base/include/demo_interfaces_base/demo_interfaces_base/action/detail
-- Installing: /home/ros2/exam/install/demo_interfaces_base/include/demo_interfaces_base/demo_interfaces_base/action/detail/action__rosidl_typesupport_fastrtps_cpp.hpp
-- Up-to-date: /home/ros2/exam/install/demo_interfaces_base/include/demo_interfaces_base/demo_interfaces_base/action/detail/dds_fastrtps
-- Installing: /home/ros2/exam/install/demo_interfaces_base/lib/libdemo_interfaces_base__rosidl_typesupport_fastrtps_cpp.so
-- Set runtime path of "/home/ros2/exam/install/demo_interfaces_base/lib/libdemo_interfaces_base__rosidl_typesupport_fastrtps_cpp.so" to ""
-- Up-to-date: /home/ros2/exam/install/demo_interfaces_base/include/demo_interfaces_base/demo_interfaces_base
-- Up-to-date: /home/ros2/exam/install/demo_interfaces_base/include/demo_interfaces_base/demo_interfaces_base/msg
-- Up-to-date: /home/ros2/exam/install/demo_interfaces_base/include/demo_interfaces_base/demo_interfaces_base/msg/detail
-- Installing: /home/ros2/exam/install/demo_interfaces_base/include/demo_interfaces_base/demo_interfaces_base/msg/detail/student__type_support.cpp
-- Installing: /home/ros2/exam/install/demo_interfaces_base/include/demo_interfaces_base/demo_interfaces_base/msg/detail/student__rosidl_typesupport_introspection_cpp.hpp
-- Up-to-date: /home/ros2/exam/install/demo_interfaces_base/include/demo_interfaces_base/demo_interfaces_base/srv
-- Up-to-date: /home/ros2/exam/install/demo_interfaces_base/include/demo_interfaces_base/demo_interfaces_base/srv/detail
-- Installing: /home/ros2/exam/install/demo_interfaces_base/include/demo_interfaces_base/demo_interfaces_base/srv/detail/calculation__type_support.cpp
-- Installing: /home/ros2/exam/install/demo_interfaces_base/include/demo_interfaces_base/demo_interfaces_base/srv/detail/distance__rosidl_typesupport_introspection_cpp.hpp
-- Installing: /home/ros2/exam/install/demo_interfaces_base/include/demo_interfaces_base/demo_interfaces_base/srv/detail/calculation__rosidl_typesupport_introspection_cpp.hpp
-- Installing: /home/ros2/exam/install/demo_interfaces_base/include/demo_interfaces_base/demo_interfaces_base/srv/detail/distance__type_support.cpp
-- Up-to-date: /home/ros2/exam/install/demo_interfaces_base/include/demo_interfaces_base/demo_interfaces_base/action
-- Up-to-date: /home/ros2/exam/install/demo_interfaces_base/include/demo_interfaces_base/demo_interfaces_base/action/detail
-- Installing: /home/ros2/exam/install/demo_interfaces_base/include/demo_interfaces_base/demo_interfaces_base/action/detail/action__type_support.cpp
-- Installing: /home/ros2/exam/install/demo_interfaces_base/include/demo_interfaces_base/demo_interfaces_base/action/detail/action__rosidl_typesupport_introspection_cpp.hpp
-- Installing: /home/ros2/exam/install/demo_interfaces_base/lib/libdemo_interfaces_base__rosidl_typesupport_introspection_cpp.so
-- Set runtime path of "/home/ros2/exam/install/demo_interfaces_base/lib/libdemo_interfaces_base__rosidl_typesupport_introspection_cpp.so" to ""
-- Installing: /home/ros2/exam/install/demo_interfaces_base/lib/libdemo_interfaces_base__rosidl_typesupport_cpp.so
-- Set runtime path of "/home/ros2/exam/install/demo_interfaces_base/lib/libdemo_interfaces_base__rosidl_typesupport_cpp.so" to ""
-- Up-to-date: /home/ros2/exam/install/demo_interfaces_base/share/demo_interfaces_base/environment/pythonpath.sh
-- Installing: /home/ros2/exam/install/demo_interfaces_base/share/demo_interfaces_base/environment/pythonpath.dsv
-- Up-to-date: /home/ros2/exam/install/demo_interfaces_base/local/lib/python3.10/dist-packages/demo_interfaces_base-0.0.0-py3.10.egg-info
-- Installing: /home/ros2/exam/install/demo_interfaces_base/local/lib/python3.10/dist-packages/demo_interfaces_base-0.0.0-py3.10.egg-info/PKG-INFO
-- Installing: /home/ros2/exam/install/demo_interfaces_base/local/lib/python3.10/dist-packages/demo_interfaces_base-0.0.0-py3.10.egg-info/top_level.txt
-- Installing: /home/ros2/exam/install/demo_interfaces_base/local/lib/python3.10/dist-packages/demo_interfaces_base-0.0.0-py3.10.egg-info/dependency_links.txt
-- Installing: /home/ros2/exam/install/demo_interfaces_base/local/lib/python3.10/dist-packages/demo_interfaces_base-0.0.0-py3.10.egg-info/SOURCES.txt
-- Up-to-date: /home/ros2/exam/install/demo_interfaces_base/local/lib/python3.10/dist-packages/demo_interfaces_base
-- Up-to-date: /home/ros2/exam/install/demo_interfaces_base/local/lib/python3.10/dist-packages/demo_interfaces_base/msg
-- Installing: /home/ros2/exam/install/demo_interfaces_base/local/lib/python3.10/dist-packages/demo_interfaces_base/msg/_student_s.c
-- Installing: /home/ros2/exam/install/demo_interfaces_base/local/lib/python3.10/dist-packages/demo_interfaces_base/msg/_student.py
-- Installing: /home/ros2/exam/install/demo_interfaces_base/local/lib/python3.10/dist-packages/demo_interfaces_base/msg/__init__.py
-- Up-to-date: /home/ros2/exam/install/demo_interfaces_base/local/lib/python3.10/dist-packages/demo_interfaces_base/srv
-- Installing: /home/ros2/exam/install/demo_interfaces_base/local/lib/python3.10/dist-packages/demo_interfaces_base/srv/_distance_s.c
-- Installing: /home/ros2/exam/install/demo_interfaces_base/local/lib/python3.10/dist-packages/demo_interfaces_base/srv/_distance.py
-- Installing: /home/ros2/exam/install/demo_interfaces_base/local/lib/python3.10/dist-packages/demo_interfaces_base/srv/__init__.py
-- Installing: /home/ros2/exam/install/demo_interfaces_base/local/lib/python3.10/dist-packages/demo_interfaces_base/srv/_calculation_s.c
-- Installing: /home/ros2/exam/install/demo_interfaces_base/local/lib/python3.10/dist-packages/demo_interfaces_base/srv/_calculation.py
-- Installing: /home/ros2/exam/install/demo_interfaces_base/local/lib/python3.10/dist-packages/demo_interfaces_base/demo_interfaces_base_s__rosidl_typesupport_introspection_c.cpython-310-x86_64-linux-gnu.so
-- Installing: /home/ros2/exam/install/demo_interfaces_base/local/lib/python3.10/dist-packages/demo_interfaces_base/libdemo_interfaces_base__rosidl_generator_py.so
-- Installing: /home/ros2/exam/install/demo_interfaces_base/local/lib/python3.10/dist-packages/demo_interfaces_base/__init__.py
-- Up-to-date: /home/ros2/exam/install/demo_interfaces_base/local/lib/python3.10/dist-packages/demo_interfaces_base/action
-- Installing: /home/ros2/exam/install/demo_interfaces_base/local/lib/python3.10/dist-packages/demo_interfaces_base/action/_action_s.c
-- Installing: /home/ros2/exam/install/demo_interfaces_base/local/lib/python3.10/dist-packages/demo_interfaces_base/action/__init__.py
-- Installing: /home/ros2/exam/install/demo_interfaces_base/local/lib/python3.10/dist-packages/demo_interfaces_base/action/_action.py
-- Installing: /home/ros2/exam/install/demo_interfaces_base/local/lib/python3.10/dist-packages/demo_interfaces_base/demo_interfaces_base_s__rosidl_typesupport_c.cpython-310-x86_64-linux-gnu.so
-- Installing: /home/ros2/exam/install/demo_interfaces_base/local/lib/python3.10/dist-packages/demo_interfaces_base/_demo_interfaces_base_s.ep.rosidl_typesupport_introspection_c.c
-- Installing: /home/ros2/exam/install/demo_interfaces_base/local/lib/python3.10/dist-packages/demo_interfaces_base/_demo_interfaces_base_s.ep.rosidl_typesupport_c.c
-- Installing: /home/ros2/exam/install/demo_interfaces_base/local/lib/python3.10/dist-packages/demo_interfaces_base/demo_interfaces_base_s__rosidl_typesupport_fastrtps_c.cpython-310-x86_64-linux-gnu.so
-- Installing: /home/ros2/exam/install/demo_interfaces_base/local/lib/python3.10/dist-packages/demo_interfaces_base/_demo_interfaces_base_s.ep.rosidl_typesupport_fastrtps_c.c
Listing '/home/ros2/exam/install/demo_interfaces_base/local/lib/python3.10/dist-packages/demo_interfaces_base'...
Compiling '/home/ros2/exam/install/demo_interfaces_base/local/lib/python3.10/dist-packages/demo_interfaces_base/__init__.py'...
Listing '/home/ros2/exam/install/demo_interfaces_base/local/lib/python3.10/dist-packages/demo_interfaces_base/action'...
Compiling '/home/ros2/exam/install/demo_interfaces_base/local/lib/python3.10/dist-packages/demo_interfaces_base/action/__init__.py'...
Compiling '/home/ros2/exam/install/demo_interfaces_base/local/lib/python3.10/dist-packages/demo_interfaces_base/action/_action.py'...
Listing '/home/ros2/exam/install/demo_interfaces_base/local/lib/python3.10/dist-packages/demo_interfaces_base/msg'...
Compiling '/home/ros2/exam/install/demo_interfaces_base/local/lib/python3.10/dist-packages/demo_interfaces_base/msg/__init__.py'...
Compiling '/home/ros2/exam/install/demo_interfaces_base/local/lib/python3.10/dist-packages/demo_interfaces_base/msg/_student.py'...
Listing '/home/ros2/exam/install/demo_interfaces_base/local/lib/python3.10/dist-packages/demo_interfaces_base/srv'...
Compiling '/home/ros2/exam/install/demo_interfaces_base/local/lib/python3.10/dist-packages/demo_interfaces_base/srv/__init__.py'...
Compiling '/home/ros2/exam/install/demo_interfaces_base/local/lib/python3.10/dist-packages/demo_interfaces_base/srv/_calculation.py'...
Compiling '/home/ros2/exam/install/demo_interfaces_base/local/lib/python3.10/dist-packages/demo_interfaces_base/srv/_distance.py'...
-- Installing: /home/ros2/exam/install/demo_interfaces_base/local/lib/python3.10/dist-packages/demo_interfaces_base/demo_interfaces_base_s__rosidl_typesupport_fastrtps_c.cpython-310-x86_64-linux-gnu.so
-- Set runtime path of "/home/ros2/exam/install/demo_interfaces_base/local/lib/python3.10/dist-packages/demo_interfaces_base/demo_interfaces_base_s__rosidl_typesupport_fastrtps_c.cpython-310-x86_64-linux-gnu.so" to ""
-- Installing: /home/ros2/exam/install/demo_interfaces_base/local/lib/python3.10/dist-packages/demo_interfaces_base/demo_interfaces_base_s__rosidl_typesupport_introspection_c.cpython-310-x86_64-linux-gnu.so
-- Set runtime path of "/home/ros2/exam/install/demo_interfaces_base/local/lib/python3.10/dist-packages/demo_interfaces_base/demo_interfaces_base_s__rosidl_typesupport_introspection_c.cpython-310-x86_64-linux-gnu.so" to ""
-- Installing: /home/ros2/exam/install/demo_interfaces_base/local/lib/python3.10/dist-packages/demo_interfaces_base/demo_interfaces_base_s__rosidl_typesupport_c.cpython-310-x86_64-linux-gnu.so
-- Set runtime path of "/home/ros2/exam/install/demo_interfaces_base/local/lib/python3.10/dist-packages/demo_interfaces_base/demo_interfaces_base_s__rosidl_typesupport_c.cpython-310-x86_64-linux-gnu.so" to ""
-- Installing: /home/ros2/exam/install/demo_interfaces_base/lib/libdemo_interfaces_base__rosidl_generator_py.so
-- Set runtime path of "/home/ros2/exam/install/demo_interfaces_base/lib/libdemo_interfaces_base__rosidl_generator_py.so" to ""
-- Up-to-date: /home/ros2/exam/install/demo_interfaces_base/share/demo_interfaces_base/msg/Student.idl
-- Up-to-date: /home/ros2/exam/install/demo_interfaces_base/share/demo_interfaces_base/srv/Calculation.idl
-- Installing: /home/ros2/exam/install/demo_interfaces_base/share/demo_interfaces_base/srv/Distance.idl
-- Up-to-date: /home/ros2/exam/install/demo_interfaces_base/share/demo_interfaces_base/action/Action.idl
-- Up-to-date: /home/ros2/exam/install/demo_interfaces_base/share/demo_interfaces_base/msg/Student.msg
-- Up-to-date: /home/ros2/exam/install/demo_interfaces_base/share/demo_interfaces_base/srv/Calculation.srv
-- Up-to-date: /home/ros2/exam/install/demo_interfaces_base/share/demo_interfaces_base/srv/Calculation_Request.msg
-- Up-to-date: /home/ros2/exam/install/demo_interfaces_base/share/demo_interfaces_base/srv/Calculation_Response.msg
-- Installing: /home/ros2/exam/install/demo_interfaces_base/share/demo_interfaces_base/srv/Distance.srv
-- Installing: /home/ros2/exam/install/demo_interfaces_base/share/demo_interfaces_base/srv/Distance_Request.msg
-- Installing: /home/ros2/exam/install/demo_interfaces_base/share/demo_interfaces_base/srv/Distance_Response.msg
-- Up-to-date: /home/ros2/exam/install/demo_interfaces_base/share/demo_interfaces_base/action/Action.action
-- Up-to-date: /home/ros2/exam/install/demo_interfaces_base/share/ament_index/resource_index/package_run_dependencies/demo_interfaces_base
-- Installing: /home/ros2/exam/install/demo_interfaces_base/share/ament_index/resource_index/parent_prefix_path/demo_interfaces_base
-- Up-to-date: /home/ros2/exam/install/demo_interfaces_base/share/demo_interfaces_base/environment/ament_prefix_path.sh
-- Installing: /home/ros2/exam/install/demo_interfaces_base/share/demo_interfaces_base/environment/ament_prefix_path.dsv
-- Up-to-date: /home/ros2/exam/install/demo_interfaces_base/share/demo_interfaces_base/environment/path.sh
-- Installing: /home/ros2/exam/install/demo_interfaces_base/share/demo_interfaces_base/environment/path.dsv
-- Up-to-date: /home/ros2/exam/install/demo_interfaces_base/share/demo_interfaces_base/local_setup.bash
-- Up-to-date: /home/ros2/exam/install/demo_interfaces_base/share/demo_interfaces_base/local_setup.sh
-- Up-to-date: /home/ros2/exam/install/demo_interfaces_base/share/demo_interfaces_base/local_setup.zsh
-- Installing: /home/ros2/exam/install/demo_interfaces_base/share/demo_interfaces_base/local_setup.dsv
-- Installing: /home/ros2/exam/install/demo_interfaces_base/share/demo_interfaces_base/package.dsv
-- Up-to-date: /home/ros2/exam/install/demo_interfaces_base/share/ament_index/resource_index/packages/demo_interfaces_base
-- Up-to-date: /home/ros2/exam/install/demo_interfaces_base/share/demo_interfaces_base/cmake/export_demo_interfaces_base__rosidl_generator_cExport.cmake
-- Up-to-date: /home/ros2/exam/install/demo_interfaces_base/share/demo_interfaces_base/cmake/export_demo_interfaces_base__rosidl_generator_cExport-noconfig.cmake
-- Up-to-date: /home/ros2/exam/install/demo_interfaces_base/share/demo_interfaces_base/cmake/export_demo_interfaces_base__rosidl_typesupport_fastrtps_cExport.cmake
-- Up-to-date: /home/ros2/exam/install/demo_interfaces_base/share/demo_interfaces_base/cmake/export_demo_interfaces_base__rosidl_typesupport_fastrtps_cExport-noconfig.cmake
-- Up-to-date: /home/ros2/exam/install/demo_interfaces_base/share/demo_interfaces_base/cmake/demo_interfaces_base__rosidl_typesupport_introspection_cExport.cmake
-- Up-to-date: /home/ros2/exam/install/demo_interfaces_base/share/demo_interfaces_base/cmake/demo_interfaces_base__rosidl_typesupport_introspection_cExport-noconfig.cmake
-- Up-to-date: /home/ros2/exam/install/demo_interfaces_base/share/demo_interfaces_base/cmake/demo_interfaces_base__rosidl_typesupport_cExport.cmake
-- Up-to-date: /home/ros2/exam/install/demo_interfaces_base/share/demo_interfaces_base/cmake/demo_interfaces_base__rosidl_typesupport_cExport-noconfig.cmake
-- Up-to-date: /home/ros2/exam/install/demo_interfaces_base/share/demo_interfaces_base/cmake/export_demo_interfaces_base__rosidl_generator_cppExport.cmake
-- Up-to-date: /home/ros2/exam/install/demo_interfaces_base/share/demo_interfaces_base/cmake/export_demo_interfaces_base__rosidl_typesupport_fastrtps_cppExport.cmake
-- Up-to-date: /home/ros2/exam/install/demo_interfaces_base/share/demo_interfaces_base/cmake/export_demo_interfaces_base__rosidl_typesupport_fastrtps_cppExport-noconfig.cmake
-- Up-to-date: /home/ros2/exam/install/demo_interfaces_base/share/demo_interfaces_base/cmake/demo_interfaces_base__rosidl_typesupport_introspection_cppExport.cmake
-- Up-to-date: /home/ros2/exam/install/demo_interfaces_base/share/demo_interfaces_base/cmake/demo_interfaces_base__rosidl_typesupport_introspection_cppExport-noconfig.cmake
-- Up-to-date: /home/ros2/exam/install/demo_interfaces_base/share/demo_interfaces_base/cmake/demo_interfaces_base__rosidl_typesupport_cppExport.cmake
-- Up-to-date: /home/ros2/exam/install/demo_interfaces_base/share/demo_interfaces_base/cmake/demo_interfaces_base__rosidl_typesupport_cppExport-noconfig.cmake
-- Up-to-date: /home/ros2/exam/install/demo_interfaces_base/share/demo_interfaces_base/cmake/export_demo_interfaces_base__rosidl_generator_pyExport.cmake
-- Up-to-date: /home/ros2/exam/install/demo_interfaces_base/share/demo_interfaces_base/cmake/export_demo_interfaces_base__rosidl_generator_pyExport-noconfig.cmake
-- Installing: /home/ros2/exam/install/demo_interfaces_base/share/demo_interfaces_base/cmake/rosidl_cmake-extras.cmake
-- Up-to-date: /home/ros2/exam/install/demo_interfaces_base/share/demo_interfaces_base/cmake/ament_cmake_export_dependencies-extras.cmake
-- Up-to-date: /home/ros2/exam/install/demo_interfaces_base/share/demo_interfaces_base/cmake/ament_cmake_export_include_directories-extras.cmake
-- Up-to-date: /home/ros2/exam/install/demo_interfaces_base/share/demo_interfaces_base/cmake/ament_cmake_export_libraries-extras.cmake
-- Up-to-date: /home/ros2/exam/install/demo_interfaces_base/share/demo_interfaces_base/cmake/ament_cmake_export_targets-extras.cmake
-- Up-to-date: /home/ros2/exam/install/demo_interfaces_base/share/demo_interfaces_base/cmake/rosidl_cmake_export_typesupport_targets-extras.cmake
-- Up-to-date: /home/ros2/exam/install/demo_interfaces_base/share/demo_interfaces_base/cmake/rosidl_cmake_export_typesupport_libraries-extras.cmake
-- Up-to-date: /home/ros2/exam/install/demo_interfaces_base/share/demo_interfaces_base/cmake/demo_interfaces_baseConfig.cmake
-- Up-to-date: /home/ros2/exam/install/demo_interfaces_base/share/demo_interfaces_base/cmake/demo_interfaces_baseConfig-version.cmake
-- Up-to-date: /home/ros2/exam/install/demo_interfaces_base/share/demo_interfaces_base/package.xml
