[0.175s] DEBUG:colcon:Command line arguments: ['/usr/bin/colcon', 'build', '--packages-select', 'demo_interfaces_base']
[0.175s] DEBUG:colcon:Parsed command line arguments: Namespace(log_base=None, log_level=None, verb_name='build', build_base='build', install_base='install', merge_install=False, symlink_install=False, test_result_base=None, continue_on_error=False, executor='parallel', parallel_workers=12, event_handlers=None, ignore_user_meta=False, metas=['./colcon.meta'], base_paths=['.'], packages_ignore=None, packages_ignore_regex=None, paths=None, packages_up_to=None, packages_up_to_regex=None, packages_above=None, packages_above_and_dependencies=None, packages_above_depth=None, packages_select_by_dep=None, packages_skip_by_dep=None, packages_skip_up_to=None, packages_select_build_failed=False, packages_skip_build_finished=False, packages_select_test_failures=False, packages_skip_test_passed=False, packages_select=['demo_interfaces_base'], packages_skip=None, packages_select_regex=None, packages_skip_regex=None, packages_start=None, packages_end=None, allow_overriding=[], cmake_args=None, cmake_target=None, cmake_target_skip_unavailable=False, cmake_clean_cache=False, cmake_clean_first=False, cmake_force_configure=False, ament_cmake_args=None, catkin_cmake_args=None, catkin_skip_building_tests=False, verb_parser=<colcon_defaults.argument_parser.defaults.DefaultArgumentsDecorator object at 0x76802010add0>, verb_extension=<colcon_core.verb.build.BuildVerb object at 0x76802010a230>, main=<bound method BuildVerb.main of <colcon_core.verb.build.BuildVerb object at 0x76802010a230>>)
[0.384s] Level 1:colcon.colcon_core.package_discovery:discover_packages(colcon_meta) check parameters
[0.384s] Level 1:colcon.colcon_core.package_discovery:discover_packages(recursive) check parameters
[0.384s] Level 1:colcon.colcon_core.package_discovery:discover_packages(ignore) check parameters
[0.384s] Level 1:colcon.colcon_core.package_discovery:discover_packages(path) check parameters
[0.384s] Level 1:colcon.colcon_core.package_discovery:discover_packages(colcon_meta) discover
[0.384s] Level 1:colcon.colcon_core.package_discovery:discover_packages(recursive) discover
[0.384s] INFO:colcon.colcon_core.package_discovery:Crawling recursively for packages in '/home/ros2/exam'
[0.384s] Level 1:colcon.colcon_core.package_identification:_identify(.) by extensions ['ignore', 'ignore_ament_install']
[0.385s] Level 1:colcon.colcon_core.package_identification:_identify(.) by extension 'ignore'
[0.385s] Level 1:colcon.colcon_core.package_identification:_identify(.) by extension 'ignore_ament_install'
[0.385s] Level 1:colcon.colcon_core.package_identification:_identify(.) by extensions ['colcon_pkg']
[0.385s] Level 1:colcon.colcon_core.package_identification:_identify(.) by extension 'colcon_pkg'
[0.385s] Level 1:colcon.colcon_core.package_identification:_identify(.) by extensions ['colcon_meta']
[0.385s] Level 1:colcon.colcon_core.package_identification:_identify(.) by extension 'colcon_meta'
[0.385s] Level 1:colcon.colcon_core.package_identification:_identify(.) by extensions ['ros']
[0.385s] Level 1:colcon.colcon_core.package_identification:_identify(.) by extension 'ros'
[0.405s] Level 1:colcon.colcon_core.package_identification:_identify(.) by extensions ['cmake', 'python']
[0.405s] Level 1:colcon.colcon_core.package_identification:_identify(.) by extension 'cmake'
[0.405s] Level 1:colcon.colcon_core.package_identification:_identify(.) by extension 'python'
[0.406s] Level 1:colcon.colcon_core.package_identification:_identify(.) by extensions ['python_setup_py']
[0.406s] Level 1:colcon.colcon_core.package_identification:_identify(.) by extension 'python_setup_py'
[0.406s] Level 1:colcon.colcon_core.package_identification:_identify(build) by extensions ['ignore', 'ignore_ament_install']
[0.406s] Level 1:colcon.colcon_core.package_identification:_identify(build) by extension 'ignore'
[0.406s] Level 1:colcon.colcon_core.package_identification:_identify(build) ignored
[0.406s] Level 1:colcon.colcon_core.package_identification:_identify(cpp01_topic) by extensions ['ignore', 'ignore_ament_install']
[0.406s] Level 1:colcon.colcon_core.package_identification:_identify(cpp01_topic) by extension 'ignore'
[0.406s] Level 1:colcon.colcon_core.package_identification:_identify(cpp01_topic) by extension 'ignore_ament_install'
[0.406s] Level 1:colcon.colcon_core.package_identification:_identify(cpp01_topic) by extensions ['colcon_pkg']
[0.406s] Level 1:colcon.colcon_core.package_identification:_identify(cpp01_topic) by extension 'colcon_pkg'
[0.406s] Level 1:colcon.colcon_core.package_identification:_identify(cpp01_topic) by extensions ['colcon_meta']
[0.406s] Level 1:colcon.colcon_core.package_identification:_identify(cpp01_topic) by extension 'colcon_meta'
[0.406s] Level 1:colcon.colcon_core.package_identification:_identify(cpp01_topic) by extensions ['ros']
[0.406s] Level 1:colcon.colcon_core.package_identification:_identify(cpp01_topic) by extension 'ros'
[0.410s] DEBUG:colcon.colcon_core.package_identification:Package 'cpp01_topic' with type 'ros.ament_cmake' and name 'cpp01_topic'
[0.410s] Level 1:colcon.colcon_core.package_identification:_identify(cpp02_service) by extensions ['ignore', 'ignore_ament_install']
[0.410s] Level 1:colcon.colcon_core.package_identification:_identify(cpp02_service) by extension 'ignore'
[0.410s] Level 1:colcon.colcon_core.package_identification:_identify(cpp02_service) by extension 'ignore_ament_install'
[0.410s] Level 1:colcon.colcon_core.package_identification:_identify(cpp02_service) by extensions ['colcon_pkg']
[0.410s] Level 1:colcon.colcon_core.package_identification:_identify(cpp02_service) by extension 'colcon_pkg'
[0.410s] Level 1:colcon.colcon_core.package_identification:_identify(cpp02_service) by extensions ['colcon_meta']
[0.410s] Level 1:colcon.colcon_core.package_identification:_identify(cpp02_service) by extension 'colcon_meta'
[0.410s] Level 1:colcon.colcon_core.package_identification:_identify(cpp02_service) by extensions ['ros']
[0.410s] Level 1:colcon.colcon_core.package_identification:_identify(cpp02_service) by extension 'ros'
[0.411s] DEBUG:colcon.colcon_core.package_identification:Package 'cpp02_service' with type 'ros.ament_cmake' and name 'cpp02_service'
[0.411s] Level 1:colcon.colcon_core.package_identification:_identify(cpp03_action) by extensions ['ignore', 'ignore_ament_install']
[0.411s] Level 1:colcon.colcon_core.package_identification:_identify(cpp03_action) by extension 'ignore'
[0.411s] Level 1:colcon.colcon_core.package_identification:_identify(cpp03_action) by extension 'ignore_ament_install'
[0.411s] Level 1:colcon.colcon_core.package_identification:_identify(cpp03_action) by extensions ['colcon_pkg']
[0.412s] Level 1:colcon.colcon_core.package_identification:_identify(cpp03_action) by extension 'colcon_pkg'
[0.412s] Level 1:colcon.colcon_core.package_identification:_identify(cpp03_action) by extensions ['colcon_meta']
[0.412s] Level 1:colcon.colcon_core.package_identification:_identify(cpp03_action) by extension 'colcon_meta'
[0.412s] Level 1:colcon.colcon_core.package_identification:_identify(cpp03_action) by extensions ['ros']
[0.412s] Level 1:colcon.colcon_core.package_identification:_identify(cpp03_action) by extension 'ros'
[0.412s] DEBUG:colcon.colcon_core.package_identification:Package 'cpp03_action' with type 'ros.ament_cmake' and name 'cpp03_action'
[0.413s] Level 1:colcon.colcon_core.package_identification:_identify(cpp04_param) by extensions ['ignore', 'ignore_ament_install']
[0.413s] Level 1:colcon.colcon_core.package_identification:_identify(cpp04_param) by extension 'ignore'
[0.413s] Level 1:colcon.colcon_core.package_identification:_identify(cpp04_param) by extension 'ignore_ament_install'
[0.413s] Level 1:colcon.colcon_core.package_identification:_identify(cpp04_param) by extensions ['colcon_pkg']
[0.413s] Level 1:colcon.colcon_core.package_identification:_identify(cpp04_param) by extension 'colcon_pkg'
[0.413s] Level 1:colcon.colcon_core.package_identification:_identify(cpp04_param) by extensions ['colcon_meta']
[0.413s] Level 1:colcon.colcon_core.package_identification:_identify(cpp04_param) by extension 'colcon_meta'
[0.413s] Level 1:colcon.colcon_core.package_identification:_identify(cpp04_param) by extensions ['ros']
[0.413s] Level 1:colcon.colcon_core.package_identification:_identify(cpp04_param) by extension 'ros'
[0.414s] DEBUG:colcon.colcon_core.package_identification:Package 'cpp04_param' with type 'ros.ament_cmake' and name 'cpp04_param'
[0.414s] Level 1:colcon.colcon_core.package_identification:_identify(cpp05_time) by extensions ['ignore', 'ignore_ament_install']
[0.414s] Level 1:colcon.colcon_core.package_identification:_identify(cpp05_time) by extension 'ignore'
[0.414s] Level 1:colcon.colcon_core.package_identification:_identify(cpp05_time) by extension 'ignore_ament_install'
[0.414s] Level 1:colcon.colcon_core.package_identification:_identify(cpp05_time) by extensions ['colcon_pkg']
[0.414s] Level 1:colcon.colcon_core.package_identification:_identify(cpp05_time) by extension 'colcon_pkg'
[0.414s] Level 1:colcon.colcon_core.package_identification:_identify(cpp05_time) by extensions ['colcon_meta']
[0.414s] Level 1:colcon.colcon_core.package_identification:_identify(cpp05_time) by extension 'colcon_meta'
[0.414s] Level 1:colcon.colcon_core.package_identification:_identify(cpp05_time) by extensions ['ros']
[0.414s] Level 1:colcon.colcon_core.package_identification:_identify(cpp05_time) by extension 'ros'
[0.415s] DEBUG:colcon.colcon_core.package_identification:Package 'cpp05_time' with type 'ros.ament_cmake' and name 'cpp05_time'
[0.415s] Level 1:colcon.colcon_core.package_identification:_identify(cpp06_exercise) by extensions ['ignore', 'ignore_ament_install']
[0.415s] Level 1:colcon.colcon_core.package_identification:_identify(cpp06_exercise) by extension 'ignore'
[0.415s] Level 1:colcon.colcon_core.package_identification:_identify(cpp06_exercise) by extension 'ignore_ament_install'
[0.415s] Level 1:colcon.colcon_core.package_identification:_identify(cpp06_exercise) by extensions ['colcon_pkg']
[0.415s] Level 1:colcon.colcon_core.package_identification:_identify(cpp06_exercise) by extension 'colcon_pkg'
[0.415s] Level 1:colcon.colcon_core.package_identification:_identify(cpp06_exercise) by extensions ['colcon_meta']
[0.415s] Level 1:colcon.colcon_core.package_identification:_identify(cpp06_exercise) by extension 'colcon_meta'
[0.415s] Level 1:colcon.colcon_core.package_identification:_identify(cpp06_exercise) by extensions ['ros']
[0.415s] Level 1:colcon.colcon_core.package_identification:_identify(cpp06_exercise) by extension 'ros'
[0.416s] DEBUG:colcon.colcon_core.package_identification:Package 'cpp06_exercise' with type 'ros.ament_cmake' and name 'cpp06_exercise'
[0.416s] Level 1:colcon.colcon_core.package_identification:_identify(demo_interfaces_base) by extensions ['ignore', 'ignore_ament_install']
[0.416s] Level 1:colcon.colcon_core.package_identification:_identify(demo_interfaces_base) by extension 'ignore'
[0.416s] Level 1:colcon.colcon_core.package_identification:_identify(demo_interfaces_base) by extension 'ignore_ament_install'
[0.416s] Level 1:colcon.colcon_core.package_identification:_identify(demo_interfaces_base) by extensions ['colcon_pkg']
[0.416s] Level 1:colcon.colcon_core.package_identification:_identify(demo_interfaces_base) by extension 'colcon_pkg'
[0.416s] Level 1:colcon.colcon_core.package_identification:_identify(demo_interfaces_base) by extensions ['colcon_meta']
[0.416s] Level 1:colcon.colcon_core.package_identification:_identify(demo_interfaces_base) by extension 'colcon_meta'
[0.416s] Level 1:colcon.colcon_core.package_identification:_identify(demo_interfaces_base) by extensions ['ros']
[0.416s] Level 1:colcon.colcon_core.package_identification:_identify(demo_interfaces_base) by extension 'ros'
[0.417s] DEBUG:colcon.colcon_core.package_identification:Package 'demo_interfaces_base' with type 'ros.ament_cmake' and name 'demo_interfaces_base'
[0.417s] Level 1:colcon.colcon_core.package_identification:_identify(install) by extensions ['ignore', 'ignore_ament_install']
[0.417s] Level 1:colcon.colcon_core.package_identification:_identify(install) by extension 'ignore'
[0.417s] Level 1:colcon.colcon_core.package_identification:_identify(install) ignored
[0.418s] Level 1:colcon.colcon_core.package_identification:_identify(log) by extensions ['ignore', 'ignore_ament_install']
[0.418s] Level 1:colcon.colcon_core.package_identification:_identify(log) by extension 'ignore'
[0.418s] Level 1:colcon.colcon_core.package_identification:_identify(log) ignored
[0.418s] Level 1:colcon.colcon_core.package_identification:_identify(turtlesim) by extensions ['ignore', 'ignore_ament_install']
[0.418s] Level 1:colcon.colcon_core.package_identification:_identify(turtlesim) by extension 'ignore'
[0.418s] Level 1:colcon.colcon_core.package_identification:_identify(turtlesim) by extension 'ignore_ament_install'
[0.418s] Level 1:colcon.colcon_core.package_identification:_identify(turtlesim) by extensions ['colcon_pkg']
[0.418s] Level 1:colcon.colcon_core.package_identification:_identify(turtlesim) by extension 'colcon_pkg'
[0.418s] Level 1:colcon.colcon_core.package_identification:_identify(turtlesim) by extensions ['colcon_meta']
[0.418s] Level 1:colcon.colcon_core.package_identification:_identify(turtlesim) by extension 'colcon_meta'
[0.418s] Level 1:colcon.colcon_core.package_identification:_identify(turtlesim) by extensions ['ros']
[0.418s] Level 1:colcon.colcon_core.package_identification:_identify(turtlesim) by extension 'ros'
[0.419s] DEBUG:colcon.colcon_core.package_identification:Package 'turtlesim' with type 'ros.ament_cmake' and name 'turtlesim'
[0.419s] Level 1:colcon.colcon_core.package_discovery:discover_packages(recursive) using defaults
[0.419s] Level 1:colcon.colcon_core.package_discovery:discover_packages(ignore) discover
[0.419s] Level 1:colcon.colcon_core.package_discovery:discover_packages(ignore) using defaults
[0.419s] Level 1:colcon.colcon_core.package_discovery:discover_packages(path) discover
[0.419s] Level 1:colcon.colcon_core.package_discovery:discover_packages(path) using defaults
[0.451s] INFO:colcon.colcon_core.package_selection:Skipping not selected package 'cpp05_time' in 'cpp05_time'
[0.451s] INFO:colcon.colcon_core.package_selection:Skipping not selected package 'turtlesim' in 'turtlesim'
[0.451s] INFO:colcon.colcon_core.package_selection:Skipping not selected package 'cpp01_topic' in 'cpp01_topic'
[0.451s] INFO:colcon.colcon_core.package_selection:Skipping not selected package 'cpp02_service' in 'cpp02_service'
[0.452s] INFO:colcon.colcon_core.package_selection:Skipping not selected package 'cpp03_action' in 'cpp03_action'
[0.452s] INFO:colcon.colcon_core.package_selection:Skipping not selected package 'cpp04_param' in 'cpp04_param'
[0.452s] INFO:colcon.colcon_core.package_selection:Skipping not selected package 'cpp06_exercise' in 'cpp06_exercise'
[0.452s] Level 1:colcon.colcon_core.package_discovery:discover_packages(prefix_path) check parameters
[0.452s] Level 1:colcon.colcon_core.package_discovery:discover_packages(prefix_path) discover
[0.456s] DEBUG:colcon.colcon_installed_package_information.package_discovery:Found 271 installed packages in /opt/ros/humble
[0.468s] Level 1:colcon.colcon_core.package_discovery:discover_packages(prefix_path) using defaults
[0.520s] Level 5:colcon.colcon_core.verb:set package 'demo_interfaces_base' build argument 'cmake_args' from command line to 'None'
[0.520s] Level 5:colcon.colcon_core.verb:set package 'demo_interfaces_base' build argument 'cmake_target' from command line to 'None'
[0.520s] Level 5:colcon.colcon_core.verb:set package 'demo_interfaces_base' build argument 'cmake_target_skip_unavailable' from command line to 'False'
[0.520s] Level 5:colcon.colcon_core.verb:set package 'demo_interfaces_base' build argument 'cmake_clean_cache' from command line to 'False'
[0.520s] Level 5:colcon.colcon_core.verb:set package 'demo_interfaces_base' build argument 'cmake_clean_first' from command line to 'False'
[0.520s] Level 5:colcon.colcon_core.verb:set package 'demo_interfaces_base' build argument 'cmake_force_configure' from command line to 'False'
[0.520s] Level 5:colcon.colcon_core.verb:set package 'demo_interfaces_base' build argument 'ament_cmake_args' from command line to 'None'
[0.520s] Level 5:colcon.colcon_core.verb:set package 'demo_interfaces_base' build argument 'catkin_cmake_args' from command line to 'None'
[0.520s] Level 5:colcon.colcon_core.verb:set package 'demo_interfaces_base' build argument 'catkin_skip_building_tests' from command line to 'False'
[0.520s] DEBUG:colcon.colcon_core.verb:Building package 'demo_interfaces_base' with the following arguments: {'ament_cmake_args': None, 'build_base': '/home/ros2/exam/build/demo_interfaces_base', 'catkin_cmake_args': None, 'catkin_skip_building_tests': False, 'cmake_args': None, 'cmake_clean_cache': False, 'cmake_clean_first': False, 'cmake_force_configure': False, 'cmake_target': None, 'cmake_target_skip_unavailable': False, 'install_base': '/home/ros2/exam/install/demo_interfaces_base', 'merge_install': False, 'path': '/home/ros2/exam/demo_interfaces_base', 'symlink_install': False, 'test_result_base': None}
[0.520s] INFO:colcon.colcon_core.executor:Executing jobs using 'parallel' executor
[0.522s] DEBUG:colcon.colcon_parallel_executor.executor.parallel:run_until_complete
[0.523s] INFO:colcon.colcon_ros.task.ament_cmake.build:Building ROS package in '/home/ros2/exam/demo_interfaces_base' with build type 'ament_cmake'
[0.523s] INFO:colcon.colcon_cmake.task.cmake.build:Building CMake package in '/home/ros2/exam/demo_interfaces_base'
[0.527s] INFO:colcon.colcon_core.plugin_system:Skipping extension 'colcon_core.shell.bat': Not used on non-Windows systems
[0.527s] INFO:colcon.colcon_core.shell:Skip shell extension 'powershell' for command environment: Not usable outside of PowerShell
[0.528s] DEBUG:colcon.colcon_core.shell:Skip shell extension 'dsv' for command environment
[0.557s] DEBUG:colcon.colcon_core.event_handler.log_command:Invoking command in '/home/ros2/exam/build/demo_interfaces_base': CMAKE_PREFIX_PATH=/opt/ros/humble /usr/bin/cmake --build /home/ros2/exam/build/demo_interfaces_base -- -j12 -l12
[9.337s] DEBUG:colcon.colcon_core.event_handler.log_command:Invoked command in '/home/ros2/exam/build/demo_interfaces_base' returned '0': CMAKE_PREFIX_PATH=/opt/ros/humble /usr/bin/cmake --build /home/ros2/exam/build/demo_interfaces_base -- -j12 -l12
[9.353s] DEBUG:colcon.colcon_core.event_handler.log_command:Invoking command in '/home/ros2/exam/build/demo_interfaces_base': CMAKE_PREFIX_PATH=/opt/ros/humble /usr/bin/cmake --install /home/ros2/exam/build/demo_interfaces_base
[9.580s] Level 1:colcon.colcon_core.environment:create_environment_scripts_only(demo_interfaces_base)
[9.582s] DEBUG:colcon.colcon_core.event_handler.log_command:Invoked command in '/home/ros2/exam/build/demo_interfaces_base' returned '0': CMAKE_PREFIX_PATH=/opt/ros/humble /usr/bin/cmake --install /home/ros2/exam/build/demo_interfaces_base
[9.585s] Level 1:colcon.colcon_core.environment:checking '/home/ros2/exam/install/demo_interfaces_base' for CMake module files
[9.586s] Level 1:colcon.colcon_core.environment:checking '/home/ros2/exam/install/demo_interfaces_base' for CMake config files
[9.587s] Level 1:colcon.colcon_core.shell:create_environment_hook('demo_interfaces_base', 'cmake_prefix_path')
[9.587s] INFO:colcon.colcon_core.shell:Creating environment hook '/home/ros2/exam/install/demo_interfaces_base/share/demo_interfaces_base/hook/cmake_prefix_path.ps1'
[9.589s] INFO:colcon.colcon_core.shell:Creating environment descriptor '/home/ros2/exam/install/demo_interfaces_base/share/demo_interfaces_base/hook/cmake_prefix_path.dsv'
[9.590s] INFO:colcon.colcon_core.shell:Creating environment hook '/home/ros2/exam/install/demo_interfaces_base/share/demo_interfaces_base/hook/cmake_prefix_path.sh'
[9.592s] Level 1:colcon.colcon_core.environment:checking '/home/ros2/exam/install/demo_interfaces_base/lib'
[9.592s] Level 1:colcon.colcon_core.shell:create_environment_hook('demo_interfaces_base', 'ld_library_path_lib')
[9.593s] INFO:colcon.colcon_core.shell:Creating environment hook '/home/ros2/exam/install/demo_interfaces_base/share/demo_interfaces_base/hook/ld_library_path_lib.ps1'
[9.595s] INFO:colcon.colcon_core.shell:Creating environment descriptor '/home/ros2/exam/install/demo_interfaces_base/share/demo_interfaces_base/hook/ld_library_path_lib.dsv'
[9.596s] INFO:colcon.colcon_core.shell:Creating environment hook '/home/ros2/exam/install/demo_interfaces_base/share/demo_interfaces_base/hook/ld_library_path_lib.sh'
[9.597s] Level 1:colcon.colcon_core.environment:checking '/home/ros2/exam/install/demo_interfaces_base/bin'
[9.597s] Level 1:colcon.colcon_core.environment:checking '/home/ros2/exam/install/demo_interfaces_base/lib/pkgconfig/demo_interfaces_base.pc'
[9.598s] Level 1:colcon.colcon_core.environment:checking '/home/ros2/exam/install/demo_interfaces_base/lib/python3.10/site-packages'
[9.598s] Level 1:colcon.colcon_core.environment:checking '/home/ros2/exam/install/demo_interfaces_base/bin'
[9.599s] INFO:colcon.colcon_core.shell:Creating package script '/home/ros2/exam/install/demo_interfaces_base/share/demo_interfaces_base/package.ps1'
[9.601s] INFO:colcon.colcon_core.shell:Creating package descriptor '/home/ros2/exam/install/demo_interfaces_base/share/demo_interfaces_base/package.dsv'
[9.602s] INFO:colcon.colcon_core.shell:Creating package script '/home/ros2/exam/install/demo_interfaces_base/share/demo_interfaces_base/package.sh'
[9.604s] INFO:colcon.colcon_core.shell:Creating package script '/home/ros2/exam/install/demo_interfaces_base/share/demo_interfaces_base/package.bash'
[9.606s] INFO:colcon.colcon_core.shell:Creating package script '/home/ros2/exam/install/demo_interfaces_base/share/demo_interfaces_base/package.zsh'
[9.607s] Level 1:colcon.colcon_core.environment:create_file_with_runtime_dependencies(/home/ros2/exam/install/demo_interfaces_base/share/colcon-core/packages/demo_interfaces_base)
[9.609s] Level 1:colcon.colcon_core.environment:create_environment_scripts_only(demo_interfaces_base)
[9.609s] Level 1:colcon.colcon_core.environment:checking '/home/ros2/exam/install/demo_interfaces_base' for CMake module files
[9.611s] Level 1:colcon.colcon_core.environment:checking '/home/ros2/exam/install/demo_interfaces_base' for CMake config files
[9.611s] Level 1:colcon.colcon_core.shell:create_environment_hook('demo_interfaces_base', 'cmake_prefix_path')
[9.612s] INFO:colcon.colcon_core.shell:Creating environment hook '/home/ros2/exam/install/demo_interfaces_base/share/demo_interfaces_base/hook/cmake_prefix_path.ps1'
[9.613s] INFO:colcon.colcon_core.shell:Creating environment descriptor '/home/ros2/exam/install/demo_interfaces_base/share/demo_interfaces_base/hook/cmake_prefix_path.dsv'
[9.614s] INFO:colcon.colcon_core.shell:Creating environment hook '/home/ros2/exam/install/demo_interfaces_base/share/demo_interfaces_base/hook/cmake_prefix_path.sh'
[9.615s] Level 1:colcon.colcon_core.environment:checking '/home/ros2/exam/install/demo_interfaces_base/lib'
[9.615s] Level 1:colcon.colcon_core.shell:create_environment_hook('demo_interfaces_base', 'ld_library_path_lib')
[9.616s] INFO:colcon.colcon_core.shell:Creating environment hook '/home/ros2/exam/install/demo_interfaces_base/share/demo_interfaces_base/hook/ld_library_path_lib.ps1'
[9.616s] INFO:colcon.colcon_core.shell:Creating environment descriptor '/home/ros2/exam/install/demo_interfaces_base/share/demo_interfaces_base/hook/ld_library_path_lib.dsv'
[9.617s] INFO:colcon.colcon_core.shell:Creating environment hook '/home/ros2/exam/install/demo_interfaces_base/share/demo_interfaces_base/hook/ld_library_path_lib.sh'
[9.618s] Level 1:colcon.colcon_core.environment:checking '/home/ros2/exam/install/demo_interfaces_base/bin'
[9.618s] Level 1:colcon.colcon_core.environment:checking '/home/ros2/exam/install/demo_interfaces_base/lib/pkgconfig/demo_interfaces_base.pc'
[9.619s] Level 1:colcon.colcon_core.environment:checking '/home/ros2/exam/install/demo_interfaces_base/lib/python3.10/site-packages'
[9.619s] Level 1:colcon.colcon_core.environment:checking '/home/ros2/exam/install/demo_interfaces_base/bin'
[9.619s] INFO:colcon.colcon_core.shell:Creating package script '/home/ros2/exam/install/demo_interfaces_base/share/demo_interfaces_base/package.ps1'
[9.620s] INFO:colcon.colcon_core.shell:Creating package descriptor '/home/ros2/exam/install/demo_interfaces_base/share/demo_interfaces_base/package.dsv'
[9.621s] INFO:colcon.colcon_core.shell:Creating package script '/home/ros2/exam/install/demo_interfaces_base/share/demo_interfaces_base/package.sh'
[9.622s] INFO:colcon.colcon_core.shell:Creating package script '/home/ros2/exam/install/demo_interfaces_base/share/demo_interfaces_base/package.bash'
[9.623s] INFO:colcon.colcon_core.shell:Creating package script '/home/ros2/exam/install/demo_interfaces_base/share/demo_interfaces_base/package.zsh'
[9.624s] Level 1:colcon.colcon_core.environment:create_file_with_runtime_dependencies(/home/ros2/exam/install/demo_interfaces_base/share/colcon-core/packages/demo_interfaces_base)
[9.624s] DEBUG:colcon.colcon_parallel_executor.executor.parallel:closing loop
[9.626s] DEBUG:colcon.colcon_parallel_executor.executor.parallel:loop closed
[9.627s] DEBUG:colcon.colcon_parallel_executor.executor.parallel:run_until_complete finished with '0'
[9.627s] DEBUG:colcon.colcon_core.event_reactor:joining thread
[9.641s] INFO:colcon.colcon_core.plugin_system:Skipping extension 'colcon_notification.desktop_notification.terminal_notifier': Not used on non-Darwin systems
[9.641s] INFO:colcon.colcon_core.plugin_system:Skipping extension 'colcon_notification.desktop_notification.win32': Not used on non-Windows systems
[9.641s] INFO:colcon.colcon_notification.desktop_notification:Sending desktop notification using 'notify2'
[9.750s] DEBUG:colcon.colcon_core.event_reactor:joined thread
[9.751s] INFO:colcon.colcon_core.shell:Creating prefix script '/home/ros2/exam/install/local_setup.ps1'
[9.753s] INFO:colcon.colcon_core.shell:Creating prefix util module '/home/ros2/exam/install/_local_setup_util_ps1.py'
[9.757s] INFO:colcon.colcon_core.shell:Creating prefix chain script '/home/ros2/exam/install/setup.ps1'
[9.759s] INFO:colcon.colcon_core.shell:Creating prefix script '/home/ros2/exam/install/local_setup.sh'
[9.761s] INFO:colcon.colcon_core.shell:Creating prefix util module '/home/ros2/exam/install/_local_setup_util_sh.py'
[9.762s] INFO:colcon.colcon_core.shell:Creating prefix chain script '/home/ros2/exam/install/setup.sh'
[9.765s] INFO:colcon.colcon_core.shell:Creating prefix script '/home/ros2/exam/install/local_setup.bash'
[9.766s] INFO:colcon.colcon_core.shell:Creating prefix chain script '/home/ros2/exam/install/setup.bash'
[9.768s] INFO:colcon.colcon_core.shell:Creating prefix script '/home/ros2/exam/install/local_setup.zsh'
[9.770s] INFO:colcon.colcon_core.shell:Creating prefix chain script '/home/ros2/exam/install/setup.zsh'
