[0.089s] Invoking command in '/home/ros2/exam/build/cpp06_exercise': CMAKE_PREFIX_PATH=/home/ros2/exam/install/turtlesim:/home/ros2/exam/install/demo_interfaces_base:/home/ros2/exam/install/cpp06_exercise:/home/ros2/exam/install/cpp04_param:/home/ros2/exam/install/cpp03_action:/home/ros2/exam/install/cpp02_service:/home/ros2/exam/install/cpp01_topic:/home/ros2/exam/install/cpp05_time:/opt/ros/humble /usr/bin/cmake --build /home/ros2/exam/build/cpp06_exercise -- -j12 -l12
[0.342s] [ 83%] Built target exer02_client
[0.342s] [ 83%] Built target exer01_pub_sub
[0.342s] [100%] Built target exer02_service
[0.362s] Invoked command in '/home/ros2/exam/build/cpp06_exercise' returned '0': CMAKE_PREFIX_PATH=/home/ros2/exam/install/turtlesim:/home/ros2/exam/install/demo_interfaces_base:/home/ros2/exam/install/cpp06_exercise:/home/ros2/exam/install/cpp04_param:/home/ros2/exam/install/cpp03_action:/home/ros2/exam/install/cpp02_service:/home/ros2/exam/install/cpp01_topic:/home/ros2/exam/install/cpp05_time:/opt/ros/humble /usr/bin/cmake --build /home/ros2/exam/build/cpp06_exercise -- -j12 -l12
[0.384s] Invoking command in '/home/ros2/exam/build/cpp06_exercise': CMAKE_PREFIX_PATH=/home/ros2/exam/install/turtlesim:/home/ros2/exam/install/demo_interfaces_base:/home/ros2/exam/install/cpp06_exercise:/home/ros2/exam/install/cpp04_param:/home/ros2/exam/install/cpp03_action:/home/ros2/exam/install/cpp02_service:/home/ros2/exam/install/cpp01_topic:/home/ros2/exam/install/cpp05_time:/opt/ros/humble /usr/bin/cmake --install /home/ros2/exam/build/cpp06_exercise
[0.398s] -- Install configuration: ""
[0.399s] -- Up-to-date: /home/ros2/exam/install/cpp06_exercise/lib/cpp06_exercise/exer01_pub_sub
[0.400s] -- Up-to-date: /home/ros2/exam/install/cpp06_exercise/lib/cpp06_exercise/exer02_client
[0.400s] -- Up-to-date: /home/ros2/exam/install/cpp06_exercise/lib/cpp06_exercise/exer02_service
[0.401s] -- Up-to-date: /home/ros2/exam/install/cpp06_exercise/share/cpp06_exercise/launch
[0.401s] -- Up-to-date: /home/ros2/exam/install/cpp06_exercise/share/cpp06_exercise/launch/exer01_pub_sub_launch.py
[0.401s] -- Installing: /home/ros2/exam/install/cpp06_exercise/share/cpp06_exercise/launch/exer03_client_launch.py
[0.401s] -- Up-to-date: /home/ros2/exam/install/cpp06_exercise/share/cpp06_exercise/launch/exer02_service_launch.py
[0.402s] -- Up-to-date: /home/ros2/exam/install/cpp06_exercise/share/ament_index/resource_index/package_run_dependencies/cpp06_exercise
[0.402s] -- Up-to-date: /home/ros2/exam/install/cpp06_exercise/share/ament_index/resource_index/parent_prefix_path/cpp06_exercise
[0.402s] -- Up-to-date: /home/ros2/exam/install/cpp06_exercise/share/cpp06_exercise/environment/ament_prefix_path.sh
[0.402s] -- Up-to-date: /home/ros2/exam/install/cpp06_exercise/share/cpp06_exercise/environment/ament_prefix_path.dsv
[0.402s] -- Up-to-date: /home/ros2/exam/install/cpp06_exercise/share/cpp06_exercise/environment/path.sh
[0.402s] -- Up-to-date: /home/ros2/exam/install/cpp06_exercise/share/cpp06_exercise/environment/path.dsv
[0.402s] -- Up-to-date: /home/ros2/exam/install/cpp06_exercise/share/cpp06_exercise/local_setup.bash
[0.403s] -- Up-to-date: /home/ros2/exam/install/cpp06_exercise/share/cpp06_exercise/local_setup.sh
[0.403s] -- Up-to-date: /home/ros2/exam/install/cpp06_exercise/share/cpp06_exercise/local_setup.zsh
[0.403s] -- Up-to-date: /home/ros2/exam/install/cpp06_exercise/share/cpp06_exercise/local_setup.dsv
[0.403s] -- Installing: /home/ros2/exam/install/cpp06_exercise/share/cpp06_exercise/package.dsv
[0.403s] -- Up-to-date: /home/ros2/exam/install/cpp06_exercise/share/ament_index/resource_index/packages/cpp06_exercise
[0.403s] -- Up-to-date: /home/ros2/exam/install/cpp06_exercise/share/cpp06_exercise/cmake/cpp06_exerciseConfig.cmake
[0.404s] -- Up-to-date: /home/ros2/exam/install/cpp06_exercise/share/cpp06_exercise/cmake/cpp06_exerciseConfig-version.cmake
[0.404s] -- Up-to-date: /home/ros2/exam/install/cpp06_exercise/share/cpp06_exercise/package.xml
[0.406s] Invoked command in '/home/ros2/exam/build/cpp06_exercise' returned '0': CMAKE_PREFIX_PATH=/home/ros2/exam/install/turtlesim:/home/ros2/exam/install/demo_interfaces_base:/home/ros2/exam/install/cpp06_exercise:/home/ros2/exam/install/cpp04_param:/home/ros2/exam/install/cpp03_action:/home/ros2/exam/install/cpp02_service:/home/ros2/exam/install/cpp01_topic:/home/ros2/exam/install/cpp05_time:/opt/ros/humble /usr/bin/cmake --install /home/ros2/exam/build/cpp06_exercise
