[0.024s] Invoking command in '/home/ros2/ws01_plubing/build/cpp01_topic': CMAKE_PREFIX_PATH=/home/ros2/ws01_plubing/install/base_interfaces_demo:/home/ros2/ws01_plubing/install/cpp01_topic:/opt/ros/humble /usr/bin/cmake --build /home/ros2/ws01_plubing/build/cpp01_topic -- -j12 -l12
[0.074s] -- Found ament_cmake: 1.3.12 (/opt/ros/humble/share/ament_cmake/cmake)
[0.237s] -- Found rclcpp: 16.0.14 (/opt/ros/humble/share/rclcpp/cmake)
[0.274s] -- Found rosidl_generator_c: 3.1.7 (/opt/ros/humble/share/rosidl_generator_c/cmake)
[0.279s] -- Found rosidl_adapter: 3.1.7 (/opt/ros/humble/share/rosidl_adapter/cmake)
[0.289s] -- Found rosidl_generator_cpp: 3.1.7 (/opt/ros/humble/share/rosidl_generator_cpp/cmake)
[0.304s] -- Using all available rosidl_typesupport_c: rosidl_typesupport_fastrtps_c;rosidl_typesupport_introspection_c
[0.319s] -- Using all available rosidl_typesupport_cpp: rosidl_typesupport_fastrtps_cpp;rosidl_typesupport_introspection_cpp
[0.356s] -- Found rmw_implementation_cmake: 6.1.2 (/opt/ros/humble/share/rmw_implementation_cmake/cmake)
[0.358s] -- Found rmw_fastrtps_cpp: 6.2.8 (/opt/ros/humble/share/rmw_fastrtps_cpp/cmake)
[0.473s] -- Using RMW implementation 'rmw_fastrtps_cpp' as default
[0.529s] -- Found base_interfaces_demo: 0.0.0 (/home/ros2/ws01_plubing/install/base_interfaces_demo/share/base_interfaces_demo/cmake)
[0.549s] -- Found ament_lint_auto: 0.12.14 (/opt/ros/humble/share/ament_lint_auto/cmake)
[0.639s] -- Added test 'cppcheck' to perform static code analysis on C / C++ code
[0.639s] -- Configured cppcheck include dirs: $<BUILD_INTERFACE:/home/ros2/ws01_plubing/src/cpp01_topic/include>
[0.639s] -- Configured cppcheck exclude dirs and/or files: 
[0.639s] -- Added test 'lint_cmake' to check CMake code style
[0.641s] -- Added test 'uncrustify' to check C / C++ code style
[0.641s] -- Configured uncrustify additional arguments: 
[0.641s] -- Added test 'xmllint' to check XML markup files
[0.642s] -- Configuring done
[0.664s] -- Generating done
[0.673s] -- Build files have been written to: /home/ros2/ws01_plubing/build/cpp01_topic
[0.712s] [35m[1mConsolidate compiler generated dependencies of target demo01_listener_str[0m
[0.713s] [35m[1mConsolidate compiler generated dependencies of target demo01_talker_stu[0m
[0.713s] [35m[1mConsolidate compiler generated dependencies of target demo01_talker_str[0m
[0.714s] [35m[1mConsolidate compiler generated dependencies of target demo01_listener_stu[0m
[0.741s] [ 25%] [32mBuilding CXX object CMakeFiles/demo01_listener_stu.dir/src/demo01_listener_stu.cpp.o[0m
[0.741s] [ 25%] [32mBuilding CXX object CMakeFiles/demo01_talker_stu.dir/src/demo01_talker_stu.cpp.o[0m
[0.741s] [ 37%] [32m[1mLinking CXX executable demo01_listener_str[0m
[0.742s] [ 50%] [32m[1mLinking CXX executable demo01_talker_str[0m
[1.012s] [ 62%] Built target demo01_talker_str
[1.238s] [ 75%] Built target demo01_listener_str
[6.065s] [ 87%] [32m[1mLinking CXX executable demo01_talker_stu[0m
[6.313s] [ 87%] Built target demo01_talker_stu
[10.471s] [100%] [32m[1mLinking CXX executable demo01_listener_stu[0m
[10.911s] [100%] Built target demo01_listener_stu
[10.930s] Invoked command in '/home/ros2/ws01_plubing/build/cpp01_topic' returned '0': CMAKE_PREFIX_PATH=/home/ros2/ws01_plubing/install/base_interfaces_demo:/home/ros2/ws01_plubing/install/cpp01_topic:/opt/ros/humble /usr/bin/cmake --build /home/ros2/ws01_plubing/build/cpp01_topic -- -j12 -l12
[10.974s] Invoking command in '/home/ros2/ws01_plubing/build/cpp01_topic': CMAKE_PREFIX_PATH=/home/ros2/ws01_plubing/install/base_interfaces_demo:/home/ros2/ws01_plubing/install/cpp01_topic:/opt/ros/humble /usr/bin/cmake --install /home/ros2/ws01_plubing/build/cpp01_topic
[10.986s] -- Install configuration: ""
[10.987s] -- Installing: /home/ros2/ws01_plubing/install/cpp01_topic/lib/cpp01_topic/demo01_talker_str
[10.989s] -- Set runtime path of "/home/ros2/ws01_plubing/install/cpp01_topic/lib/cpp01_topic/demo01_talker_str" to ""
[10.990s] -- Installing: /home/ros2/ws01_plubing/install/cpp01_topic/lib/cpp01_topic/demo01_listener_str
[10.995s] -- Set runtime path of "/home/ros2/ws01_plubing/install/cpp01_topic/lib/cpp01_topic/demo01_listener_str" to ""
[10.996s] -- Installing: /home/ros2/ws01_plubing/install/cpp01_topic/lib/cpp01_topic/demo01_talker_stu
[10.998s] -- Set runtime path of "/home/ros2/ws01_plubing/install/cpp01_topic/lib/cpp01_topic/demo01_talker_stu" to ""
[10.999s] -- Installing: /home/ros2/ws01_plubing/install/cpp01_topic/lib/cpp01_topic/demo01_listener_stu
[11.005s] -- Set runtime path of "/home/ros2/ws01_plubing/install/cpp01_topic/lib/cpp01_topic/demo01_listener_stu" to ""
[11.005s] -- Up-to-date: /home/ros2/ws01_plubing/install/cpp01_topic/share/ament_index/resource_index/package_run_dependencies/cpp01_topic
[11.005s] -- Up-to-date: /home/ros2/ws01_plubing/install/cpp01_topic/share/ament_index/resource_index/parent_prefix_path/cpp01_topic
[11.005s] -- Up-to-date: /home/ros2/ws01_plubing/install/cpp01_topic/share/cpp01_topic/environment/ament_prefix_path.sh
[11.006s] -- Installing: /home/ros2/ws01_plubing/install/cpp01_topic/share/cpp01_topic/environment/ament_prefix_path.dsv
[11.006s] -- Up-to-date: /home/ros2/ws01_plubing/install/cpp01_topic/share/cpp01_topic/environment/path.sh
[11.006s] -- Installing: /home/ros2/ws01_plubing/install/cpp01_topic/share/cpp01_topic/environment/path.dsv
[11.006s] -- Up-to-date: /home/ros2/ws01_plubing/install/cpp01_topic/share/cpp01_topic/local_setup.bash
[11.007s] -- Up-to-date: /home/ros2/ws01_plubing/install/cpp01_topic/share/cpp01_topic/local_setup.sh
[11.007s] -- Up-to-date: /home/ros2/ws01_plubing/install/cpp01_topic/share/cpp01_topic/local_setup.zsh
[11.007s] -- Installing: /home/ros2/ws01_plubing/install/cpp01_topic/share/cpp01_topic/local_setup.dsv
[11.007s] -- Installing: /home/ros2/ws01_plubing/install/cpp01_topic/share/cpp01_topic/package.dsv
[11.007s] -- Up-to-date: /home/ros2/ws01_plubing/install/cpp01_topic/share/ament_index/resource_index/packages/cpp01_topic
[11.007s] -- Up-to-date: /home/ros2/ws01_plubing/install/cpp01_topic/share/cpp01_topic/cmake/cpp01_topicConfig.cmake
[11.007s] -- Up-to-date: /home/ros2/ws01_plubing/install/cpp01_topic/share/cpp01_topic/cmake/cpp01_topicConfig-version.cmake
[11.007s] -- Up-to-date: /home/ros2/ws01_plubing/install/cpp01_topic/share/cpp01_topic/package.xml
[11.010s] Invoked command in '/home/ros2/ws01_plubing/build/cpp01_topic' returned '0': CMAKE_PREFIX_PATH=/home/ros2/ws01_plubing/install/base_interfaces_demo:/home/ros2/ws01_plubing/install/cpp01_topic:/opt/ros/humble /usr/bin/cmake --install /home/ros2/ws01_plubing/build/cpp01_topic
