[0.067s] Invoking command in '/home/ros2/ws01_plubing/src/build/base_interfaces_demo': CMAKE_PREFIX_PATH=/opt/ros/humble /usr/bin/cmake /home/ros2/ws01_plubing/src/base_interfaces_demo -DCMAKE_INSTALL_PREFIX=/home/ros2/ws01_plubing/src/install/base_interfaces_demo
[0.757s] -- The C compiler identification is GNU 11.4.0
[1.178s] -- The CXX compiler identification is GNU 11.4.0
[1.253s] -- Detecting C compiler ABI info
[1.432s] -- Detecting C compiler ABI info - done
[1.440s] -- Check for working C compiler: /usr/bin/cc - skipped
[1.444s] -- Detecting C compile features
[1.452s] -- Detecting C compile features - done
[1.470s] -- Detecting CXX compiler ABI info
[1.633s] -- Detecting CXX compiler ABI info - done
[1.643s] -- Check for working CXX compiler: /usr/bin/c++ - skipped
[1.644s] -- Detecting CXX compile features
[1.644s] -- Detecting CXX compile features - done
[1.658s] -- Found ament_cmake: 1.3.12 (/opt/ros/humble/share/ament_cmake/cmake)
[1.931s] -- Found Python3: /usr/bin/python3 (found version "3.10.12") found components: Interpreter 
[2.286s] -- Found ament_lint_auto: 0.12.14 (/opt/ros/humble/share/ament_lint_auto/cmake)
[2.477s] -- Added test 'lint_cmake' to check CMake code style
[2.489s] -- Added test 'xmllint' to check XML markup files
[2.501s] -- Configuring done
[2.511s] -- Generating done
[2.517s] -- Build files have been written to: /home/ros2/ws01_plubing/src/build/base_interfaces_demo
[2.524s] Invoked command in '/home/ros2/ws01_plubing/src/build/base_interfaces_demo' returned '0': CMAKE_PREFIX_PATH=/opt/ros/humble /usr/bin/cmake /home/ros2/ws01_plubing/src/base_interfaces_demo -DCMAKE_INSTALL_PREFIX=/home/ros2/ws01_plubing/src/install/base_interfaces_demo
[2.526s] Invoking command in '/home/ros2/ws01_plubing/src/build/base_interfaces_demo': CMAKE_PREFIX_PATH=/opt/ros/humble /usr/bin/cmake --build /home/ros2/ws01_plubing/src/build/base_interfaces_demo -- -j12 -l12
[2.596s] Invoked command in '/home/ros2/ws01_plubing/src/build/base_interfaces_demo' returned '0': CMAKE_PREFIX_PATH=/opt/ros/humble /usr/bin/cmake --build /home/ros2/ws01_plubing/src/build/base_interfaces_demo -- -j12 -l12
[2.614s] Invoking command in '/home/ros2/ws01_plubing/src/build/base_interfaces_demo': CMAKE_PREFIX_PATH=/opt/ros/humble /usr/bin/cmake --install /home/ros2/ws01_plubing/src/build/base_interfaces_demo
[2.626s] -- Install configuration: ""
[2.626s] -- Installing: /home/ros2/ws01_plubing/src/install/base_interfaces_demo/share/ament_index/resource_index/package_run_dependencies/base_interfaces_demo
[2.627s] -- Installing: /home/ros2/ws01_plubing/src/install/base_interfaces_demo/share/ament_index/resource_index/parent_prefix_path/base_interfaces_demo
[2.628s] -- Installing: /home/ros2/ws01_plubing/src/install/base_interfaces_demo/share/base_interfaces_demo/environment/ament_prefix_path.sh
[2.628s] -- Installing: /home/ros2/ws01_plubing/src/install/base_interfaces_demo/share/base_interfaces_demo/environment/ament_prefix_path.dsv
[2.629s] -- Installing: /home/ros2/ws01_plubing/src/install/base_interfaces_demo/share/base_interfaces_demo/environment/path.sh
[2.629s] -- Installing: /home/ros2/ws01_plubing/src/install/base_interfaces_demo/share/base_interfaces_demo/environment/path.dsv
[2.630s] -- Installing: /home/ros2/ws01_plubing/src/install/base_interfaces_demo/share/base_interfaces_demo/local_setup.bash
[2.630s] -- Installing: /home/ros2/ws01_plubing/src/install/base_interfaces_demo/share/base_interfaces_demo/local_setup.sh
[2.631s] -- Installing: /home/ros2/ws01_plubing/src/install/base_interfaces_demo/share/base_interfaces_demo/local_setup.zsh
[2.631s] -- Installing: /home/ros2/ws01_plubing/src/install/base_interfaces_demo/share/base_interfaces_demo/local_setup.dsv
[2.632s] -- Installing: /home/ros2/ws01_plubing/src/install/base_interfaces_demo/share/base_interfaces_demo/package.dsv
[2.632s] -- Installing: /home/ros2/ws01_plubing/src/install/base_interfaces_demo/share/ament_index/resource_index/packages/base_interfaces_demo
[2.633s] -- Installing: /home/ros2/ws01_plubing/src/install/base_interfaces_demo/share/base_interfaces_demo/cmake/base_interfaces_demoConfig.cmake
[2.633s] -- Installing: /home/ros2/ws01_plubing/src/install/base_interfaces_demo/share/base_interfaces_demo/cmake/base_interfaces_demoConfig-version.cmake
[2.633s] -- Installing: /home/ros2/ws01_plubing/src/install/base_interfaces_demo/share/base_interfaces_demo/package.xml
[2.636s] Invoked command in '/home/ros2/ws01_plubing/src/build/base_interfaces_demo' returned '0': CMAKE_PREFIX_PATH=/opt/ros/humble /usr/bin/cmake --install /home/ros2/ws01_plubing/src/build/base_interfaces_demo
