[0.088s] Invoking command in '/home/ros2/exam/build/cpp05_time': CMAKE_PREFIX_PATH=/opt/ros/humble /usr/bin/cmake --build /home/ros2/exam/build/cpp05_time -- -j12 -l12
[0.293s] [35m[1mConsolidate compiler generated dependencies of target demo01_time[0m
[0.343s] [100%] Built target demo01_time
[0.373s] Invoked command in '/home/ros2/exam/build/cpp05_time' returned '0': CMAKE_PREFIX_PATH=/opt/ros/humble /usr/bin/cmake --build /home/ros2/exam/build/cpp05_time -- -j12 -l12
[0.406s] Invoking command in '/home/ros2/exam/build/cpp05_time': CMAKE_PREFIX_PATH=/opt/ros/humble /usr/bin/cmake --install /home/ros2/exam/build/cpp05_time
[0.428s] -- Install configuration: ""
[0.441s] -- Up-to-date: /home/ros2/exam/install/cpp05_time/lib/cpp05_time/demo01_time
[0.441s] -- Up-to-date: /home/ros2/exam/install/cpp05_time/share/ament_index/resource_index/package_run_dependencies/cpp05_time
[0.442s] -- Up-to-date: /home/ros2/exam/install/cpp05_time/share/ament_index/resource_index/parent_prefix_path/cpp05_time
[0.444s] -- Up-to-date: /home/ros2/exam/install/cpp05_time/share/cpp05_time/environment/ament_prefix_path.sh
[0.444s] -- Up-to-date: /home/ros2/exam/install/cpp05_time/share/cpp05_time/environment/ament_prefix_path.dsv
[0.444s] -- Up-to-date: /home/ros2/exam/install/cpp05_time/share/cpp05_time/environment/path.sh
[0.444s] -- Up-to-date: /home/ros2/exam/install/cpp05_time/share/cpp05_time/environment/path.dsv
[0.444s] -- Up-to-date: /home/ros2/exam/install/cpp05_time/share/cpp05_time/local_setup.bash
[0.444s] -- Up-to-date: /home/ros2/exam/install/cpp05_time/share/cpp05_time/local_setup.sh
[0.445s] -- Up-to-date: /home/ros2/exam/install/cpp05_time/share/cpp05_time/local_setup.zsh
[0.445s] -- Up-to-date: /home/ros2/exam/install/cpp05_time/share/cpp05_time/local_setup.dsv
[0.445s] -- Installing: /home/ros2/exam/install/cpp05_time/share/cpp05_time/package.dsv
[0.449s] -- Up-to-date: /home/ros2/exam/install/cpp05_time/share/ament_index/resource_index/packages/cpp05_time
[0.449s] -- Up-to-date: /home/ros2/exam/install/cpp05_time/share/cpp05_time/cmake/cpp05_timeConfig.cmake
[0.453s] -- Up-to-date: /home/ros2/exam/install/cpp05_time/share/cpp05_time/cmake/cpp05_timeConfig-version.cmake
[0.453s] -- Up-to-date: /home/ros2/exam/install/cpp05_time/share/cpp05_time/package.xml
[0.460s] Invoked command in '/home/ros2/exam/build/cpp05_time' returned '0': CMAKE_PREFIX_PATH=/opt/ros/humble /usr/bin/cmake --install /home/ros2/exam/build/cpp05_time
