[0.058s] Invoking command in '/home/ros2/exam/build/cpp01_topic': AMENT_PREFIX_PATH=/home/ros2/exam/install/demo_interfaces_base:${AMENT_PREFIX_PATH} CMAKE_PREFIX_PATH=/home/ros2/exam/install/demo_interfaces_base:/opt/ros/humble LD_LIBRARY_PATH=/home/ros2/exam/install/demo_interfaces_base/lib:${LD_LIBRARY_PATH} PYTHONPATH=/home/ros2/exam/install/demo_interfaces_base/local/lib/python3.10/dist-packages:${PYTHONPATH} /usr/bin/cmake --build /home/ros2/exam/build/cpp01_topic -- -j12 -l12
[0.118s] -- Found ament_cmake: 1.3.12 (/opt/ros/humble/share/ament_cmake/cmake)
[0.298s] -- Found rclcpp: 16.0.14 (/opt/ros/humble/share/rclcpp/cmake)
[0.336s] -- Found rosidl_generator_c: 3.1.7 (/opt/ros/humble/share/rosidl_generator_c/cmake)
[0.341s] -- Found rosidl_adapter: 3.1.7 (/opt/ros/humble/share/rosidl_adapter/cmake)
[0.351s] -- Found rosidl_generator_cpp: 3.1.7 (/opt/ros/humble/share/rosidl_generator_cpp/cmake)
[0.367s] -- Using all available rosidl_typesupport_c: rosidl_typesupport_fastrtps_c;rosidl_typesupport_introspection_c
[0.388s] -- Using all available rosidl_typesupport_cpp: rosidl_typesupport_fastrtps_cpp;rosidl_typesupport_introspection_cpp
[0.438s] -- Found rmw_implementation_cmake: 6.1.2 (/opt/ros/humble/share/rmw_implementation_cmake/cmake)
[0.440s] -- Found rmw_fastrtps_cpp: 6.2.8 (/opt/ros/humble/share/rmw_fastrtps_cpp/cmake)
[0.560s] -- Using RMW implementation 'rmw_fastrtps_cpp' as default
[0.609s] -- Found demo_interfaces_base: 0.0.0 (/home/ros2/exam/install/demo_interfaces_base/share/demo_interfaces_base/cmake)
[0.693s] -- Found ament_lint_auto: 0.12.14 (/opt/ros/humble/share/ament_lint_auto/cmake)
[0.814s] -- Added test 'cppcheck' to perform static code analysis on C / C++ code
[0.814s] -- Configured cppcheck include dirs: 
[0.814s] -- Configured cppcheck exclude dirs and/or files: 
[0.815s] -- Added test 'lint_cmake' to check CMake code style
[0.816s] -- Added test 'uncrustify' to check C / C++ code style
[0.816s] -- Configured uncrustify additional arguments: 
[0.817s] -- Added test 'xmllint' to check XML markup files
[0.825s] -- Configuring done
[0.929s] -- Generating done
[0.941s] -- Build files have been written to: /home/ros2/exam/build/cpp01_topic
[0.991s] [35m[1mConsolidate compiler generated dependencies of target demo01_sub_str[0m
[0.991s] [35m[1mConsolidate compiler generated dependencies of target demo01_pub_stu[0m
[0.993s] [35m[1mConsolidate compiler generated dependencies of target demo01_pub_str[0m
[1.001s] [35m[1mConsolidate compiler generated dependencies of target demo01_sub_stu[0m
[1.028s] [ 12%] [32mBuilding CXX object CMakeFiles/demo01_pub_stu.dir/src/demo01_pub_stu.cpp.o[0m
[1.029s] [ 37%] Built target demo01_sub_str
[1.039s] [ 50%] [32mBuilding CXX object CMakeFiles/demo01_sub_stu.dir/src/demo01_sub_stu.cpp.o[0m
[1.041s] [ 75%] Built target demo01_pub_str
[9.858s] [ 87%] [32m[1mLinking CXX executable demo01_pub_stu[0m
[10.087s] [ 87%] Built target demo01_pub_stu
[14.131s] [100%] [32m[1mLinking CXX executable demo01_sub_stu[0m
[14.629s] [100%] Built target demo01_sub_stu
[14.648s] Invoked command in '/home/ros2/exam/build/cpp01_topic' returned '0': AMENT_PREFIX_PATH=/home/ros2/exam/install/demo_interfaces_base:${AMENT_PREFIX_PATH} CMAKE_PREFIX_PATH=/home/ros2/exam/install/demo_interfaces_base:/opt/ros/humble LD_LIBRARY_PATH=/home/ros2/exam/install/demo_interfaces_base/lib:${LD_LIBRARY_PATH} PYTHONPATH=/home/ros2/exam/install/demo_interfaces_base/local/lib/python3.10/dist-packages:${PYTHONPATH} /usr/bin/cmake --build /home/ros2/exam/build/cpp01_topic -- -j12 -l12
[14.651s] Invoking command in '/home/ros2/exam/build/cpp01_topic': AMENT_PREFIX_PATH=/home/ros2/exam/install/demo_interfaces_base:${AMENT_PREFIX_PATH} CMAKE_PREFIX_PATH=/home/ros2/exam/install/demo_interfaces_base:/opt/ros/humble LD_LIBRARY_PATH=/home/ros2/exam/install/demo_interfaces_base/lib:${LD_LIBRARY_PATH} PYTHONPATH=/home/ros2/exam/install/demo_interfaces_base/local/lib/python3.10/dist-packages:${PYTHONPATH} /usr/bin/cmake --install /home/ros2/exam/build/cpp01_topic
[14.659s] -- Install configuration: ""
[14.663s] -- Up-to-date: /home/ros2/exam/install/cpp01_topic/lib/cpp01_topic/demo01_pub_str
[14.667s] -- Up-to-date: /home/ros2/exam/install/cpp01_topic/lib/cpp01_topic/demo01_sub_str
[14.671s] -- Installing: /home/ros2/exam/install/cpp01_topic/lib/cpp01_topic/demo01_pub_stu
[14.675s] -- Set runtime path of "/home/ros2/exam/install/cpp01_topic/lib/cpp01_topic/demo01_pub_stu" to ""
[14.679s] -- Installing: /home/ros2/exam/install/cpp01_topic/lib/cpp01_topic/demo01_sub_stu
[14.685s] -- Set runtime path of "/home/ros2/exam/install/cpp01_topic/lib/cpp01_topic/demo01_sub_stu" to ""
[14.686s] -- Up-to-date: /home/ros2/exam/install/cpp01_topic/share/ament_index/resource_index/package_run_dependencies/cpp01_topic
[14.686s] -- Installing: /home/ros2/exam/install/cpp01_topic/share/ament_index/resource_index/parent_prefix_path/cpp01_topic
[14.686s] -- Up-to-date: /home/ros2/exam/install/cpp01_topic/share/cpp01_topic/environment/ament_prefix_path.sh
[14.686s] -- Installing: /home/ros2/exam/install/cpp01_topic/share/cpp01_topic/environment/ament_prefix_path.dsv
[14.687s] -- Up-to-date: /home/ros2/exam/install/cpp01_topic/share/cpp01_topic/environment/path.sh
[14.687s] -- Installing: /home/ros2/exam/install/cpp01_topic/share/cpp01_topic/environment/path.dsv
[14.687s] -- Up-to-date: /home/ros2/exam/install/cpp01_topic/share/cpp01_topic/local_setup.bash
[14.687s] -- Up-to-date: /home/ros2/exam/install/cpp01_topic/share/cpp01_topic/local_setup.sh
[14.688s] -- Up-to-date: /home/ros2/exam/install/cpp01_topic/share/cpp01_topic/local_setup.zsh
[14.688s] -- Installing: /home/ros2/exam/install/cpp01_topic/share/cpp01_topic/local_setup.dsv
[14.688s] -- Installing: /home/ros2/exam/install/cpp01_topic/share/cpp01_topic/package.dsv
[14.689s] -- Up-to-date: /home/ros2/exam/install/cpp01_topic/share/ament_index/resource_index/packages/cpp01_topic
[14.689s] -- Up-to-date: /home/ros2/exam/install/cpp01_topic/share/cpp01_topic/cmake/cpp01_topicConfig.cmake
[14.689s] -- Up-to-date: /home/ros2/exam/install/cpp01_topic/share/cpp01_topic/cmake/cpp01_topicConfig-version.cmake
[14.689s] -- Up-to-date: /home/ros2/exam/install/cpp01_topic/share/cpp01_topic/package.xml
[14.693s] Invoked command in '/home/ros2/exam/build/cpp01_topic' returned '0': AMENT_PREFIX_PATH=/home/ros2/exam/install/demo_interfaces_base:${AMENT_PREFIX_PATH} CMAKE_PREFIX_PATH=/home/ros2/exam/install/demo_interfaces_base:/opt/ros/humble LD_LIBRARY_PATH=/home/ros2/exam/install/demo_interfaces_base/lib:${LD_LIBRARY_PATH} PYTHONPATH=/home/ros2/exam/install/demo_interfaces_base/local/lib/python3.10/dist-packages:${PYTHONPATH} /usr/bin/cmake --install /home/ros2/exam/build/cpp01_topic
