[0.024s] Invoking command in '/home/ros2/ws01_plubing/build/cpp03_action': CMAKE_PREFIX_PATH=/home/ros2/ws01_plubing/install/base_interfaces_demo:/home/ros2/ws01_plubing/install/cpp02_service:/home/ros2/ws01_plubing/install/cpp01_topic:/opt/ros/humble /usr/bin/cmake /home/ros2/ws01_plubing/src/cpp03_action -DCMAKE_INSTALL_PREFIX=/home/ros2/ws01_plubing/install/cpp03_action
[0.041s] -- Found ament_cmake: 1.3.12 (/opt/ros/humble/share/ament_cmake/cmake)
[0.180s] -- Found rclcpp: 16.0.14 (/opt/ros/humble/share/rclcpp/cmake)
[0.201s] -- Found rosidl_generator_c: 3.1.7 (/opt/ros/humble/share/rosidl_generator_c/cmake)
[0.203s] -- Found rosidl_adapter: 3.1.7 (/opt/ros/humble/share/rosidl_adapter/cmake)
[0.208s] -- Found rosidl_generator_cpp: 3.1.7 (/opt/ros/humble/share/rosidl_generator_cpp/cmake)
[0.216s] -- Using all available rosidl_typesupport_c: rosidl_typesupport_fastrtps_c;rosidl_typesupport_introspection_c
[0.228s] -- Using all available rosidl_typesupport_cpp: rosidl_typesupport_fastrtps_cpp;rosidl_typesupport_introspection_cpp
[0.254s] -- Found rmw_implementation_cmake: 6.1.2 (/opt/ros/humble/share/rmw_implementation_cmake/cmake)
[0.255s] -- Found rmw_fastrtps_cpp: 6.2.8 (/opt/ros/humble/share/rmw_fastrtps_cpp/cmake)
[0.367s] -- Using RMW implementation 'rmw_fastrtps_cpp' as default
[0.422s] -- Found rclcpp_action: 16.0.14 (/opt/ros/humble/share/rclcpp_action/cmake)
[0.449s] -- Found base_interfaces_demo: 0.0.0 (/home/ros2/ws01_plubing/install/base_interfaces_demo/share/base_interfaces_demo/cmake)
[0.466s] -- Found ament_lint_auto: 0.12.14 (/opt/ros/humble/share/ament_lint_auto/cmake)
[0.536s] -- Added test 'cppcheck' to perform static code analysis on C / C++ code
[0.536s] -- Configured cppcheck include dirs: 
[0.536s] -- Configured cppcheck exclude dirs and/or files: 
[0.537s] -- Added test 'lint_cmake' to check CMake code style
[0.538s] -- Added test 'uncrustify' to check C / C++ code style
[0.538s] -- Configured uncrustify additional arguments: 
[0.538s] -- Added test 'xmllint' to check XML markup files
[0.539s] -- Configuring done
[0.556s] -- Generating done
[0.561s] -- Build files have been written to: /home/ros2/ws01_plubing/build/cpp03_action
[0.571s] Invoked command in '/home/ros2/ws01_plubing/build/cpp03_action' returned '0': CMAKE_PREFIX_PATH=/home/ros2/ws01_plubing/install/base_interfaces_demo:/home/ros2/ws01_plubing/install/cpp02_service:/home/ros2/ws01_plubing/install/cpp01_topic:/opt/ros/humble /usr/bin/cmake /home/ros2/ws01_plubing/src/cpp03_action -DCMAKE_INSTALL_PREFIX=/home/ros2/ws01_plubing/install/cpp03_action
[0.573s] Invoking command in '/home/ros2/ws01_plubing/build/cpp03_action': CMAKE_PREFIX_PATH=/home/ros2/ws01_plubing/install/base_interfaces_demo:/home/ros2/ws01_plubing/install/cpp02_service:/home/ros2/ws01_plubing/install/cpp01_topic:/opt/ros/humble /usr/bin/cmake --build /home/ros2/ws01_plubing/build/cpp03_action -- -j12 -l12
[0.661s] [ 25%] [32mBuilding CXX object CMakeFiles/demo01_action_server.dir/src/demo01_action_server.cpp.o[0m
[0.661s] [ 50%] [32mBuilding CXX object CMakeFiles/demo01_action_client.dir/src/demo01_action_client.cpp.o[0m
[5.798s] [ 75%] [32m[1mLinking CXX executable demo01_action_server[0m
[6.017s] [100%] [32m[1mLinking CXX executable demo01_action_client[0m
[6.029s] [100%] Built target demo01_action_server
[6.191s] [100%] Built target demo01_action_client
[6.206s] Invoked command in '/home/ros2/ws01_plubing/build/cpp03_action' returned '0': CMAKE_PREFIX_PATH=/home/ros2/ws01_plubing/install/base_interfaces_demo:/home/ros2/ws01_plubing/install/cpp02_service:/home/ros2/ws01_plubing/install/cpp01_topic:/opt/ros/humble /usr/bin/cmake --build /home/ros2/ws01_plubing/build/cpp03_action -- -j12 -l12
[6.219s] Invoking command in '/home/ros2/ws01_plubing/build/cpp03_action': CMAKE_PREFIX_PATH=/home/ros2/ws01_plubing/install/base_interfaces_demo:/home/ros2/ws01_plubing/install/cpp02_service:/home/ros2/ws01_plubing/install/cpp01_topic:/opt/ros/humble /usr/bin/cmake --install /home/ros2/ws01_plubing/build/cpp03_action
[6.230s] -- Install configuration: ""
[6.231s] -- Installing: /home/ros2/ws01_plubing/install/cpp03_action/lib/cpp03_action/demo01_action_server
[6.232s] -- Set runtime path of "/home/ros2/ws01_plubing/install/cpp03_action/lib/cpp03_action/demo01_action_server" to ""
[6.232s] -- Installing: /home/ros2/ws01_plubing/install/cpp03_action/lib/cpp03_action/demo01_action_client
[6.234s] -- Set runtime path of "/home/ros2/ws01_plubing/install/cpp03_action/lib/cpp03_action/demo01_action_client" to ""
[6.234s] -- Installing: /home/ros2/ws01_plubing/install/cpp03_action/share/ament_index/resource_index/package_run_dependencies/cpp03_action
[6.234s] -- Installing: /home/ros2/ws01_plubing/install/cpp03_action/share/ament_index/resource_index/parent_prefix_path/cpp03_action
[6.235s] -- Installing: /home/ros2/ws01_plubing/install/cpp03_action/share/cpp03_action/environment/ament_prefix_path.sh
[6.235s] -- Installing: /home/ros2/ws01_plubing/install/cpp03_action/share/cpp03_action/environment/ament_prefix_path.dsv
[6.235s] -- Installing: /home/ros2/ws01_plubing/install/cpp03_action/share/cpp03_action/environment/path.sh
[6.236s] -- Installing: /home/ros2/ws01_plubing/install/cpp03_action/share/cpp03_action/environment/path.dsv
[6.236s] -- Installing: /home/ros2/ws01_plubing/install/cpp03_action/share/cpp03_action/local_setup.bash
[6.236s] -- Installing: /home/ros2/ws01_plubing/install/cpp03_action/share/cpp03_action/local_setup.sh
[6.237s] -- Installing: /home/ros2/ws01_plubing/install/cpp03_action/share/cpp03_action/local_setup.zsh
[6.238s] -- Installing: /home/ros2/ws01_plubing/install/cpp03_action/share/cpp03_action/local_setup.dsv
[6.238s] -- Installing: /home/ros2/ws01_plubing/install/cpp03_action/share/cpp03_action/package.dsv
[6.238s] -- Installing: /home/ros2/ws01_plubing/install/cpp03_action/share/ament_index/resource_index/packages/cpp03_action
[6.238s] -- Installing: /home/ros2/ws01_plubing/install/cpp03_action/share/cpp03_action/cmake/cpp03_actionConfig.cmake
[6.238s] -- Installing: /home/ros2/ws01_plubing/install/cpp03_action/share/cpp03_action/cmake/cpp03_actionConfig-version.cmake
[6.238s] -- Installing: /home/ros2/ws01_plubing/install/cpp03_action/share/cpp03_action/package.xml
[6.242s] Invoked command in '/home/ros2/ws01_plubing/build/cpp03_action' returned '0': CMAKE_PREFIX_PATH=/home/ros2/ws01_plubing/install/base_interfaces_demo:/home/ros2/ws01_plubing/install/cpp02_service:/home/ros2/ws01_plubing/install/cpp01_topic:/opt/ros/humble /usr/bin/cmake --install /home/ros2/ws01_plubing/build/cpp03_action
